[ 2012-12-26T18:50:14+08:00 ] 127.0.0.1 /league_2.0/project/herald_league/herald_league/
INFO: [ app_begin ] --START--
INFO: Run ReadHtmlCache Behavior [ RunTime:0.000888s ]
INFO: [ app_begin ] --END-- [ RunTime:0.007716s ]

[ 2012-12-26T18:50:17+08:00 ] 127.0.0.1 /league_2.0/project/herald_league/herald_league/index.php/League
INFO: [ route_check ] --START--
INFO: Run CheckRoute Behavior [ RunTime:0.000900s ]
INFO: [ route_check ] --END-- [ RunTime:0.000994s ]
NOTIC: [2] ob_start(): output handler 'ob_gzhandler' conflicts with 'zlib output compression' E:\Web\Working\league_2.0\project\herald_league\ThinkPHP\Lib\Core\App.class.php 第 55 行.
NOTIC: [8] ob_start(): failed to create buffer E:\Web\Working\league_2.0\project\herald_league\ThinkPHP\Lib\Core\App.class.php 第 55 行.
INFO: [ app_begin ] --START--
INFO: Run ReadHtmlCache Behavior [ RunTime:-0.000435s ]
INFO: [ app_begin ] --END-- [ RunTime:0.000546s ]
SQL: SHOW COLUMNS FROM `lg_league_class` [ RunTime:0.210361s ]
SQL: SELECT * FROM `lg_league_class`  [ RunTime:0.002008s ]
INFO: [ view_template ] --START--
INFO: Run LocationTemplate Behavior [ RunTime:-1.453640s ]
INFO: [ view_template ] --END-- [ RunTime:0.002491s ]
INFO: [ view_parse ] --START--
INFO: Run ParseTemplate Behavior [ RunTime:-1.456236s ]
INFO: [ view_parse ] --END-- [ RunTime:0.055811s ]
INFO: [ view_filter ] --START--
INFO: Run ContentReplace Behavior [ RunTime:-1.512082s ]
INFO: Run TokenBuild Behavior [ RunTime:-1.512955s ]
INFO: Run WriteHtmlCache Behavior [ RunTime:-1.513751s ]
INFO: Run ShowRuntime Behavior [ RunTime:-1.514393s ]
INFO: [ view_filter ] --END-- [ RunTime:0.003272s ]
INFO: [ view_end ] --START--
INFO: Run ShowPageTrace Behavior [ RunTime:-1.515438s ]
INFO: [ view_end ] --END-- [ RunTime:0.001164s ]

[ 2012-12-26T18:50:20+08:00 ] 127.0.0.1 /league_2.0/project/herald_league/herald_league/index.php/League/Street/index/classid/1
INFO: [ route_check ] --START--
INFO: Run CheckRoute Behavior [ RunTime:0.000714s ]
INFO: [ route_check ] --END-- [ RunTime:0.000780s ]
NOTIC: [2] ob_start(): output handler 'ob_gzhandler' conflicts with 'zlib output compression' E:\Web\Working\league_2.0\project\herald_league\ThinkPHP\Lib\Core\App.class.php 第 55 行.
NOTIC: [8] ob_start(): failed to create buffer E:\Web\Working\league_2.0\project\herald_league\ThinkPHP\Lib\Core\App.class.php 第 55 行.
INFO: [ app_begin ] --START--
INFO: Run ReadHtmlCache Behavior [ RunTime:-0.000423s ]
INFO: [ app_begin ] --END-- [ RunTime:0.000519s ]
SQL: SHOW COLUMNS FROM `lg_street` [ RunTime:0.070547s ]
SQL: SELECT * FROM `lg_street` WHERE league_class =1  [ RunTime:0.027353s ]
SQL: SHOW COLUMNS FROM `lg_league_info` [ RunTime:0.041784s ]
SQL: SELECT * FROM `lg_league_info` WHERE street_id =1  [ RunTime:0.000524s ]
INFO: [ view_template ] --START--
INFO: Run LocationTemplate Behavior [ RunTime:-1.163457s ]
INFO: [ view_template ] --END-- [ RunTime:0.001157s ]
INFO: [ view_parse ] --START--
INFO: Run ParseTemplate Behavior [ RunTime:-1.164673s ]
INFO: [ view_parse ] --END-- [ RunTime:0.011619s ]
INFO: [ view_filter ] --START--
INFO: Run ContentReplace Behavior [ RunTime:-1.176348s ]
INFO: Run TokenBuild Behavior [ RunTime:-1.177182s ]
INFO: Run WriteHtmlCache Behavior [ RunTime:-1.177980s ]
INFO: Run ShowRuntime Behavior [ RunTime:-1.178707s ]
INFO: [ view_filter ] --END-- [ RunTime:0.003299s ]
INFO: [ view_end ] --START--
INFO: Run ShowPageTrace Behavior [ RunTime:-1.179731s ]
INFO: [ view_end ] --END-- [ RunTime:0.001151s ]
SQL: SELECT * FROM `lg_league_info` WHERE street_id =2  [ RunTime:0.000536s ]
INFO: [ view_template ] --START--
INFO: Run LocationTemplate Behavior [ RunTime:-1.181790s ]
INFO: [ view_template ] --END-- [ RunTime:-0.017179s ]
INFO: [ view_parse ] --START--
INFO: Run ParseTemplate Behavior [ RunTime:-1.182428s ]
INFO: [ view_parse ] --END-- [ RunTime:-0.006132s ]
INFO: [ view_filter ] --START--
INFO: Run ContentReplace Behavior [ RunTime:-1.186459s ]
INFO: Run TokenBuild Behavior [ RunTime:-1.186572s ]
INFO: Run WriteHtmlCache Behavior [ RunTime:-1.186663s ]
INFO: Run ShowRuntime Behavior [ RunTime:-1.186706s ]
INFO: [ view_filter ] --END-- [ RunTime:-0.006810s ]
INFO: [ view_end ] --START--
INFO: Run ShowPageTrace Behavior [ RunTime:-1.186931s ]
INFO: [ view_end ] --END-- [ RunTime:-0.006050s ]

[ 2012-12-26T18:50:26+08:00 ] 127.0.0.1 /league_2.0/project/herald_league/herald_league/index.php/League/Home/index/leagueid/1
INFO: [ route_check ] --START--
INFO: Run CheckRoute Behavior [ RunTime:0.000703s ]
INFO: [ route_check ] --END-- [ RunTime:0.000771s ]
NOTIC: [2] ob_start(): output handler 'ob_gzhandler' conflicts with 'zlib output compression' E:\Web\Working\league_2.0\project\herald_league\ThinkPHP\Lib\Core\App.class.php 第 55 行.
NOTIC: [8] ob_start(): failed to create buffer E:\Web\Working\league_2.0\project\herald_league\ThinkPHP\Lib\Core\App.class.php 第 55 行.
INFO: [ app_begin ] --START--
INFO: Run ReadHtmlCache Behavior [ RunTime:-0.000499s ]
INFO: [ app_begin ] --END-- [ RunTime:0.000704s ]
SQL: SHOW COLUMNS FROM `lg_league_info` [ RunTime:0.033025s ]
SQL: SELECT * FROM `lg_league_info` WHERE id =1  [ RunTime:0.000806s ]
SQL: SHOW COLUMNS FROM `lg_activity` [ RunTime:0.108448s ]
SQL: SELECT * FROM `lg_activity` WHERE league_id =1  [ RunTime:0.000346s ]
INFO: [ view_template ] --START--
INFO: Run LocationTemplate Behavior [ RunTime:-1.166651s ]
INFO: [ view_template ] --END-- [ RunTime:0.000744s ]
INFO: [ view_parse ] --START--
INFO: Run ParseTemplate Behavior [ RunTime:-1.167435s ]
INFO: [ view_parse ] --END-- [ RunTime:0.007934s ]
INFO: [ view_filter ] --START--
INFO: Run ContentReplace Behavior [ RunTime:-1.175405s ]
INFO: Run TokenBuild Behavior [ RunTime:-1.175922s ]
INFO: Run WriteHtmlCache Behavior [ RunTime:-1.176406s ]
INFO: Run ShowRuntime Behavior [ RunTime:-1.176866s ]
INFO: [ view_filter ] --END-- [ RunTime:0.002029s ]
INFO: [ view_end ] --START--
INFO: Run ShowPageTrace Behavior [ RunTime:-1.177486s ]
INFO: [ view_end ] --END-- [ RunTime:0.000695s ]

[ 2012-12-26T18:50:29+08:00 ] 127.0.0.1 /league_2.0/project/herald_league/herald_league/index.php/League/Home/communion/leagueid/1
INFO: [ route_check ] --START--
INFO: Run CheckRoute Behavior [ RunTime:0.000689s ]
INFO: [ route_check ] --END-- [ RunTime:0.000752s ]
NOTIC: [2] ob_start(): output handler 'ob_gzhandler' conflicts with 'zlib output compression' E:\Web\Working\league_2.0\project\herald_league\ThinkPHP\Lib\Core\App.class.php 第 55 行.
NOTIC: [8] ob_start(): failed to create buffer E:\Web\Working\league_2.0\project\herald_league\ThinkPHP\Lib\Core\App.class.php 第 55 行.
INFO: [ app_begin ] --START--
INFO: Run ReadHtmlCache Behavior [ RunTime:-0.000402s ]
INFO: [ app_begin ] --END-- [ RunTime:0.000515s ]
SQL: SHOW COLUMNS FROM `lg_comment` [ RunTime:0.110427s ]
SQL: SELECT * FROM `lg_comment` WHERE commed_id =1 AND commed_type = 1  [ RunTime:0.016281s ]
INFO: [ view_template ] --START--
INFO: Run LocationTemplate Behavior [ RunTime:-1.149633s ]
INFO: [ view_template ] --END-- [ RunTime:0.002096s ]
INFO: [ view_parse ] --START--
NOTIC: [8] Undefined variable: commingname E:\Web\Working\league_2.0\project\herald_league\herald_league\Runtime\Cache\League\9922fbdb711655600075855547d4d6c2.php 第 3 行.
NOTIC: [8] Undefined variable: content E:\Web\Working\league_2.0\project\herald_league\herald_league\Runtime\Cache\League\9922fbdb711655600075855547d4d6c2.php 第 3 行.
NOTIC: [8] Undefined index: answering_id E:\Web\Working\league_2.0\project\herald_league\herald_league\Runtime\Cache\League\9922fbdb711655600075855547d4d6c2.php 第 4 行.
NOTIC: [8] Undefined index: answering_type E:\Web\Working\league_2.0\project\herald_league\herald_league\Runtime\Cache\League\9922fbdb711655600075855547d4d6c2.php 第 4 行.
SQL: SHOW COLUMNS FROM `lg_answer` [ RunTime:0.050116s ]
SQL: SELECT * FROM `lg_answer` WHERE comment_id = 0  [ RunTime:0.000453s ]
SQL: SELECT * FROM `lg_answer` WHERE comment_id = 4  [ RunTime:0.000372s ]
INFO: Run ParseTemplate Behavior [ RunTime:-1.151834s ]
INFO: [ view_parse ] --END-- [ RunTime:0.091855s ]
INFO: [ view_filter ] --START--
INFO: Run ContentReplace Behavior [ RunTime:-1.243695s ]
INFO: Run TokenBuild Behavior [ RunTime:-1.244388s ]
INFO: Run WriteHtmlCache Behavior [ RunTime:-1.244881s ]
INFO: Run ShowRuntime Behavior [ RunTime:-1.245285s ]
INFO: [ view_filter ] --END-- [ RunTime:0.002324s ]
INFO: [ view_end ] --START--
INFO: Run ShowPageTrace Behavior [ RunTime:-1.246107s ]
INFO: [ view_end ] --END-- [ RunTime:0.000854s ]

[ 2012-12-26T20:28:31+08:00 ] 127.0.0.1 /league_2.0/project/herald_league/herald_league/
INFO: [ app_begin ] --START--
INFO: Run ReadHtmlCache Behavior [ RunTime:0.003554s ]
INFO: [ app_begin ] --END-- [ RunTime:0.003796s ]

[ 2012-12-26T20:28:37+08:00 ] ERR: (ThinkException) No connection could be made because the target machine actively refused it.

[ 2012-12-26T20:28:37+08:00 ] 127.0.0.1 /league_2.0/project/herald_league/herald_league/index.php/League
INFO: [ route_check ] --START--
INFO: Run CheckRoute Behavior [ RunTime:0.032199s ]
INFO: [ route_check ] --END-- [ RunTime:0.032273s ]
NOTIC: [2] ob_start(): output handler 'ob_gzhandler' conflicts with 'zlib output compression' E:\Web\Working\league_2.0\project\herald_league\ThinkPHP\Lib\Core\App.class.php 第 55 行.
NOTIC: [8] ob_start(): failed to create buffer E:\Web\Working\league_2.0\project\herald_league\ThinkPHP\Lib\Core\App.class.php 第 55 行.
INFO: [ app_begin ] --START--
INFO: Run ReadHtmlCache Behavior [ RunTime:-0.000487s ]
INFO: [ app_begin ] --END-- [ RunTime:0.000544s ]
NOTIC: [2] mysql_connect(): No connection could be made because the target machine actively refused it.
 E:\Web\Working\league_2.0\project\herald_league\ThinkPHP\Lib\Driver\Db\DbMysql.class.php 第 55 行.
NOTIC: [8] Undefined index: class E:\Web\Working\league_2.0\project\herald_league\ThinkPHP\Lib\Core\ThinkException.class.php 第 63 行.
NOTIC: [8] Undefined index: type E:\Web\Working\league_2.0\project\herald_league\ThinkPHP\Lib\Core\ThinkException.class.php 第 63 行.
NOTIC: [8] Undefined index: file E:\Web\Working\league_2.0\project\herald_league\ThinkPHP\Lib\Core\ThinkException.class.php 第 62 行.
NOTIC: [8] Undefined index: line E:\Web\Working\league_2.0\project\herald_league\ThinkPHP\Lib\Core\ThinkException.class.php 第 62 行.
NOTIC: [4096] Object of class IndexAction could not be converted to string E:\Web\Working\league_2.0\project\herald_league\ThinkPHP\Lib\Core\ThinkException.class.php 第 64 行.
NOTIC: [8] Undefined index: class E:\Web\Working\league_2.0\project\herald_league\ThinkPHP\Lib\Core\ThinkException.class.php 第 63 行.
NOTIC: [8] Undefined index: type E:\Web\Working\league_2.0\project\herald_league\ThinkPHP\Lib\Core\ThinkException.class.php 第 63 行.
NOTIC: [8] Undefined index: class E:\Web\Working\league_2.0\project\herald_league\ThinkPHP\Lib\Core\ThinkException.class.php 第 63 行.
NOTIC: [8] Undefined index: type E:\Web\Working\league_2.0\project\herald_league\ThinkPHP\Lib\Core\ThinkException.class.php 第 63 行.

[ 2012-12-26T20:29:40+08:00 ] 127.0.0.1 /league_2.0/project/herald_league/herald_league/index.php/League
INFO: [ route_check ] --START--
INFO: Run CheckRoute Behavior [ RunTime:0.001917s ]
INFO: [ route_check ] --END-- [ RunTime:0.002043s ]
NOTIC: [2] ob_start(): output handler 'ob_gzhandler' conflicts with 'zlib output compression' E:\Web\Working\league_2.0\project\herald_league\ThinkPHP\Lib\Core\App.class.php 第 55 行.
NOTIC: [8] ob_start(): failed to create buffer E:\Web\Working\league_2.0\project\herald_league\ThinkPHP\Lib\Core\App.class.php 第 55 行.
INFO: [ app_begin ] --START--
INFO: Run ReadHtmlCache Behavior [ RunTime:-0.000487s ]
INFO: [ app_begin ] --END-- [ RunTime:0.000623s ]
SQL: SHOW COLUMNS FROM `lg_league_class` [ RunTime:0.057629s ]
SQL: SELECT * FROM `lg_league_class`  [ RunTime:0.000302s ]
INFO: [ view_template ] --START--
INFO: Run LocationTemplate Behavior [ RunTime:-1.076526s ]
INFO: [ view_template ] --END-- [ RunTime:0.013173s ]
INFO: [ view_parse ] --START--
INFO: Run ParseTemplate Behavior [ RunTime:-1.089743s ]
INFO: [ view_parse ] --END-- [ RunTime:0.066085s ]
INFO: [ view_filter ] --START--
INFO: Run ContentReplace Behavior [ RunTime:-1.155862s ]
INFO: Run TokenBuild Behavior [ RunTime:-1.170346s ]
INFO: Run WriteHtmlCache Behavior [ RunTime:-1.173772s ]
INFO: Run ShowRuntime Behavior [ RunTime:-1.174978s ]
INFO: [ view_filter ] --END-- [ RunTime:0.020741s ]
INFO: [ view_end ] --START--
INFO: Run ShowPageTrace Behavior [ RunTime:-1.176697s ]
INFO: [ view_end ] --END-- [ RunTime:0.008308s ]

[ 2012-12-26T20:29:55+08:00 ] 127.0.0.1 /league_2.0/project/herald_league/herald_league/index.php/League/Street/index/classid/1
INFO: [ route_check ] --START--
INFO: Run CheckRoute Behavior [ RunTime:0.001674s ]
INFO: [ route_check ] --END-- [ RunTime:0.001813s ]
INFO: [ app_begin ] --START--
INFO: Run ReadHtmlCache Behavior [ RunTime:-0.000841s ]
INFO: [ app_begin ] --END-- [ RunTime:0.000965s ]
SQL: SHOW COLUMNS FROM `lg_street` [ RunTime:0.073370s ]
SQL: SELECT * FROM `lg_street` WHERE league_class =1  [ RunTime:0.001116s ]
SQL: SHOW COLUMNS FROM `lg_league_info` [ RunTime:0.035297s ]
SQL: SELECT * FROM `lg_league_info` WHERE street_id =1  [ RunTime:0.000537s ]
INFO: [ view_template ] --START--
INFO: Run LocationTemplate Behavior [ RunTime:-1.167625s ]
INFO: [ view_template ] --END-- [ RunTime:0.001516s ]
INFO: [ view_parse ] --START--
INFO: Run ParseTemplate Behavior [ RunTime:-1.169200s ]
INFO: [ view_parse ] --END-- [ RunTime:0.018528s ]
INFO: [ view_filter ] --START--
INFO: Run ContentReplace Behavior [ RunTime:-1.187788s ]
INFO: Run TokenBuild Behavior [ RunTime:-1.188555s ]
INFO: Run WriteHtmlCache Behavior [ RunTime:-1.189270s ]
INFO: Run ShowRuntime Behavior [ RunTime:-1.189937s ]
INFO: [ view_filter ] --END-- [ RunTime:0.003094s ]
INFO: [ view_end ] --START--
INFO: Run ShowPageTrace Behavior [ RunTime:-1.190966s ]
INFO: [ view_end ] --END-- [ RunTime:0.001165s ]
SQL: SELECT * FROM `lg_league_info` WHERE street_id =2  [ RunTime:0.000612s ]
INFO: [ view_template ] --START--
INFO: Run LocationTemplate Behavior [ RunTime:-1.193132s ]
INFO: [ view_template ] --END-- [ RunTime:-0.023989s ]
INFO: [ view_parse ] --START--
INFO: Run ParseTemplate Behavior [ RunTime:-1.193414s ]
INFO: [ view_parse ] --END-- [ RunTime:-0.005687s ]
INFO: [ view_filter ] --START--
INFO: Run ContentReplace Behavior [ RunTime:-1.196815s ]
INFO: Run TokenBuild Behavior [ RunTime:-1.196924s ]
INFO: Run WriteHtmlCache Behavior [ RunTime:-1.197013s ]
INFO: Run ShowRuntime Behavior [ RunTime:-1.197056s ]
INFO: [ view_filter ] --END-- [ RunTime:-0.005932s ]
INFO: [ view_end ] --START--
INFO: Run ShowPageTrace Behavior [ RunTime:-1.197286s ]
INFO: [ view_end ] --END-- [ RunTime:-0.005158s ]

[ 2012-12-26T20:29:58+08:00 ] 127.0.0.1 /league_2.0/project/herald_league/herald_league/index.php/League/Home/index/leagueid/1
INFO: [ route_check ] --START--
INFO: Run CheckRoute Behavior [ RunTime:0.000698s ]
INFO: [ route_check ] --END-- [ RunTime:0.000763s ]
NOTIC: [2] ob_start(): output handler 'ob_gzhandler' conflicts with 'zlib output compression' E:\Web\Working\league_2.0\project\herald_league\ThinkPHP\Lib\Core\App.class.php 第 55 行.
NOTIC: [8] ob_start(): failed to create buffer E:\Web\Working\league_2.0\project\herald_league\ThinkPHP\Lib\Core\App.class.php 第 55 行.
INFO: [ app_begin ] --START--
INFO: Run ReadHtmlCache Behavior [ RunTime:-0.000411s ]
INFO: [ app_begin ] --END-- [ RunTime:0.000512s ]
SQL: SHOW COLUMNS FROM `lg_league_info` [ RunTime:0.033004s ]
SQL: SELECT * FROM `lg_league_info` WHERE id =1  [ RunTime:0.000902s ]
SQL: SHOW COLUMNS FROM `lg_activity` [ RunTime:0.117279s ]
SQL: SELECT * FROM `lg_activity` WHERE league_id =1  [ RunTime:0.000382s ]
INFO: [ view_template ] --START--
INFO: Run LocationTemplate Behavior [ RunTime:-1.227576s ]
INFO: [ view_template ] --END-- [ RunTime:0.000857s ]
INFO: [ view_parse ] --START--
INFO: Run ParseTemplate Behavior [ RunTime:-1.228483s ]
INFO: [ view_parse ] --END-- [ RunTime:0.013522s ]
INFO: [ view_filter ] --START--
INFO: Run ContentReplace Behavior [ RunTime:-1.242031s ]
INFO: Run TokenBuild Behavior [ RunTime:-1.242403s ]
INFO: Run WriteHtmlCache Behavior [ RunTime:-1.242763s ]
INFO: Run ShowRuntime Behavior [ RunTime:-1.243170s ]
INFO: [ view_filter ] --END-- [ RunTime:0.001715s ]
INFO: [ view_end ] --START--
INFO: Run ShowPageTrace Behavior [ RunTime:-1.243796s ]
INFO: [ view_end ] --END-- [ RunTime:0.000700s ]

[ 2012-12-26T20:30:03+08:00 ] 127.0.0.1 /league_2.0/project/herald_league/herald_league/index.php/League/Home/album/leagueid/1
INFO: [ route_check ] --START--
INFO: Run CheckRoute Behavior [ RunTime:0.000705s ]
INFO: [ route_check ] --END-- [ RunTime:0.000767s ]
NOTIC: [2] ob_start(): output handler 'ob_gzhandler' conflicts with 'zlib output compression' E:\Web\Working\league_2.0\project\herald_league\ThinkPHP\Lib\Core\App.class.php 第 55 行.
NOTIC: [8] ob_start(): failed to create buffer E:\Web\Working\league_2.0\project\herald_league\ThinkPHP\Lib\Core\App.class.php 第 55 行.
INFO: [ app_begin ] --START--
INFO: Run ReadHtmlCache Behavior [ RunTime:-0.000403s ]
INFO: [ app_begin ] --END-- [ RunTime:0.000520s ]
SQL: SHOW COLUMNS FROM `lg_league_album` [ RunTime:0.100341s ]
SQL: SELECT * FROM `lg_league_album` WHERE league_id =1  [ RunTime:0.000460s ]
SQL: SHOW COLUMNS FROM `lg_comment` [ RunTime:0.036902s ]
SQL: SELECT * FROM `lg_comment` WHERE commed_id =1 AND commed_type =2  [ RunTime:0.000540s ]
SQL: SHOW COLUMNS FROM `lg_answer` [ RunTime:0.044080s ]
SQL: SELECT * FROM `lg_answer` WHERE comment_id =1  [ RunTime:0.000375s ]
INFO: [ view_template ] --START--
INFO: Run LocationTemplate Behavior [ RunTime:-1.208602s ]
INFO: [ view_template ] --END-- [ RunTime:0.000985s ]
INFO: [ view_parse ] --START--
INFO: Run ParseTemplate Behavior [ RunTime:-1.209621s ]
INFO: [ view_parse ] --END-- [ RunTime:0.011121s ]
INFO: [ view_filter ] --START--
INFO: Run ContentReplace Behavior [ RunTime:-1.220805s ]
INFO: Run TokenBuild Behavior [ RunTime:-1.221313s ]
INFO: Run WriteHtmlCache Behavior [ RunTime:-1.221680s ]
INFO: Run ShowRuntime Behavior [ RunTime:-1.222093s ]
INFO: [ view_filter ] --END-- [ RunTime:0.001878s ]
INFO: [ view_end ] --START--
INFO: Run ShowPageTrace Behavior [ RunTime:-1.222728s ]
INFO: [ view_end ] --END-- [ RunTime:0.000708s ]
SQL: SELECT * FROM `lg_comment` WHERE commed_id =2 AND commed_type =2  [ RunTime:0.000396s ]
SQL: SELECT * FROM `lg_answer` WHERE comment_id =2  [ RunTime:0.000270s ]
INFO: [ view_template ] --START--
INFO: Run LocationTemplate Behavior [ RunTime:-1.224487s ]
INFO: [ view_template ] --END-- [ RunTime:-0.014911s ]
INFO: [ view_parse ] --START--
INFO: Run ParseTemplate Behavior [ RunTime:-1.224900s ]
INFO: [ view_parse ] --END-- [ RunTime:-0.004158s ]
INFO: [ view_filter ] --START--
INFO: Run ContentReplace Behavior [ RunTime:-1.227561s ]
INFO: Run TokenBuild Behavior [ RunTime:-1.227643s ]
INFO: Run WriteHtmlCache Behavior [ RunTime:-1.227701s ]
INFO: Run ShowRuntime Behavior [ RunTime:-1.227727s ]
INFO: [ view_filter ] --END-- [ RunTime:-0.004885s ]
INFO: [ view_end ] --START--
INFO: Run ShowPageTrace Behavior [ RunTime:-1.227870s ]
INFO: [ view_end ] --END-- [ RunTime:-0.004435s ]

[ 2012-12-26T20:30:06+08:00 ] 127.0.0.1 /league_2.0/project/herald_league/herald_league/index.php/League/Home/communion/leagueid/1
INFO: [ route_check ] --START--
INFO: Run CheckRoute Behavior [ RunTime:0.000688s ]
INFO: [ route_check ] --END-- [ RunTime:0.000752s ]
NOTIC: [2] ob_start(): output handler 'ob_gzhandler' conflicts with 'zlib output compression' E:\Web\Working\league_2.0\project\herald_league\ThinkPHP\Lib\Core\App.class.php 第 55 行.
NOTIC: [8] ob_start(): failed to create buffer E:\Web\Working\league_2.0\project\herald_league\ThinkPHP\Lib\Core\App.class.php 第 55 行.
INFO: [ app_begin ] --START--
INFO: Run ReadHtmlCache Behavior [ RunTime:-0.000407s ]
INFO: [ app_begin ] --END-- [ RunTime:0.000510s ]
SQL: SHOW COLUMNS FROM `lg_comment` [ RunTime:0.025431s ]
SQL: SELECT * FROM `lg_comment` WHERE commed_id =1 AND commed_type = 1  [ RunTime:0.000871s ]
INFO: [ view_template ] --START--
INFO: Run LocationTemplate Behavior [ RunTime:-1.044422s ]
INFO: [ view_template ] --END-- [ RunTime:0.002106s ]
INFO: [ view_parse ] --START--
NOTIC: [8] Undefined variable: commingname E:\Web\Working\league_2.0\project\herald_league\herald_league\Runtime\Cache\League\9922fbdb711655600075855547d4d6c2.php 第 3 行.
NOTIC: [8] Undefined variable: content E:\Web\Working\league_2.0\project\herald_league\herald_league\Runtime\Cache\League\9922fbdb711655600075855547d4d6c2.php 第 3 行.
NOTIC: [8] Undefined index: answering_id E:\Web\Working\league_2.0\project\herald_league\herald_league\Runtime\Cache\League\9922fbdb711655600075855547d4d6c2.php 第 4 行.
NOTIC: [8] Undefined index: answering_type E:\Web\Working\league_2.0\project\herald_league\herald_league\Runtime\Cache\League\9922fbdb711655600075855547d4d6c2.php 第 4 行.
SQL: SHOW COLUMNS FROM `lg_answer` [ RunTime:0.023753s ]
SQL: SELECT * FROM `lg_answer` WHERE comment_id = 0  [ RunTime:0.000340s ]
SQL: SELECT * FROM `lg_answer` WHERE comment_id = 4  [ RunTime:0.000276s ]
INFO: Run ParseTemplate Behavior [ RunTime:-1.046631s ]
INFO: [ view_parse ] --END-- [ RunTime:0.048330s ]
INFO: [ view_filter ] --START--
INFO: Run ContentReplace Behavior [ RunTime:-1.094961s ]
INFO: Run TokenBuild Behavior [ RunTime:-1.095437s ]
INFO: Run WriteHtmlCache Behavior [ RunTime:-1.095799s ]
INFO: Run ShowRuntime Behavior [ RunTime:-1.096224s ]
INFO: [ view_filter ] --END-- [ RunTime:0.001841s ]
INFO: [ view_end ] --START--
INFO: Run ShowPageTrace Behavior [ RunTime:-1.096855s ]
INFO: [ view_end ] --END-- [ RunTime:0.000890s ]

[ 2012-12-26T20:33:21+08:00 ] 127.0.0.1 /league_2.0/project/herald_league/herald_league/index.php/League/Home/communion/leagueid/1
INFO: [ route_check ] --START--
INFO: Run CheckRoute Behavior [ RunTime:0.001153s ]
INFO: [ route_check ] --END-- [ RunTime:0.001244s ]
NOTIC: [2] ob_start(): output handler 'ob_gzhandler' conflicts with 'zlib output compression' E:\Web\Working\league_2.0\project\herald_league\ThinkPHP\Lib\Core\App.class.php 第 55 行.
NOTIC: [8] ob_start(): failed to create buffer E:\Web\Working\league_2.0\project\herald_league\ThinkPHP\Lib\Core\App.class.php 第 55 行.
INFO: [ app_begin ] --START--
INFO: Run ReadHtmlCache Behavior [ RunTime:-0.000744s ]
INFO: [ app_begin ] --END-- [ RunTime:0.000781s ]
SQL: SHOW COLUMNS FROM `lg_comment` [ RunTime:0.027345s ]
SQL: SELECT * FROM `lg_comment` WHERE commed_id =1 AND commed_type = 1  [ RunTime:0.001155s ]
INFO: [ view_template ] --START--
INFO: Run LocationTemplate Behavior [ RunTime:-1.063386s ]
INFO: [ view_template ] --END-- [ RunTime:0.003895s ]
INFO: [ view_parse ] --START--
NOTIC: [8] Undefined variable: commingname E:\Web\Working\league_2.0\project\herald_league\herald_league\Runtime\Cache\League\9922fbdb711655600075855547d4d6c2.php 第 3 行.
NOTIC: [8] Undefined variable: content E:\Web\Working\league_2.0\project\herald_league\herald_league\Runtime\Cache\League\9922fbdb711655600075855547d4d6c2.php 第 3 行.
NOTIC: [8] Undefined index: answering_id E:\Web\Working\league_2.0\project\herald_league\herald_league\Runtime\Cache\League\9922fbdb711655600075855547d4d6c2.php 第 4 行.
NOTIC: [8] Undefined index: answering_type E:\Web\Working\league_2.0\project\herald_league\herald_league\Runtime\Cache\League\9922fbdb711655600075855547d4d6c2.php 第 4 行.
SQL: SHOW COLUMNS FROM `lg_answer` [ RunTime:0.026070s ]
SQL: SELECT * FROM `lg_answer` WHERE comment_id = 0  [ RunTime:0.000344s ]
SQL: SELECT * FROM `lg_answer` WHERE comment_id = 4  [ RunTime:0.000275s ]
NOTIC: [8] Array to string conversion E:\Web\Working\league_2.0\project\herald_league\herald_league\Runtime\Cache\League\9922fbdb711655600075855547d4d6c2.php 第 7 行.
INFO: Run ParseTemplate Behavior [ RunTime:-1.067463s ]
INFO: [ view_parse ] --END-- [ RunTime:0.043337s ]
INFO: [ view_filter ] --START--
INFO: Run ContentReplace Behavior [ RunTime:-1.110769s ]
INFO: Run TokenBuild Behavior [ RunTime:-1.111336s ]
INFO: Run WriteHtmlCache Behavior [ RunTime:-1.111784s ]
INFO: Run ShowRuntime Behavior [ RunTime:-1.112190s ]
INFO: [ view_filter ] --END-- [ RunTime:0.001998s ]
INFO: [ view_end ] --START--
INFO: Run ShowPageTrace Behavior [ RunTime:-1.112820s ]
INFO: [ view_end ] --END-- [ RunTime:0.000716s ]

[ 2012-12-26T20:41:31+08:00 ] ERR: [1] Call to undefined function getansweringinfo() E:\Web\Working\league_2.0\project\herald_league\herald_league\Runtime\Cache\League\9922fbdb711655600075855547d4d6c2.php 第 4 行.
[ 2012-12-26T20:41:49+08:00 ] ERR: [1] Call to undefined function getansweringinfo() E:\Web\Working\league_2.0\project\herald_league\herald_league\Runtime\Cache\League\9922fbdb711655600075855547d4d6c2.php 第 4 行.
[ 2012-12-26T20:42:24+08:00 ] ERR: [1] Call to undefined function getansweringinfo() E:\Web\Working\league_2.0\project\herald_league\herald_league\Runtime\Cache\League\9922fbdb711655600075855547d4d6c2.php 第 4 行.
[ 2012-12-26T20:42:58+08:00 ] ERR: [1] Call to undefined function getansweringinfo() E:\Web\Working\league_2.0\project\herald_league\herald_league\Runtime\Cache\League\9922fbdb711655600075855547d4d6c2.php 第 4 行.
[ 2012-12-26T20:43:52+08:00 ] ERR: [1] Call to undefined function getansweringinfo() E:\Web\Working\league_2.0\project\herald_league\herald_league\Runtime\Cache\League\9922fbdb711655600075855547d4d6c2.php 第 4 行.
[ 2012-12-26T20:45:33+08:00 ] 127.0.0.1 /league_2.0/project/herald_league/herald_league/
NOTIC: [2] ob_start(): output handler 'ob_gzhandler' conflicts with 'zlib output compression' E:\Web\Working\league_2.0\project\herald_league\ThinkPHP\Lib\Core\App.class.php 第 55 行.
NOTIC: [8] ob_start(): failed to create buffer E:\Web\Working\league_2.0\project\herald_league\ThinkPHP\Lib\Core\App.class.php 第 55 行.
INFO: [ app_begin ] --START--
INFO: Run ReadHtmlCache Behavior [ RunTime:0.000651s ]
INFO: [ app_begin ] --END-- [ RunTime:0.000708s ]

[ 2012-12-26T20:45:37+08:00 ] 127.0.0.1 /league_2.0/project/herald_league/herald_league/index.php/League
INFO: [ route_check ] --START--
INFO: Run CheckRoute Behavior [ RunTime:0.000776s ]
INFO: [ route_check ] --END-- [ RunTime:0.000842s ]
NOTIC: [2] ob_start(): output handler 'ob_gzhandler' conflicts with 'zlib output compression' E:\Web\Working\league_2.0\project\herald_league\ThinkPHP\Lib\Core\App.class.php 第 55 行.
NOTIC: [8] ob_start(): failed to create buffer E:\Web\Working\league_2.0\project\herald_league\ThinkPHP\Lib\Core\App.class.php 第 55 行.
INFO: [ app_begin ] --START--
INFO: Run ReadHtmlCache Behavior [ RunTime:-0.000392s ]
INFO: [ app_begin ] --END-- [ RunTime:0.000507s ]
SQL: SHOW COLUMNS FROM `lg_league_class` [ RunTime:0.074635s ]
SQL: SELECT * FROM `lg_league_class`  [ RunTime:0.001003s ]
INFO: [ view_template ] --START--
INFO: Run LocationTemplate Behavior [ RunTime:-1.132625s ]
INFO: [ view_template ] --END-- [ RunTime:0.002676s ]
INFO: [ view_parse ] --START--
INFO: Run ParseTemplate Behavior [ RunTime:-1.135360s ]
INFO: [ view_parse ] --END-- [ RunTime:0.019164s ]
INFO: [ view_filter ] --START--
INFO: Run ContentReplace Behavior [ RunTime:-1.154592s ]
INFO: Run TokenBuild Behavior [ RunTime:-1.155745s ]
INFO: Run WriteHtmlCache Behavior [ RunTime:-1.156656s ]
INFO: Run ShowRuntime Behavior [ RunTime:-1.157622s ]
INFO: [ view_filter ] --END-- [ RunTime:0.004136s ]
INFO: [ view_end ] --START--
INFO: Run ShowPageTrace Behavior [ RunTime:-1.158826s ]
INFO: [ view_end ] --END-- [ RunTime:0.001354s ]

[ 2012-12-26T20:45:39+08:00 ] 127.0.0.1 /league_2.0/project/herald_league/herald_league/index.php/League/Street/index/classid/1
INFO: [ route_check ] --START--
INFO: Run CheckRoute Behavior [ RunTime:0.000692s ]
INFO: [ route_check ] --END-- [ RunTime:0.000755s ]
NOTIC: [2] ob_start(): output handler 'ob_gzhandler' conflicts with 'zlib output compression' E:\Web\Working\league_2.0\project\herald_league\ThinkPHP\Lib\Core\App.class.php 第 55 行.
NOTIC: [8] ob_start(): failed to create buffer E:\Web\Working\league_2.0\project\herald_league\ThinkPHP\Lib\Core\App.class.php 第 55 行.
INFO: [ app_begin ] --START--
INFO: Run ReadHtmlCache Behavior [ RunTime:-0.000405s ]
INFO: [ app_begin ] --END-- [ RunTime:0.000522s ]
SQL: SHOW COLUMNS FROM `lg_street` [ RunTime:0.025254s ]
SQL: SELECT * FROM `lg_street` WHERE league_class =1  [ RunTime:0.000838s ]
SQL: SHOW COLUMNS FROM `lg_league_info` [ RunTime:0.018801s ]
SQL: SELECT * FROM `lg_league_info` WHERE street_id =1  [ RunTime:0.000590s ]
INFO: [ view_template ] --START--
INFO: Run LocationTemplate Behavior [ RunTime:-1.060197s ]
INFO: [ view_template ] --END-- [ RunTime:0.001174s ]
INFO: [ view_parse ] --START--
INFO: Run ParseTemplate Behavior [ RunTime:-1.061426s ]
INFO: [ view_parse ] --END-- [ RunTime:0.011292s ]
INFO: [ view_filter ] --START--
INFO: Run ContentReplace Behavior [ RunTime:-1.072743s ]
INFO: Run TokenBuild Behavior [ RunTime:-1.073246s ]
INFO: Run WriteHtmlCache Behavior [ RunTime:-1.073612s ]
INFO: Run ShowRuntime Behavior [ RunTime:-1.074018s ]
INFO: [ view_filter ] --END-- [ RunTime:0.001863s ]
INFO: [ view_end ] --START--
INFO: Run ShowPageTrace Behavior [ RunTime:-1.074660s ]
INFO: [ view_end ] --END-- [ RunTime:0.000714s ]
SQL: SELECT * FROM `lg_league_info` WHERE street_id =2  [ RunTime:0.000396s ]
INFO: [ view_template ] --START--
INFO: Run LocationTemplate Behavior [ RunTime:-1.075995s ]
INFO: [ view_template ] --END-- [ RunTime:-0.014642s ]
INFO: [ view_parse ] --START--
INFO: Run ParseTemplate Behavior [ RunTime:-1.076167s ]
INFO: [ view_parse ] --END-- [ RunTime:-0.003458s ]
INFO: [ view_filter ] --START--
INFO: Run ContentReplace Behavior [ RunTime:-1.078360s ]
INFO: Run TokenBuild Behavior [ RunTime:-1.078430s ]
INFO: Run WriteHtmlCache Behavior [ RunTime:-1.078484s ]
INFO: Run ShowRuntime Behavior [ RunTime:-1.078510s ]
INFO: [ view_filter ] --END-- [ RunTime:-0.003753s ]
INFO: [ view_end ] --START--
INFO: Run ShowPageTrace Behavior [ RunTime:-1.078648s ]
INFO: [ view_end ] --END-- [ RunTime:-0.003276s ]

[ 2012-12-26T20:45:42+08:00 ] 127.0.0.1 /league_2.0/project/herald_league/herald_league/index.php/League/Home/index/leagueid/1
INFO: [ route_check ] --START--
INFO: Run CheckRoute Behavior [ RunTime:0.000687s ]
INFO: [ route_check ] --END-- [ RunTime:0.000752s ]
NOTIC: [2] ob_start(): output handler 'ob_gzhandler' conflicts with 'zlib output compression' E:\Web\Working\league_2.0\project\herald_league\ThinkPHP\Lib\Core\App.class.php 第 55 行.
NOTIC: [8] ob_start(): failed to create buffer E:\Web\Working\league_2.0\project\herald_league\ThinkPHP\Lib\Core\App.class.php 第 55 行.
INFO: [ app_begin ] --START--
INFO: Run ReadHtmlCache Behavior [ RunTime:-0.000425s ]
INFO: [ app_begin ] --END-- [ RunTime:0.000511s ]
SQL: SHOW COLUMNS FROM `lg_league_info` [ RunTime:0.026068s ]
SQL: SELECT * FROM `lg_league_info` WHERE id =1  [ RunTime:0.000450s ]
SQL: SHOW COLUMNS FROM `lg_activity` [ RunTime:0.038891s ]
SQL: SELECT * FROM `lg_activity` WHERE league_id =1  [ RunTime:0.000373s ]
INFO: [ view_template ] --START--
INFO: Run LocationTemplate Behavior [ RunTime:-1.108052s ]
INFO: [ view_template ] --END-- [ RunTime:0.000806s ]
INFO: [ view_parse ] --START--
INFO: Run ParseTemplate Behavior [ RunTime:-1.108896s ]
INFO: [ view_parse ] --END-- [ RunTime:0.008364s ]
INFO: [ view_filter ] --START--
INFO: Run ContentReplace Behavior [ RunTime:-1.117295s ]
INFO: Run TokenBuild Behavior [ RunTime:-1.117773s ]
INFO: Run WriteHtmlCache Behavior [ RunTime:-1.118129s ]
INFO: Run ShowRuntime Behavior [ RunTime:-1.118529s ]
INFO: [ view_filter ] --END-- [ RunTime:0.001804s ]
INFO: [ view_end ] --START--
INFO: Run ShowPageTrace Behavior [ RunTime:-1.119150s ]
INFO: [ view_end ] --END-- [ RunTime:0.000691s ]

[ 2012-12-26T20:45:44+08:00 ] ERR: [1] Call to undefined function getansweringinfo() E:\Web\Working\league_2.0\project\herald_league\herald_league\Runtime\Cache\League\9922fbdb711655600075855547d4d6c2.php 第 4 行.
[ 2012-12-26T20:47:30+08:00 ] 127.0.0.1 /league_2.0/project/herald_league/herald_league/index.php/League/Home/communion/leagueid/1
INFO: [ route_check ] --START--
INFO: Run CheckRoute Behavior [ RunTime:0.001168s ]
INFO: [ route_check ] --END-- [ RunTime:0.001299s ]
NOTIC: [2] ob_start(): output handler 'ob_gzhandler' conflicts with 'zlib output compression' E:\Web\Working\league_2.0\project\herald_league\ThinkPHP\Lib\Core\App.class.php 第 55 行.
NOTIC: [8] ob_start(): failed to create buffer E:\Web\Working\league_2.0\project\herald_league\ThinkPHP\Lib\Core\App.class.php 第 55 行.
INFO: [ app_begin ] --START--
INFO: Run ReadHtmlCache Behavior [ RunTime:-0.000504s ]
INFO: [ app_begin ] --END-- [ RunTime:0.000587s ]
SQL: SHOW COLUMNS FROM `lg_comment` [ RunTime:0.017360s ]
SQL: SELECT * FROM `lg_comment` WHERE commed_id =1 AND commed_type = 1  [ RunTime:0.000636s ]
INFO: [ view_template ] --START--
INFO: Run LocationTemplate Behavior [ RunTime:-1.029816s ]
INFO: [ view_template ] --END-- [ RunTime:0.001475s ]
INFO: [ view_parse ] --START--
SQL: SHOW COLUMNS FROM `lg_answer` [ RunTime:0.017850s ]
SQL: SELECT * FROM `lg_answer` WHERE comment_id = 4  [ RunTime:0.000379s ]
INFO: Run ParseTemplate Behavior [ RunTime:-1.031364s ]
INFO: [ view_parse ] --END-- [ RunTime:0.037555s ]
INFO: [ view_filter ] --START--
INFO: Run ContentReplace Behavior [ RunTime:-1.068970s ]
INFO: Run TokenBuild Behavior [ RunTime:-1.069790s ]
INFO: Run WriteHtmlCache Behavior [ RunTime:-1.070325s ]
INFO: Run ShowRuntime Behavior [ RunTime:-1.070990s ]
INFO: [ view_filter ] --END-- [ RunTime:0.002662s ]
INFO: [ view_end ] --START--
INFO: Run ShowPageTrace Behavior [ RunTime:-1.071679s ]
INFO: [ view_end ] --END-- [ RunTime:0.000833s ]

[ 2012-12-26T20:48:56+08:00 ] 127.0.0.1 /league_2.0/project/herald_league/herald_league/index.php/League/Home/communion/leagueid/1
INFO: [ route_check ] --START--
INFO: Run CheckRoute Behavior [ RunTime:0.001771s ]
INFO: [ route_check ] --END-- [ RunTime:0.001907s ]
NOTIC: [2] ob_start(): output handler 'ob_gzhandler' conflicts with 'zlib output compression' E:\Web\Working\league_2.0\project\herald_league\ThinkPHP\Lib\Core\App.class.php 第 55 行.
NOTIC: [8] ob_start(): failed to create buffer E:\Web\Working\league_2.0\project\herald_league\ThinkPHP\Lib\Core\App.class.php 第 55 行.
INFO: [ app_begin ] --START--
INFO: Run ReadHtmlCache Behavior [ RunTime:-0.001434s ]
INFO: [ app_begin ] --END-- [ RunTime:0.001054s ]
SQL: SHOW COLUMNS FROM `lg_comment` [ RunTime:0.025970s ]
SQL: SELECT * FROM `lg_comment` WHERE commed_id =1 AND commed_type = 1  [ RunTime:0.000904s ]
INFO: [ view_template ] --START--
INFO: Run LocationTemplate Behavior [ RunTime:-1.050450s ]
INFO: [ view_template ] --END-- [ RunTime:0.002644s ]
INFO: [ view_parse ] --START--
SQL: SHOW COLUMNS FROM `lg_answer` [ RunTime:0.032405s ]
SQL: SELECT * FROM `lg_answer` WHERE comment_id = 4 LIMIT 1   [ RunTime:0.000458s ]
INFO: Run ParseTemplate Behavior [ RunTime:-1.053207s ]
INFO: [ view_parse ] --END-- [ RunTime:0.063713s ]
INFO: [ view_filter ] --START--
INFO: Run ContentReplace Behavior [ RunTime:-1.116939s ]
INFO: Run TokenBuild Behavior [ RunTime:-1.117830s ]
INFO: Run WriteHtmlCache Behavior [ RunTime:-1.118543s ]
INFO: Run ShowRuntime Behavior [ RunTime:-1.119423s ]
INFO: [ view_filter ] --END-- [ RunTime:0.003533s ]
INFO: [ view_end ] --START--
INFO: Run ShowPageTrace Behavior [ RunTime:-1.120550s ]
INFO: [ view_end ] --END-- [ RunTime:0.001031s ]

[ 2012-12-26T20:49:12+08:00 ] 127.0.0.1 /league_2.0/project/herald_league/herald_league/index.php/League/Home/communion/leagueid/1
INFO: [ route_check ] --START--
INFO: Run CheckRoute Behavior [ RunTime:0.000868s ]
INFO: [ route_check ] --END-- [ RunTime:0.000935s ]
NOTIC: [2] ob_start(): output handler 'ob_gzhandler' conflicts with 'zlib output compression' E:\Web\Working\league_2.0\project\herald_league\ThinkPHP\Lib\Core\App.class.php 第 55 行.
NOTIC: [8] ob_start(): failed to create buffer E:\Web\Working\league_2.0\project\herald_league\ThinkPHP\Lib\Core\App.class.php 第 55 行.
INFO: [ app_begin ] --START--
INFO: Run ReadHtmlCache Behavior [ RunTime:-0.000548s ]
INFO: [ app_begin ] --END-- [ RunTime:0.000591s ]
SQL: SHOW COLUMNS FROM `lg_comment` [ RunTime:0.027248s ]
SQL: SELECT * FROM `lg_comment` WHERE commed_id =1 AND commed_type = 1  [ RunTime:0.000906s ]
INFO: [ view_template ] --START--
INFO: Run LocationTemplate Behavior [ RunTime:-1.048752s ]
INFO: [ view_template ] --END-- [ RunTime:0.003703s ]
INFO: [ view_parse ] --START--
SQL: SHOW COLUMNS FROM `lg_answer` [ RunTime:0.028327s ]
SQL: SELECT * FROM `lg_answer` WHERE comment_id = 4  [ RunTime:0.000533s ]
INFO: Run ParseTemplate Behavior [ RunTime:-1.052662s ]
INFO: [ view_parse ] --END-- [ RunTime:0.047177s ]
INFO: [ view_filter ] --START--
INFO: Run ContentReplace Behavior [ RunTime:-1.099916s ]
INFO: Run TokenBuild Behavior [ RunTime:-1.100876s ]
INFO: Run WriteHtmlCache Behavior [ RunTime:-1.101588s ]
INFO: Run ShowRuntime Behavior [ RunTime:-1.102241s ]
INFO: [ view_filter ] --END-- [ RunTime:0.003276s ]
INFO: [ view_end ] --START--
INFO: Run ShowPageTrace Behavior [ RunTime:-1.103263s ]
INFO: [ view_end ] --END-- [ RunTime:0.001218s ]

[ 2012-12-26T20:59:56+08:00 ] ERR: [1] Call to undefined function assign() E:\Web\Working\league_2.0\project\herald_league\herald_league\Common\common.php 第 108 行.
[ 2012-12-26T21:25:26+08:00 ] 127.0.0.1 /league_2.0/project/herald_league/herald_league/index.php/League/Home/communion/leagueid/1
INFO: [ route_check ] --START--
INFO: Run CheckRoute Behavior [ RunTime:0.001269s ]
INFO: [ route_check ] --END-- [ RunTime:0.001365s ]
NOTIC: [2] ob_start(): output handler 'ob_gzhandler' conflicts with 'zlib output compression' E:\Web\Working\league_2.0\project\herald_league\ThinkPHP\Lib\Core\App.class.php 第 55 行.
NOTIC: [8] ob_start(): failed to create buffer E:\Web\Working\league_2.0\project\herald_league\ThinkPHP\Lib\Core\App.class.php 第 55 行.
INFO: [ app_begin ] --START--
INFO: Run ReadHtmlCache Behavior [ RunTime:-0.000807s ]
INFO: [ app_begin ] --END-- [ RunTime:0.000884s ]
SQL: SHOW COLUMNS FROM `lg_comment` [ RunTime:0.014558s ]
SQL: SELECT * FROM `lg_comment` WHERE commed_id =1 AND commed_type = 1  [ RunTime:0.000558s ]
INFO: [ view_template ] --START--
INFO: Run LocationTemplate Behavior [ RunTime:-1.034399s ]
INFO: [ view_template ] --END-- [ RunTime:0.001533s ]
INFO: [ view_parse ] --START--
NOTIC: [8] Undefined variable: answer E:\Web\Working\league_2.0\project\herald_league\herald_league\Runtime\Cache\League\9922fbdb711655600075855547d4d6c2.php 第 4 行.
INFO: Run ParseTemplate Behavior [ RunTime:-1.035993s ]
INFO: [ view_parse ] --END-- [ RunTime:0.022286s ]
INFO: [ view_filter ] --START--
INFO: Run ContentReplace Behavior [ RunTime:-1.058379s ]
INFO: Run TokenBuild Behavior [ RunTime:-1.059267s ]
INFO: Run WriteHtmlCache Behavior [ RunTime:-1.060666s ]
INFO: Run ShowRuntime Behavior [ RunTime:-1.061679s ]
INFO: [ view_filter ] --END-- [ RunTime:0.004386s ]
INFO: [ view_end ] --START--
INFO: Run ShowPageTrace Behavior [ RunTime:-1.062877s ]
INFO: [ view_end ] --END-- [ RunTime:0.001105s ]

[ 2012-12-26T22:12:09+08:00 ] 127.0.0.1 /league_2.0/project/herald_league/herald_league/
NOTIC: [2] ob_start(): output handler 'ob_gzhandler' conflicts with 'zlib output compression' E:\Web\Working\league_2.0\project\herald_league\ThinkPHP\Lib\Core\App.class.php 第 55 行.
NOTIC: [8] ob_start(): failed to create buffer E:\Web\Working\league_2.0\project\herald_league\ThinkPHP\Lib\Core\App.class.php 第 55 行.
INFO: [ app_begin ] --START--
INFO: Run ReadHtmlCache Behavior [ RunTime:0.000658s ]
INFO: [ app_begin ] --END-- [ RunTime:0.000715s ]

[ 2012-12-26T22:12:13+08:00 ] 127.0.0.1 /league_2.0/project/herald_league/herald_league/index.php/League
INFO: [ route_check ] --START--
INFO: Run CheckRoute Behavior [ RunTime:0.000803s ]
INFO: [ route_check ] --END-- [ RunTime:0.000870s ]
NOTIC: [2] ob_start(): output handler 'ob_gzhandler' conflicts with 'zlib output compression' E:\Web\Working\league_2.0\project\herald_league\ThinkPHP\Lib\Core\App.class.php 第 55 行.
NOTIC: [8] ob_start(): failed to create buffer E:\Web\Working\league_2.0\project\herald_league\ThinkPHP\Lib\Core\App.class.php 第 55 行.
INFO: [ app_begin ] --START--
INFO: Run ReadHtmlCache Behavior [ RunTime:-0.000417s ]
INFO: [ app_begin ] --END-- [ RunTime:0.000518s ]
SQL: SHOW COLUMNS FROM `lg_league_class` [ RunTime:0.020632s ]
SQL: SELECT * FROM `lg_league_class`  [ RunTime:0.000551s ]
INFO: [ view_template ] --START--
INFO: Run LocationTemplate Behavior [ RunTime:-1.057084s ]
INFO: [ view_template ] --END-- [ RunTime:0.001970s ]
INFO: [ view_parse ] --START--
INFO: Run ParseTemplate Behavior [ RunTime:-1.059105s ]
INFO: [ view_parse ] --END-- [ RunTime:0.012592s ]
INFO: [ view_filter ] --START--
INFO: Run ContentReplace Behavior [ RunTime:-1.071795s ]
INFO: Run TokenBuild Behavior [ RunTime:-1.073021s ]
INFO: Run WriteHtmlCache Behavior [ RunTime:-1.073860s ]
INFO: Run ShowRuntime Behavior [ RunTime:-1.074517s ]
INFO: [ view_filter ] --END-- [ RunTime:0.003691s ]
INFO: [ view_end ] --START--
INFO: Run ShowPageTrace Behavior [ RunTime:-1.075560s ]
INFO: [ view_end ] --END-- [ RunTime:0.001377s ]

[ 2012-12-26T22:12:15+08:00 ] 127.0.0.1 /league_2.0/project/herald_league/herald_league/index.php/League/Street/index/classid/1
INFO: [ route_check ] --START--
INFO: Run CheckRoute Behavior [ RunTime:0.000702s ]
INFO: [ route_check ] --END-- [ RunTime:0.000766s ]
NOTIC: [2] ob_start(): output handler 'ob_gzhandler' conflicts with 'zlib output compression' E:\Web\Working\league_2.0\project\herald_league\ThinkPHP\Lib\Core\App.class.php 第 55 行.
NOTIC: [8] ob_start(): failed to create buffer E:\Web\Working\league_2.0\project\herald_league\ThinkPHP\Lib\Core\App.class.php 第 55 行.
INFO: [ app_begin ] --START--
INFO: Run ReadHtmlCache Behavior [ RunTime:-0.000416s ]
INFO: [ app_begin ] --END-- [ RunTime:0.000514s ]
SQL: SHOW COLUMNS FROM `lg_street` [ RunTime:0.025929s ]
SQL: SELECT * FROM `lg_street` WHERE league_class =1  [ RunTime:0.000509s ]
SQL: SHOW COLUMNS FROM `lg_league_info` [ RunTime:0.017709s ]
SQL: SELECT * FROM `lg_league_info` WHERE street_id =1  [ RunTime:0.000532s ]
INFO: [ view_template ] --START--
INFO: Run LocationTemplate Behavior [ RunTime:-1.061528s ]
INFO: [ view_template ] --END-- [ RunTime:0.001248s ]
INFO: [ view_parse ] --START--
INFO: Run ParseTemplate Behavior [ RunTime:-1.062833s ]
INFO: [ view_parse ] --END-- [ RunTime:0.010504s ]
INFO: [ view_filter ] --START--
INFO: Run ContentReplace Behavior [ RunTime:-1.073363s ]
INFO: Run TokenBuild Behavior [ RunTime:-1.073912s ]
INFO: Run WriteHtmlCache Behavior [ RunTime:-1.074412s ]
INFO: Run ShowRuntime Behavior [ RunTime:-1.074815s ]
INFO: [ view_filter ] --END-- [ RunTime:0.002034s ]
INFO: [ view_end ] --START--
INFO: Run ShowPageTrace Behavior [ RunTime:-1.075451s ]
INFO: [ view_end ] --END-- [ RunTime:0.000716s ]
SQL: SELECT * FROM `lg_league_info` WHERE street_id =2  [ RunTime:0.000391s ]
INFO: [ view_template ] --START--
INFO: Run LocationTemplate Behavior [ RunTime:-1.076786s ]
INFO: [ view_template ] --END-- [ RunTime:-0.014026s ]
INFO: [ view_parse ] --START--
INFO: Run ParseTemplate Behavior [ RunTime:-1.077183s ]
INFO: [ view_parse ] --END-- [ RunTime:-0.003857s ]
INFO: [ view_filter ] --START--
INFO: Run ContentReplace Behavior [ RunTime:-1.079620s ]
INFO: Run TokenBuild Behavior [ RunTime:-1.079694s ]
INFO: Run WriteHtmlCache Behavior [ RunTime:-1.079749s ]
INFO: Run ShowRuntime Behavior [ RunTime:-1.079776s ]
INFO: [ view_filter ] --END-- [ RunTime:-0.004222s ]
INFO: [ view_end ] --START--
INFO: Run ShowPageTrace Behavior [ RunTime:-1.079917s ]
INFO: [ view_end ] --END-- [ RunTime:-0.003751s ]

[ 2012-12-26T22:12:17+08:00 ] 127.0.0.1 /league_2.0/project/herald_league/herald_league/index.php/League/Home/index/leagueid/2
INFO: [ route_check ] --START--
INFO: Run CheckRoute Behavior [ RunTime:0.000754s ]
INFO: [ route_check ] --END-- [ RunTime:0.000826s ]
NOTIC: [2] ob_start(): output handler 'ob_gzhandler' conflicts with 'zlib output compression' E:\Web\Working\league_2.0\project\herald_league\ThinkPHP\Lib\Core\App.class.php 第 55 行.
NOTIC: [8] ob_start(): failed to create buffer E:\Web\Working\league_2.0\project\herald_league\ThinkPHP\Lib\Core\App.class.php 第 55 行.
INFO: [ app_begin ] --START--
INFO: Run ReadHtmlCache Behavior [ RunTime:-0.000456s ]
INFO: [ app_begin ] --END-- [ RunTime:0.000560s ]
SQL: SHOW COLUMNS FROM `lg_league_info` [ RunTime:0.033245s ]
SQL: SELECT * FROM `lg_league_info` WHERE id =2  [ RunTime:0.000890s ]
SQL: SHOW COLUMNS FROM `lg_activity` [ RunTime:0.056159s ]
SQL: SELECT * FROM `lg_activity` WHERE league_id =2  [ RunTime:0.000345s ]
INFO: [ view_template ] --START--
INFO: Run LocationTemplate Behavior [ RunTime:-1.123943s ]
INFO: [ view_template ] --END-- [ RunTime:0.000850s ]
INFO: [ view_parse ] --START--
INFO: Run ParseTemplate Behavior [ RunTime:-1.124832s ]
INFO: [ view_parse ] --END-- [ RunTime:0.008063s ]
INFO: [ view_filter ] --START--
INFO: Run ContentReplace Behavior [ RunTime:-1.132930s ]
INFO: Run TokenBuild Behavior [ RunTime:-1.133440s ]
INFO: Run WriteHtmlCache Behavior [ RunTime:-1.133928s ]
INFO: Run ShowRuntime Behavior [ RunTime:-1.134336s ]
INFO: [ view_filter ] --END-- [ RunTime:0.001985s ]
INFO: [ view_end ] --START--
INFO: Run ShowPageTrace Behavior [ RunTime:-1.134970s ]
INFO: [ view_end ] --END-- [ RunTime:0.000717s ]

[ 2012-12-26T22:12:20+08:00 ] 127.0.0.1 /league_2.0/project/herald_league/herald_league/index.php/League/Home/communion/leagueid/2
INFO: [ route_check ] --START--
INFO: Run CheckRoute Behavior [ RunTime:0.000700s ]
INFO: [ route_check ] --END-- [ RunTime:0.000766s ]
NOTIC: [2] ob_start(): output handler 'ob_gzhandler' conflicts with 'zlib output compression' E:\Web\Working\league_2.0\project\herald_league\ThinkPHP\Lib\Core\App.class.php 第 55 行.
NOTIC: [8] ob_start(): failed to create buffer E:\Web\Working\league_2.0\project\herald_league\ThinkPHP\Lib\Core\App.class.php 第 55 行.
INFO: [ app_begin ] --START--
INFO: Run ReadHtmlCache Behavior [ RunTime:-0.000425s ]
INFO: [ app_begin ] --END-- [ RunTime:0.000510s ]
SQL: SHOW COLUMNS FROM `lg_comment` [ RunTime:0.025754s ]
SQL: SELECT * FROM `lg_comment` WHERE commed_id =2 AND commed_type = 1  [ RunTime:0.000464s ]
INFO: [ view_template ] --START--
INFO: Run LocationTemplate Behavior [ RunTime:-1.044930s ]
INFO: [ view_template ] --END-- [ RunTime:0.000943s ]
INFO: [ view_parse ] --START--
INFO: Run ParseTemplate Behavior [ RunTime:-1.045925s ]
INFO: [ view_parse ] --END-- [ RunTime:0.010698s ]
INFO: [ view_filter ] --START--
INFO: Run ContentReplace Behavior [ RunTime:-1.056677s ]
INFO: Run TokenBuild Behavior [ RunTime:-1.057430s ]
INFO: Run WriteHtmlCache Behavior [ RunTime:-1.058146s ]
INFO: Run ShowRuntime Behavior [ RunTime:-1.058717s ]
INFO: [ view_filter ] --END-- [ RunTime:0.002872s ]
INFO: [ view_end ] --START--
INFO: Run ShowPageTrace Behavior [ RunTime:-1.059621s ]
INFO: [ view_end ] --END-- [ RunTime:0.001015s ]

[ 2012-12-26T22:13:37+08:00 ] ERR: [1] Call to undefined function assign() E:\Web\Working\league_2.0\project\herald_league\herald_league\Common\common.php 第 108 行.
[ 2012-12-26T22:40:53+08:00 ] ERR: [1] Call to undefined function assign() E:\Web\Working\league_2.0\project\herald_league\herald_league\Common\common.php 第 108 行.
[ 2012-12-26T22:41:13+08:00 ] 127.0.0.1 /league_2.0/project/herald_league/herald_league/index.php/League/Home/communion/leagueid/1
INFO: [ route_check ] --START--
INFO: Run CheckRoute Behavior [ RunTime:0.001116s ]
INFO: [ route_check ] --END-- [ RunTime:0.001197s ]
NOTIC: [2] ob_start(): output handler 'ob_gzhandler' conflicts with 'zlib output compression' E:\Web\Working\league_2.0\project\herald_league\ThinkPHP\Lib\Core\App.class.php 第 55 行.
NOTIC: [8] ob_start(): failed to create buffer E:\Web\Working\league_2.0\project\herald_league\ThinkPHP\Lib\Core\App.class.php 第 55 行.
INFO: [ app_begin ] --START--
INFO: Run ReadHtmlCache Behavior [ RunTime:-0.000692s ]
INFO: [ app_begin ] --END-- [ RunTime:0.000752s ]
SQL: SHOW COLUMNS FROM `lg_comment` [ RunTime:0.032480s ]
SQL: SELECT * FROM `lg_comment` WHERE commed_id =1 AND commed_type = 1  [ RunTime:0.000922s ]
SQL: SHOW COLUMNS FROM `lg_answer` [ RunTime:0.028865s ]
NOTIC: [8] Undefined variable: comments E:\Web\Working\league_2.0\project\herald_league\herald_league\Lib\Action\League\HomeAction.class.php 第 163 行.
NOTIC: [8] Undefined variable: comments E:\Web\Working\league_2.0\project\herald_league\herald_league\Lib\Action\League\HomeAction.class.php 第 163 行.
INFO: [ view_template ] --START--
INFO: Run LocationTemplate Behavior [ RunTime:-1.085103s ]
INFO: [ view_template ] --END-- [ RunTime:0.001120s ]
INFO: [ view_parse ] --START--
SQL: SELECT * FROM `lg_answer` WHERE comment_id = 4  [ RunTime:0.000455s ]
INFO: Run ParseTemplate Behavior [ RunTime:-1.086275s ]
INFO: [ view_parse ] --END-- [ RunTime:0.009171s ]
INFO: [ view_filter ] --START--
INFO: Run ContentReplace Behavior [ RunTime:-1.095498s ]
INFO: Run TokenBuild Behavior [ RunTime:-1.096321s ]
INFO: Run WriteHtmlCache Behavior [ RunTime:-1.097154s ]
INFO: Run ShowRuntime Behavior [ RunTime:-1.097746s ]
INFO: [ view_filter ] --END-- [ RunTime:0.002844s ]
INFO: [ view_end ] --START--
INFO: Run ShowPageTrace Behavior [ RunTime:-1.098391s ]
INFO: [ view_end ] --END-- [ RunTime:0.000721s ]

[ 2012-12-26T22:43:06+08:00 ] ERR: (ThinkException) You have an error in your SQL syntax; check the manual that corresponds to your MySQL server version for the right syntax to use near 'AND comment_type =1' at line 1
 [ SQL语句 ] : SELECT * FROM `lg_answer` WHERE comment_id =AND comment_type =1 
[ 2012-12-26T22:43:06+08:00 ] 127.0.0.1 /league_2.0/project/herald_league/herald_league/index.php/League/Home/communion/leagueid/1
INFO: [ route_check ] --START--
INFO: Run CheckRoute Behavior [ RunTime:0.000896s ]
INFO: [ route_check ] --END-- [ RunTime:0.000969s ]
NOTIC: [2] ob_start(): output handler 'ob_gzhandler' conflicts with 'zlib output compression' E:\Web\Working\league_2.0\project\herald_league\ThinkPHP\Lib\Core\App.class.php 第 55 行.
NOTIC: [8] ob_start(): failed to create buffer E:\Web\Working\league_2.0\project\herald_league\ThinkPHP\Lib\Core\App.class.php 第 55 行.
INFO: [ app_begin ] --START--
INFO: Run ReadHtmlCache Behavior [ RunTime:-0.000569s ]
INFO: [ app_begin ] --END-- [ RunTime:0.000590s ]
SQL: SHOW COLUMNS FROM `lg_comment` [ RunTime:0.011429s ]
SQL: SELECT * FROM `lg_comment` WHERE commed_id =1 AND commed_type = 1  [ RunTime:0.000486s ]
SQL: SHOW COLUMNS FROM `lg_answer` [ RunTime:0.024630s ]
NOTIC: [8] Undefined variable: comments E:\Web\Working\league_2.0\project\herald_league\herald_league\Lib\Action\League\HomeAction.class.php 第 163 行.
NOTIC: [8] Undefined variable: comments E:\Web\Working\league_2.0\project\herald_league\herald_league\Lib\Action\League\HomeAction.class.php 第 163 行.
SQL: SELECT * FROM `lg_answer` WHERE comment_id =AND comment_type =1  [ RunTime:0.000231s ]
NOTIC: [8] Undefined index: class E:\Web\Working\league_2.0\project\herald_league\ThinkPHP\Lib\Core\ThinkException.class.php 第 63 行.
NOTIC: [8] Undefined index: type E:\Web\Working\league_2.0\project\herald_league\ThinkPHP\Lib\Core\ThinkException.class.php 第 63 行.
NOTIC: [8] Array to string conversion E:\Web\Working\league_2.0\project\herald_league\ThinkPHP\Lib\Core\ThinkException.class.php 第 64 行.
NOTIC: [8] Undefined index: file E:\Web\Working\league_2.0\project\herald_league\ThinkPHP\Lib\Core\ThinkException.class.php 第 62 行.
NOTIC: [8] Undefined index: line E:\Web\Working\league_2.0\project\herald_league\ThinkPHP\Lib\Core\ThinkException.class.php 第 62 行.
NOTIC: [4096] Object of class HomeAction could not be converted to string E:\Web\Working\league_2.0\project\herald_league\ThinkPHP\Lib\Core\ThinkException.class.php 第 64 行.
NOTIC: [8] Undefined index: class E:\Web\Working\league_2.0\project\herald_league\ThinkPHP\Lib\Core\ThinkException.class.php 第 63 行.
NOTIC: [8] Undefined index: type E:\Web\Working\league_2.0\project\herald_league\ThinkPHP\Lib\Core\ThinkException.class.php 第 63 行.
NOTIC: [8] Undefined index: class E:\Web\Working\league_2.0\project\herald_league\ThinkPHP\Lib\Core\ThinkException.class.php 第 63 行.
NOTIC: [8] Undefined index: type E:\Web\Working\league_2.0\project\herald_league\ThinkPHP\Lib\Core\ThinkException.class.php 第 63 行.

[ 2012-12-26T22:43:45+08:00 ] ERR: (ThinkException) You have an error in your SQL syntax; check the manual that corresponds to your MySQL server version for the right syntax to use near 'comment_type =1' at line 1
 [ SQL语句 ] : SELECT * FROM `lg_answer` WHERE comment_id =4AND comment_type =1 
[ 2012-12-26T22:43:45+08:00 ] 127.0.0.1 /league_2.0/project/herald_league/herald_league/index.php/League/Home/communion/leagueid/1
INFO: [ route_check ] --START--
INFO: Run CheckRoute Behavior [ RunTime:0.001087s ]
INFO: [ route_check ] --END-- [ RunTime:0.001172s ]
NOTIC: [2] ob_start(): output handler 'ob_gzhandler' conflicts with 'zlib output compression' E:\Web\Working\league_2.0\project\herald_league\ThinkPHP\Lib\Core\App.class.php 第 55 行.
NOTIC: [8] ob_start(): failed to create buffer E:\Web\Working\league_2.0\project\herald_league\ThinkPHP\Lib\Core\App.class.php 第 55 行.
INFO: [ app_begin ] --START--
INFO: Run ReadHtmlCache Behavior [ RunTime:-0.000598s ]
INFO: [ app_begin ] --END-- [ RunTime:0.000602s ]
SQL: SHOW COLUMNS FROM `lg_comment` [ RunTime:0.009300s ]
SQL: SELECT * FROM `lg_comment` WHERE commed_id =1 AND commed_type = 1  [ RunTime:0.000381s ]
SQL: SHOW COLUMNS FROM `lg_answer` [ RunTime:0.017041s ]
SQL: SELECT * FROM `lg_answer` WHERE comment_id =4AND comment_type =1  [ RunTime:0.000191s ]
NOTIC: [8] Undefined index: class E:\Web\Working\league_2.0\project\herald_league\ThinkPHP\Lib\Core\ThinkException.class.php 第 63 行.
NOTIC: [8] Undefined index: type E:\Web\Working\league_2.0\project\herald_league\ThinkPHP\Lib\Core\ThinkException.class.php 第 63 行.
NOTIC: [8] Array to string conversion E:\Web\Working\league_2.0\project\herald_league\ThinkPHP\Lib\Core\ThinkException.class.php 第 64 行.
NOTIC: [8] Undefined index: file E:\Web\Working\league_2.0\project\herald_league\ThinkPHP\Lib\Core\ThinkException.class.php 第 62 行.
NOTIC: [8] Undefined index: line E:\Web\Working\league_2.0\project\herald_league\ThinkPHP\Lib\Core\ThinkException.class.php 第 62 行.
NOTIC: [4096] Object of class HomeAction could not be converted to string E:\Web\Working\league_2.0\project\herald_league\ThinkPHP\Lib\Core\ThinkException.class.php 第 64 行.
NOTIC: [8] Undefined index: class E:\Web\Working\league_2.0\project\herald_league\ThinkPHP\Lib\Core\ThinkException.class.php 第 63 行.
NOTIC: [8] Undefined index: type E:\Web\Working\league_2.0\project\herald_league\ThinkPHP\Lib\Core\ThinkException.class.php 第 63 行.
NOTIC: [8] Undefined index: class E:\Web\Working\league_2.0\project\herald_league\ThinkPHP\Lib\Core\ThinkException.class.php 第 63 行.
NOTIC: [8] Undefined index: type E:\Web\Working\league_2.0\project\herald_league\ThinkPHP\Lib\Core\ThinkException.class.php 第 63 行.

[ 2012-12-26T22:44:03+08:00 ] ERR: (ThinkException) Unknown column 'comment_type' in 'where clause'
 [ SQL语句 ] : SELECT * FROM `lg_answer` WHERE comment_id =4 AND comment_type =1 
[ 2012-12-26T22:44:03+08:00 ] 127.0.0.1 /league_2.0/project/herald_league/herald_league/index.php/League/Home/communion/leagueid/1
INFO: [ route_check ] --START--
INFO: Run CheckRoute Behavior [ RunTime:0.000700s ]
INFO: [ route_check ] --END-- [ RunTime:0.000765s ]
NOTIC: [2] ob_start(): output handler 'ob_gzhandler' conflicts with 'zlib output compression' E:\Web\Working\league_2.0\project\herald_league\ThinkPHP\Lib\Core\App.class.php 第 55 行.
NOTIC: [8] ob_start(): failed to create buffer E:\Web\Working\league_2.0\project\herald_league\ThinkPHP\Lib\Core\App.class.php 第 55 行.
INFO: [ app_begin ] --START--
INFO: Run ReadHtmlCache Behavior [ RunTime:-0.000414s ]
INFO: [ app_begin ] --END-- [ RunTime:0.000516s ]
SQL: SHOW COLUMNS FROM `lg_comment` [ RunTime:0.018471s ]
SQL: SELECT * FROM `lg_comment` WHERE commed_id =1 AND commed_type = 1  [ RunTime:0.000522s ]
SQL: SHOW COLUMNS FROM `lg_answer` [ RunTime:0.019725s ]
SQL: SELECT * FROM `lg_answer` WHERE comment_id =4 AND comment_type =1  [ RunTime:0.000236s ]
NOTIC: [8] Undefined index: class E:\Web\Working\league_2.0\project\herald_league\ThinkPHP\Lib\Core\ThinkException.class.php 第 63 行.
NOTIC: [8] Undefined index: type E:\Web\Working\league_2.0\project\herald_league\ThinkPHP\Lib\Core\ThinkException.class.php 第 63 行.
NOTIC: [8] Array to string conversion E:\Web\Working\league_2.0\project\herald_league\ThinkPHP\Lib\Core\ThinkException.class.php 第 64 行.
NOTIC: [8] Undefined index: file E:\Web\Working\league_2.0\project\herald_league\ThinkPHP\Lib\Core\ThinkException.class.php 第 62 行.
NOTIC: [8] Undefined index: line E:\Web\Working\league_2.0\project\herald_league\ThinkPHP\Lib\Core\ThinkException.class.php 第 62 行.
NOTIC: [4096] Object of class HomeAction could not be converted to string E:\Web\Working\league_2.0\project\herald_league\ThinkPHP\Lib\Core\ThinkException.class.php 第 64 行.
NOTIC: [8] Undefined index: class E:\Web\Working\league_2.0\project\herald_league\ThinkPHP\Lib\Core\ThinkException.class.php 第 63 行.
NOTIC: [8] Undefined index: type E:\Web\Working\league_2.0\project\herald_league\ThinkPHP\Lib\Core\ThinkException.class.php 第 63 行.
NOTIC: [8] Undefined index: class E:\Web\Working\league_2.0\project\herald_league\ThinkPHP\Lib\Core\ThinkException.class.php 第 63 行.
NOTIC: [8] Undefined index: type E:\Web\Working\league_2.0\project\herald_league\ThinkPHP\Lib\Core\ThinkException.class.php 第 63 行.

[ 2012-12-26T22:44:39+08:00 ] 127.0.0.1 /league_2.0/project/herald_league/herald_league/index.php/League/Home/communion/leagueid/1
INFO: [ route_check ] --START--
INFO: Run CheckRoute Behavior [ RunTime:0.000929s ]
INFO: [ route_check ] --END-- [ RunTime:0.001000s ]
NOTIC: [2] ob_start(): output handler 'ob_gzhandler' conflicts with 'zlib output compression' E:\Web\Working\league_2.0\project\herald_league\ThinkPHP\Lib\Core\App.class.php 第 55 行.
NOTIC: [8] ob_start(): failed to create buffer E:\Web\Working\league_2.0\project\herald_league\ThinkPHP\Lib\Core\App.class.php 第 55 行.
INFO: [ app_begin ] --START--
INFO: Run ReadHtmlCache Behavior [ RunTime:-0.000584s ]
INFO: [ app_begin ] --END-- [ RunTime:0.000595s ]
SQL: SHOW COLUMNS FROM `lg_comment` [ RunTime:0.014249s ]
SQL: SELECT * FROM `lg_comment` WHERE commed_id =1 AND commed_type = 1  [ RunTime:0.000458s ]
SQL: SHOW COLUMNS FROM `lg_answer` [ RunTime:0.034498s ]
SQL: SELECT * FROM `lg_answer` WHERE comment_id =4 AND answering_type =1  [ RunTime:0.000502s ]
INFO: [ view_template ] --START--
INFO: Run LocationTemplate Behavior [ RunTime:-1.076605s ]
INFO: [ view_template ] --END-- [ RunTime:0.001452s ]
INFO: [ view_parse ] --START--
SQL: SELECT * FROM `lg_answer` WHERE comment_id = 4  [ RunTime:0.000354s ]
INFO: Run ParseTemplate Behavior [ RunTime:-1.078120s ]
INFO: [ view_parse ] --END-- [ RunTime:0.008834s ]
INFO: [ view_filter ] --START--
INFO: Run ContentReplace Behavior [ RunTime:-1.086975s ]
INFO: Run TokenBuild Behavior [ RunTime:-1.087562s ]
INFO: Run WriteHtmlCache Behavior [ RunTime:-1.088067s ]
INFO: Run ShowRuntime Behavior [ RunTime:-1.088470s ]
INFO: [ view_filter ] --END-- [ RunTime:0.002075s ]
INFO: [ view_end ] --START--
INFO: Run ShowPageTrace Behavior [ RunTime:-1.089102s ]
INFO: [ view_end ] --END-- [ RunTime:0.000711s ]

[ 2012-12-26T22:45:53+08:00 ] 127.0.0.1 /league_2.0/project/herald_league/herald_league/index.php/League/Home/communion/leagueid/1
INFO: [ route_check ] --START--
INFO: Run CheckRoute Behavior [ RunTime:0.003666s ]
INFO: [ route_check ] --END-- [ RunTime:0.003872s ]
NOTIC: [2] ob_start(): output handler 'ob_gzhandler' conflicts with 'zlib output compression' E:\Web\Working\league_2.0\project\herald_league\ThinkPHP\Lib\Core\App.class.php 第 55 行.
NOTIC: [8] ob_start(): failed to create buffer E:\Web\Working\league_2.0\project\herald_league\ThinkPHP\Lib\Core\App.class.php 第 55 行.
INFO: [ app_begin ] --START--
INFO: Run ReadHtmlCache Behavior [ RunTime:-0.002330s ]
INFO: [ app_begin ] --END-- [ RunTime:0.003390s ]
SQL: SHOW COLUMNS FROM `lg_comment` [ RunTime:0.009008s ]
SQL: SELECT * FROM `lg_comment` WHERE commed_id =1 AND commed_type = 1  [ RunTime:0.000353s ]
SQL: SHOW COLUMNS FROM `lg_answer` [ RunTime:0.017346s ]
SQL: SELECT * FROM `lg_answer` WHERE comment_id =4 AND answering_type = 1  [ RunTime:0.000322s ]
INFO: [ view_template ] --START--
INFO: Run LocationTemplate Behavior [ RunTime:-1.071697s ]
INFO: [ view_template ] --END-- [ RunTime:0.000937s ]
INFO: [ view_parse ] --START--
SQL: SELECT * FROM `lg_answer` WHERE comment_id = 4  [ RunTime:0.000356s ]
INFO: Run ParseTemplate Behavior [ RunTime:-1.072672s ]
INFO: [ view_parse ] --END-- [ RunTime:0.008750s ]
INFO: [ view_filter ] --START--
INFO: Run ContentReplace Behavior [ RunTime:-1.081452s ]
INFO: Run TokenBuild Behavior [ RunTime:-1.082033s ]
INFO: Run WriteHtmlCache Behavior [ RunTime:-1.082533s ]
INFO: Run ShowRuntime Behavior [ RunTime:-1.082936s ]
INFO: [ view_filter ] --END-- [ RunTime:0.002076s ]
INFO: [ view_end ] --START--
INFO: Run ShowPageTrace Behavior [ RunTime:-1.083582s ]
INFO: [ view_end ] --END-- [ RunTime:0.000913s ]

[ 2012-12-26T22:52:18+08:00 ] ERR: [4] syntax error, unexpected '->' (T_OBJECT_OPERATOR) E:\Web\Working\league_2.0\project\herald_league\herald_league\Lib\Action\League\HomeAction.class.php 第 166 行.
[ 2012-12-26T22:53:04+08:00 ] 127.0.0.1 /league_2.0/project/herald_league/herald_league/index.php/League/Home/communion/leagueid/1
INFO: [ route_check ] --START--
INFO: Run CheckRoute Behavior [ RunTime:0.001095s ]
INFO: [ route_check ] --END-- [ RunTime:0.001330s ]
NOTIC: [2] ob_start(): output handler 'ob_gzhandler' conflicts with 'zlib output compression' E:\Web\Working\league_2.0\project\herald_league\ThinkPHP\Lib\Core\App.class.php 第 55 行.
NOTIC: [8] ob_start(): failed to create buffer E:\Web\Working\league_2.0\project\herald_league\ThinkPHP\Lib\Core\App.class.php 第 55 行.
INFO: [ app_begin ] --START--
INFO: Run ReadHtmlCache Behavior [ RunTime:-0.001055s ]
INFO: [ app_begin ] --END-- [ RunTime:0.000732s ]
SQL: SHOW COLUMNS FROM `lg_comment` [ RunTime:0.013452s ]
SQL: SELECT * FROM `lg_comment` WHERE commed_id =1 AND commed_type = 1  [ RunTime:0.000476s ]
SQL: SHOW COLUMNS FROM `lg_answer` [ RunTime:0.023314s ]
SQL: SELECT * FROM `lg_answer` WHERE comment_id =4 AND answering_type = 1  [ RunTime:0.000356s ]
INFO: [ view_template ] --START--
INFO: Run LocationTemplate Behavior [ RunTime:-1.049759s ]
INFO: [ view_template ] --END-- [ RunTime:0.000975s ]
INFO: [ view_parse ] --START--
NOTIC: [8] Undefined index: comtent E:\Web\Working\league_2.0\project\herald_league\herald_league\Runtime\Cache\League\9922fbdb711655600075855547d4d6c2.php 第 4 行.
INFO: Run ParseTemplate Behavior [ RunTime:-1.050772s ]
INFO: [ view_parse ] --END-- [ RunTime:0.013106s ]
INFO: [ view_filter ] --START--
INFO: Run ContentReplace Behavior [ RunTime:-1.063937s ]
INFO: Run TokenBuild Behavior [ RunTime:-1.064834s ]
INFO: Run WriteHtmlCache Behavior [ RunTime:-1.065651s ]
INFO: Run ShowRuntime Behavior [ RunTime:-1.066269s ]
INFO: [ view_filter ] --END-- [ RunTime:0.003308s ]
INFO: [ view_end ] --START--
INFO: Run ShowPageTrace Behavior [ RunTime:-1.067325s ]
INFO: [ view_end ] --END-- [ RunTime:0.000967s ]

