[ 2013-03-06T16:28:34+08:00 ] ERR: (ThinkException) 非法操作:style
[ 2013-03-06T16:28:35+08:00 ] 127.0.0.1 /lg2.0/league_2.0/project/herald_league/herald_league/index.php/Activity/AddActivity/uploadPic
INFO: [ view_template ] --START--
INFO: Run LocationTemplate Behavior [ RunTime:-0.152819s ]
INFO: [ view_template ] --END-- [ RunTime:0.002740s ]
INFO: [ view_parse ] --START--
INFO: Run ParseTemplate Behavior [ RunTime:-0.155612s ]
INFO: [ view_parse ] --END-- [ RunTime:0.040066s ]
INFO: [ view_filter ] --START--
INFO: Run ContentReplace Behavior [ RunTime:-0.195883s ]
INFO: Run TokenBuild Behavior [ RunTime:-0.198015s ]
INFO: Run WriteHtmlCache Behavior [ RunTime:-0.200580s ]
INFO: Run ShowRuntime Behavior [ RunTime:-0.202194s ]
INFO: [ view_filter ] --END-- [ RunTime:0.008631s ]
INFO: [ view_end ] --START--
INFO: Run ShowPageTrace Behavior [ RunTime:-0.204584s ]
INFO: [ view_end ] --END-- [ RunTime:0.002436s ]

[ 2013-03-06T16:36:05+08:00 ] ERR: (ThinkException) 非法操作:style
[ 2013-03-06T16:36:05+08:00 ] 127.0.0.1 /lg2.0/league_2.0/project/herald_league/herald_league/index.php/Activity/AddActivity/uploadPic
INFO: [ view_template ] --START--
INFO: Run LocationTemplate Behavior [ RunTime:-0.075165s ]
INFO: [ view_template ] --END-- [ RunTime:0.002271s ]
INFO: [ view_parse ] --START--
INFO: Run ParseTemplate Behavior [ RunTime:-0.077483s ]
INFO: [ view_parse ] --END-- [ RunTime:0.018050s ]
INFO: [ view_filter ] --START--
INFO: Run ContentReplace Behavior [ RunTime:-0.095646s ]
INFO: Run TokenBuild Behavior [ RunTime:-0.096476s ]
INFO: Run WriteHtmlCache Behavior [ RunTime:-0.097128s ]
INFO: Run ShowRuntime Behavior [ RunTime:-0.097573s ]
INFO: [ view_filter ] --END-- [ RunTime:0.002780s ]
INFO: [ view_end ] --START--
INFO: Run ShowPageTrace Behavior [ RunTime:-0.098507s ]
INFO: [ view_end ] --END-- [ RunTime:0.001063s ]

[ 2013-03-06T21:05:05+08:00 ] ERR: (ThinkException) 非法操作:style
[ 2013-03-06T21:06:11+08:00 ] ERR: (ThinkException) 非法操作:style
[ 2013-03-06T21:13:07+08:00 ] ERR: (ThinkException) 非法操作:style
[ 2013-03-06T21:13:10+08:00 ] ERR: (ThinkException) 非法操作:uploadify
[ 2013-03-06T21:14:15+08:00 ] ERR: (ThinkException) 非法操作:style
[ 2013-03-06T21:14:27+08:00 ] ERR: (ThinkException) 非法操作:uploadify
[ 2013-03-06T21:17:09+08:00 ] ERR: (ThinkException) 非法操作:style
[ 2013-03-06T21:17:11+08:00 ] ERR: (ThinkException) 非法操作:uploadify
[ 2013-03-06T21:18:36+08:00 ] ERR: (ThinkException) 非法操作:style
[ 2013-03-06T21:18:42+08:00 ] ERR: (ThinkException) 非法操作:uploadify
[ 2013-03-06T21:19:56+08:00 ] ERR: (ThinkException) 非法操作:style
[ 2013-03-06T21:19:58+08:00 ] ERR: (ThinkException) 非法操作:uploadify
[ 2013-03-06T21:21:38+08:00 ] ERR: (ThinkException) 非法操作:style
[ 2013-03-06T21:21:39+08:00 ] ERR: (ThinkException) 非法操作:uploadify
[ 2013-03-06T21:26:07+08:00 ] ERR: (ThinkException) 非法操作:style
[ 2013-03-06T21:26:09+08:00 ] ERR: (ThinkException) 非法操作:uploadify
[ 2013-03-06T21:26:21+08:00 ] ERR: (ThinkException) 非法操作:style
[ 2013-03-06T21:26:22+08:00 ] ERR: (ThinkException) 非法操作:uploadify
[ 2013-03-06T21:30:09+08:00 ] ERR: (ThinkException) 非法操作:style
[ 2013-03-06T21:30:11+08:00 ] ERR: (ThinkException) 非法操作:uploadify
[ 2013-03-06T21:32:22+08:00 ] ERR: (ThinkException) 非法操作:style
[ 2013-03-06T21:32:22+08:00 ] ERR: (ThinkException) 非法操作:up
[ 2013-03-06T21:32:23+08:00 ] ERR: (ThinkException) 非法操作:uploadify
[ 2013-03-06T21:32:32+08:00 ] ERR: (ThinkException) 非法操作:style
[ 2013-03-06T21:32:32+08:00 ] ERR: (ThinkException) 非法操作:up
[ 2013-03-06T21:32:34+08:00 ] ERR: (ThinkException) 非法操作:uploadify
[ 2013-03-06T21:33:12+08:00 ] ERR: (ThinkException) 非法操作:style
[ 2013-03-06T21:33:12+08:00 ] ERR: (ThinkException) 非法操作:up
[ 2013-03-06T21:33:14+08:00 ] ERR: (ThinkException) 非法操作:uploadify
[ 2013-03-06T21:37:17+08:00 ] ERR: (ThinkException) 非法操作:style
[ 2013-03-06T21:37:17+08:00 ] ERR: (ThinkException) 非法操作:up
[ 2013-03-06T21:37:18+08:00 ] ERR: (ThinkException) 非法操作:uploadify
[ 2013-03-06T21:42:29+08:00 ] ERR: (ThinkException) 非法操作:style
[ 2013-03-06T21:42:29+08:00 ] ERR: (ThinkException) 非法操作:up
[ 2013-03-06T21:46:04+08:00 ] ERR: (ThinkException) 非法操作:style
[ 2013-03-06T21:46:04+08:00 ] ERR: (ThinkException) 非法操作:up
[ 2013-03-06T21:47:18+08:00 ] ERR: (ThinkException) 非法操作:style
[ 2013-03-06T21:47:18+08:00 ] ERR: (ThinkException) 非法操作:up
[ 2013-03-06T21:47:18+08:00 ] ERR: (ThinkException) 非法操作:up
[ 2013-03-06T21:49:02+08:00 ] ERR: (ThinkException) 非法操作:style
[ 2013-03-06T21:49:04+08:00 ] ERR: (ThinkException) 非法操作:index
[ 2013-03-06T21:49:08+08:00 ] ERR: (ThinkException) 非法操作:uploadify
[ 2013-03-06T21:50:24+08:00 ] ERR: (ThinkException) 非法操作:style
[ 2013-03-06T21:50:26+08:00 ] ERR: (ThinkException) 非法操作:index
[ 2013-03-06T21:53:15+08:00 ] ERR: (ThinkException) 非法操作:style
[ 2013-03-06T21:54:48+08:00 ] ERR: (ThinkException) 非法操作:style
[ 2013-03-06T21:54:49+08:00 ] ERR: (ThinkException) 非法操作:index
[ 2013-03-06T21:56:08+08:00 ] ERR: (ThinkException) 非法操作:style
[ 2013-03-06T21:56:09+08:00 ] ERR: (ThinkException) 非法操作:index
[ 2013-03-06T22:07:57+08:00 ] ERR: (ThinkException) 非法操作:style
[ 2013-03-06T22:07:59+08:00 ] ERR: (ThinkException) 非法操作:index
[ 2013-03-06T22:08:34+08:00 ] ERR: (ThinkException) 非法操作:style
[ 2013-03-06T22:08:35+08:00 ] ERR: (ThinkException) 非法操作:index
[ 2013-03-06T22:09:43+08:00 ] ERR: (ThinkException) 非法操作:style
[ 2013-03-06T22:09:44+08:00 ] ERR: (ThinkException) 非法操作:index
[ 2013-03-06T22:10:22+08:00 ] ERR: (ThinkException) 非法操作:style
[ 2013-03-06T22:10:23+08:00 ] ERR: (ThinkException) 非法操作:index
[ 2013-03-06T22:13:14+08:00 ] ERR: (ThinkException) 非法操作:style
[ 2013-03-06T22:13:36+08:00 ] ERR: (ThinkException) 非法操作:style
[ 2013-03-06T22:13:37+08:00 ] ERR: (ThinkException) 非法操作:index
[ 2013-03-06T22:14:24+08:00 ] ERR: (ThinkException) 非法操作:style
[ 2013-03-06T22:14:25+08:00 ] ERR: (ThinkException) 非法操作:index
[ 2013-03-06T22:14:49+08:00 ] ERR: (ThinkException) 非法操作:style
[ 2013-03-06T22:14:51+08:00 ] ERR: (ThinkException) 非法操作:index
[ 2013-03-06T22:17:24+08:00 ] ERR: (ThinkException) 非法操作:style
[ 2013-03-06T22:17:26+08:00 ] ERR: (ThinkException) 非法操作:index
[ 2013-03-06T22:21:23+08:00 ] ERR: (ThinkException) 非法操作:style
[ 2013-03-06T22:21:24+08:00 ] ERR: (ThinkException) 非法操作:index
[ 2013-03-06T22:21:39+08:00 ] ERR: (ThinkException) 非法操作:style
[ 2013-03-06T22:21:41+08:00 ] ERR: (ThinkException) 非法操作:index
[ 2013-03-06T22:22:51+08:00 ] ERR: (ThinkException) 非法操作:style
[ 2013-03-06T22:22:52+08:00 ] ERR: (ThinkException) 非法操作:index
[ 2013-03-06T22:23:17+08:00 ] ERR: (ThinkException) 非法操作:style
[ 2013-03-06T22:23:19+08:00 ] ERR: (ThinkException) 非法操作:index
[ 2013-03-06T22:23:32+08:00 ] ERR: (ThinkException) 非法操作:index
[ 2013-03-06T22:26:00+08:00 ] ERR: (ThinkException) 非法操作:style
[ 2013-03-06T22:26:01+08:00 ] ERR: (ThinkException) 非法操作:index
[ 2013-03-06T22:26:22+08:00 ] ERR: (ThinkException) 非法操作:style
[ 2013-03-06T22:26:23+08:00 ] ERR: (ThinkException) 非法操作:index
[ 2013-03-06T22:27:18+08:00 ] ERR: (ThinkException) 非法操作:style
[ 2013-03-06T22:27:19+08:00 ] ERR: (ThinkException) 非法操作:index
[ 2013-03-06T22:28:33+08:00 ] ERR: (ThinkException) 非法操作:index
[ 2013-03-06T22:33:50+08:00 ] ERR: (ThinkException) 非法操作:index
[ 2013-03-06T22:33:58+08:00 ] ERR: (ThinkException) Action:_pararm您所请求的方法不存在！
[ 2013-03-06T22:34:14+08:00 ] ERR: (ThinkException) 非法操作:style
[ 2013-03-06T22:34:28+08:00 ] ERR: (ThinkException) 非法操作:index
[ 2013-03-06T22:35:08+08:00 ] ERR: (ThinkException) 非法操作:style
[ 2013-03-06T22:35:54+08:00 ] ERR: (ThinkException) 非法操作:index
[ 2013-03-06T22:36:58+08:00 ] ERR: (ThinkException) 非法操作:style
[ 2013-03-06T22:36:59+08:00 ] ERR: (ThinkException) 非法操作:index
[ 2013-03-06T22:37:52+08:00 ] ERR: (ThinkException) 非法操作:style
[ 2013-03-06T22:37:54+08:00 ] ERR: (ThinkException) 非法操作:index
[ 2013-03-06T22:38:03+08:00 ] ERR: (ThinkException) 非法操作:style
[ 2013-03-06T22:38:05+08:00 ] ERR: (ThinkException) 非法操作:index
[ 2013-03-06T22:40:43+08:00 ] ERR: (ThinkException) 非法操作:style
[ 2013-03-06T22:40:53+08:00 ] ERR: (ThinkException) 非法操作:style
[ 2013-03-06T22:40:54+08:00 ] ERR: (ThinkException) 非法操作:index
[ 2013-03-06T22:41:02+08:00 ] ERR: (ThinkException) 非法操作:index
[ 2013-03-06T22:41:37+08:00 ] ERR: (ThinkException) 非法操作:style
[ 2013-03-06T22:41:39+08:00 ] ERR: (ThinkException) 非法操作:index
[ 2013-03-06T22:42:25+08:00 ] ERR: (ThinkException) 非法操作:style
[ 2013-03-06T22:42:26+08:00 ] ERR: (ThinkException) 非法操作:index
[ 2013-03-06T22:42:29+08:00 ] ERR: (ThinkException) 非法操作:index
[ 2013-03-06T22:44:09+08:00 ] ERR: (ThinkException) 非法操作:style
[ 2013-03-06T22:44:16+08:00 ] ERR: (ThinkException) 非法操作:index
[ 2013-03-06T22:44:51+08:00 ] ERR: (ThinkException) 非法操作:style
[ 2013-03-06T22:44:53+08:00 ] ERR: (ThinkException) 非法操作:index
[ 2013-03-06T22:45:12+08:00 ] ERR: (ThinkException) 非法操作:style
[ 2013-03-06T22:45:14+08:00 ] ERR: (ThinkException) 非法操作:index
[ 2013-03-06T22:45:26+08:00 ] ERR: (ThinkException) 非法操作:style
[ 2013-03-06T22:45:28+08:00 ] ERR: (ThinkException) 非法操作:index
[ 2013-03-06T22:45:56+08:00 ] ERR: (ThinkException) 非法操作:style
[ 2013-03-06T22:45:57+08:00 ] ERR: (ThinkException) 非法操作:index
[ 2013-03-06T22:46:33+08:00 ] ERR: (ThinkException) 非法操作:style
[ 2013-03-06T22:46:35+08:00 ] ERR: (ThinkException) 非法操作:index
[ 2013-03-06T22:47:45+08:00 ] ERR: (ThinkException) 非法操作:style
[ 2013-03-06T22:47:47+08:00 ] ERR: (ThinkException) 非法操作:index
[ 2013-03-06T22:48:05+08:00 ] ERR: (ThinkException) 非法操作:style
[ 2013-03-06T22:48:36+08:00 ] ERR: (ThinkException) 非法操作:index
[ 2013-03-06T22:51:54+08:00 ] ERR: (ThinkException) 非法操作:index
[ 2013-03-06T22:51:57+08:00 ] ERR: (ThinkException) 非法操作:index
[ 2013-03-06T22:53:21+08:00 ] ERR: (ThinkException) 非法操作:style
[ 2013-03-06T22:53:22+08:00 ] ERR: (ThinkException) 非法操作:index
[ 2013-03-06T22:53:29+08:00 ] ERR: (ThinkException) 非法操作:style
[ 2013-03-06T22:53:31+08:00 ] ERR: (ThinkException) 非法操作:index
[ 2013-03-06T22:53:40+08:00 ] ERR: (ThinkException) 非法操作:style
[ 2013-03-06T22:53:41+08:00 ] ERR: (ThinkException) 非法操作:index
[ 2013-03-06T22:53:58+08:00 ] ERR: (ThinkException) 非法操作:style
[ 2013-03-06T22:53:59+08:00 ] ERR: (ThinkException) 非法操作:index
[ 2013-03-06T22:54:54+08:00 ] ERR: (ThinkException) 非法操作:style
[ 2013-03-06T22:54:56+08:00 ] ERR: (ThinkException) 非法操作:index
[ 2013-03-06T22:55:15+08:00 ] ERR: (ThinkException) 非法操作:style
[ 2013-03-06T22:55:16+08:00 ] ERR: (ThinkException) 非法操作:index
[ 2013-03-06T22:55:37+08:00 ] ERR: (ThinkException) 非法操作:style
[ 2013-03-06T22:55:39+08:00 ] ERR: (ThinkException) 非法操作:index
[ 2013-03-06T22:55:53+08:00 ] ERR: (ThinkException) 非法操作:style
[ 2013-03-06T22:55:54+08:00 ] ERR: (ThinkException) 非法操作:index
[ 2013-03-06T22:58:07+08:00 ] ERR: (ThinkException) 非法操作:style
[ 2013-03-06T22:58:08+08:00 ] ERR: (ThinkException) 非法操作:index
[ 2013-03-06T22:58:18+08:00 ] ERR: (ThinkException) 非法操作:style
[ 2013-03-06T22:58:20+08:00 ] ERR: (ThinkException) 非法操作:index
[ 2013-03-06T22:58:46+08:00 ] ERR: (ThinkException) 非法操作:style
[ 2013-03-06T22:58:48+08:00 ] ERR: (ThinkException) 非法操作:index
[ 2013-03-06T22:59:50+08:00 ] ERR: (ThinkException) 非法操作:style
[ 2013-03-06T22:59:52+08:00 ] ERR: (ThinkException) 非法操作:index
[ 2013-03-06T23:00:08+08:00 ] ERR: (ThinkException) 非法操作:style
[ 2013-03-06T23:00:10+08:00 ] ERR: (ThinkException) 非法操作:index
[ 2013-03-06T23:00:50+08:00 ] ERR: (ThinkException) 非法操作:style
[ 2013-03-06T23:00:51+08:00 ] ERR: (ThinkException) 非法操作:index
[ 2013-03-06T23:01:28+08:00 ] ERR: (ThinkException) 非法操作:style
[ 2013-03-06T23:01:30+08:00 ] ERR: (ThinkException) 非法操作:index
[ 2013-03-06T23:01:53+08:00 ] ERR: (ThinkException) 非法操作:style
[ 2013-03-06T23:01:54+08:00 ] ERR: (ThinkException) 非法操作:index
[ 2013-03-06T23:02:51+08:00 ] ERR: (ThinkException) 非法操作:style
[ 2013-03-06T23:02:53+08:00 ] ERR: (ThinkException) 非法操作:index
[ 2013-03-06T23:03:17+08:00 ] ERR: (ThinkException) 非法操作:style
[ 2013-03-06T23:03:19+08:00 ] ERR: (ThinkException) 非法操作:index
[ 2013-03-06T23:05:46+08:00 ] ERR: (ThinkException) 非法操作:style
[ 2013-03-06T23:05:48+08:00 ] ERR: (ThinkException) 非法操作:index
[ 2013-03-06T23:06:27+08:00 ] ERR: (ThinkException) 非法操作:style
[ 2013-03-06T23:06:28+08:00 ] ERR: (ThinkException) 非法操作:index
[ 2013-03-06T23:07:19+08:00 ] ERR: (ThinkException) 非法操作:style
[ 2013-03-06T23:07:20+08:00 ] ERR: (ThinkException) 非法操作:index
[ 2013-03-06T23:25:41+08:00 ] 127.0.0.1 /lg2.0/league_2.0/project/herald_league/herald_league/index.php/Activity/Index/GetMore?count=20&uid=0
INFO: [ app_begin ] --START--
INFO: Run ReadHtmlCache Behavior [ RunTime:-0.001068s ]
SQL: SHOW COLUMNS FROM `lg_ip` [ RunTime:0.013393s ]
SQL: INSERT INTO `lg_ip` (`ip`,`date`) VALUES ('127.0.0.1','2013-03-06 23:25:41') [ RunTime:0.001592s ]
INFO: Run logIP Behavior [ RunTime:-0.001970s ]
INFO: [ app_begin ] --END-- [ RunTime:0.028974s ]
SQL: SELECT `id`,`activity_name`,`activity_post_add` FROM `lg_activity` ORDER BY start_time desc LIMIT 20   [ RunTime:0.000512s ]
SQL: SHOW COLUMNS FROM `lg_attention` [ RunTime:0.015477s ]

[ 2013-03-06T23:25:43+08:00 ] 127.0.0.1 /lg2.0/league_2.0/project/herald_league/herald_league/index.php/Activity/Index/GetMore?count=30&uid=0
INFO: [ app_begin ] --START--
INFO: Run ReadHtmlCache Behavior [ RunTime:-0.000731s ]
SQL: SHOW COLUMNS FROM `lg_ip` [ RunTime:0.011412s ]
SQL: INSERT INTO `lg_ip` (`ip`,`date`) VALUES ('127.0.0.1','2013-03-06 23:25:43') [ RunTime:0.001650s ]
INFO: Run logIP Behavior [ RunTime:-0.001243s ]
INFO: [ app_begin ] --END-- [ RunTime:0.022281s ]
SQL: SELECT `id`,`activity_name`,`activity_post_add` FROM `lg_activity` ORDER BY start_time desc LIMIT 30   [ RunTime:0.000460s ]
NOTIC: [8] Undefined variable: result D:\php\www\lg2.0\league_2.0\project\herald_league\herald_league\Lib\Model\ActivityModel.class.php 第 242 行.

[ 2013-03-06T23:25:43+08:00 ] 127.0.0.1 /lg2.0/league_2.0/project/herald_league/herald_league/index.php/Activity/Index/GetMore?count=40&uid=0
INFO: [ app_begin ] --START--
INFO: Run ReadHtmlCache Behavior [ RunTime:-0.000707s ]
SQL: SHOW COLUMNS FROM `lg_ip` [ RunTime:0.009929s ]
SQL: INSERT INTO `lg_ip` (`ip`,`date`) VALUES ('127.0.0.1','2013-03-06 23:25:43') [ RunTime:0.002429s ]
INFO: Run logIP Behavior [ RunTime:-0.001193s ]
INFO: [ app_begin ] --END-- [ RunTime:0.021791s ]
SQL: SELECT `id`,`activity_name`,`activity_post_add` FROM `lg_activity` ORDER BY start_time desc LIMIT 40   [ RunTime:0.000358s ]
NOTIC: [8] Undefined variable: result D:\php\www\lg2.0\league_2.0\project\herald_league\herald_league\Lib\Model\ActivityModel.class.php 第 242 行.

[ 2013-03-06T23:25:48+08:00 ] 127.0.0.1 /lg2.0/league_2.0/project/herald_league/herald_league/index.php/Activity/Index/GetMore?count=20&uid=0
INFO: [ app_begin ] --START--
INFO: Run ReadHtmlCache Behavior [ RunTime:-0.000658s ]
SQL: SHOW COLUMNS FROM `lg_ip` [ RunTime:0.010963s ]
SQL: INSERT INTO `lg_ip` (`ip`,`date`) VALUES ('127.0.0.1','2013-03-06 23:25:48') [ RunTime:0.002095s ]
INFO: Run logIP Behavior [ RunTime:-0.001173s ]
INFO: [ app_begin ] --END-- [ RunTime:0.022881s ]
SQL: SELECT `id`,`activity_name`,`activity_post_add` FROM `lg_activity` ORDER BY start_time desc LIMIT 20   [ RunTime:0.000446s ]
SQL: SHOW COLUMNS FROM `lg_attention` [ RunTime:0.011386s ]

