[ 2013-02-03T10:19:54+08:00 ] ERR: (ThinkException) 非法操作:leagueAttention
[ 2013-02-03T10:20:13+08:00 ] ERR: (ThinkException) 非法操作:attentiomLeague
[ 2013-02-03T12:10:44+08:00 ] ERR: [1] Call to undefined method ThinkTemplate::where() E:\Web\Working\league_2.0\project\herald_league\herald_league\Lib\Model\AttentionModel.class.php 第 163 行.
[ 2013-02-03T12:11:00+08:00 ] ERR: [4] syntax error, unexpected ':' E:\Web\Working\league_2.0\project\herald_league\herald_league\Runtime\Cache\User\1cec5b1a83c866fd527d64c71460f1c8.php 第 166 行.
[ 2013-02-03T12:11:15+08:00 ] ERR: [1] Call to undefined function getattentionleaguenum() E:\Web\Working\league_2.0\project\herald_league\herald_league\Runtime\Cache\User\1cec5b1a83c866fd527d64c71460f1c8.php 第 166 行.
[ 2013-02-03T12:21:54+08:00 ] ERR: [1] Call to a member function getAttentionLeagueNum() on a non-object E:\Web\Working\league_2.0\project\herald_league\herald_league\Lib\Action\User\IndexAction.class.php 第 168 行.
[ 2013-02-03T12:22:22+08:00 ] ERR: [1] Unsupported operand types E:\Web\Working\league_2.0\project\herald_league\herald_league\Lib\Action\User\IndexAction.class.php 第 169 行.
[ 2013-02-03T12:41:28+08:00 ] ERR: [4] syntax error, unexpected '[' E:\Web\Working\league_2.0\project\herald_league\herald_league\Runtime\Cache\User\1cec5b1a83c866fd527d64c71460f1c8.php 第 170 行.
[ 2013-02-03T12:42:00+08:00 ] ERR: (ThinkException) XML标签语法错误 : name = "<?php echo ($vo["lastactivity"]); ?
[ 2013-02-03T12:42:01+08:00 ] ERR: (ThinkException) XML标签语法错误 : name = "<?php echo ($vo["lastactivity"]); ?
[ 2013-02-03T12:42:02+08:00 ] ERR: (ThinkException) XML标签语法错误 : name = "<?php echo ($vo["lastactivity"]); ?
[ 2013-02-03T12:42:03+08:00 ] ERR: (ThinkException) XML标签语法错误 : name = "<?php echo ($vo["lastactivity"]); ?
[ 2013-02-03T12:42:04+08:00 ] ERR: (ThinkException) XML标签语法错误 : name = "<?php echo ($vo["lastactivity"]); ?
[ 2013-02-03T12:42:05+08:00 ] ERR: (ThinkException) XML标签语法错误 : name = "<?php echo ($vo["lastactivity"]); ?
[ 2013-02-03T12:42:06+08:00 ] ERR: (ThinkException) XML标签语法错误 : name = "<?php echo ($vo["lastactivity"]); ?
[ 2013-02-03T12:42:07+08:00 ] ERR: (ThinkException) XML标签语法错误 : name = "<?php echo ($leagueinfo["lastactivity"]); ?
[ 2013-02-03T12:42:08+08:00 ] ERR: (ThinkException) XML标签语法错误 : name = "<?php echo ($leagueinfo["lastactivity"]); ?
[ 2013-02-03T12:42:10+08:00 ] ERR: (ThinkException) XML标签语法错误 : name = "<?php echo ($leagueinfo["lastactivity"]); ?
[ 2013-02-03T12:42:11+08:00 ] ERR: (ThinkException) XML标签语法错误 : name = "<?php echo ($leagueinfo["lastactivity"]); ?
[ 2013-02-03T12:42:12+08:00 ] ERR: (ThinkException) XML标签语法错误 : name = "<?php echo ($leagueinfo["lastactivity"]); ?
[ 2013-02-03T12:42:13+08:00 ] ERR: (ThinkException) XML标签语法错误 : name = "<?php echo ($leagueinfo["lastactivity"]); ?
[ 2013-02-03T12:42:27+08:00 ] ERR: (ThinkException) XML标签语法错误 : name = "<?php echo ($leagueinfo[$i]['lastactivity']); ?
[ 2013-02-03T12:42:28+08:00 ] ERR: (ThinkException) XML标签语法错误 : name = "<?php echo ($leagueinfo[$i]['lastactivity']); ?
[ 2013-02-03T12:42:29+08:00 ] ERR: (ThinkException) XML标签语法错误 : name = "<?php echo ($leagueinfo[$i]['lastactivity']); ?
[ 2013-02-03T12:42:30+08:00 ] ERR: (ThinkException) XML标签语法错误 : name = "<?php echo ($leagueinfo[$i]['lastactivity']); ?
[ 2013-02-03T12:42:31+08:00 ] ERR: (ThinkException) XML标签语法错误 : name = "<?php echo ($leagueinfo[$i]['lastactivity']); ?
[ 2013-02-03T12:42:32+08:00 ] ERR: (ThinkException) XML标签语法错误 : name = "<?php echo ($leagueinfo[$i]['lastactivity']); ?
[ 2013-02-03T12:42:33+08:00 ] ERR: (ThinkException) XML标签语法错误 : name = "<?php echo ($leagueinfo[$i]['lastactivity']); ?
[ 2013-02-03T12:42:34+08:00 ] ERR: (ThinkException) XML标签语法错误 : name = "<?php echo ($leagueinfo[$i]['lastactivity']); ?
[ 2013-02-03T12:42:35+08:00 ] ERR: (ThinkException) XML标签语法错误 : name = "<?php echo ($leagueinfo[$i]['lastactivity']); ?
[ 2013-02-03T12:42:36+08:00 ] ERR: (ThinkException) XML标签语法错误 : name = "<?php echo ($leagueinfo[$i]['lastactivity']); ?
[ 2013-02-03T12:42:38+08:00 ] ERR: (ThinkException) XML标签语法错误 : name = "<?php echo ($leagueinfo[$i]['lastactivity']); ?
[ 2013-02-03T12:42:39+08:00 ] ERR: (ThinkException) XML标签语法错误 : name = "<?php echo ($leagueinfo[$i]['lastactivity']); ?
[ 2013-02-03T12:42:40+08:00 ] ERR: (ThinkException) XML标签语法错误 : name = "<?php echo ($leagueinfo[$i]['lastactivity']); ?
[ 2013-02-03T12:44:53+08:00 ] ERR: (ThinkException) XML标签语法错误 : name = "<?php echo ($leagueinfo[$i]['lastactivity']); ?
[ 2013-02-03T12:44:54+08:00 ] ERR: (ThinkException) XML标签语法错误 : name = "<?php echo ($leagueinfo[$i]['lastactivity']); ?
[ 2013-02-03T12:44:55+08:00 ] ERR: (ThinkException) XML标签语法错误 : name = "<?php echo ($leagueinfo[$i]['lastactivity']); ?
[ 2013-02-03T12:44:56+08:00 ] ERR: (ThinkException) XML标签语法错误 : name = "<?php echo ($leagueinfo[$i]['lastactivity']); ?
[ 2013-02-03T12:44:57+08:00 ] ERR: (ThinkException) XML标签语法错误 : name = "<?php echo ($leagueinfo[$i]['lastactivity']); ?
[ 2013-02-03T12:44:58+08:00 ] ERR: (ThinkException) XML标签语法错误 : name = "<?php echo ($leagueinfo[$i]['lastactivity']); ?
[ 2013-02-03T12:45:00+08:00 ] ERR: (ThinkException) XML标签语法错误 : name = "<?php echo ($leagueinfo[$i]['lastactivity']); ?
[ 2013-02-03T12:45:01+08:00 ] ERR: (ThinkException) XML标签语法错误 : name = "<?php echo ($leagueinfo[$i]['lastactivity']); ?
[ 2013-02-03T12:45:02+08:00 ] ERR: (ThinkException) XML标签语法错误 : name = "<?php echo ($leagueinfo[$i]['lastactivity']); ?
[ 2013-02-03T12:45:03+08:00 ] ERR: (ThinkException) XML标签语法错误 : name = "<?php echo ($leagueinfo[$i]['lastactivity']); ?
[ 2013-02-03T12:45:04+08:00 ] ERR: (ThinkException) XML标签语法错误 : name = "<?php echo ($leagueinfo[$i]['lastactivity']); ?
[ 2013-02-03T12:45:05+08:00 ] ERR: (ThinkException) XML标签语法错误 : name = "<?php echo ($leagueinfo[$i]['lastactivity']); ?
[ 2013-02-03T12:45:06+08:00 ] ERR: (ThinkException) XML标签语法错误 : name = "<?php echo ($leagueinfo[$i]['lastactivity']); ?
[ 2013-02-03T12:51:59+08:00 ] ERR: [4] syntax error, unexpected '"', expecting identifier (T_STRING) or variable (T_VARIABLE) or number (T_NUM_STRING) E:\Web\Working\league_2.0\project\herald_league\herald_league\Runtime\Cache\User\1cec5b1a83c866fd527d64c71460f1c8.php 第 170 行.
[ 2013-02-03T12:53:23+08:00 ] ERR: [4] syntax error, unexpected '"', expecting identifier (T_STRING) or variable (T_VARIABLE) or number (T_NUM_STRING) E:\Web\Working\league_2.0\project\herald_league\herald_league\Runtime\Cache\User\1cec5b1a83c866fd527d64c71460f1c8.php 第 170 行.
[ 2013-02-03T12:54:53+08:00 ] ERR: [4] syntax error, unexpected '"', expecting identifier (T_STRING) or variable (T_VARIABLE) or number (T_NUM_STRING) E:\Web\Working\league_2.0\project\herald_league\herald_league\Runtime\Cache\User\1cec5b1a83c866fd527d64c71460f1c8.php 第 170 行.
[ 2013-02-03T13:35:55+08:00 ] ERR: (ThinkException) Model:getAttentionActivityNum您所请求的方法不存在！
[ 2013-02-03T13:50:35+08:00 ] ERR: (ThinkException) Unknown column 'avatar_address' in 'field list'
 [ SQL语句 ] : SELECT `avatar_address` FROM `lg_league_info` WHERE ( `id` = 2 ) LIMIT 1  
