[ 2013-02-02T10:24:05+08:00 ] ERR: (ThinkException) You have an error in your SQL syntax; check the manual that corresponds to your MySQL server version for the right syntax to use near 'AND isleague = 0' at line 1
 [ SQL语句 ] : SELECT * FROM `lg_attention` WHERE attended_id =  AND isleague = 0 
[ 2013-02-02T10:28:25+08:00 ] ERR: (ThinkException) You have an error in your SQL syntax; check the manual that corresponds to your MySQL server version for the right syntax to use near 'AND isleague = 0' at line 1
 [ SQL语句 ] : SELECT * FROM `lg_attention` WHERE attended_id =  AND isleague = 0 
[ 2013-02-02T10:30:14+08:00 ] ERR: (ThinkException) You have an error in your SQL syntax; check the manual that corresponds to your MySQL server version for the right syntax to use near 'AND isleague = 0' at line 1
 [ SQL语句 ] : SELECT * FROM `lg_attention` WHERE attended_id =  AND isleague = 0 
[ 2013-02-02T10:31:06+08:00 ] ERR: (ThinkException) You have an error in your SQL syntax; check the manual that corresponds to your MySQL server version for the right syntax to use near 'AND isleague = 0' at line 1
 [ SQL语句 ] : SELECT * FROM `lg_attention` WHERE attended_id =  AND isleague = 0 
[ 2013-02-02T10:31:41+08:00 ] ERR: (ThinkException) You have an error in your SQL syntax; check the manual that corresponds to your MySQL server version for the right syntax to use near 'AND isleague = 0' at line 1
 [ SQL语句 ] : SELECT * FROM `lg_attention` WHERE attended_id =  AND isleague = 0 
[ 2013-02-02T10:32:10+08:00 ] ERR: (ThinkException) You have an error in your SQL syntax; check the manual that corresponds to your MySQL server version for the right syntax to use near 'AND isleague = 0' at line 1
 [ SQL语句 ] : SELECT * FROM `lg_attention` WHERE attended_id =  AND isleague = 0 
[ 2013-02-02T10:32:33+08:00 ] ERR: (ThinkException) You have an error in your SQL syntax; check the manual that corresponds to your MySQL server version for the right syntax to use near 'AND isleague = 0' at line 1
 [ SQL语句 ] : SELECT * FROM `lg_attention` WHERE attended_id =  AND isleague = 0 
[ 2013-02-02T10:32:54+08:00 ] ERR: (ThinkException) You have an error in your SQL syntax; check the manual that corresponds to your MySQL server version for the right syntax to use near 'AND isleague = 0' at line 1
 [ SQL语句 ] : SELECT * FROM `lg_attention` WHERE attended_id =  AND isleague = 0 
[ 2013-02-02T11:39:30+08:00 ] ERR: (ThinkException) Action:header您所请求的方法不存在！
[ 2013-02-02T12:20:35+08:00 ] ERR: (ThinkException) 无法加载模块:images
[ 2013-02-02T12:23:22+08:00 ] ERR: (ThinkException) 无法加载模块:images
[ 2013-02-02T12:25:35+08:00 ] ERR: (ThinkException) 无法加载模块:images
[ 2013-02-02T12:26:05+08:00 ] ERR: (ThinkException) 无法加载模块:images
[ 2013-02-02T12:26:52+08:00 ] ERR: (ThinkException) 无法加载模块:images
[ 2013-02-02T12:27:24+08:00 ] ERR: (ThinkException) 无法加载模块:images
[ 2013-02-02T12:29:04+08:00 ] ERR: (ThinkException) 无法加载模块:images
[ 2013-02-02T15:08:01+08:00 ] ERR: (ThinkException) 模板不存在[E:/Web/Working/league_2.0/project/herald_league/herald_league/Tpl/League/Home/clubIndex.html]
[ 2013-02-02T15:46:05+08:00 ] ERR: (ThinkException) Unknown column 'attented_id' in 'where clause'
 [ SQL语句 ] : SELECT COUNT(*) AS tp_count FROM `lg_attention` WHERE attented_id = 1 LIMIT 1  
[ 2013-02-02T17:43:46+08:00 ] ERR: [4] syntax error, unexpected '{', expecting ']' E:\Web\Working\league_2.0\project\herald_league\herald_league\Runtime\Cache\League\e88f11221de5247308d4c8141c20109d.php 第 49 行.
[ 2013-02-02T17:44:33+08:00 ] ERR: [4] syntax error, unexpected '{', expecting ']' E:\Web\Working\league_2.0\project\herald_league\herald_league\Runtime\Cache\League\e88f11221de5247308d4c8141c20109d.php 第 49 行.
[ 2013-02-02T17:45:56+08:00 ] ERR: [4] syntax error, unexpected '{', expecting ']' E:\Web\Working\league_2.0\project\herald_league\herald_league\Runtime\Cache\League\e88f11221de5247308d4c8141c20109d.php 第 49 行.
[ 2013-02-02T18:07:36+08:00 ] ERR: [4] syntax error, unexpected '{', expecting ']' E:\Web\Working\league_2.0\project\herald_league\herald_league\Runtime\Cache\League\e88f11221de5247308d4c8141c20109d.php 第 25 行.
[ 2013-02-02T18:09:35+08:00 ] ERR: [4] syntax error, unexpected '{', expecting ']' E:\Web\Working\league_2.0\project\herald_league\herald_league\Runtime\Cache\League\e88f11221de5247308d4c8141c20109d.php 第 25 行.
