[ 2013-02-12T20:34:32+08:00 ] ERR: [4] syntax error, unexpected ';' D:\php\www\lg2.0\league_2.0\project\herald_league\herald_league\Runtime\Cache\Activity\9010f795e70c5eda0cce4d9820fee00a.php 第 34 行.
[ 2013-02-12T20:36:13+08:00 ] 127.0.0.1 /lg2.0/league_2.0/project/herald_league/herald_league/index.php/Activity/Index/GetMore?count=20
INFO: [ app_begin ] --START--
INFO: Run ReadHtmlCache Behavior [ RunTime:-0.002259s ]
INFO: [ app_begin ] --END-- [ RunTime:0.000647s ]
SQL: SHOW COLUMNS FROM `lg_activity` [ RunTime:0.063116s ]
SQL: SELECT `id`,`activity_name`,`activity_post_add` FROM `lg_activity` ORDER BY start_time desc LIMIT 20   [ RunTime:0.000427s ]

[ 2013-02-12T20:54:55+08:00 ] 127.0.0.1 /lg2.0/league_2.0/project/herald_league/herald_league/index.php/Activity/Index/GetMore?count=20
INFO: [ app_begin ] --START--
INFO: Run ReadHtmlCache Behavior [ RunTime:-0.001490s ]
INFO: [ app_begin ] --END-- [ RunTime:0.000580s ]
SQL: SHOW COLUMNS FROM `lg_activity` [ RunTime:0.022154s ]
SQL: SELECT `id`,`activity_name`,`activity_post_add` FROM `lg_activity` ORDER BY start_time desc LIMIT 20   [ RunTime:0.000452s ]

[ 2013-02-12T20:55:41+08:00 ] 127.0.0.1 /lg2.0/league_2.0/project/herald_league/herald_league/index.php/Activity/Index/GetMore?count=20
INFO: [ app_begin ] --START--
INFO: Run ReadHtmlCache Behavior [ RunTime:-0.002654s ]
INFO: [ app_begin ] --END-- [ RunTime:0.000643s ]
SQL: SHOW COLUMNS FROM `lg_activity` [ RunTime:0.039496s ]
SQL: SELECT `id`,`activity_name`,`activity_post_add` FROM `lg_activity` ORDER BY start_time desc LIMIT 20   [ RunTime:0.000433s ]

[ 2013-02-12T21:06:17+08:00 ] ERR: (ThinkException) 参数错误或者未定义:uid
[ 2013-02-12T21:06:17+08:00 ] 127.0.0.1 /lg2.0/league_2.0/project/herald_league/herald_league/index.php/Activity/Index/GetMore?count=30
INFO: [ app_begin ] --START--
INFO: Run ReadHtmlCache Behavior [ RunTime:-0.002405s ]
INFO: [ app_begin ] --END-- [ RunTime:0.001770s ]
NOTIC: [8] Undefined index:  class D:\php\www\lg2.0\league_2.0\project\herald_league\ThinkPHP\Lib\Core\ThinkException.class.php 第 63 行.
NOTIC: [8] Undefined index:  type D:\php\www\lg2.0\league_2.0\project\herald_league\ThinkPHP\Lib\Core\ThinkException.class.php 第 63 行.
NOTIC: [8] Undefined index:  class D:\php\www\lg2.0\league_2.0\project\herald_league\ThinkPHP\Lib\Core\ThinkException.class.php 第 63 行.
NOTIC: [8] Undefined index:  type D:\php\www\lg2.0\league_2.0\project\herald_league\ThinkPHP\Lib\Core\ThinkException.class.php 第 63 行.

[ 2013-02-12T21:06:33+08:00 ] ERR: (ThinkException) 参数错误或者未定义:uid
[ 2013-02-12T21:06:33+08:00 ] 127.0.0.1 /lg2.0/league_2.0/project/herald_league/herald_league/index.php/Activity/Index/GetMore?count=40
INFO: [ app_begin ] --START--
INFO: Run ReadHtmlCache Behavior [ RunTime:-0.001365s ]
INFO: [ app_begin ] --END-- [ RunTime:0.000535s ]
NOTIC: [8] Undefined index:  class D:\php\www\lg2.0\league_2.0\project\herald_league\ThinkPHP\Lib\Core\ThinkException.class.php 第 63 行.
NOTIC: [8] Undefined index:  type D:\php\www\lg2.0\league_2.0\project\herald_league\ThinkPHP\Lib\Core\ThinkException.class.php 第 63 行.
NOTIC: [8] Undefined index:  class D:\php\www\lg2.0\league_2.0\project\herald_league\ThinkPHP\Lib\Core\ThinkException.class.php 第 63 行.
NOTIC: [8] Undefined index:  type D:\php\www\lg2.0\league_2.0\project\herald_league\ThinkPHP\Lib\Core\ThinkException.class.php 第 63 行.

[ 2013-02-12T21:06:34+08:00 ] ERR: (ThinkException) 参数错误或者未定义:uid
[ 2013-02-12T21:06:34+08:00 ] 127.0.0.1 /lg2.0/league_2.0/project/herald_league/herald_league/index.php/Activity/Index/GetMore?count=50
INFO: [ app_begin ] --START--
INFO: Run ReadHtmlCache Behavior [ RunTime:-0.001354s ]
INFO: [ app_begin ] --END-- [ RunTime:0.000692s ]
NOTIC: [8] Undefined index:  class D:\php\www\lg2.0\league_2.0\project\herald_league\ThinkPHP\Lib\Core\ThinkException.class.php 第 63 行.
NOTIC: [8] Undefined index:  type D:\php\www\lg2.0\league_2.0\project\herald_league\ThinkPHP\Lib\Core\ThinkException.class.php 第 63 行.
NOTIC: [8] Undefined index:  class D:\php\www\lg2.0\league_2.0\project\herald_league\ThinkPHP\Lib\Core\ThinkException.class.php 第 63 行.
NOTIC: [8] Undefined index:  type D:\php\www\lg2.0\league_2.0\project\herald_league\ThinkPHP\Lib\Core\ThinkException.class.php 第 63 行.

[ 2013-02-12T21:06:37+08:00 ] 127.0.0.1 /lg2.0/league_2.0/project/herald_league/herald_league/index.php/Activity/Index/GetMore?count=20&uid=1
INFO: [ app_begin ] --START--
INFO: Run ReadHtmlCache Behavior [ RunTime:-0.001332s ]
INFO: [ app_begin ] --END-- [ RunTime:0.000559s ]
SQL: SHOW COLUMNS FROM `lg_activity` [ RunTime:0.053694s ]
SQL: SELECT `id`,`activity_name`,`activity_post_add` FROM `lg_activity` ORDER BY start_time desc LIMIT 20   [ RunTime:0.000362s ]
SQL: SHOW COLUMNS FROM `lg_attention` [ RunTime:0.006214s ]
SQL: SELECT * FROM `lg_attention` WHERE ( `user_id` = 1 ) AND ( `attended_id` = 24 ) AND ( `isleague` = 0 )  [ RunTime:0.118701s ]
SQL: SELECT * FROM `lg_attention` WHERE ( `user_id` = 1 ) AND ( `attended_id` = 26 ) AND ( `isleague` = 0 )  [ RunTime:0.000282s ]
SQL: SELECT * FROM `lg_attention` WHERE ( `user_id` = 1 ) AND ( `attended_id` = 29 ) AND ( `isleague` = 0 )  [ RunTime:0.000206s ]
SQL: SELECT * FROM `lg_attention` WHERE ( `user_id` = 1 ) AND ( `attended_id` = 30 ) AND ( `isleague` = 0 )  [ RunTime:0.000203s ]
SQL: SELECT * FROM `lg_attention` WHERE ( `user_id` = 1 ) AND ( `attended_id` = 31 ) AND ( `isleague` = 0 )  [ RunTime:0.000199s ]
SQL: SELECT * FROM `lg_attention` WHERE ( `user_id` = 1 ) AND ( `attended_id` = 32 ) AND ( `isleague` = 0 )  [ RunTime:0.000218s ]
SQL: SELECT * FROM `lg_attention` WHERE ( `user_id` = 1 ) AND ( `attended_id` = 33 ) AND ( `isleague` = 0 )  [ RunTime:0.000199s ]
SQL: SELECT * FROM `lg_attention` WHERE ( `user_id` = 1 ) AND ( `attended_id` = 34 ) AND ( `isleague` = 0 )  [ RunTime:0.000174s ]
SQL: SELECT * FROM `lg_attention` WHERE ( `user_id` = 1 ) AND ( `attended_id` = 35 ) AND ( `isleague` = 0 )  [ RunTime:0.000162s ]
SQL: SELECT * FROM `lg_attention` WHERE ( `user_id` = 1 ) AND ( `attended_id` = 36 ) AND ( `isleague` = 0 )  [ RunTime:0.000163s ]
SQL: SELECT * FROM `lg_attention` WHERE ( `user_id` = 1 ) AND ( `attended_id` = 37 ) AND ( `isleague` = 0 )  [ RunTime:0.000162s ]
SQL: SELECT * FROM `lg_attention` WHERE ( `user_id` = 1 ) AND ( `attended_id` = 38 ) AND ( `isleague` = 0 )  [ RunTime:0.000160s ]
SQL: SELECT * FROM `lg_attention` WHERE ( `user_id` = 1 ) AND ( `attended_id` = 39 ) AND ( `isleague` = 0 )  [ RunTime:0.000158s ]
SQL: SELECT * FROM `lg_attention` WHERE ( `user_id` = 1 ) AND ( `attended_id` = 40 ) AND ( `isleague` = 0 )  [ RunTime:0.000212s ]
SQL: SELECT * FROM `lg_attention` WHERE ( `user_id` = 1 ) AND ( `attended_id` = 41 ) AND ( `isleague` = 0 )  [ RunTime:0.000178s ]
SQL: SELECT * FROM `lg_attention` WHERE ( `user_id` = 1 ) AND ( `attended_id` = 42 ) AND ( `isleague` = 0 )  [ RunTime:0.000167s ]
SQL: SELECT * FROM `lg_attention` WHERE ( `user_id` = 1 ) AND ( `attended_id` = 43 ) AND ( `isleague` = 0 )  [ RunTime:0.000161s ]
SQL: SELECT * FROM `lg_attention` WHERE ( `user_id` = 1 ) AND ( `attended_id` = 44 ) AND ( `isleague` = 0 )  [ RunTime:0.000164s ]
SQL: SELECT * FROM `lg_attention` WHERE ( `user_id` = 1 ) AND ( `attended_id` = 45 ) AND ( `isleague` = 0 )  [ RunTime:0.000162s ]
SQL: SELECT * FROM `lg_attention` WHERE ( `user_id` = 1 ) AND ( `attended_id` = 46 ) AND ( `isleague` = 0 )  [ RunTime:0.000158s ]

[ 2013-02-12T21:08:23+08:00 ] 127.0.0.1 /lg2.0/league_2.0/project/herald_league/herald_league/index.php/Activity/Index/GetMore?count=20&uid=1
INFO: [ app_begin ] --START--
INFO: Run ReadHtmlCache Behavior [ RunTime:-0.002820s ]
INFO: [ app_begin ] --END-- [ RunTime:0.002228s ]
SQL: SHOW COLUMNS FROM `lg_activity` [ RunTime:0.006231s ]
SQL: SELECT `id`,`activity_name`,`activity_post_add` FROM `lg_activity` ORDER BY start_time desc LIMIT 20   [ RunTime:0.000374s ]
SQL: SHOW COLUMNS FROM `lg_attention` [ RunTime:0.005624s ]
SQL: SELECT * FROM `lg_attention` WHERE ( `user_id` = 1 ) AND ( `attended_id` = 24 ) AND ( `isleague` = 0 )  [ RunTime:0.000260s ]
SQL: SELECT * FROM `lg_attention` WHERE ( `user_id` = 1 ) AND ( `attended_id` = 26 ) AND ( `isleague` = 0 )  [ RunTime:0.000184s ]
SQL: SELECT * FROM `lg_attention` WHERE ( `user_id` = 1 ) AND ( `attended_id` = 29 ) AND ( `isleague` = 0 )  [ RunTime:0.000160s ]
SQL: SELECT * FROM `lg_attention` WHERE ( `user_id` = 1 ) AND ( `attended_id` = 30 ) AND ( `isleague` = 0 )  [ RunTime:0.000166s ]
SQL: SELECT * FROM `lg_attention` WHERE ( `user_id` = 1 ) AND ( `attended_id` = 31 ) AND ( `isleague` = 0 )  [ RunTime:0.000157s ]
SQL: SELECT * FROM `lg_attention` WHERE ( `user_id` = 1 ) AND ( `attended_id` = 32 ) AND ( `isleague` = 0 )  [ RunTime:0.000152s ]
SQL: SELECT * FROM `lg_attention` WHERE ( `user_id` = 1 ) AND ( `attended_id` = 33 ) AND ( `isleague` = 0 )  [ RunTime:0.000170s ]
SQL: SELECT * FROM `lg_attention` WHERE ( `user_id` = 1 ) AND ( `attended_id` = 34 ) AND ( `isleague` = 0 )  [ RunTime:0.000151s ]
SQL: SELECT * FROM `lg_attention` WHERE ( `user_id` = 1 ) AND ( `attended_id` = 35 ) AND ( `isleague` = 0 )  [ RunTime:0.000152s ]
SQL: SELECT * FROM `lg_attention` WHERE ( `user_id` = 1 ) AND ( `attended_id` = 36 ) AND ( `isleague` = 0 )  [ RunTime:0.000148s ]
SQL: SELECT * FROM `lg_attention` WHERE ( `user_id` = 1 ) AND ( `attended_id` = 37 ) AND ( `isleague` = 0 )  [ RunTime:0.000148s ]
SQL: SELECT * FROM `lg_attention` WHERE ( `user_id` = 1 ) AND ( `attended_id` = 38 ) AND ( `isleague` = 0 )  [ RunTime:0.000144s ]
SQL: SELECT * FROM `lg_attention` WHERE ( `user_id` = 1 ) AND ( `attended_id` = 39 ) AND ( `isleague` = 0 )  [ RunTime:0.000147s ]
SQL: SELECT * FROM `lg_attention` WHERE ( `user_id` = 1 ) AND ( `attended_id` = 40 ) AND ( `isleague` = 0 )  [ RunTime:0.000144s ]
SQL: SELECT * FROM `lg_attention` WHERE ( `user_id` = 1 ) AND ( `attended_id` = 41 ) AND ( `isleague` = 0 )  [ RunTime:0.000144s ]
SQL: SELECT * FROM `lg_attention` WHERE ( `user_id` = 1 ) AND ( `attended_id` = 42 ) AND ( `isleague` = 0 )  [ RunTime:0.000146s ]
SQL: SELECT * FROM `lg_attention` WHERE ( `user_id` = 1 ) AND ( `attended_id` = 43 ) AND ( `isleague` = 0 )  [ RunTime:0.000143s ]
SQL: SELECT * FROM `lg_attention` WHERE ( `user_id` = 1 ) AND ( `attended_id` = 44 ) AND ( `isleague` = 0 )  [ RunTime:0.000143s ]
SQL: SELECT * FROM `lg_attention` WHERE ( `user_id` = 1 ) AND ( `attended_id` = 45 ) AND ( `isleague` = 0 )  [ RunTime:0.000145s ]
SQL: SELECT * FROM `lg_attention` WHERE ( `user_id` = 1 ) AND ( `attended_id` = 46 ) AND ( `isleague` = 0 )  [ RunTime:0.000141s ]

[ 2013-02-12T21:15:09+08:00 ] 127.0.0.1 /lg2.0/league_2.0/project/herald_league/herald_league/index.php/Activity/Index/GetMore?count=20&uid=0
INFO: [ app_begin ] --START--
INFO: Run ReadHtmlCache Behavior [ RunTime:-0.001368s ]
INFO: [ app_begin ] --END-- [ RunTime:0.000768s ]
SQL: SHOW COLUMNS FROM `lg_activity` [ RunTime:0.018432s ]
SQL: SELECT `id`,`activity_name`,`activity_post_add` FROM `lg_activity` ORDER BY start_time desc LIMIT 20   [ RunTime:0.000410s ]
SQL: SHOW COLUMNS FROM `lg_attention` [ RunTime:0.006253s ]

[ 2013-02-12T21:40:33+08:00 ] 127.0.0.1 /lg2.0/league_2.0/project/herald_league/herald_league/index.php/Activity/Index/GetMore?count=20&uid=0
INFO: [ app_begin ] --START--
INFO: Run ReadHtmlCache Behavior [ RunTime:-0.001883s ]
INFO: [ app_begin ] --END-- [ RunTime:0.000889s ]
SQL: SHOW COLUMNS FROM `lg_activity` [ RunTime:0.045989s ]
SQL: SELECT `id`,`activity_name`,`activity_post_add` FROM `lg_activity` ORDER BY start_time desc LIMIT 20   [ RunTime:0.000489s ]
SQL: SHOW COLUMNS FROM `lg_attention` [ RunTime:0.006898s ]

[ 2013-02-12T21:46:02+08:00 ] 127.0.0.1 /lg2.0/league_2.0/project/herald_league/herald_league/index.php/Activity/Index/GetMore?count=20&uid=0
INFO: [ app_begin ] --START--
INFO: Run ReadHtmlCache Behavior [ RunTime:-0.001359s ]
INFO: [ app_begin ] --END-- [ RunTime:0.000578s ]
SQL: SHOW COLUMNS FROM `lg_activity` [ RunTime:0.046375s ]
SQL: SELECT `id`,`activity_name`,`activity_post_add` FROM `lg_activity` ORDER BY start_time desc LIMIT 20   [ RunTime:0.000589s ]
SQL: SHOW COLUMNS FROM `lg_attention` [ RunTime:0.006014s ]

[ 2013-02-12T21:46:53+08:00 ] 127.0.0.1 /lg2.0/league_2.0/project/herald_league/herald_league/index.php/Activity/Index/GetMore?count=20&uid=0
INFO: [ app_begin ] --START--
INFO: Run ReadHtmlCache Behavior [ RunTime:-0.001346s ]
INFO: [ app_begin ] --END-- [ RunTime:0.000629s ]
SQL: SHOW COLUMNS FROM `lg_activity` [ RunTime:0.032403s ]
SQL: SELECT `id`,`activity_name`,`activity_post_add` FROM `lg_activity` ORDER BY start_time desc LIMIT 20   [ RunTime:0.000414s ]
SQL: SHOW COLUMNS FROM `lg_attention` [ RunTime:0.019106s ]

[ 2013-02-12T21:46:54+08:00 ] 127.0.0.1 /lg2.0/league_2.0/project/herald_league/herald_league/index.php/Activity/Index/GetMore?count=30&uid=0
INFO: [ app_begin ] --START--
INFO: Run ReadHtmlCache Behavior [ RunTime:-0.001497s ]
INFO: [ app_begin ] --END-- [ RunTime:0.000566s ]
SQL: SHOW COLUMNS FROM `lg_activity` [ RunTime:0.043132s ]
SQL: SELECT `id`,`activity_name`,`activity_post_add` FROM `lg_activity` ORDER BY start_time desc LIMIT 30   [ RunTime:0.015684s ]
SQL: SHOW COLUMNS FROM `lg_attention` [ RunTime:0.005983s ]

[ 2013-02-12T21:46:58+08:00 ] 127.0.0.1 /lg2.0/league_2.0/project/herald_league/herald_league/index.php/Activity/Index/GetMore?count=40&uid=0
INFO: [ app_begin ] --START--
INFO: Run ReadHtmlCache Behavior [ RunTime:-0.001459s ]
INFO: [ app_begin ] --END-- [ RunTime:0.000603s ]
SQL: SHOW COLUMNS FROM `lg_activity` [ RunTime:0.044708s ]
SQL: SELECT `id`,`activity_name`,`activity_post_add` FROM `lg_activity` ORDER BY start_time desc LIMIT 40   [ RunTime:0.021417s ]
SQL: SHOW COLUMNS FROM `lg_attention` [ RunTime:0.006847s ]

[ 2013-02-12T21:47:21+08:00 ] 127.0.0.1 /lg2.0/league_2.0/project/herald_league/herald_league/index.php/Activity/Index/GetMore?count=20&uid=0
INFO: [ app_begin ] --START--
INFO: Run ReadHtmlCache Behavior [ RunTime:-0.001466s ]
INFO: [ app_begin ] --END-- [ RunTime:0.000615s ]
SQL: SHOW COLUMNS FROM `lg_activity` [ RunTime:0.049964s ]
SQL: SELECT `id`,`activity_name`,`activity_post_add` FROM `lg_activity` ORDER BY start_time desc LIMIT 20   [ RunTime:0.000409s ]
SQL: SHOW COLUMNS FROM `lg_attention` [ RunTime:0.005967s ]

[ 2013-02-12T21:47:22+08:00 ] 127.0.0.1 /lg2.0/league_2.0/project/herald_league/herald_league/index.php/Activity/Index/GetMore?count=30&uid=0
INFO: [ app_begin ] --START--
INFO: Run ReadHtmlCache Behavior [ RunTime:-0.001379s ]
INFO: [ app_begin ] --END-- [ RunTime:0.000659s ]
SQL: SHOW COLUMNS FROM `lg_activity` [ RunTime:0.037191s ]
SQL: SELECT `id`,`activity_name`,`activity_post_add` FROM `lg_activity` ORDER BY start_time desc LIMIT 30   [ RunTime:0.000444s ]
SQL: SHOW COLUMNS FROM `lg_attention` [ RunTime:0.006172s ]

[ 2013-02-12T21:47:22+08:00 ] 127.0.0.1 /lg2.0/league_2.0/project/herald_league/herald_league/index.php/Activity/Index/GetMore?count=40&uid=0
INFO: [ app_begin ] --START--
INFO: Run ReadHtmlCache Behavior [ RunTime:-0.001338s ]
INFO: [ app_begin ] --END-- [ RunTime:0.000553s ]
SQL: SHOW COLUMNS FROM `lg_activity` [ RunTime:0.006149s ]
SQL: SELECT `id`,`activity_name`,`activity_post_add` FROM `lg_activity` ORDER BY start_time desc LIMIT 40   [ RunTime:0.000447s ]
SQL: SHOW COLUMNS FROM `lg_attention` [ RunTime:0.005797s ]

[ 2013-02-12T21:47:22+08:00 ] 127.0.0.1 /lg2.0/league_2.0/project/herald_league/herald_league/index.php/Activity/Index/GetMore?count=50&uid=0
INFO: [ app_begin ] --START--
INFO: Run ReadHtmlCache Behavior [ RunTime:-0.001328s ]
INFO: [ app_begin ] --END-- [ RunTime:0.000549s ]
SQL: SHOW COLUMNS FROM `lg_activity` [ RunTime:0.006759s ]
SQL: SELECT `id`,`activity_name`,`activity_post_add` FROM `lg_activity` ORDER BY start_time desc LIMIT 50   [ RunTime:0.041340s ]
SQL: SHOW COLUMNS FROM `lg_attention` [ RunTime:0.006073s ]

