[ 2013-02-17T14:13:16+08:00 ] ERR: (ThinkException) 无法加载模块:images
[ 2013-02-17T14:13:47+08:00 ] ERR: (ThinkException) 无法加载模块:images
[ 2013-02-17T14:13:48+08:00 ] ERR: (ThinkException) 无法加载模块:images
[ 2013-02-17T14:15:07+08:00 ] ERR: (ThinkException) 无法加载模块:images
[ 2013-02-17T14:16:31+08:00 ] ERR: (ThinkException) 无法加载模块:images
[ 2013-02-17T14:17:21+08:00 ] ERR: (ThinkException) 无法加载模块:images
[ 2013-02-17T14:18:20+08:00 ] ERR: (ThinkException) 无法加载模块:images
[ 2013-02-17T14:21:00+08:00 ] ERR: (ThinkException) 无法加载模块:images
[ 2013-02-17T14:22:16+08:00 ] ERR: (ThinkException) 无法加载模块:images
[ 2013-02-17T14:22:44+08:00 ] ERR: (ThinkException) 无法加载模块:images
[ 2013-02-17T14:23:01+08:00 ] ERR: (ThinkException) 无法加载模块:images
[ 2013-02-17T14:23:36+08:00 ] ERR: (ThinkException) 无法加载模块:images
[ 2013-02-17T14:26:19+08:00 ] ERR: (ThinkException) 无法加载模块:images
[ 2013-02-17T14:26:59+08:00 ] ERR: (ThinkException) 无法加载模块:images
[ 2013-02-17T14:27:47+08:00 ] ERR: (ThinkException) 无法加载模块:images
[ 2013-02-17T14:28:45+08:00 ] ERR: (ThinkException) 无法加载模块:images
[ 2013-02-17T14:30:20+08:00 ] ERR: (ThinkException) 无法加载模块:images
[ 2013-02-17T14:30:37+08:00 ] ERR: (ThinkException) 无法加载模块:images
[ 2013-02-17T14:30:50+08:00 ] ERR: (ThinkException) 无法加载模块:images
[ 2013-02-17T14:32:18+08:00 ] ERR: (ThinkException) 无法加载模块:images
[ 2013-02-17T14:37:39+08:00 ] ERR: (ThinkException) 无法加载模块:images
[ 2013-02-17T14:38:04+08:00 ] ERR: (ThinkException) 无法加载模块:images
[ 2013-02-17T14:40:02+08:00 ] ERR: (ThinkException) 无法加载模块:images
[ 2013-02-17T14:42:43+08:00 ] ERR: (ThinkException) 无法加载模块:images
[ 2013-02-17T14:44:15+08:00 ] ERR: (ThinkException) 无法加载模块:images
[ 2013-02-17T14:44:48+08:00 ] ERR: (ThinkException) 无法加载模块:images
[ 2013-02-17T14:46:43+08:00 ] ERR: (ThinkException) 无法加载模块:images
[ 2013-02-17T14:48:09+08:00 ] ERR: (ThinkException) 无法加载模块:images
[ 2013-02-17T14:48:47+08:00 ] ERR: (ThinkException) 无法加载模块:images
[ 2013-02-17T14:49:03+08:00 ] ERR: (ThinkException) 无法加载模块:images
[ 2013-02-17T14:54:18+08:00 ] ERR: (ThinkException) 无法加载模块:images
[ 2013-02-17T14:56:07+08:00 ] ERR: (ThinkException) 无法加载模块:images
[ 2013-02-17T14:57:41+08:00 ] ERR: (ThinkException) 无法加载模块:images
[ 2013-02-17T14:59:13+08:00 ] ERR: (ThinkException) 无法加载模块:images
[ 2013-02-17T14:59:47+08:00 ] ERR: (ThinkException) 无法加载模块:images
[ 2013-02-17T15:05:17+08:00 ] ERR: (ThinkException) 无法加载模块:images
[ 2013-02-17T15:06:07+08:00 ] ERR: (ThinkException) 无法加载模块:images
[ 2013-02-17T15:08:00+08:00 ] ERR: (ThinkException) 无法加载模块:images
[ 2013-02-17T15:09:10+08:00 ] ERR: (ThinkException) 无法加载模块:images
[ 2013-02-17T15:09:47+08:00 ] ERR: (ThinkException) 无法加载模块:images
[ 2013-02-17T15:10:16+08:00 ] ERR: (ThinkException) 无法加载模块:images
[ 2013-02-17T15:12:39+08:00 ] ERR: (ThinkException) 无法加载模块:images
[ 2013-02-17T15:17:27+08:00 ] ERR: (ThinkException) 无法加载模块:images
[ 2013-02-17T15:17:35+08:00 ] ERR: (ThinkException) 无法加载模块:images
[ 2013-02-17T15:18:14+08:00 ] ERR: (ThinkException) You have an error in your SQL syntax; check the manual that corresponds to your MySQL server version for the right syntax to use near 'AND isleague = 1 LIMIT 1' at line 1
 [ SQL语句 ] : SELECT COUNT(*) AS tp_count FROM `lg_attention` WHERE attended_id =  AND isleague = 1 LIMIT 1  
[ 2013-02-17T15:20:00+08:00 ] ERR: (ThinkException) 无法加载模块:images
[ 2013-02-17T15:20:33+08:00 ] ERR: (ThinkException) 无法加载模块:images
[ 2013-02-17T15:20:49+08:00 ] ERR: (ThinkException) 无法加载模块:images
[ 2013-02-17T15:21:47+08:00 ] ERR: (ThinkException) 无法加载模块:images
[ 2013-02-17T15:22:36+08:00 ] ERR: (ThinkException) 无法加载模块:images
[ 2013-02-17T15:26:44+08:00 ] ERR: (ThinkException) 无法加载模块:images
[ 2013-02-17T15:27:28+08:00 ] ERR: (ThinkException) 无法加载模块:images
[ 2013-02-17T15:28:04+08:00 ] ERR: (ThinkException) 无法加载模块:images
[ 2013-02-17T15:29:51+08:00 ] ERR: (ThinkException) 无法加载模块:images
[ 2013-02-17T15:34:13+08:00 ] ERR: (ThinkException) 无法加载模块:images
[ 2013-02-17T15:34:32+08:00 ] ERR: (ThinkException) 无法加载模块:images
[ 2013-02-17T15:35:12+08:00 ] ERR: (ThinkException) 无法加载模块:images
[ 2013-02-17T15:38:34+08:00 ] ERR: (ThinkException) 无法加载模块:images
[ 2013-02-17T15:39:58+08:00 ] ERR: (ThinkException) 无法加载模块:images
[ 2013-02-17T15:57:12+08:00 ] ERR: (ThinkException) 无法加载模块:images
[ 2013-02-17T16:03:29+08:00 ] ERR: (ThinkException) 无法加载模块:images
[ 2013-02-17T16:03:48+08:00 ] ERR: (ThinkException) 无法加载模块:images
[ 2013-02-17T16:06:49+08:00 ] ERR: [4] syntax error, unexpected ';' E:\Web\Working\league_2.0\project\herald_league\herald_league\Lib\Model\ActivityModel.class.php 第 230 行.
[ 2013-02-17T16:07:35+08:00 ] ERR: (ThinkException) 无法加载模块:images
[ 2013-02-17T16:08:07+08:00 ] ERR: (ThinkException) 无法加载模块:images
[ 2013-02-17T16:08:51+08:00 ] ERR: (ThinkException) 无法加载模块:images
[ 2013-02-17T16:09:05+08:00 ] ERR: (ThinkException) 无法加载模块:images
[ 2013-02-17T16:09:24+08:00 ] ERR: (ThinkException) 无法加载模块:images
[ 2013-02-17T16:11:23+08:00 ] ERR: (ThinkException) 无法加载模块:images
[ 2013-02-17T16:11:46+08:00 ] ERR: (ThinkException) 无法加载模块:images
[ 2013-02-17T16:16:50+08:00 ] ERR: (ThinkException) 无法加载模块:images
[ 2013-02-17T16:30:04+08:00 ] ERR: [4] syntax error, unexpected '=' E:\Web\Working\league_2.0\project\herald_league\herald_league\Lib\Action\Public\SearchAction.class.php 第 32 行.
[ 2013-02-17T16:30:20+08:00 ] ERR: [1] Call to a member function getleagueAvaterAdd() on a non-object E:\Web\Working\league_2.0\project\herald_league\herald_league\Lib\Action\Public\SearchAction.class.php 第 41 行.
[ 2013-02-17T16:30:46+08:00 ] ERR: (ThinkException) Model:getleagueName您所请求的方法不存在！
[ 2013-02-17T16:31:01+08:00 ] ERR: (ThinkException) 无法加载模块:images
[ 2013-02-17T16:31:50+08:00 ] ERR: (ThinkException) 无法加载模块:images
