[ 2013-03-16T10:44:43+08:00 ] 127.0.0.1 /league_2.0/project/herald_league/herald_league/index.php/User/Login
INFO: [ view_template ] --START--
INFO: Run LocationTemplate Behavior [ RunTime:-1.153228s ]
INFO: [ view_template ] --END-- [ RunTime:0.000784s ]
INFO: [ view_parse ] --START--
INFO: Run ParseTemplate Behavior [ RunTime:-1.154040s ]
INFO: [ view_parse ] --END-- [ RunTime:0.044350s ]
INFO: [ view_filter ] --START--
INFO: Run ContentReplace Behavior [ RunTime:-1.198424s ]
INFO: Run TokenBuild Behavior [ RunTime:-1.198968s ]
INFO: Run WriteHtmlCache Behavior [ RunTime:-1.199572s ]
INFO: Run ShowRuntime Behavior [ RunTime:-1.199969s ]
INFO: [ view_filter ] --END-- [ RunTime:0.002123s ]
INFO: [ view_end ] --START--
INFO: Run ShowPageTrace Behavior [ RunTime:-1.200601s ]
INFO: [ view_end ] --END-- [ RunTime:0.000689s ]

[ 2013-03-16T10:44:43+08:00 ] 127.0.0.1 /league_2.0/project/herald_league/herald_league/index.php/User/Login
INFO: [ view_template ] --START--
INFO: Run LocationTemplate Behavior [ RunTime:-1.122668s ]
INFO: [ view_template ] --END-- [ RunTime:0.002135s ]
INFO: [ view_parse ] --START--
INFO: Run ParseTemplate Behavior [ RunTime:-1.124858s ]
INFO: [ view_parse ] --END-- [ RunTime:0.024602s ]
INFO: [ view_filter ] --START--
INFO: Run ContentReplace Behavior [ RunTime:-1.149562s ]
INFO: Run TokenBuild Behavior [ RunTime:-1.151510s ]
INFO: Run WriteHtmlCache Behavior [ RunTime:-1.153244s ]
INFO: Run ShowRuntime Behavior [ RunTime:-1.155037s ]
INFO: [ view_filter ] --END-- [ RunTime:0.007255s ]
INFO: [ view_end ] --START--
INFO: Run ShowPageTrace Behavior [ RunTime:-1.156979s ]
INFO: [ view_end ] --END-- [ RunTime:0.002034s ]

[ 2013-03-16T10:44:43+08:00 ] 127.0.0.1 /league_2.0/project/herald_league/herald_league/index.php/User/Login
INFO: [ view_template ] --START--
INFO: Run LocationTemplate Behavior [ RunTime:-1.094103s ]
INFO: [ view_template ] --END-- [ RunTime:0.002228s ]
INFO: [ view_parse ] --START--
INFO: Run ParseTemplate Behavior [ RunTime:-1.096424s ]
INFO: [ view_parse ] --END-- [ RunTime:0.023087s ]
INFO: [ view_filter ] --START--
INFO: Run ContentReplace Behavior [ RunTime:-1.119608s ]
INFO: Run TokenBuild Behavior [ RunTime:-1.121248s ]
INFO: Run WriteHtmlCache Behavior [ RunTime:-1.122733s ]
INFO: Run ShowRuntime Behavior [ RunTime:-1.123925s ]
INFO: [ view_filter ] --END-- [ RunTime:0.006043s ]
INFO: [ view_end ] --START--
INFO: Run ShowPageTrace Behavior [ RunTime:-1.125705s ]
INFO: [ view_end ] --END-- [ RunTime:0.001001s ]

[ 2013-03-16T10:44:44+08:00 ] 127.0.0.1 /league_2.0/project/herald_league/herald_league/index.php/User/Login
INFO: [ view_template ] --START--
INFO: Run LocationTemplate Behavior [ RunTime:-1.087601s ]
INFO: [ view_template ] --END-- [ RunTime:0.000745s ]
INFO: [ view_parse ] --START--
INFO: Run ParseTemplate Behavior [ RunTime:-1.088378s ]
INFO: [ view_parse ] --END-- [ RunTime:0.010033s ]
INFO: [ view_filter ] --START--
INFO: Run ContentReplace Behavior [ RunTime:-1.098542s ]
INFO: Run TokenBuild Behavior [ RunTime:-1.100111s ]
INFO: Run WriteHtmlCache Behavior [ RunTime:-1.101535s ]
INFO: Run ShowRuntime Behavior [ RunTime:-1.102661s ]
INFO: [ view_filter ] --END-- [ RunTime:0.005780s ]
INFO: [ view_end ] --START--
INFO: Run ShowPageTrace Behavior [ RunTime:-1.104467s ]
INFO: [ view_end ] --END-- [ RunTime:0.002111s ]

[ 2013-03-16T10:44:48+08:00 ] 127.0.0.1 /league_2.0/project/herald_league/herald_league/index.php/User/Login
INFO: [ view_template ] --START--
INFO: Run LocationTemplate Behavior [ RunTime:-1.178142s ]
INFO: [ view_template ] --END-- [ RunTime:0.002551s ]
INFO: [ view_parse ] --START--
INFO: Run ParseTemplate Behavior [ RunTime:-1.180760s ]
INFO: [ view_parse ] --END-- [ RunTime:0.024776s ]
INFO: [ view_filter ] --START--
INFO: Run ContentReplace Behavior [ RunTime:-1.205633s ]
INFO: Run TokenBuild Behavior [ RunTime:-1.207234s ]
INFO: Run WriteHtmlCache Behavior [ RunTime:-1.208632s ]
INFO: Run ShowRuntime Behavior [ RunTime:-1.209754s ]
INFO: [ view_filter ] --END-- [ RunTime:0.005774s ]
INFO: [ view_end ] --START--
INFO: Run ShowPageTrace Behavior [ RunTime:-1.211556s ]
INFO: [ view_end ] --END-- [ RunTime:0.001976s ]

[ 2013-03-16T10:44:53+08:00 ] 127.0.0.1 /league_2.0/project/herald_league/herald_league/index.php/User/Login
INFO: [ view_template ] --START--
INFO: Run LocationTemplate Behavior [ RunTime:-1.094764s ]
INFO: [ view_template ] --END-- [ RunTime:0.000435s ]
INFO: [ view_parse ] --START--
INFO: Run ParseTemplate Behavior [ RunTime:-1.095229s ]
INFO: [ view_parse ] --END-- [ RunTime:0.007602s ]
INFO: [ view_filter ] --START--
INFO: Run ContentReplace Behavior [ RunTime:-1.102866s ]
INFO: Run TokenBuild Behavior [ RunTime:-1.103427s ]
INFO: Run WriteHtmlCache Behavior [ RunTime:-1.103920s ]
INFO: Run ShowRuntime Behavior [ RunTime:-1.104315s ]
INFO: [ view_filter ] --END-- [ RunTime:0.002024s ]
INFO: [ view_end ] --START--
INFO: Run ShowPageTrace Behavior [ RunTime:-1.104944s ]
INFO: [ view_end ] --END-- [ RunTime:0.000690s ]

[ 2013-03-16T10:44:57+08:00 ] 127.0.0.1 /league_2.0/project/herald_league/herald_league/index.php/User/Login
INFO: [ view_template ] --START--
INFO: Run LocationTemplate Behavior [ RunTime:-1.113618s ]
INFO: [ view_template ] --END-- [ RunTime:0.000696s ]
INFO: [ view_parse ] --START--
INFO: Run ParseTemplate Behavior [ RunTime:-1.114364s ]
INFO: [ view_parse ] --END-- [ RunTime:0.020050s ]
INFO: [ view_filter ] --START--
INFO: Run ContentReplace Behavior [ RunTime:-1.134615s ]
INFO: Run TokenBuild Behavior [ RunTime:-1.136809s ]
INFO: Run WriteHtmlCache Behavior [ RunTime:-1.138742s ]
INFO: Run ShowRuntime Behavior [ RunTime:-1.139961s ]
INFO: [ view_filter ] --END-- [ RunTime:0.007051s ]
INFO: [ view_end ] --START--
INFO: Run ShowPageTrace Behavior [ RunTime:-1.142028s ]
INFO: [ view_end ] --END-- [ RunTime:0.002023s ]

