[ 2013-02-22T14:21:02+08:00 ] ERR: (ThinkException) 非法操作:_ROOT__
[ 2013-02-22T14:21:03+08:00 ] ERR: (ThinkException) 非法操作:_ROOT__
[ 2013-02-22T14:21:38+08:00 ] ERR: (ThinkException) 非法操作:_ROOT__
[ 2013-02-22T14:21:38+08:00 ] ERR: (ThinkException) 非法操作:_ROOT__
[ 2013-02-22T14:21:39+08:00 ] ERR: (ThinkException) 非法操作:second
[ 2013-02-22T14:22:56+08:00 ] ERR: (ThinkException) 非法操作:_ROOT__
[ 2013-02-22T14:22:56+08:00 ] ERR: (ThinkException) 非法操作:_ROOT__
[ 2013-02-22T14:24:21+08:00 ] ERR: (ThinkException) 非法操作:_ROOT__
[ 2013-02-22T14:24:21+08:00 ] ERR: (ThinkException) 非法操作:_ROOT__
[ 2013-02-22T14:29:21+08:00 ] ERR: (ThinkException) 非法操作:style
[ 2013-02-22T14:30:03+08:00 ] ERR: (ThinkException) 非法操作:style
[ 2013-02-22T14:30:19+08:00 ] ERR: (ThinkException) 非法操作:third
[ 2013-02-22T14:32:52+08:00 ] ERR: (ThinkException) 非法操作:style
[ 2013-02-22T14:33:21+08:00 ] ERR: (ThinkException) 非法操作:style
[ 2013-02-22T14:33:56+08:00 ] ERR: (ThinkException) 非法操作:style
[ 2013-02-22T14:34:37+08:00 ] ERR: (ThinkException) 非法操作:style
[ 2013-02-22T14:36:10+08:00 ] ERR: (ThinkException) 非法操作:style
[ 2013-02-22T14:36:15+08:00 ] ERR: (ThinkException) 非法操作:style
[ 2013-02-22T14:37:44+08:00 ] ERR: (ThinkException) 非法操作:style
[ 2013-02-22T14:37:44+08:00 ] ERR: (ThinkException) 非法操作:A3
[ 2013-02-22T14:39:17+08:00 ] ERR: (ThinkException) 非法操作:style
[ 2013-02-22T14:39:17+08:00 ] ERR: (ThinkException) 非法操作:A3
[ 2013-02-22T14:39:45+08:00 ] ERR: (ThinkException) 非法操作:A3
[ 2013-02-22T14:39:55+08:00 ] ERR: (ThinkException) 非法操作:A3
[ 2013-02-22T14:40:24+08:00 ] ERR: (ThinkException) 非法操作:style
[ 2013-02-22T14:40:24+08:00 ] ERR: (ThinkException) 非法操作:A3
[ 2013-02-22T14:40:33+08:00 ] ERR: (ThinkException) 非法操作:A3
[ 2013-02-22T14:41:17+08:00 ] ERR: (ThinkException) 非法操作:style
[ 2013-02-22T14:41:17+08:00 ] ERR: (ThinkException) 非法操作:A3
[ 2013-02-22T14:41:22+08:00 ] ERR: (ThinkException) 非法操作:A3
[ 2013-02-22T14:48:57+08:00 ] ERR: (ThinkException) 非法操作:style
[ 2013-02-22T14:48:57+08:00 ] ERR: (ThinkException) 非法操作:A3
[ 2013-02-22T14:49:09+08:00 ] ERR: (ThinkException) 非法操作:A3
[ 2013-02-22T14:57:33+08:00 ] ERR: (ThinkException) 非法操作:fabu
[ 2013-02-22T14:57:45+08:00 ] ERR: (ThinkException) 非法操作:style
[ 2013-02-22T14:57:45+08:00 ] ERR: (ThinkException) 非法操作:A3
[ 2013-02-22T14:58:34+08:00 ] ERR: (ThinkException) 非法操作:style
[ 2013-02-22T14:58:34+08:00 ] ERR: (ThinkException) 非法操作:A3
[ 2013-02-22T14:58:54+08:00 ] ERR: (ThinkException) 非法操作:style
[ 2013-02-22T14:58:54+08:00 ] ERR: (ThinkException) 非法操作:A3
[ 2013-02-22T15:00:24+08:00 ] ERR: (ThinkException) 非法操作:style
[ 2013-02-22T15:00:24+08:00 ] ERR: (ThinkException) 非法操作:A3
[ 2013-02-22T15:00:43+08:00 ] ERR: (ThinkException) 非法操作:style
[ 2013-02-22T15:00:44+08:00 ] ERR: (ThinkException) 非法操作:A3
[ 2013-02-22T15:02:32+08:00 ] ERR: (ThinkException) 非法操作:style
[ 2013-02-22T15:02:32+08:00 ] ERR: (ThinkException) 非法操作:A3
[ 2013-02-22T15:02:58+08:00 ] ERR: (ThinkException) 非法操作:A3
[ 2013-02-22T15:04:04+08:00 ] ERR: (ThinkException) 非法操作:A3
[ 2013-02-22T15:04:55+08:00 ] ERR: (ThinkException) 非法操作:style
[ 2013-02-22T15:04:55+08:00 ] ERR: (ThinkException) 非法操作:A3
[ 2013-02-22T15:08:34+08:00 ] ERR: (ThinkException) 非法操作:style
[ 2013-02-22T15:08:34+08:00 ] ERR: (ThinkException) 非法操作:A3
[ 2013-02-22T15:10:59+08:00 ] ERR: (ThinkException) 非法操作:style
[ 2013-02-22T15:10:59+08:00 ] ERR: (ThinkException) 非法操作:A3
[ 2013-02-22T15:14:52+08:00 ] ERR: (ThinkException) 非法操作:style
[ 2013-02-22T15:14:52+08:00 ] ERR: (ThinkException) 非法操作:A3
[ 2013-02-22T15:15:05+08:00 ] ERR: (ThinkException) 非法操作:style
[ 2013-02-22T15:15:05+08:00 ] ERR: (ThinkException) 非法操作:A3
[ 2013-02-22T15:16:17+08:00 ] ERR: (ThinkException) 非法操作:A3
[ 2013-02-22T15:16:22+08:00 ] ERR: (ThinkException) 非法操作:A3
[ 2013-02-22T15:20:33+08:00 ] ERR: (ThinkException) 非法操作:A3
[ 2013-02-22T15:20:55+08:00 ] ERR: (ThinkException) 非法操作:A3
[ 2013-02-22T15:22:35+08:00 ] ERR: (ThinkException) 非法操作:style
[ 2013-02-22T15:22:35+08:00 ] ERR: (ThinkException) 非法操作:A3
[ 2013-02-22T15:23:32+08:00 ] ERR: (ThinkException) 非法操作:style
[ 2013-02-22T15:23:32+08:00 ] ERR: (ThinkException) 非法操作:A3
[ 2013-02-22T15:24:45+08:00 ] ERR: (ThinkException) 非法操作:style
[ 2013-02-22T15:24:45+08:00 ] ERR: (ThinkException) 非法操作:A3
[ 2013-02-22T15:25:05+08:00 ] ERR: (ThinkException) 非法操作:style
[ 2013-02-22T15:25:05+08:00 ] ERR: (ThinkException) 非法操作:A3
[ 2013-02-22T15:25:55+08:00 ] ERR: (ThinkException) 非法操作:style
[ 2013-02-22T15:25:55+08:00 ] ERR: (ThinkException) 非法操作:A3
[ 2013-02-22T15:26:40+08:00 ] ERR: (ThinkException) 非法操作:style
[ 2013-02-22T15:26:40+08:00 ] ERR: (ThinkException) 非法操作:A3
[ 2013-02-22T15:27:21+08:00 ] ERR: (ThinkException) 非法操作:style
[ 2013-02-22T15:27:21+08:00 ] ERR: (ThinkException) 非法操作:A3
[ 2013-02-22T15:27:46+08:00 ] ERR: (ThinkException) 非法操作:style
[ 2013-02-22T15:27:46+08:00 ] ERR: (ThinkException) 非法操作:A3
[ 2013-02-22T15:28:31+08:00 ] ERR: (ThinkException) 非法操作:style
[ 2013-02-22T15:28:31+08:00 ] ERR: (ThinkException) 非法操作:A3
[ 2013-02-22T15:28:49+08:00 ] ERR: (ThinkException) 非法操作:style
[ 2013-02-22T15:28:49+08:00 ] ERR: (ThinkException) 非法操作:A3
[ 2013-02-22T15:29:52+08:00 ] ERR: (ThinkException) 非法操作:style
[ 2013-02-22T15:29:53+08:00 ] ERR: (ThinkException) 非法操作:A3
[ 2013-02-22T15:30:23+08:00 ] ERR: (ThinkException) 非法操作:style
[ 2013-02-22T15:30:23+08:00 ] ERR: (ThinkException) 非法操作:A3
[ 2013-02-22T15:30:40+08:00 ] ERR: (ThinkException) 非法操作:style
[ 2013-02-22T15:30:40+08:00 ] ERR: (ThinkException) 非法操作:A3
[ 2013-02-22T15:34:17+08:00 ] ERR: (ThinkException) 非法操作:style
[ 2013-02-22T15:34:17+08:00 ] ERR: (ThinkException) 非法操作:A3
[ 2013-02-22T15:35:34+08:00 ] ERR: (ThinkException) 非法操作:style
[ 2013-02-22T15:35:34+08:00 ] ERR: (ThinkException) 非法操作:A3
[ 2013-02-22T15:57:47+08:00 ] ERR: (ThinkException) 非法操作:style
[ 2013-02-22T15:57:47+08:00 ] ERR: (ThinkException) 非法操作:A3
[ 2013-02-22T15:57:47+08:00 ] ERR: (ThinkException) 非法操作:A3
[ 2013-02-22T15:58:39+08:00 ] ERR: (ThinkException) 非法操作:style
[ 2013-02-22T15:58:39+08:00 ] ERR: (ThinkException) 非法操作:A3
[ 2013-02-22T15:58:57+08:00 ] ERR: (ThinkException) 非法操作:A3
[ 2013-02-22T15:58:57+08:00 ] ERR: (ThinkException) 非法操作:style
[ 2013-02-22T15:58:57+08:00 ] ERR: (ThinkException) 非法操作:A3
[ 2013-02-22T15:59:12+08:00 ] ERR: (ThinkException) 非法操作:A3
[ 2013-02-22T15:59:31+08:00 ] ERR: (ThinkException) 非法操作:A3
[ 2013-02-22T15:59:31+08:00 ] ERR: (ThinkException) 非法操作:style
[ 2013-02-22T15:59:31+08:00 ] ERR: (ThinkException) 非法操作:A3
[ 2013-02-22T17:49:07+08:00 ] ERR: (ThinkException) 非法操作:style
[ 2013-02-22T17:49:08+08:00 ] ERR: (ThinkException) 非法操作:A3
[ 2013-02-22T17:49:47+08:00 ] ERR: (ThinkException) 非法操作:A3
[ 2013-02-22T17:50:00+08:00 ] ERR: (ThinkException) 非法操作:A3
[ 2013-02-22T17:50:40+08:00 ] ERR: (ThinkException) 非法操作:style
[ 2013-02-22T17:50:40+08:00 ] ERR: (ThinkException) 非法操作:A3
