[ 2013-01-31T10:03:18+08:00 ] ERR: (ThinkException) You have an error in your SQL syntax; check the manual that corresponds to your MySQL server version for the right syntax to use near '' at line 1
 [ SQL语句 ] : SELECT * FROM `lg_activity` WHERE league_id = 
[ 2013-01-31T11:29:15+08:00 ] ERR: (ThinkException) You have an error in your SQL syntax; check the manual that corresponds to your MySQL server version for the right syntax to use near 'AND isleague = 1' at line 1
 [ SQL语句 ] : SELECT * FROM `lg_attention` WHERE attended_id =  AND isleague = 1 
[ 2013-01-31T11:30:47+08:00 ] ERR: (ThinkException) You have an error in your SQL syntax; check the manual that corresponds to your MySQL server version for the right syntax to use near '' at line 1
 [ SQL语句 ] : SELECT * FROM `lg_user` WHERE id =  
[ 2013-01-31T12:05:45+08:00 ] ERR: (ThinkException) You have an error in your SQL syntax; check the manual that corresponds to your MySQL server version for the right syntax to use near 'AND isleague = 0' at line 1
 [ SQL语句 ] : SELECT * FROM `lg_attention` WHERE attended_id =  AND isleague = 0 
[ 2013-01-31T12:05:56+08:00 ] ERR: (ThinkException) You have an error in your SQL syntax; check the manual that corresponds to your MySQL server version for the right syntax to use near 'AND isleague = 0' at line 1
 [ SQL语句 ] : SELECT * FROM `lg_attention` WHERE attended_id =  AND isleague = 0 
[ 2013-01-31T12:06:09+08:00 ] ERR: (ThinkException) You have an error in your SQL syntax; check the manual that corresponds to your MySQL server version for the right syntax to use near 'AND isleague = 0' at line 1
 [ SQL语句 ] : SELECT * FROM `lg_attention` WHERE attended_id =  AND isleague = 0 
[ 2013-01-31T12:06:32+08:00 ] ERR: (ThinkException) You have an error in your SQL syntax; check the manual that corresponds to your MySQL server version for the right syntax to use near 'AND isleague = 0' at line 1
 [ SQL语句 ] : SELECT * FROM `lg_attention` WHERE attended_id =  AND isleague = 0 
[ 2013-01-31T12:07:59+08:00 ] ERR: (ThinkException) You have an error in your SQL syntax; check the manual that corresponds to your MySQL server version for the right syntax to use near 'AND isleague = 0' at line 1
 [ SQL语句 ] : SELECT * FROM `lg_attention` WHERE attended_id =  AND isleague = 0 
[ 2013-01-31T12:08:07+08:00 ] ERR: (ThinkException) You have an error in your SQL syntax; check the manual that corresponds to your MySQL server version for the right syntax to use near 'AND isleague = 0' at line 1
 [ SQL语句 ] : SELECT * FROM `lg_attention` WHERE attended_id =  AND isleague = 0 
[ 2013-01-31T12:10:10+08:00 ] ERR: (ThinkException) You have an error in your SQL syntax; check the manual that corresponds to your MySQL server version for the right syntax to use near 'AND isleague = 0' at line 1
 [ SQL语句 ] : SELECT * FROM `lg_attention` WHERE attended_id =  AND isleague = 0 
[ 2013-01-31T12:10:25+08:00 ] ERR: (ThinkException) You have an error in your SQL syntax; check the manual that corresponds to your MySQL server version for the right syntax to use near 'AND isleague = 0' at line 1
 [ SQL语句 ] : SELECT * FROM `lg_attention` WHERE attended_id =  AND isleague = 0 
[ 2013-01-31T12:11:16+08:00 ] ERR: (ThinkException) You have an error in your SQL syntax; check the manual that corresponds to your MySQL server version for the right syntax to use near 'AND isleague = 0' at line 1
 [ SQL语句 ] : SELECT * FROM `lg_attention` WHERE attended_id =  AND isleague = 0 
[ 2013-01-31T12:11:58+08:00 ] ERR: (ThinkException) You have an error in your SQL syntax; check the manual that corresponds to your MySQL server version for the right syntax to use near 'AND isleague = 0' at line 1
 [ SQL语句 ] : SELECT * FROM `lg_attention` WHERE attended_id =  AND isleague = 0 
[ 2013-01-31T12:12:46+08:00 ] ERR: (ThinkException) You have an error in your SQL syntax; check the manual that corresponds to your MySQL server version for the right syntax to use near 'AND isleague = 0' at line 1
 [ SQL语句 ] : SELECT * FROM `lg_attention` WHERE attended_id =  AND isleague = 0 
[ 2013-01-31T12:13:31+08:00 ] ERR: (ThinkException) You have an error in your SQL syntax; check the manual that corresponds to your MySQL server version for the right syntax to use near 'AND isleague = 0' at line 1
 [ SQL语句 ] : SELECT * FROM `lg_attention` WHERE attended_id =  AND isleague = 0 
[ 2013-01-31T12:15:06+08:00 ] ERR: (ThinkException) You have an error in your SQL syntax; check the manual that corresponds to your MySQL server version for the right syntax to use near 'AND isleague = 0' at line 1
 [ SQL语句 ] : SELECT * FROM `lg_attention` WHERE attended_id =  AND isleague = 0 
[ 2013-01-31T12:15:41+08:00 ] ERR: (ThinkException) You have an error in your SQL syntax; check the manual that corresponds to your MySQL server version for the right syntax to use near 'AND isleague = 0' at line 1
 [ SQL语句 ] : SELECT * FROM `lg_attention` WHERE attended_id =  AND isleague = 0 
[ 2013-01-31T12:16:01+08:00 ] ERR: (ThinkException) You have an error in your SQL syntax; check the manual that corresponds to your MySQL server version for the right syntax to use near 'AND isleague = 0' at line 1
 [ SQL语句 ] : SELECT * FROM `lg_attention` WHERE attended_id =  AND isleague = 0 
[ 2013-01-31T12:16:58+08:00 ] ERR: (ThinkException) You have an error in your SQL syntax; check the manual that corresponds to your MySQL server version for the right syntax to use near 'AND isleague = 0' at line 1
 [ SQL语句 ] : SELECT * FROM `lg_attention` WHERE attended_id =  AND isleague = 0 
[ 2013-01-31T12:18:36+08:00 ] ERR: (ThinkException) You have an error in your SQL syntax; check the manual that corresponds to your MySQL server version for the right syntax to use near 'AND isleague = 0' at line 1
 [ SQL语句 ] : SELECT * FROM `lg_attention` WHERE attended_id =  AND isleague = 0 
[ 2013-01-31T12:20:59+08:00 ] ERR: (ThinkException) You have an error in your SQL syntax; check the manual that corresponds to your MySQL server version for the right syntax to use near 'AND isleague = 0' at line 1
 [ SQL语句 ] : SELECT * FROM `lg_attention` WHERE attended_id =  AND isleague = 0 
