[ 2013-02-15T08:50:48+08:00 ] 127.0.0.1 /league_2.0/project/herald_league/herald_league/index.php/Activity/Index/GetMore?count=20&uid=0
NOTIC: [2] ob_start(): output handler 'ob_gzhandler' conflicts with 'zlib output compression' E:\Web\Working\league_2.0\project\herald_league\ThinkPHP\Lib\Core\App.class.php 第 55 行.
NOTIC: [8] ob_start(): failed to create buffer E:\Web\Working\league_2.0\project\herald_league\ThinkPHP\Lib\Core\App.class.php 第 55 行.
INFO: [ app_begin ] --START--
INFO: Run ReadHtmlCache Behavior [ RunTime:-0.000596s ]
INFO: [ app_begin ] --END-- [ RunTime:0.000609s ]
SQL: SHOW COLUMNS FROM `lg_activity` [ RunTime:0.023132s ]
SQL: SELECT `id`,`activity_name`,`activity_post_add` FROM `lg_activity` ORDER BY start_time desc LIMIT 20   [ RunTime:0.000381s ]
NOTIC: [8] Undefined variable: result E:\Web\Working\league_2.0\project\herald_league\herald_league\Lib\Model\ActivityModel.class.php 第 219 行.

[ 2013-02-15T08:50:49+08:00 ] 127.0.0.1 /league_2.0/project/herald_league/herald_league/index.php/Activity/Index/GetMore?count=30&uid=0
NOTIC: [2] ob_start(): output handler 'ob_gzhandler' conflicts with 'zlib output compression' E:\Web\Working\league_2.0\project\herald_league\ThinkPHP\Lib\Core\App.class.php 第 55 行.
NOTIC: [8] ob_start(): failed to create buffer E:\Web\Working\league_2.0\project\herald_league\ThinkPHP\Lib\Core\App.class.php 第 55 行.
INFO: [ app_begin ] --START--
INFO: Run ReadHtmlCache Behavior [ RunTime:-0.000511s ]
INFO: [ app_begin ] --END-- [ RunTime:0.000587s ]
SQL: SHOW COLUMNS FROM `lg_activity` [ RunTime:0.048946s ]
SQL: SELECT `id`,`activity_name`,`activity_post_add` FROM `lg_activity` ORDER BY start_time desc LIMIT 30   [ RunTime:0.000483s ]
NOTIC: [8] Undefined variable: result E:\Web\Working\league_2.0\project\herald_league\herald_league\Lib\Model\ActivityModel.class.php 第 219 行.

[ 2013-02-15T08:50:50+08:00 ] 127.0.0.1 /league_2.0/project/herald_league/herald_league/index.php/Activity/Index/GetMore?count=40&uid=0
NOTIC: [2] ob_start(): output handler 'ob_gzhandler' conflicts with 'zlib output compression' E:\Web\Working\league_2.0\project\herald_league\ThinkPHP\Lib\Core\App.class.php 第 55 行.
NOTIC: [8] ob_start(): failed to create buffer E:\Web\Working\league_2.0\project\herald_league\ThinkPHP\Lib\Core\App.class.php 第 55 行.
INFO: [ app_begin ] --START--
INFO: Run ReadHtmlCache Behavior [ RunTime:-0.000492s ]
INFO: [ app_begin ] --END-- [ RunTime:0.000573s ]
SQL: SHOW COLUMNS FROM `lg_activity` [ RunTime:0.054864s ]
SQL: SELECT `id`,`activity_name`,`activity_post_add` FROM `lg_activity` ORDER BY start_time desc LIMIT 40   [ RunTime:0.000507s ]
NOTIC: [8] Undefined variable: result E:\Web\Working\league_2.0\project\herald_league\herald_league\Lib\Model\ActivityModel.class.php 第 219 行.

[ 2013-02-15T08:50:51+08:00 ] 127.0.0.1 /league_2.0/project/herald_league/herald_league/index.php/Activity/Index/GetMore?count=50&uid=0
NOTIC: [2] ob_start(): output handler 'ob_gzhandler' conflicts with 'zlib output compression' E:\Web\Working\league_2.0\project\herald_league\ThinkPHP\Lib\Core\App.class.php 第 55 行.
NOTIC: [8] ob_start(): failed to create buffer E:\Web\Working\league_2.0\project\herald_league\ThinkPHP\Lib\Core\App.class.php 第 55 行.
INFO: [ app_begin ] --START--
INFO: Run ReadHtmlCache Behavior [ RunTime:-0.000498s ]
INFO: [ app_begin ] --END-- [ RunTime:0.000576s ]
SQL: SHOW COLUMNS FROM `lg_activity` [ RunTime:0.050516s ]
SQL: SELECT `id`,`activity_name`,`activity_post_add` FROM `lg_activity` ORDER BY start_time desc LIMIT 50   [ RunTime:0.000449s ]
NOTIC: [8] Undefined variable: result E:\Web\Working\league_2.0\project\herald_league\herald_league\Lib\Model\ActivityModel.class.php 第 219 行.

[ 2013-02-15T08:50:52+08:00 ] 127.0.0.1 /league_2.0/project/herald_league/herald_league/index.php/Activity/Index/GetMore?count=60&uid=0
NOTIC: [2] ob_start(): output handler 'ob_gzhandler' conflicts with 'zlib output compression' E:\Web\Working\league_2.0\project\herald_league\ThinkPHP\Lib\Core\App.class.php 第 55 行.
NOTIC: [8] ob_start(): failed to create buffer E:\Web\Working\league_2.0\project\herald_league\ThinkPHP\Lib\Core\App.class.php 第 55 行.
INFO: [ app_begin ] --START--
INFO: Run ReadHtmlCache Behavior [ RunTime:-0.000497s ]
INFO: [ app_begin ] --END-- [ RunTime:0.000589s ]
SQL: SHOW COLUMNS FROM `lg_activity` [ RunTime:0.052509s ]
SQL: SELECT `id`,`activity_name`,`activity_post_add` FROM `lg_activity` ORDER BY start_time desc LIMIT 60   [ RunTime:0.000417s ]
NOTIC: [8] Undefined variable: result E:\Web\Working\league_2.0\project\herald_league\herald_league\Lib\Model\ActivityModel.class.php 第 219 行.

[ 2013-02-15T08:50:53+08:00 ] 127.0.0.1 /league_2.0/project/herald_league/herald_league/index.php/Activity/Index/GetMore?count=70&uid=0
NOTIC: [2] ob_start(): output handler 'ob_gzhandler' conflicts with 'zlib output compression' E:\Web\Working\league_2.0\project\herald_league\ThinkPHP\Lib\Core\App.class.php 第 55 行.
NOTIC: [8] ob_start(): failed to create buffer E:\Web\Working\league_2.0\project\herald_league\ThinkPHP\Lib\Core\App.class.php 第 55 行.
INFO: [ app_begin ] --START--
INFO: Run ReadHtmlCache Behavior [ RunTime:-0.000363s ]
INFO: [ app_begin ] --END-- [ RunTime:0.000505s ]
SQL: SHOW COLUMNS FROM `lg_activity` [ RunTime:0.053517s ]
SQL: SELECT `id`,`activity_name`,`activity_post_add` FROM `lg_activity` ORDER BY start_time desc LIMIT 70   [ RunTime:0.000481s ]
NOTIC: [8] Undefined variable: result E:\Web\Working\league_2.0\project\herald_league\herald_league\Lib\Model\ActivityModel.class.php 第 219 行.

[ 2013-02-15T08:50:54+08:00 ] 127.0.0.1 /league_2.0/project/herald_league/herald_league/index.php/Activity/Index/GetMore?count=80&uid=0
NOTIC: [2] ob_start(): output handler 'ob_gzhandler' conflicts with 'zlib output compression' E:\Web\Working\league_2.0\project\herald_league\ThinkPHP\Lib\Core\App.class.php 第 55 行.
NOTIC: [8] ob_start(): failed to create buffer E:\Web\Working\league_2.0\project\herald_league\ThinkPHP\Lib\Core\App.class.php 第 55 行.
INFO: [ app_begin ] --START--
INFO: Run ReadHtmlCache Behavior [ RunTime:-0.000387s ]
INFO: [ app_begin ] --END-- [ RunTime:0.000517s ]
SQL: SHOW COLUMNS FROM `lg_activity` [ RunTime:0.049567s ]
SQL: SELECT `id`,`activity_name`,`activity_post_add` FROM `lg_activity` ORDER BY start_time desc LIMIT 80   [ RunTime:0.000381s ]
NOTIC: [8] Undefined variable: result E:\Web\Working\league_2.0\project\herald_league\herald_league\Lib\Model\ActivityModel.class.php 第 219 行.

[ 2013-02-15T08:50:55+08:00 ] 127.0.0.1 /league_2.0/project/herald_league/herald_league/index.php/Activity/Index/GetMore?count=90&uid=0
NOTIC: [2] ob_start(): output handler 'ob_gzhandler' conflicts with 'zlib output compression' E:\Web\Working\league_2.0\project\herald_league\ThinkPHP\Lib\Core\App.class.php 第 55 行.
NOTIC: [8] ob_start(): failed to create buffer E:\Web\Working\league_2.0\project\herald_league\ThinkPHP\Lib\Core\App.class.php 第 55 行.
INFO: [ app_begin ] --START--
INFO: Run ReadHtmlCache Behavior [ RunTime:-0.000361s ]
INFO: [ app_begin ] --END-- [ RunTime:0.000496s ]
SQL: SHOW COLUMNS FROM `lg_activity` [ RunTime:0.049082s ]
SQL: SELECT `id`,`activity_name`,`activity_post_add` FROM `lg_activity` ORDER BY start_time desc LIMIT 90   [ RunTime:0.000484s ]
NOTIC: [8] Undefined variable: result E:\Web\Working\league_2.0\project\herald_league\herald_league\Lib\Model\ActivityModel.class.php 第 219 行.

[ 2013-02-15T08:50:56+08:00 ] 127.0.0.1 /league_2.0/project/herald_league/herald_league/index.php/Activity/Index/GetMore?count=100&uid=0
NOTIC: [2] ob_start(): output handler 'ob_gzhandler' conflicts with 'zlib output compression' E:\Web\Working\league_2.0\project\herald_league\ThinkPHP\Lib\Core\App.class.php 第 55 行.
NOTIC: [8] ob_start(): failed to create buffer E:\Web\Working\league_2.0\project\herald_league\ThinkPHP\Lib\Core\App.class.php 第 55 行.
INFO: [ app_begin ] --START--
INFO: Run ReadHtmlCache Behavior [ RunTime:-0.000371s ]
INFO: [ app_begin ] --END-- [ RunTime:0.000498s ]
SQL: SHOW COLUMNS FROM `lg_activity` [ RunTime:0.022955s ]
SQL: SELECT `id`,`activity_name`,`activity_post_add` FROM `lg_activity` ORDER BY start_time desc LIMIT 100   [ RunTime:0.000377s ]
NOTIC: [8] Undefined variable: result E:\Web\Working\league_2.0\project\herald_league\herald_league\Lib\Model\ActivityModel.class.php 第 219 行.

[ 2013-02-15T08:50:57+08:00 ] 127.0.0.1 /league_2.0/project/herald_league/herald_league/index.php/Activity/Index/GetMore?count=110&uid=0
NOTIC: [2] ob_start(): output handler 'ob_gzhandler' conflicts with 'zlib output compression' E:\Web\Working\league_2.0\project\herald_league\ThinkPHP\Lib\Core\App.class.php 第 55 行.
NOTIC: [8] ob_start(): failed to create buffer E:\Web\Working\league_2.0\project\herald_league\ThinkPHP\Lib\Core\App.class.php 第 55 行.
INFO: [ app_begin ] --START--
INFO: Run ReadHtmlCache Behavior [ RunTime:-0.000572s ]
INFO: [ app_begin ] --END-- [ RunTime:0.000743s ]
SQL: SHOW COLUMNS FROM `lg_activity` [ RunTime:0.050484s ]
SQL: SELECT `id`,`activity_name`,`activity_post_add` FROM `lg_activity` ORDER BY start_time desc LIMIT 110   [ RunTime:0.000485s ]
NOTIC: [8] Undefined variable: result E:\Web\Working\league_2.0\project\herald_league\herald_league\Lib\Model\ActivityModel.class.php 第 219 行.

[ 2013-02-15T08:50:59+08:00 ] 127.0.0.1 /league_2.0/project/herald_league/herald_league/index.php/Activity/Index/GetMore?count=120&uid=0
NOTIC: [2] ob_start(): output handler 'ob_gzhandler' conflicts with 'zlib output compression' E:\Web\Working\league_2.0\project\herald_league\ThinkPHP\Lib\Core\App.class.php 第 55 行.
NOTIC: [8] ob_start(): failed to create buffer E:\Web\Working\league_2.0\project\herald_league\ThinkPHP\Lib\Core\App.class.php 第 55 行.
INFO: [ app_begin ] --START--
INFO: Run ReadHtmlCache Behavior [ RunTime:-0.000373s ]
INFO: [ app_begin ] --END-- [ RunTime:0.000510s ]
SQL: SHOW COLUMNS FROM `lg_activity` [ RunTime:0.048088s ]
SQL: SELECT `id`,`activity_name`,`activity_post_add` FROM `lg_activity` ORDER BY start_time desc LIMIT 120   [ RunTime:0.000346s ]
NOTIC: [8] Undefined variable: result E:\Web\Working\league_2.0\project\herald_league\herald_league\Lib\Model\ActivityModel.class.php 第 219 行.

[ 2013-02-15T08:51:00+08:00 ] 127.0.0.1 /league_2.0/project/herald_league/herald_league/index.php/Activity/Index/GetMore?count=130&uid=0
NOTIC: [2] ob_start(): output handler 'ob_gzhandler' conflicts with 'zlib output compression' E:\Web\Working\league_2.0\project\herald_league\ThinkPHP\Lib\Core\App.class.php 第 55 行.
NOTIC: [8] ob_start(): failed to create buffer E:\Web\Working\league_2.0\project\herald_league\ThinkPHP\Lib\Core\App.class.php 第 55 行.
INFO: [ app_begin ] --START--
INFO: Run ReadHtmlCache Behavior [ RunTime:-0.000452s ]
INFO: [ app_begin ] --END-- [ RunTime:0.000657s ]
SQL: SHOW COLUMNS FROM `lg_activity` [ RunTime:0.058550s ]
SQL: SELECT `id`,`activity_name`,`activity_post_add` FROM `lg_activity` ORDER BY start_time desc LIMIT 130   [ RunTime:0.000413s ]
NOTIC: [8] Undefined variable: result E:\Web\Working\league_2.0\project\herald_league\herald_league\Lib\Model\ActivityModel.class.php 第 219 行.

[ 2013-02-15T08:51:01+08:00 ] 127.0.0.1 /league_2.0/project/herald_league/herald_league/index.php/Activity/Index/GetMore?count=140&uid=0
NOTIC: [2] ob_start(): output handler 'ob_gzhandler' conflicts with 'zlib output compression' E:\Web\Working\league_2.0\project\herald_league\ThinkPHP\Lib\Core\App.class.php 第 55 行.
NOTIC: [8] ob_start(): failed to create buffer E:\Web\Working\league_2.0\project\herald_league\ThinkPHP\Lib\Core\App.class.php 第 55 行.
INFO: [ app_begin ] --START--
INFO: Run ReadHtmlCache Behavior [ RunTime:-0.000370s ]
INFO: [ app_begin ] --END-- [ RunTime:0.000504s ]
SQL: SHOW COLUMNS FROM `lg_activity` [ RunTime:0.057887s ]
SQL: SELECT `id`,`activity_name`,`activity_post_add` FROM `lg_activity` ORDER BY start_time desc LIMIT 140   [ RunTime:0.000363s ]
NOTIC: [8] Undefined variable: result E:\Web\Working\league_2.0\project\herald_league\herald_league\Lib\Model\ActivityModel.class.php 第 219 行.

[ 2013-02-15T13:38:58+08:00 ] 127.0.0.1 /league_2.0/project/herald_league/herald_league/index.php/Activity/Activity/changeAttention?activityid=1&action=add
NOTIC: [2] ob_start(): output handler 'ob_gzhandler' conflicts with 'zlib output compression' E:\Web\Working\league_2.0\project\herald_league\ThinkPHP\Lib\Core\App.class.php 第 55 行.
NOTIC: [8] ob_start(): failed to create buffer E:\Web\Working\league_2.0\project\herald_league\ThinkPHP\Lib\Core\App.class.php 第 55 行.
INFO: [ app_begin ] --START--
INFO: Run ReadHtmlCache Behavior [ RunTime:-0.000505s ]
INFO: [ app_begin ] --END-- [ RunTime:0.000580s ]
SQL: SHOW COLUMNS FROM `lg_activity` [ RunTime:0.050383s ]
SQL: SELECT * FROM `lg_activity` WHERE ( `id` = 1 ) LIMIT 1   [ RunTime:0.000391s ]

[ 2013-02-15T14:21:45+08:00 ] ERR: (ThinkException) You have an error in your SQL syntax; check the manual that corresponds to your MySQL server version for the right syntax to use near 'AND isleague = 0' at line 1
 [ SQL语句 ] : SELECT * FROM `lg_attention` WHERE attended_id =  AND isleague = 0 
[ 2013-02-15T14:23:04+08:00 ] ERR: (ThinkException) You have an error in your SQL syntax; check the manual that corresponds to your MySQL server version for the right syntax to use near 'AND isleague = 0' at line 1
 [ SQL语句 ] : SELECT * FROM `lg_attention` WHERE attended_id =  AND isleague = 0 
[ 2013-02-15T14:24:54+08:00 ] ERR: (ThinkException) You have an error in your SQL syntax; check the manual that corresponds to your MySQL server version for the right syntax to use near 'AND isleague = 0' at line 1
 [ SQL语句 ] : SELECT * FROM `lg_attention` WHERE attended_id =  AND isleague = 0 
[ 2013-02-15T14:30:17+08:00 ] ERR: [4] syntax error, unexpected 'empty' (T_EMPTY) E:\Web\Working\league_2.0\project\herald_league\herald_league\Lib\Action\League\HomeAction.class.php 第 416 行.
[ 2013-02-15T14:35:03+08:00 ] ERR: (ThinkException) You have an error in your SQL syntax; check the manual that corresponds to your MySQL server version for the right syntax to use near 'AND isleague = 0' at line 1
 [ SQL语句 ] : SELECT * FROM `lg_attention` WHERE attended_id =  AND isleague = 0 
[ 2013-02-15T14:35:26+08:00 ] ERR: (ThinkException) You have an error in your SQL syntax; check the manual that corresponds to your MySQL server version for the right syntax to use near 'AND isleague = 0' at line 1
 [ SQL语句 ] : SELECT * FROM `lg_attention` WHERE attended_id =  AND isleague = 0 
[ 2013-02-15T14:36:08+08:00 ] ERR: [64] Can't use method return value in write context E:\Web\Working\league_2.0\project\herald_league\herald_league\Lib\Action\League\HomeAction.class.php 第 416 行.
[ 2013-02-15T14:36:14+08:00 ] ERR: [64] Can't use method return value in write context E:\Web\Working\league_2.0\project\herald_league\herald_league\Lib\Action\League\HomeAction.class.php 第 416 行.
[ 2013-02-15T14:36:19+08:00 ] ERR: [64] Can't use method return value in write context E:\Web\Working\league_2.0\project\herald_league\herald_league\Lib\Action\League\HomeAction.class.php 第 416 行.
[ 2013-02-15T14:37:06+08:00 ] ERR: [64] Can't use method return value in write context E:\Web\Working\league_2.0\project\herald_league\herald_league\Lib\Action\League\HomeAction.class.php 第 416 行.
[ 2013-02-15T14:37:29+08:00 ] ERR: [64] Can't use method return value in write context E:\Web\Working\league_2.0\project\herald_league\herald_league\Lib\Action\League\HomeAction.class.php 第 416 行.
[ 2013-02-15T14:37:44+08:00 ] ERR: [64] Can't use method return value in write context E:\Web\Working\league_2.0\project\herald_league\herald_league\Lib\Action\League\HomeAction.class.php 第 416 行.
[ 2013-02-15T14:37:46+08:00 ] ERR: [64] Can't use method return value in write context E:\Web\Working\league_2.0\project\herald_league\herald_league\Lib\Action\League\HomeAction.class.php 第 416 行.
[ 2013-02-15T14:38:21+08:00 ] ERR: [64] Can't use method return value in write context E:\Web\Working\league_2.0\project\herald_league\herald_league\Lib\Action\League\HomeAction.class.php 第 416 行.
[ 2013-02-15T14:40:30+08:00 ] ERR: (ThinkException) You have an error in your SQL syntax; check the manual that corresponds to your MySQL server version for the right syntax to use near 'AND isleague = 0' at line 1
 [ SQL语句 ] : SELECT * FROM `lg_attention` WHERE attended_id =  AND isleague = 0 
[ 2013-02-15T14:40:38+08:00 ] ERR: (ThinkException) You have an error in your SQL syntax; check the manual that corresponds to your MySQL server version for the right syntax to use near 'AND isleague = 0' at line 1
 [ SQL语句 ] : SELECT * FROM `lg_attention` WHERE attended_id =  AND isleague = 0 
[ 2013-02-15T14:43:29+08:00 ] ERR: (ThinkException) You have an error in your SQL syntax; check the manual that corresponds to your MySQL server version for the right syntax to use near 'AND isleague = 0' at line 1
 [ SQL语句 ] : SELECT * FROM `lg_attention` WHERE attended_id =  AND isleague = 0 
[ 2013-02-15T14:43:42+08:00 ] ERR: (ThinkException) You have an error in your SQL syntax; check the manual that corresponds to your MySQL server version for the right syntax to use near 'AND isleague = 0' at line 1
 [ SQL语句 ] : SELECT * FROM `lg_attention` WHERE attended_id =  AND isleague = 0 
[ 2013-02-15T14:43:53+08:00 ] ERR: (ThinkException) You have an error in your SQL syntax; check the manual that corresponds to your MySQL server version for the right syntax to use near 'AND isleague = 0' at line 1
 [ SQL语句 ] : SELECT * FROM `lg_attention` WHERE attended_id =  AND isleague = 0 
[ 2013-02-15T14:44:30+08:00 ] ERR: (ThinkException) You have an error in your SQL syntax; check the manual that corresponds to your MySQL server version for the right syntax to use near 'AND isleague = 0' at line 1
 [ SQL语句 ] : SELECT * FROM `lg_attention` WHERE attended_id =  AND isleague = 0 
[ 2013-02-15T14:45:01+08:00 ] ERR: (ThinkException) You have an error in your SQL syntax; check the manual that corresponds to your MySQL server version for the right syntax to use near 'AND isleague = 0' at line 1
 [ SQL语句 ] : SELECT * FROM `lg_attention` WHERE attended_id =  AND isleague = 0 
[ 2013-02-15T14:47:34+08:00 ] ERR: (ThinkException) You have an error in your SQL syntax; check the manual that corresponds to your MySQL server version for the right syntax to use near 'AND isleague = 0' at line 1
 [ SQL语句 ] : SELECT * FROM `lg_attention` WHERE attended_id =  AND isleague = 0 
[ 2013-02-15T18:25:35+08:00 ] ERR: (ThinkException) 无法加载模块:Index
[ 2013-02-15T18:25:49+08:00 ] ERR: (ThinkException) 非法操作:index
[ 2013-02-15T18:29:28+08:00 ] ERR: (ThinkException) 无法加载模块:css
[ 2013-02-15T18:29:28+08:00 ] ERR: (ThinkException) 无法加载模块:images
[ 2013-02-15T18:29:45+08:00 ] ERR: (ThinkException) 无法加载模块:images
[ 2013-02-15T18:31:41+08:00 ] ERR: (ThinkException) 无法加载模块:images
[ 2013-02-15T18:34:11+08:00 ] ERR: (ThinkException) 无法加载模块:images
[ 2013-02-15T18:34:12+08:00 ] ERR: (ThinkException) 无法加载模块:images
[ 2013-02-15T18:36:03+08:00 ] ERR: (ThinkException) 无法加载模块:images
[ 2013-02-15T18:36:34+08:00 ] ERR: (ThinkException) 无法加载模块:images
[ 2013-02-15T18:37:19+08:00 ] ERR: (ThinkException) 无法加载模块:images
[ 2013-02-15T18:41:23+08:00 ] ERR: (ThinkException) 无法加载模块:images
[ 2013-02-15T18:42:53+08:00 ] ERR: (ThinkException) 无法加载模块:images
[ 2013-02-15T18:43:48+08:00 ] ERR: (ThinkException) 无法加载模块:images
[ 2013-02-15T18:44:02+08:00 ] ERR: (ThinkException) 无法加载模块:images
[ 2013-02-15T18:44:59+08:00 ] ERR: (ThinkException) 无法加载模块:images
[ 2013-02-15T18:47:48+08:00 ] ERR: (ThinkException) 无法加载模块:images
[ 2013-02-15T18:59:28+08:00 ] ERR: (ThinkException) 无法加载模块:images
[ 2013-02-15T18:59:35+08:00 ] ERR: (ThinkException) 无法加载模块:images
[ 2013-02-15T19:00:41+08:00 ] ERR: (ThinkException) 无法加载模块:images
[ 2013-02-15T19:00:44+08:00 ] ERR: (ThinkException) 无法加载模块:images
[ 2013-02-15T19:00:51+08:00 ] ERR: (ThinkException) 无法加载模块:images
[ 2013-02-15T19:01:59+08:00 ] ERR: (ThinkException) 无法加载模块:images
[ 2013-02-15T19:04:21+08:00 ] ERR: (ThinkException) 无法加载模块:images
[ 2013-02-15T19:05:09+08:00 ] ERR: (ThinkException) 无法加载模块:images
[ 2013-02-15T19:05:58+08:00 ] ERR: (ThinkException) 无法加载模块:images
[ 2013-02-15T19:07:21+08:00 ] ERR: (ThinkException) 无法加载模块:images
[ 2013-02-15T19:08:25+08:00 ] ERR: (ThinkException) 无法加载模块:images
[ 2013-02-15T19:13:35+08:00 ] ERR: (ThinkException) 无法加载模块:images
[ 2013-02-15T19:15:20+08:00 ] ERR: (ThinkException) 无法加载模块:images
[ 2013-02-15T19:19:32+08:00 ] ERR: (ThinkException) 无法加载模块:images
[ 2013-02-15T19:22:21+08:00 ] ERR: (ThinkException) 无法加载模块:images
[ 2013-02-15T19:23:26+08:00 ] ERR: (ThinkException) 无法加载模块:images
[ 2013-02-15T19:23:48+08:00 ] ERR: (ThinkException) 无法加载模块:images
