[ 2013-02-10T18:39:48+08:00 ] 127.0.0.1 /lg2.0/league_2.0/project/herald_league/herald_league/index.php/Public/VerifyCode/Check?code=r
INFO: [ app_begin ] --START--
INFO: Run ReadHtmlCache Behavior [ RunTime:-0.001320s ]
INFO: [ app_begin ] --END-- [ RunTime:0.000558s ]

[ 2013-02-10T18:39:49+08:00 ] 127.0.0.1 /lg2.0/league_2.0/project/herald_league/herald_league/index.php/Public/VerifyCode/Check?code=rv
INFO: [ app_begin ] --START--
INFO: Run ReadHtmlCache Behavior [ RunTime:-0.001350s ]
INFO: [ app_begin ] --END-- [ RunTime:0.000541s ]

[ 2013-02-10T18:39:49+08:00 ] 127.0.0.1 /lg2.0/league_2.0/project/herald_league/herald_league/index.php/Public/VerifyCode/Check?code=rvc
INFO: [ app_begin ] --START--
INFO: Run ReadHtmlCache Behavior [ RunTime:-0.001344s ]
INFO: [ app_begin ] --END-- [ RunTime:0.000543s ]

[ 2013-02-10T18:39:50+08:00 ] 127.0.0.1 /lg2.0/league_2.0/project/herald_league/herald_league/index.php/Public/VerifyCode/Check?code=rv
INFO: [ app_begin ] --START--
INFO: Run ReadHtmlCache Behavior [ RunTime:-0.001333s ]
INFO: [ app_begin ] --END-- [ RunTime:0.000533s ]

[ 2013-02-10T18:39:50+08:00 ] 127.0.0.1 /lg2.0/league_2.0/project/herald_league/herald_league/index.php/Public/VerifyCode/Check?code=r
INFO: [ app_begin ] --START--
INFO: Run ReadHtmlCache Behavior [ RunTime:-0.001327s ]
INFO: [ app_begin ] --END-- [ RunTime:0.000529s ]

[ 2013-02-10T18:39:50+08:00 ] 127.0.0.1 /lg2.0/league_2.0/project/herald_league/herald_league/index.php/Public/VerifyCode/Check?code=
INFO: [ app_begin ] --START--
INFO: Run ReadHtmlCache Behavior [ RunTime:-0.001332s ]
INFO: [ app_begin ] --END-- [ RunTime:0.000531s ]

[ 2013-02-10T18:39:51+08:00 ] 127.0.0.1 /lg2.0/league_2.0/project/herald_league/herald_league/index.php/Public/VerifyCode/Check?code=m
INFO: [ app_begin ] --START--
INFO: Run ReadHtmlCache Behavior [ RunTime:-0.001348s ]
INFO: [ app_begin ] --END-- [ RunTime:0.000549s ]

[ 2013-02-10T18:39:51+08:00 ] 127.0.0.1 /lg2.0/league_2.0/project/herald_league/herald_league/index.php/Public/VerifyCode/Check?code=mr
INFO: [ app_begin ] --START--
INFO: Run ReadHtmlCache Behavior [ RunTime:-0.001336s ]
INFO: [ app_begin ] --END-- [ RunTime:0.000527s ]

[ 2013-02-10T18:39:52+08:00 ] 127.0.0.1 /lg2.0/league_2.0/project/herald_league/herald_league/index.php/Public/VerifyCode/Check?code=mrv
INFO: [ app_begin ] --START--
INFO: Run ReadHtmlCache Behavior [ RunTime:-0.001453s ]
INFO: [ app_begin ] --END-- [ RunTime:0.000568s ]

[ 2013-02-10T18:39:52+08:00 ] 127.0.0.1 /lg2.0/league_2.0/project/herald_league/herald_league/index.php/Public/VerifyCode/Check?code=mrvc
INFO: [ app_begin ] --START--
INFO: Run ReadHtmlCache Behavior [ RunTime:-0.001306s ]
INFO: [ app_begin ] --END-- [ RunTime:0.000546s ]

[ 2013-02-10T18:40:44+08:00 ] 127.0.0.1 /lg2.0/league_2.0/project/herald_league/herald_league/index.php/Public/VerifyCode/Check?code=i
INFO: [ app_begin ] --START--
INFO: Run ReadHtmlCache Behavior [ RunTime:-0.001329s ]
INFO: [ app_begin ] --END-- [ RunTime:0.000521s ]

[ 2013-02-10T18:40:44+08:00 ] 127.0.0.1 /lg2.0/league_2.0/project/herald_league/herald_league/index.php/Public/VerifyCode/Check?code=iq
INFO: [ app_begin ] --START--
INFO: Run ReadHtmlCache Behavior [ RunTime:-0.001308s ]
INFO: [ app_begin ] --END-- [ RunTime:0.000533s ]

[ 2013-02-10T18:40:44+08:00 ] 127.0.0.1 /lg2.0/league_2.0/project/herald_league/herald_league/index.php/Public/VerifyCode/Check?code=iqe
INFO: [ app_begin ] --START--
INFO: Run ReadHtmlCache Behavior [ RunTime:-0.001306s ]
INFO: [ app_begin ] --END-- [ RunTime:0.000564s ]

[ 2013-02-10T18:40:44+08:00 ] 127.0.0.1 /lg2.0/league_2.0/project/herald_league/herald_league/index.php/Public/VerifyCode/Check?code=iqes
INFO: [ app_begin ] --START--
INFO: Run ReadHtmlCache Behavior [ RunTime:-0.001314s ]
INFO: [ app_begin ] --END-- [ RunTime:0.000548s ]

[ 2013-02-10T18:41:28+08:00 ] 127.0.0.1 /lg2.0/league_2.0/project/herald_league/herald_league/index.php/Public/VerifyCode/Check?code=xq
INFO: [ app_begin ] --START--
INFO: Run ReadHtmlCache Behavior [ RunTime:-0.002420s ]
INFO: [ app_begin ] --END-- [ RunTime:0.001662s ]

[ 2013-02-10T18:41:29+08:00 ] 127.0.0.1 /lg2.0/league_2.0/project/herald_league/herald_league/index.php/Public/VerifyCode/Check?code=xq
INFO: [ app_begin ] --START--
INFO: Run ReadHtmlCache Behavior [ RunTime:-0.001299s ]
INFO: [ app_begin ] --END-- [ RunTime:0.000525s ]

[ 2013-02-10T18:41:29+08:00 ] 127.0.0.1 /lg2.0/league_2.0/project/herald_league/herald_league/index.php/Public/VerifyCode/Check?code=xqb
INFO: [ app_begin ] --START--
INFO: Run ReadHtmlCache Behavior [ RunTime:-0.001294s ]
INFO: [ app_begin ] --END-- [ RunTime:0.000548s ]

[ 2013-02-10T18:41:29+08:00 ] 127.0.0.1 /lg2.0/league_2.0/project/herald_league/herald_league/index.php/Public/VerifyCode/Check?code=xqbt
INFO: [ app_begin ] --START--
INFO: Run ReadHtmlCache Behavior [ RunTime:-0.001314s ]
INFO: [ app_begin ] --END-- [ RunTime:0.000560s ]

[ 2013-02-10T18:41:33+08:00 ] 127.0.0.1 /lg2.0/league_2.0/project/herald_league/herald_league/index.php/Public/VerifyCode/Check?code=e
INFO: [ app_begin ] --START--
INFO: Run ReadHtmlCache Behavior [ RunTime:-0.001332s ]
INFO: [ app_begin ] --END-- [ RunTime:0.000526s ]

[ 2013-02-10T18:41:34+08:00 ] 127.0.0.1 /lg2.0/league_2.0/project/herald_league/herald_league/index.php/Public/VerifyCode/Check?code=ed
INFO: [ app_begin ] --START--
INFO: Run ReadHtmlCache Behavior [ RunTime:-0.001311s ]
INFO: [ app_begin ] --END-- [ RunTime:0.000554s ]

[ 2013-02-10T18:41:34+08:00 ] 127.0.0.1 /lg2.0/league_2.0/project/herald_league/herald_league/index.php/Public/VerifyCode/Check?code=edx
INFO: [ app_begin ] --START--
INFO: Run ReadHtmlCache Behavior [ RunTime:-0.001328s ]
INFO: [ app_begin ] --END-- [ RunTime:0.000523s ]

[ 2013-02-10T18:41:35+08:00 ] 127.0.0.1 /lg2.0/league_2.0/project/herald_league/herald_league/index.php/Public/VerifyCode/Check?code=
INFO: [ app_begin ] --START--
INFO: Run ReadHtmlCache Behavior [ RunTime:-0.001312s ]
INFO: [ app_begin ] --END-- [ RunTime:0.000532s ]

[ 2013-02-10T18:41:36+08:00 ] 127.0.0.1 /lg2.0/league_2.0/project/herald_league/herald_league/index.php/Public/VerifyCode/Check?code=h
INFO: [ app_begin ] --START--
INFO: Run ReadHtmlCache Behavior [ RunTime:-0.001326s ]
INFO: [ app_begin ] --END-- [ RunTime:0.000530s ]

[ 2013-02-10T18:41:36+08:00 ] 127.0.0.1 /lg2.0/league_2.0/project/herald_league/herald_league/index.php/Public/VerifyCode/Check?code=he
INFO: [ app_begin ] --START--
INFO: Run ReadHtmlCache Behavior [ RunTime:-0.001313s ]
INFO: [ app_begin ] --END-- [ RunTime:0.000527s ]

[ 2013-02-10T18:41:36+08:00 ] 127.0.0.1 /lg2.0/league_2.0/project/herald_league/herald_league/index.php/Public/VerifyCode/Check?code=hed
INFO: [ app_begin ] --START--
INFO: Run ReadHtmlCache Behavior [ RunTime:-0.001300s ]
INFO: [ app_begin ] --END-- [ RunTime:0.000552s ]

[ 2013-02-10T18:41:36+08:00 ] 127.0.0.1 /lg2.0/league_2.0/project/herald_league/herald_league/index.php/Public/VerifyCode/Check?code=hedx
INFO: [ app_begin ] --START--
INFO: Run ReadHtmlCache Behavior [ RunTime:-0.001481s ]
INFO: [ app_begin ] --END-- [ RunTime:0.000560s ]

[ 2013-02-10T18:44:57+08:00 ] 127.0.0.1 /lg2.0/league_2.0/project/herald_league/herald_league/index.php/Public/VerifyCode/Check?code=b
INFO: [ app_begin ] --START--
INFO: Run ReadHtmlCache Behavior [ RunTime:-0.001306s ]
INFO: [ app_begin ] --END-- [ RunTime:0.000548s ]

[ 2013-02-10T18:44:57+08:00 ] 127.0.0.1 /lg2.0/league_2.0/project/herald_league/herald_league/index.php/Public/VerifyCode/Check?code=bg
INFO: [ app_begin ] --START--
INFO: Run ReadHtmlCache Behavior [ RunTime:-0.001316s ]
INFO: [ app_begin ] --END-- [ RunTime:0.000562s ]

[ 2013-02-10T18:44:58+08:00 ] 127.0.0.1 /lg2.0/league_2.0/project/herald_league/herald_league/index.php/Public/VerifyCode/Check?code=bgwy
INFO: [ app_begin ] --START--
INFO: Run ReadHtmlCache Behavior [ RunTime:-0.001401s ]
INFO: [ app_begin ] --END-- [ RunTime:0.000564s ]

[ 2013-02-10T18:44:59+08:00 ] 127.0.0.1 /lg2.0/league_2.0/project/herald_league/herald_league/index.php/Public/VerifyCode/Check?code=bgwy
INFO: [ app_begin ] --START--
INFO: Run ReadHtmlCache Behavior [ RunTime:-0.001320s ]
INFO: [ app_begin ] --END-- [ RunTime:0.000558s ]

[ 2013-02-10T18:55:27+08:00 ] ERR: [1] Function name must be a string D:\php\www\lg2.0\league_2.0\project\herald_league\herald_league\Lib\Model\UserSessionControlModel.class.php 第 35 行.
