[ 2013-02-20T15:13:31+08:00 ] 127.0.0.1 /lg2.0/league_2.0/project/herald_league/herald_league/index.php/Activity/Activity/changeAttention?activityid=106&action=add
INFO: [ app_begin ] --START--
INFO: Run ReadHtmlCache Behavior [ RunTime:-0.001592s ]
SQL: SHOW COLUMNS FROM `lg_ip` [ RunTime:0.051899s ]
SQL: INSERT INTO `lg_ip` (`ip`,`date`) VALUES ('127.0.0.1','2013-02-20 15:13:31') [ RunTime:0.033994s ]
INFO: Run logIP Behavior [ RunTime:-0.002297s ]
INFO: [ app_begin ] --END-- [ RunTime:0.100099s ]
SQL: SHOW COLUMNS FROM `lg_activity` [ RunTime:0.014396s ]
SQL: SELECT * FROM `lg_activity` WHERE ( `id` = 106 ) LIMIT 1   [ RunTime:0.052916s ]
DEBUG: <!DOCTYPE HTML PUBLIC "-//IETF//DTD HTML 2.0//EN">
<html><head>
<title>413 Request Entity Too Large</title>
</head><body>
<h1>Request Entity Too Large</h1>
The requested resource<br />/lg2.0/league_2.0/project/herald_league/sso.php<br />
does not allow request data with POST requests, or the amount of data provided in
the request exceeds the capacity limit.
</body></html>
    <session>
       <id>111222333</id>
            <properties>
                <herald.sso.studentUser.cardNumber>888888</herald.sso.studentUser.cardNumber>
                <herald.sso.studentUser.fullName>test</herald.sso.studentUser.fullName>
            </properties>
     </session>:message
DEBUG: username

[ 2013-02-20T15:13:34+08:00 ] 127.0.0.1 /lg2.0/league_2.0/project/herald_league/herald_league/index.php/User/Login
INFO: [ view_template ] --START--
INFO: Run LocationTemplate Behavior [ RunTime:-0.070610s ]
INFO: [ view_template ] --END-- [ RunTime:0.002414s ]
INFO: [ view_parse ] --START--
INFO: Run ParseTemplate Behavior [ RunTime:-0.073056s ]
INFO: [ view_parse ] --END-- [ RunTime:0.147157s ]
INFO: [ view_filter ] --START--
INFO: Run ContentReplace Behavior [ RunTime:-0.220255s ]
INFO: Run TokenBuild Behavior [ RunTime:-0.220747s ]
INFO: Run WriteHtmlCache Behavior [ RunTime:-0.221136s ]
INFO: Run ShowRuntime Behavior [ RunTime:-0.221423s ]
INFO: [ view_filter ] --END-- [ RunTime:0.001694s ]
INFO: [ view_end ] --START--
INFO: Run ShowPageTrace Behavior [ RunTime:-0.222036s ]
INFO: [ view_end ] --END-- [ RunTime:0.001253s ]

[ 2013-02-20T15:17:32+08:00 ] 127.0.0.1 /lg2.0/league_2.0/project/herald_league/herald_league/index.php/User/Login
INFO: [ view_template ] --START--
INFO: Run LocationTemplate Behavior [ RunTime:-0.056194s ]
INFO: [ view_template ] --END-- [ RunTime:0.004172s ]
INFO: [ view_parse ] --START--
INFO: Run ParseTemplate Behavior [ RunTime:-0.060402s ]
INFO: [ view_parse ] --END-- [ RunTime:0.030749s ]
INFO: [ view_filter ] --START--
INFO: Run ContentReplace Behavior [ RunTime:-0.091231s ]
INFO: Run TokenBuild Behavior [ RunTime:-0.093035s ]
INFO: Run WriteHtmlCache Behavior [ RunTime:-0.094648s ]
INFO: Run ShowRuntime Behavior [ RunTime:-0.096193s ]
INFO: [ view_filter ] --END-- [ RunTime:0.006654s ]
INFO: [ view_end ] --START--
INFO: Run ShowPageTrace Behavior [ RunTime:-0.097939s ]
INFO: [ view_end ] --END-- [ RunTime:0.001731s ]

[ 2013-02-20T15:32:22+08:00 ] 127.0.0.1 /lg2.0/league_2.0/project/herald_league/herald_league/index.php/User/Login
INFO: [ view_template ] --START--
INFO: Run LocationTemplate Behavior [ RunTime:-0.064016s ]
INFO: [ view_template ] --END-- [ RunTime:0.003716s ]
INFO: [ view_parse ] --START--
INFO: Run ParseTemplate Behavior [ RunTime:-0.067810s ]
INFO: [ view_parse ] --END-- [ RunTime:0.083391s ]
INFO: [ view_filter ] --START--
INFO: Run ContentReplace Behavior [ RunTime:-0.151237s ]
INFO: Run TokenBuild Behavior [ RunTime:-0.153768s ]
INFO: Run WriteHtmlCache Behavior [ RunTime:-0.155939s ]
INFO: Run ShowRuntime Behavior [ RunTime:-0.159576s ]
INFO: [ view_filter ] --END-- [ RunTime:0.011765s ]
INFO: [ view_end ] --START--
INFO: Run ShowPageTrace Behavior [ RunTime:-0.163136s ]
INFO: [ view_end ] --END-- [ RunTime:0.003702s ]

[ 2013-02-20T15:41:45+08:00 ] ERR: [4] syntax error, unexpected '[' D:\php\www\lg2.0\league_2.0\project\herald_league\herald_league\Lib\Action\League\HomeAction.class.php 第 48 行.
[ 2013-02-20T15:43:12+08:00 ] ERR: [4] syntax error, unexpected '[' D:\php\www\lg2.0\league_2.0\project\herald_league\herald_league\Lib\Action\League\HomeAction.class.php 第 48 行.
[ 2013-02-20T15:43:34+08:00 ] ERR: [4] syntax error, unexpected '[' D:\php\www\lg2.0\league_2.0\project\herald_league\herald_league\Lib\Action\League\HomeAction.class.php 第 48 行.
[ 2013-02-20T15:43:54+08:00 ] ERR: [4] syntax error, unexpected '[' D:\php\www\lg2.0\league_2.0\project\herald_league\herald_league\Lib\Action\League\HomeAction.class.php 第 48 行.
[ 2013-02-20T15:49:28+08:00 ] ERR: [4] syntax error, unexpected '[' D:\php\www\lg2.0\league_2.0\project\herald_league\herald_league\Lib\Action\League\HomeAction.class.php 第 48 行.
[ 2013-02-20T15:49:29+08:00 ] ERR: [4] syntax error, unexpected '[' D:\php\www\lg2.0\league_2.0\project\herald_league\herald_league\Lib\Action\League\HomeAction.class.php 第 48 行.
[ 2013-02-20T15:49:30+08:00 ] ERR: [4] syntax error, unexpected '[' D:\php\www\lg2.0\league_2.0\project\herald_league\herald_league\Lib\Action\League\HomeAction.class.php 第 48 行.
[ 2013-02-20T15:49:55+08:00 ] ERR: [4] syntax error, unexpected '[' D:\php\www\lg2.0\league_2.0\project\herald_league\herald_league\Lib\Action\League\HomeAction.class.php 第 48 行.
[ 2013-02-20T16:26:22+08:00 ] 127.0.0.1 /lg2.0/league_2.0/project/herald_league/herald_league/index.php/Activity/Activity/changeAttention?activityid=106&action=add
INFO: [ app_begin ] --START--
INFO: Run ReadHtmlCache Behavior [ RunTime:-0.001429s ]
SQL: SHOW COLUMNS FROM `lg_ip` [ RunTime:0.006506s ]
SQL: INSERT INTO `lg_ip` (`ip`,`date`) VALUES ('127.0.0.1','2013-02-20 16:26:21') [ RunTime:0.016285s ]
INFO: Run logIP Behavior [ RunTime:-0.001942s ]
INFO: [ app_begin ] --END-- [ RunTime:0.033749s ]
SQL: SHOW COLUMNS FROM `lg_activity` [ RunTime:0.049687s ]
SQL: SELECT * FROM `lg_activity` WHERE ( `id` = 106 ) LIMIT 1   [ RunTime:0.000264s ]
DEBUG: <!DOCTYPE HTML PUBLIC "-//IETF//DTD HTML 2.0//EN">
<html><head>
<title>413 Request Entity Too Large</title>
</head><body>
<h1>Request Entity Too Large</h1>
The requested resource<br />/lg2.0/league_2.0/project/herald_league/sso.php<br />
does not allow request data with POST requests, or the amount of data provided in
the request exceeds the capacity limit.
</body></html>
    <session>
       <id>111222333</id>
            <properties>
                <herald.sso.studentUser.cardNumber>888888</herald.sso.studentUser.cardNumber>
                <herald.sso.studentUser.fullName>test</herald.sso.studentUser.fullName>
            </properties>
     </session>:message
DEBUG: username

[ 2013-02-20T16:26:24+08:00 ] 127.0.0.1 /lg2.0/league_2.0/project/herald_league/herald_league/index.php/Activity/Activity/changeAttention?activityid=106&action=add
INFO: [ app_begin ] --START--
INFO: Run ReadHtmlCache Behavior [ RunTime:-0.001367s ]
SQL: SHOW COLUMNS FROM `lg_ip` [ RunTime:0.083315s ]
SQL: INSERT INTO `lg_ip` (`ip`,`date`) VALUES ('127.0.0.1','2013-02-20 16:26:24') [ RunTime:0.012414s ]
INFO: Run logIP Behavior [ RunTime:-0.001867s ]
INFO: [ app_begin ] --END-- [ RunTime:0.107001s ]
SQL: SHOW COLUMNS FROM `lg_activity` [ RunTime:0.007070s ]
SQL: SELECT * FROM `lg_activity` WHERE ( `id` = 106 ) LIMIT 1   [ RunTime:0.000317s ]
DEBUG: <!DOCTYPE HTML PUBLIC "-//IETF//DTD HTML 2.0//EN">
<html><head>
<title>413 Request Entity Too Large</title>
</head><body>
<h1>Request Entity Too Large</h1>
The requested resource<br />/lg2.0/league_2.0/project/herald_league/sso.php<br />
does not allow request data with POST requests, or the amount of data provided in
the request exceeds the capacity limit.
</body></html>
    <session>
       <id>111222333</id>
            <properties>
                <herald.sso.studentUser.cardNumber>888888</herald.sso.studentUser.cardNumber>
                <herald.sso.studentUser.fullName>test</herald.sso.studentUser.fullName>
            </properties>
     </session>:message
DEBUG: username

[ 2013-02-20T17:50:43+08:00 ] 127.0.0.1 /lg2.0/league_2.0/project/herald_league/herald_league/index.php/League/Home/changeAttention?leagueid=1&action=add
INFO: [ app_begin ] --START--
INFO: Run ReadHtmlCache Behavior [ RunTime:-0.001495s ]
SQL: SHOW COLUMNS FROM `lg_ip` [ RunTime:0.027701s ]
SQL: INSERT INTO `lg_ip` (`ip`,`date`) VALUES ('127.0.0.1','2013-02-20 17:50:43') [ RunTime:0.010923s ]
INFO: Run logIP Behavior [ RunTime:-0.002070s ]
INFO: [ app_begin ] --END-- [ RunTime:0.056424s ]
SQL: SHOW COLUMNS FROM `lg_league_info` [ RunTime:0.006182s ]
SQL: SELECT * FROM `lg_league_info` WHERE ( `id` = 1 ) LIMIT 1   [ RunTime:0.000274s ]
DEBUG: <!DOCTYPE HTML PUBLIC "-//IETF//DTD HTML 2.0//EN">
<html><head>
<title>413 Request Entity Too Large</title>
</head><body>
<h1>Request Entity Too Large</h1>
The requested resource<br />/lg2.0/league_2.0/project/herald_league/sso.php<br />
does not allow request data with POST requests, or the amount of data provided in
the request exceeds the capacity limit.
</body></html>
    <session>
       <id>111222333</id>
            <properties>
                <herald.sso.studentUser.cardNumber>888888</herald.sso.studentUser.cardNumber>
                <herald.sso.studentUser.fullName>test</herald.sso.studentUser.fullName>
            </properties>
     </session>:message
DEBUG: username

[ 2013-02-20T17:51:00+08:00 ] 127.0.0.1 /lg2.0/league_2.0/project/herald_league/herald_league/index.php/League/Home/changeAttention?leagueid=1&action=add
INFO: [ app_begin ] --START--
INFO: Run ReadHtmlCache Behavior [ RunTime:-0.002457s ]
SQL: SHOW COLUMNS FROM `lg_ip` [ RunTime:0.033792s ]
SQL: INSERT INTO `lg_ip` (`ip`,`date`) VALUES ('127.0.0.1','2013-02-20 17:51:00') [ RunTime:0.008082s ]
INFO: Run logIP Behavior [ RunTime:-0.005295s ]
INFO: [ app_begin ] --END-- [ RunTime:0.060081s ]
SQL: SHOW COLUMNS FROM `lg_league_info` [ RunTime:0.006071s ]
SQL: SELECT * FROM `lg_league_info` WHERE ( `id` = 1 ) LIMIT 1   [ RunTime:0.000287s ]
DEBUG: <!DOCTYPE HTML PUBLIC "-//IETF//DTD HTML 2.0//EN">
<html><head>
<title>413 Request Entity Too Large</title>
</head><body>
<h1>Request Entity Too Large</h1>
The requested resource<br />/lg2.0/league_2.0/project/herald_league/sso.php<br />
does not allow request data with POST requests, or the amount of data provided in
the request exceeds the capacity limit.
</body></html>
    <session>
       <id>111222333</id>
            <properties>
                <herald.sso.studentUser.cardNumber>888888</herald.sso.studentUser.cardNumber>
                <herald.sso.studentUser.fullName>test</herald.sso.studentUser.fullName>
            </properties>
     </session>:message
DEBUG: username

[ 2013-02-20T17:51:13+08:00 ] 127.0.0.1 /lg2.0/league_2.0/project/herald_league/herald_league/index.php/League/Home/changeAttention?leagueid=1&action=add
INFO: [ app_begin ] --START--
INFO: Run ReadHtmlCache Behavior [ RunTime:-0.002371s ]
SQL: SHOW COLUMNS FROM `lg_ip` [ RunTime:0.020739s ]
SQL: INSERT INTO `lg_ip` (`ip`,`date`) VALUES ('127.0.0.1','2013-02-20 17:51:13') [ RunTime:0.034114s ]
INFO: Run logIP Behavior [ RunTime:-0.005962s ]
INFO: [ app_begin ] --END-- [ RunTime:0.069655s ]
SQL: SHOW COLUMNS FROM `lg_league_info` [ RunTime:0.006456s ]
SQL: SELECT * FROM `lg_league_info` WHERE ( `id` = 1 ) LIMIT 1   [ RunTime:0.000314s ]
DEBUG: <!DOCTYPE HTML PUBLIC "-//IETF//DTD HTML 2.0//EN">
<html><head>
<title>413 Request Entity Too Large</title>
</head><body>
<h1>Request Entity Too Large</h1>
The requested resource<br />/lg2.0/league_2.0/project/herald_league/sso.php<br />
does not allow request data with POST requests, or the amount of data provided in
the request exceeds the capacity limit.
</body></html>
    <session>
       <id>111222333</id>
            <properties>
                <herald.sso.studentUser.cardNumber>888888</herald.sso.studentUser.cardNumber>
                <herald.sso.studentUser.fullName>test</herald.sso.studentUser.fullName>
            </properties>
     </session>:message
DEBUG: username

