[ 2013-01-24T16:17:24+08:00 ] 127.0.0.1 /lg2.0/league_2.0/project/herald_league/herald_league/index.php
INFO: [ app_begin ] --START--
INFO: Run ReadHtmlCache Behavior [ RunTime:0.006978s ]
INFO: [ app_begin ] --END-- [ RunTime:0.007157s ]

[ 2013-01-24T16:17:33+08:00 ] ERR: (ThinkException) 无法加载模块:Acivity
[ 2013-01-24T16:17:39+08:00 ] ERR: (ThinkException) 无法加载模块:Acivity
[ 2013-01-24T16:17:54+08:00 ] ERR: (ThinkException) 无法加载模块:Acivity
[ 2013-01-24T16:18:12+08:00 ] ERR: (ThinkException) 无法加载模块:Acivity
[ 2013-01-24T16:18:18+08:00 ] ERR: (ThinkException) 无法加载模块:Acivity
[ 2013-01-24T16:18:32+08:00 ] ERR: (ThinkException) 模板不存在[D:/php/www/lg2.0/league_2.0/project/herald_league/herald_league/Tpl/Activity/Activity/detail.html]
[ 2013-01-24T16:18:32+08:00 ] 127.0.0.1 /lg2.0/league_2.0/project/herald_league/herald_league/index.php/Activity/Activity/detail/activityid/1
INFO: [ route_check ] --START--
INFO: Run CheckRoute Behavior [ RunTime:0.009368s ]
INFO: [ route_check ] --END-- [ RunTime:0.009555s ]
INFO: [ app_begin ] --START--
INFO: Run ReadHtmlCache Behavior [ RunTime:-0.007147s ]
INFO: [ app_begin ] --END-- [ RunTime:0.006575s ]
SQL: SHOW COLUMNS FROM `lg_activity` [ RunTime:0.045771s ]
SQL: SELECT * FROM `lg_activity` WHERE ( `id` = 1 ) LIMIT 1   [ RunTime:0.000700s ]
SQL: UPDATE `lg_activity` SET `activity_count`=activity_count+1 WHERE ( `id` = 1 ) [ RunTime:0.094092s ]
SQL: SHOW COLUMNS FROM `lg_attention` [ RunTime:0.026862s ]
SQL: SELECT * FROM `lg_attention` WHERE ( `attended_id` = 1 ) AND ( `isleague` = 0 )  [ RunTime:0.000522s ]
SQL: SHOW COLUMNS FROM `lg_user` [ RunTime:0.012165s ]
SQL: SELECT * FROM `lg_user` WHERE ( `id` = 2 ) LIMIT 1   [ RunTime:0.000566s ]
SQL: SHOW COLUMNS FROM `lg_class_activity` [ RunTime:0.020100s ]
SQL: SHOW COLUMNS FROM `lg_activity_class` [ RunTime:0.012950s ]
SQL: SELECT * FROM `lg_class_activity`  [ RunTime:0.000461s ]
SQL: SELECT * FROM `lg_activity_class` WHERE ( `id` = 1 ) LIMIT 1   [ RunTime:0.000562s ]
INFO: [ view_template ] --START--
NOTIC: [8] Undefined index:  class D:\php\www\lg2.0\league_2.0\project\herald_league\ThinkPHP\Lib\Core\ThinkException.class.php 第 63 行.
NOTIC: [8] Undefined index:  type D:\php\www\lg2.0\league_2.0\project\herald_league\ThinkPHP\Lib\Core\ThinkException.class.php 第 63 行.
NOTIC: [8] Undefined index:  class D:\php\www\lg2.0\league_2.0\project\herald_league\ThinkPHP\Lib\Core\ThinkException.class.php 第 63 行.
NOTIC: [8] Undefined index:  type D:\php\www\lg2.0\league_2.0\project\herald_league\ThinkPHP\Lib\Core\ThinkException.class.php 第 63 行.
NOTIC: [8] Undefined index:  file D:\php\www\lg2.0\league_2.0\project\herald_league\ThinkPHP\Lib\Core\ThinkException.class.php 第 62 行.
NOTIC: [8] Undefined index:  line D:\php\www\lg2.0\league_2.0\project\herald_league\ThinkPHP\Lib\Core\ThinkException.class.php 第 62 行.
NOTIC: [4096] Object of class ActivityAction could not be converted to string D:\php\www\lg2.0\league_2.0\project\herald_league\ThinkPHP\Lib\Core\ThinkException.class.php 第 64 行.
NOTIC: [8] Undefined index:  class D:\php\www\lg2.0\league_2.0\project\herald_league\ThinkPHP\Lib\Core\ThinkException.class.php 第 63 行.
NOTIC: [8] Undefined index:  type D:\php\www\lg2.0\league_2.0\project\herald_league\ThinkPHP\Lib\Core\ThinkException.class.php 第 63 行.
NOTIC: [8] Undefined index:  class D:\php\www\lg2.0\league_2.0\project\herald_league\ThinkPHP\Lib\Core\ThinkException.class.php 第 63 行.
NOTIC: [8] Undefined index:  type D:\php\www\lg2.0\league_2.0\project\herald_league\ThinkPHP\Lib\Core\ThinkException.class.php 第 63 行.

[ 2013-01-24T16:19:08+08:00 ] ERR: (ThinkException) Table 'herald_league.lg_user_session_control' doesn't exist
 [ SQL语句 ] : SHOW COLUMNS FROM `lg_user_session_control`
[ 2013-01-24T16:19:08+08:00 ] 127.0.0.1 /lg2.0/league_2.0/project/herald_league/herald_league/index.php/Activity/Activity/changeattender
INFO: [ route_check ] --START--
INFO: Run CheckRoute Behavior [ RunTime:0.008283s ]
INFO: [ route_check ] --END-- [ RunTime:0.008542s ]
INFO: [ app_begin ] --START--
INFO: Run ReadHtmlCache Behavior [ RunTime:-0.005791s ]
INFO: [ app_begin ] --END-- [ RunTime:0.006957s ]
SQL: SHOW COLUMNS FROM `lg_user_session_control` [ RunTime:0.022757s ]
NOTIC: [8] Undefined index:  class D:\php\www\lg2.0\league_2.0\project\herald_league\ThinkPHP\Lib\Core\ThinkException.class.php 第 63 行.
NOTIC: [8] Undefined index:  type D:\php\www\lg2.0\league_2.0\project\herald_league\ThinkPHP\Lib\Core\ThinkException.class.php 第 63 行.
NOTIC: [8] Undefined index:  class D:\php\www\lg2.0\league_2.0\project\herald_league\ThinkPHP\Lib\Core\ThinkException.class.php 第 63 行.
NOTIC: [8] Undefined index:  type D:\php\www\lg2.0\league_2.0\project\herald_league\ThinkPHP\Lib\Core\ThinkException.class.php 第 63 行.
NOTIC: [8] Undefined index:  file D:\php\www\lg2.0\league_2.0\project\herald_league\ThinkPHP\Lib\Core\ThinkException.class.php 第 62 行.
NOTIC: [8] Undefined index:  line D:\php\www\lg2.0\league_2.0\project\herald_league\ThinkPHP\Lib\Core\ThinkException.class.php 第 62 行.
NOTIC: [4096] Object of class ActivityAction could not be converted to string D:\php\www\lg2.0\league_2.0\project\herald_league\ThinkPHP\Lib\Core\ThinkException.class.php 第 64 行.
NOTIC: [8] Undefined index:  class D:\php\www\lg2.0\league_2.0\project\herald_league\ThinkPHP\Lib\Core\ThinkException.class.php 第 63 行.
NOTIC: [8] Undefined index:  type D:\php\www\lg2.0\league_2.0\project\herald_league\ThinkPHP\Lib\Core\ThinkException.class.php 第 63 行.
NOTIC: [8] Undefined index:  class D:\php\www\lg2.0\league_2.0\project\herald_league\ThinkPHP\Lib\Core\ThinkException.class.php 第 63 行.
NOTIC: [8] Undefined index:  type D:\php\www\lg2.0\league_2.0\project\herald_league\ThinkPHP\Lib\Core\ThinkException.class.php 第 63 行.

[ 2013-01-24T16:19:48+08:00 ] ERR: (ThinkException) 非法操作:changeattender
[ 2013-01-24T16:19:48+08:00 ] 127.0.0.1 /lg2.0/league_2.0/project/herald_league/herald_league/index.php/Activity/Activity/changeattender
INFO: [ route_check ] --START--
INFO: Run CheckRoute Behavior [ RunTime:0.010239s ]
INFO: [ route_check ] --END-- [ RunTime:0.010452s ]
INFO: [ app_begin ] --START--
INFO: Run ReadHtmlCache Behavior [ RunTime:-0.006073s ]
INFO: [ app_begin ] --END-- [ RunTime:0.007144s ]
NOTIC: [8] Undefined index:  class D:\php\www\lg2.0\league_2.0\project\herald_league\ThinkPHP\Lib\Core\ThinkException.class.php 第 63 行.
NOTIC: [8] Undefined index:  type D:\php\www\lg2.0\league_2.0\project\herald_league\ThinkPHP\Lib\Core\ThinkException.class.php 第 63 行.
NOTIC: [8] Undefined index:  file D:\php\www\lg2.0\league_2.0\project\herald_league\ThinkPHP\Lib\Core\ThinkException.class.php 第 62 行.
NOTIC: [8] Undefined index:  line D:\php\www\lg2.0\league_2.0\project\herald_league\ThinkPHP\Lib\Core\ThinkException.class.php 第 62 行.
NOTIC: [4096] Object of class ActivityAction could not be converted to string D:\php\www\lg2.0\league_2.0\project\herald_league\ThinkPHP\Lib\Core\ThinkException.class.php 第 64 行.
NOTIC: [8] Array to string conversion D:\php\www\lg2.0\league_2.0\project\herald_league\ThinkPHP\Lib\Core\ThinkException.class.php 第 64 行.
NOTIC: [8] Undefined index:  class D:\php\www\lg2.0\league_2.0\project\herald_league\ThinkPHP\Lib\Core\ThinkException.class.php 第 63 行.
NOTIC: [8] Undefined index:  type D:\php\www\lg2.0\league_2.0\project\herald_league\ThinkPHP\Lib\Core\ThinkException.class.php 第 63 行.
NOTIC: [8] Undefined index:  class D:\php\www\lg2.0\league_2.0\project\herald_league\ThinkPHP\Lib\Core\ThinkException.class.php 第 63 行.
NOTIC: [8] Undefined index:  type D:\php\www\lg2.0\league_2.0\project\herald_league\ThinkPHP\Lib\Core\ThinkException.class.php 第 63 行.

[ 2013-01-24T16:19:56+08:00 ] 127.0.0.1 /lg2.0/league_2.0/project/herald_league/herald_league/index.php/Activity/Activity/changeattention
INFO: [ route_check ] --START--
INFO: Run CheckRoute Behavior [ RunTime:0.007834s ]
INFO: [ route_check ] --END-- [ RunTime:0.007991s ]
INFO: [ app_begin ] --START--
INFO: Run ReadHtmlCache Behavior [ RunTime:-0.007749s ]
INFO: [ app_begin ] --END-- [ RunTime:0.007590s ]
INFO: [ view_template ] --START--
INFO: Run LocationTemplate Behavior [ RunTime:-0.032391s ]
INFO: [ view_template ] --END-- [ RunTime:0.010580s ]
INFO: [ view_parse ] --START--
INFO: Run ParseTemplate Behavior [ RunTime:-0.043021s ]
INFO: [ view_parse ] --END-- [ RunTime:0.107858s ]
INFO: [ view_filter ] --START--
INFO: Run ContentReplace Behavior [ RunTime:-0.150965s ]
INFO: Run TokenBuild Behavior [ RunTime:-0.161421s ]
INFO: Run WriteHtmlCache Behavior [ RunTime:-0.168134s ]
INFO: Run ShowRuntime Behavior [ RunTime:-0.174186s ]
INFO: [ view_filter ] --END-- [ RunTime:0.030832s ]
INFO: [ view_end ] --START--
INFO: Run ShowPageTrace Behavior [ RunTime:-0.181924s ]
INFO: [ view_end ] --END-- [ RunTime:0.007058s ]

[ 2013-01-24T16:20:05+08:00 ] ERR: (ThinkException) 非法操作:changeattender
[ 2013-01-24T16:20:05+08:00 ] 127.0.0.1 /lg2.0/league_2.0/project/herald_league/herald_league/index.php/Activity/Activity/changeattender
INFO: [ route_check ] --START--
INFO: Run CheckRoute Behavior [ RunTime:0.008017s ]
INFO: [ route_check ] --END-- [ RunTime:0.008238s ]
INFO: [ app_begin ] --START--
INFO: Run ReadHtmlCache Behavior [ RunTime:-0.007539s ]
INFO: [ app_begin ] --END-- [ RunTime:0.007186s ]
NOTIC: [8] Undefined index:  class D:\php\www\lg2.0\league_2.0\project\herald_league\ThinkPHP\Lib\Core\ThinkException.class.php 第 63 行.
NOTIC: [8] Undefined index:  type D:\php\www\lg2.0\league_2.0\project\herald_league\ThinkPHP\Lib\Core\ThinkException.class.php 第 63 行.
NOTIC: [8] Undefined index:  file D:\php\www\lg2.0\league_2.0\project\herald_league\ThinkPHP\Lib\Core\ThinkException.class.php 第 62 行.
NOTIC: [8] Undefined index:  line D:\php\www\lg2.0\league_2.0\project\herald_league\ThinkPHP\Lib\Core\ThinkException.class.php 第 62 行.
NOTIC: [4096] Object of class ActivityAction could not be converted to string D:\php\www\lg2.0\league_2.0\project\herald_league\ThinkPHP\Lib\Core\ThinkException.class.php 第 64 行.
NOTIC: [8] Array to string conversion D:\php\www\lg2.0\league_2.0\project\herald_league\ThinkPHP\Lib\Core\ThinkException.class.php 第 64 行.
NOTIC: [8] Undefined index:  class D:\php\www\lg2.0\league_2.0\project\herald_league\ThinkPHP\Lib\Core\ThinkException.class.php 第 63 行.
NOTIC: [8] Undefined index:  type D:\php\www\lg2.0\league_2.0\project\herald_league\ThinkPHP\Lib\Core\ThinkException.class.php 第 63 行.
NOTIC: [8] Undefined index:  class D:\php\www\lg2.0\league_2.0\project\herald_league\ThinkPHP\Lib\Core\ThinkException.class.php 第 63 行.
NOTIC: [8] Undefined index:  type D:\php\www\lg2.0\league_2.0\project\herald_league\ThinkPHP\Lib\Core\ThinkException.class.php 第 63 行.

[ 2013-01-24T16:21:43+08:00 ] 127.0.0.1 /lg2.0/league_2.0/project/herald_league/herald_league/index.php/Activity/Activity/changeattention
INFO: [ route_check ] --START--
INFO: Run CheckRoute Behavior [ RunTime:0.009613s ]
INFO: [ route_check ] --END-- [ RunTime:0.009852s ]
INFO: [ app_begin ] --START--
INFO: Run ReadHtmlCache Behavior [ RunTime:-0.006155s ]
INFO: [ app_begin ] --END-- [ RunTime:0.007290s ]
INFO: [ view_template ] --START--
INFO: Run LocationTemplate Behavior [ RunTime:-0.031791s ]
INFO: [ view_template ] --END-- [ RunTime:0.013721s ]
INFO: [ view_parse ] --START--
INFO: Run ParseTemplate Behavior [ RunTime:-0.045593s ]
INFO: [ view_parse ] --END-- [ RunTime:0.069933s ]
INFO: [ view_filter ] --START--
INFO: Run ContentReplace Behavior [ RunTime:-0.115604s ]
INFO: Run TokenBuild Behavior [ RunTime:-0.124882s ]
INFO: Run WriteHtmlCache Behavior [ RunTime:-0.131492s ]
INFO: Run ShowRuntime Behavior [ RunTime:-0.138708s ]
INFO: [ view_filter ] --END-- [ RunTime:0.029472s ]
INFO: [ view_end ] --START--
INFO: Run ShowPageTrace Behavior [ RunTime:-0.145207s ]
INFO: [ view_end ] --END-- [ RunTime:0.007479s ]

[ 2013-01-24T16:22:47+08:00 ] ERR: [1] Call to undefined method UserSessionControlModel::getUserID() D:\php\www\lg2.0\league_2.0\project\herald_league\herald_league\Lib\Action\Activity\ActivityAction.class.php 第 75 行.
[ 2013-01-24T16:26:25+08:00 ] ERR: [1] Call to undefined method UserSessionControlModel::getUserID() D:\php\www\lg2.0\league_2.0\project\herald_league\herald_league\Lib\Action\Activity\ActivityAction.class.php 第 75 行.
[ 2013-01-24T16:26:27+08:00 ] ERR: [1] Call to undefined method UserSessionControlModel::getUserID() D:\php\www\lg2.0\league_2.0\project\herald_league\herald_league\Lib\Action\Activity\ActivityAction.class.php 第 75 行.
[ 2013-01-24T16:28:49+08:00 ] 127.0.0.1 /lg2.0/league_2.0/project/herald_league/herald_league/index.php/Activity/Activity/changeattention
INFO: [ route_check ] --START--
INFO: Run CheckRoute Behavior [ RunTime:0.008150s ]
INFO: [ route_check ] --END-- [ RunTime:0.008452s ]
INFO: [ app_begin ] --START--
INFO: Run ReadHtmlCache Behavior [ RunTime:-0.006757s ]
INFO: [ app_begin ] --END-- [ RunTime:0.007225s ]
SQL: SHOW COLUMNS FROM `lg_attention` [ RunTime:0.038608s ]
SQL: SHOW COLUMNS FROM `lg_user` [ RunTime:0.013984s ]
SQL: SELECT * FROM `lg_user` WHERE ( `card_num` = 888888 ) LIMIT 1   [ RunTime:0.028225s ]

[ 2013-01-24T16:29:42+08:00 ] 127.0.0.1 /lg2.0/league_2.0/project/herald_league/herald_league/index.php/Activity/Activity/changeattention
INFO: [ route_check ] --START--
INFO: Run CheckRoute Behavior [ RunTime:0.007468s ]
INFO: [ route_check ] --END-- [ RunTime:0.007813s ]
INFO: [ app_begin ] --START--
INFO: Run ReadHtmlCache Behavior [ RunTime:-0.007081s ]
INFO: [ app_begin ] --END-- [ RunTime:0.006391s ]
SQL: SHOW COLUMNS FROM `lg_attention` [ RunTime:0.013513s ]
SQL: SHOW COLUMNS FROM `lg_user` [ RunTime:0.013156s ]
SQL: SELECT * FROM `lg_user` WHERE ( `card_num` = 888888 ) LIMIT 1   [ RunTime:0.000581s ]
INFO: [ view_template ] --START--
INFO: Run LocationTemplate Behavior [ RunTime:-0.096311s ]
INFO: [ view_template ] --END-- [ RunTime:0.009973s ]
INFO: [ view_parse ] --START--
INFO: Run ParseTemplate Behavior [ RunTime:-0.106375s ]
INFO: [ view_parse ] --END-- [ RunTime:0.069693s ]
INFO: [ view_filter ] --START--
INFO: Run ContentReplace Behavior [ RunTime:-0.176465s ]
INFO: Run TokenBuild Behavior [ RunTime:-0.182881s ]
INFO: Run WriteHtmlCache Behavior [ RunTime:-0.189911s ]
INFO: Run ShowRuntime Behavior [ RunTime:-0.195759s ]
INFO: [ view_filter ] --END-- [ RunTime:0.025132s ]
INFO: [ view_end ] --START--
INFO: Run ShowPageTrace Behavior [ RunTime:-0.201664s ]
INFO: [ view_end ] --END-- [ RunTime:0.006503s ]

[ 2013-01-24T16:29:53+08:00 ] 127.0.0.1 /lg2.0/league_2.0/project/herald_league/herald_league/index.php/Activity/Activity/changeattention
INFO: [ route_check ] --START--
INFO: Run CheckRoute Behavior [ RunTime:0.008686s ]
INFO: [ route_check ] --END-- [ RunTime:0.009377s ]
INFO: [ app_begin ] --START--
INFO: Run ReadHtmlCache Behavior [ RunTime:-0.007050s ]
INFO: [ app_begin ] --END-- [ RunTime:0.007697s ]
SQL: SHOW COLUMNS FROM `lg_attention` [ RunTime:0.047179s ]
SQL: SHOW COLUMNS FROM `lg_user` [ RunTime:0.026732s ]
SQL: SELECT * FROM `lg_user` WHERE ( `card_num` = 888888 ) LIMIT 1   [ RunTime:0.000618s ]
INFO: [ view_template ] --START--
INFO: Run LocationTemplate Behavior [ RunTime:-0.159086s ]
INFO: [ view_template ] --END-- [ RunTime:0.013456s ]
INFO: [ view_parse ] --START--
INFO: Run ParseTemplate Behavior [ RunTime:-0.172643s ]
INFO: [ view_parse ] --END-- [ RunTime:0.065631s ]
INFO: [ view_filter ] --START--
INFO: Run ContentReplace Behavior [ RunTime:-0.238360s ]
INFO: Run TokenBuild Behavior [ RunTime:-0.245421s ]
INFO: Run WriteHtmlCache Behavior [ RunTime:-0.254031s ]
INFO: Run ShowRuntime Behavior [ RunTime:-0.260374s ]
INFO: [ view_filter ] --END-- [ RunTime:0.029688s ]
INFO: [ view_end ] --START--
INFO: Run ShowPageTrace Behavior [ RunTime:-0.268189s ]
INFO: [ view_end ] --END-- [ RunTime:0.007588s ]

[ 2013-01-24T16:30:48+08:00 ] 127.0.0.1 /lg2.0/league_2.0/project/herald_league/herald_league/index.php/Activity/Activity/changeattention/activityid/1/add/
INFO: [ route_check ] --START--
INFO: Run CheckRoute Behavior [ RunTime:0.007045s ]
INFO: [ route_check ] --END-- [ RunTime:0.007218s ]
INFO: [ app_begin ] --START--
INFO: Run ReadHtmlCache Behavior [ RunTime:-0.008533s ]
INFO: [ app_begin ] --END-- [ RunTime:0.008191s ]
SQL: SHOW COLUMNS FROM `lg_attention` [ RunTime:0.042939s ]
SQL: SHOW COLUMNS FROM `lg_user` [ RunTime:0.013709s ]
SQL: SELECT * FROM `lg_user` WHERE ( `card_num` = 888888 ) LIMIT 1   [ RunTime:0.000625s ]
INFO: [ view_template ] --START--
INFO: Run LocationTemplate Behavior [ RunTime:-0.137572s ]
INFO: [ view_template ] --END-- [ RunTime:0.011139s ]
INFO: [ view_parse ] --START--
INFO: Run ParseTemplate Behavior [ RunTime:-0.148804s ]
INFO: [ view_parse ] --END-- [ RunTime:0.059275s ]
INFO: [ view_filter ] --START--
INFO: Run ContentReplace Behavior [ RunTime:-0.208162s ]
INFO: Run TokenBuild Behavior [ RunTime:-0.214269s ]
INFO: Run WriteHtmlCache Behavior [ RunTime:-0.221878s ]
INFO: Run ShowRuntime Behavior [ RunTime:-0.227647s ]
INFO: [ view_filter ] --END-- [ RunTime:0.025587s ]
INFO: [ view_end ] --START--
INFO: Run ShowPageTrace Behavior [ RunTime:-0.233878s ]
INFO: [ view_end ] --END-- [ RunTime:0.006639s ]

[ 2013-01-24T16:30:58+08:00 ] 127.0.0.1 /lg2.0/league_2.0/project/herald_league/herald_league/index.php/Activity/Activity/changeattention/activityid/1/action/add
INFO: [ route_check ] --START--
INFO: Run CheckRoute Behavior [ RunTime:0.006789s ]
INFO: [ route_check ] --END-- [ RunTime:0.006972s ]
INFO: [ app_begin ] --START--
INFO: Run ReadHtmlCache Behavior [ RunTime:-0.005282s ]
INFO: [ app_begin ] --END-- [ RunTime:0.006134s ]
SQL: SHOW COLUMNS FROM `lg_attention` [ RunTime:0.063968s ]
SQL: SHOW COLUMNS FROM `lg_user` [ RunTime:0.011796s ]
SQL: SELECT * FROM `lg_user` WHERE ( `card_num` = 888888 ) LIMIT 1   [ RunTime:0.000526s ]
INFO: [ view_template ] --START--
INFO: Run LocationTemplate Behavior [ RunTime:-0.145261s ]
INFO: [ view_template ] --END-- [ RunTime:0.009724s ]
INFO: [ view_parse ] --START--
INFO: Run ParseTemplate Behavior [ RunTime:-0.155081s ]
INFO: [ view_parse ] --END-- [ RunTime:0.054392s ]
INFO: [ view_filter ] --START--
INFO: Run ContentReplace Behavior [ RunTime:-0.209547s ]
INFO: Run TokenBuild Behavior [ RunTime:-0.216799s ]
INFO: Run WriteHtmlCache Behavior [ RunTime:-0.222855s ]
INFO: Run ShowRuntime Behavior [ RunTime:-0.228458s ]
INFO: [ view_filter ] --END-- [ RunTime:0.024760s ]
INFO: [ view_end ] --START--
INFO: Run ShowPageTrace Behavior [ RunTime:-0.234431s ]
INFO: [ view_end ] --END-- [ RunTime:0.006237s ]

[ 2013-01-24T16:32:51+08:00 ] 127.0.0.1 /lg2.0/league_2.0/project/herald_league/herald_league/index.php/Activity/Activity/changeattention/activityid/1/action/add
INFO: [ route_check ] --START--
INFO: Run CheckRoute Behavior [ RunTime:0.007605s ]
INFO: [ route_check ] --END-- [ RunTime:0.007809s ]
INFO: [ app_begin ] --START--
INFO: Run ReadHtmlCache Behavior [ RunTime:-0.008610s ]
INFO: [ app_begin ] --END-- [ RunTime:0.007426s ]
SQL: SHOW COLUMNS FROM `lg_attention` [ RunTime:0.058065s ]
SQL: SHOW COLUMNS FROM `lg_user` [ RunTime:0.039243s ]
SQL: SELECT * FROM `lg_user` WHERE ( `card_num` = 888888 ) LIMIT 1   [ RunTime:0.001213s ]
INFO: [ view_template ] --START--
INFO: Run LocationTemplate Behavior [ RunTime:-0.188844s ]
INFO: [ view_template ] --END-- [ RunTime:0.010941s ]
INFO: [ view_parse ] --START--
INFO: Run ParseTemplate Behavior [ RunTime:-0.199902s ]
INFO: [ view_parse ] --END-- [ RunTime:0.067948s ]
INFO: [ view_filter ] --START--
INFO: Run ContentReplace Behavior [ RunTime:-0.267921s ]
INFO: Run TokenBuild Behavior [ RunTime:-0.275822s ]
INFO: Run WriteHtmlCache Behavior [ RunTime:-0.282276s ]
INFO: Run ShowRuntime Behavior [ RunTime:-0.290905s ]
INFO: [ view_filter ] --END-- [ RunTime:0.031672s ]
INFO: [ view_end ] --START--
INFO: Run ShowPageTrace Behavior [ RunTime:-0.299962s ]
INFO: [ view_end ] --END-- [ RunTime:0.008101s ]

[ 2013-01-24T16:32:53+08:00 ] 127.0.0.1 /lg2.0/league_2.0/project/herald_league/herald_league/index.php/Activity/Activity/changeattention/activityid/1/action/add
INFO: [ route_check ] --START--
INFO: Run CheckRoute Behavior [ RunTime:0.007675s ]
INFO: [ route_check ] --END-- [ RunTime:0.007891s ]
INFO: [ app_begin ] --START--
INFO: Run ReadHtmlCache Behavior [ RunTime:-0.005754s ]
INFO: [ app_begin ] --END-- [ RunTime:0.006533s ]
SQL: SHOW COLUMNS FROM `lg_attention` [ RunTime:0.043871s ]
SQL: SHOW COLUMNS FROM `lg_user` [ RunTime:0.012761s ]
SQL: SELECT * FROM `lg_user` WHERE ( `card_num` = 888888 ) LIMIT 1   [ RunTime:0.003874s ]
INFO: [ view_template ] --START--
INFO: Run LocationTemplate Behavior [ RunTime:-0.137254s ]
INFO: [ view_template ] --END-- [ RunTime:0.011225s ]
INFO: [ view_parse ] --START--
INFO: Run ParseTemplate Behavior [ RunTime:-0.148714s ]
INFO: [ view_parse ] --END-- [ RunTime:0.065774s ]
INFO: [ view_filter ] --START--
INFO: Run ContentReplace Behavior [ RunTime:-0.214508s ]
INFO: Run TokenBuild Behavior [ RunTime:-0.220691s ]
INFO: Run WriteHtmlCache Behavior [ RunTime:-0.226878s ]
INFO: Run ShowRuntime Behavior [ RunTime:-0.232620s ]
INFO: [ view_filter ] --END-- [ RunTime:0.024620s ]
INFO: [ view_end ] --START--
INFO: Run ShowPageTrace Behavior [ RunTime:-0.239263s ]
INFO: [ view_end ] --END-- [ RunTime:0.007284s ]

[ 2013-01-24T16:33:01+08:00 ] 127.0.0.1 /lg2.0/league_2.0/project/herald_league/herald_league/index.php/Activity/Activity/changeattention/activityid/1/action/add
INFO: [ route_check ] --START--
INFO: Run CheckRoute Behavior [ RunTime:0.008584s ]
INFO: [ route_check ] --END-- [ RunTime:0.008753s ]
INFO: [ app_begin ] --START--
INFO: Run ReadHtmlCache Behavior [ RunTime:-0.007966s ]
INFO: [ app_begin ] --END-- [ RunTime:0.006658s ]
SQL: SHOW COLUMNS FROM `lg_attention` [ RunTime:0.035981s ]
SQL: SHOW COLUMNS FROM `lg_user` [ RunTime:0.018421s ]
SQL: SELECT * FROM `lg_user` WHERE ( `card_num` = 888888 ) LIMIT 1   [ RunTime:0.000481s ]
INFO: [ view_template ] --START--
INFO: Run LocationTemplate Behavior [ RunTime:-0.168469s ]
INFO: [ view_template ] --END-- [ RunTime:0.014077s ]
INFO: [ view_parse ] --START--
INFO: Run ParseTemplate Behavior [ RunTime:-0.182690s ]
INFO: [ view_parse ] --END-- [ RunTime:0.074223s ]
INFO: [ view_filter ] --START--
INFO: Run ContentReplace Behavior [ RunTime:-0.257031s ]
INFO: Run TokenBuild Behavior [ RunTime:-0.263337s ]
INFO: Run WriteHtmlCache Behavior [ RunTime:-0.274110s ]
INFO: Run ShowRuntime Behavior [ RunTime:-0.283305s ]
INFO: [ view_filter ] --END-- [ RunTime:0.035809s ]
INFO: [ view_end ] --START--
INFO: Run ShowPageTrace Behavior [ RunTime:-0.292930s ]
INFO: [ view_end ] --END-- [ RunTime:0.005884s ]

[ 2013-01-24T16:33:03+08:00 ] 127.0.0.1 /lg2.0/league_2.0/project/herald_league/herald_league/index.php/Activity/Activity/changeattention/activityid/1/add/
INFO: [ route_check ] --START--
INFO: Run CheckRoute Behavior [ RunTime:0.011080s ]
INFO: [ route_check ] --END-- [ RunTime:0.011245s ]
INFO: [ app_begin ] --START--
INFO: Run ReadHtmlCache Behavior [ RunTime:-0.005918s ]
INFO: [ app_begin ] --END-- [ RunTime:0.010407s ]
SQL: SHOW COLUMNS FROM `lg_attention` [ RunTime:0.060478s ]
SQL: SHOW COLUMNS FROM `lg_user` [ RunTime:0.012015s ]
SQL: SELECT * FROM `lg_user` WHERE ( `card_num` = 888888 ) LIMIT 1   [ RunTime:0.000560s ]
INFO: [ view_template ] --START--
INFO: Run LocationTemplate Behavior [ RunTime:-0.160274s ]
INFO: [ view_template ] --END-- [ RunTime:0.010865s ]
INFO: [ view_parse ] --START--
INFO: Run ParseTemplate Behavior [ RunTime:-0.171279s ]
INFO: [ view_parse ] --END-- [ RunTime:0.058133s ]
INFO: [ view_filter ] --START--
INFO: Run ContentReplace Behavior [ RunTime:-0.229461s ]
INFO: Run TokenBuild Behavior [ RunTime:-0.237872s ]
INFO: Run WriteHtmlCache Behavior [ RunTime:-0.245628s ]
INFO: Run ShowRuntime Behavior [ RunTime:-0.252812s ]
INFO: [ view_filter ] --END-- [ RunTime:0.029558s ]
INFO: [ view_end ] --START--
INFO: Run ShowPageTrace Behavior [ RunTime:-0.259158s ]
INFO: [ view_end ] --END-- [ RunTime:0.007233s ]

[ 2013-01-24T16:33:10+08:00 ] ERR: (ThinkException) 非法操作:changeattender
[ 2013-01-24T16:33:10+08:00 ] 127.0.0.1 /lg2.0/league_2.0/project/herald_league/herald_league/index.php/Activity/Activity/changeattender
INFO: [ route_check ] --START--
INFO: Run CheckRoute Behavior [ RunTime:0.008089s ]
INFO: [ route_check ] --END-- [ RunTime:0.008650s ]
INFO: [ app_begin ] --START--
INFO: Run ReadHtmlCache Behavior [ RunTime:-0.010690s ]
INFO: [ app_begin ] --END-- [ RunTime:0.007191s ]
NOTIC: [8] Undefined index:  class D:\php\www\lg2.0\league_2.0\project\herald_league\ThinkPHP\Lib\Core\ThinkException.class.php 第 63 行.
NOTIC: [8] Undefined index:  type D:\php\www\lg2.0\league_2.0\project\herald_league\ThinkPHP\Lib\Core\ThinkException.class.php 第 63 行.
NOTIC: [8] Undefined index:  file D:\php\www\lg2.0\league_2.0\project\herald_league\ThinkPHP\Lib\Core\ThinkException.class.php 第 62 行.
NOTIC: [8] Undefined index:  line D:\php\www\lg2.0\league_2.0\project\herald_league\ThinkPHP\Lib\Core\ThinkException.class.php 第 62 行.
NOTIC: [4096] Object of class ActivityAction could not be converted to string D:\php\www\lg2.0\league_2.0\project\herald_league\ThinkPHP\Lib\Core\ThinkException.class.php 第 64 行.
NOTIC: [8] Array to string conversion D:\php\www\lg2.0\league_2.0\project\herald_league\ThinkPHP\Lib\Core\ThinkException.class.php 第 64 行.
NOTIC: [8] Undefined index:  class D:\php\www\lg2.0\league_2.0\project\herald_league\ThinkPHP\Lib\Core\ThinkException.class.php 第 63 行.
NOTIC: [8] Undefined index:  type D:\php\www\lg2.0\league_2.0\project\herald_league\ThinkPHP\Lib\Core\ThinkException.class.php 第 63 行.
NOTIC: [8] Undefined index:  class D:\php\www\lg2.0\league_2.0\project\herald_league\ThinkPHP\Lib\Core\ThinkException.class.php 第 63 行.
NOTIC: [8] Undefined index:  type D:\php\www\lg2.0\league_2.0\project\herald_league\ThinkPHP\Lib\Core\ThinkException.class.php 第 63 行.

[ 2013-01-24T16:33:14+08:00 ] ERR: (ThinkException) 非法操作:changeattender
[ 2013-01-24T16:33:14+08:00 ] 127.0.0.1 /lg2.0/league_2.0/project/herald_league/herald_league/index.php/Activity/Activity/changeattender
INFO: [ route_check ] --START--
INFO: Run CheckRoute Behavior [ RunTime:0.010569s ]
INFO: [ route_check ] --END-- [ RunTime:0.010833s ]
INFO: [ app_begin ] --START--
INFO: Run ReadHtmlCache Behavior [ RunTime:-0.008365s ]
INFO: [ app_begin ] --END-- [ RunTime:0.008591s ]
NOTIC: [8] Undefined index:  class D:\php\www\lg2.0\league_2.0\project\herald_league\ThinkPHP\Lib\Core\ThinkException.class.php 第 63 行.
NOTIC: [8] Undefined index:  type D:\php\www\lg2.0\league_2.0\project\herald_league\ThinkPHP\Lib\Core\ThinkException.class.php 第 63 行.
NOTIC: [8] Undefined index:  file D:\php\www\lg2.0\league_2.0\project\herald_league\ThinkPHP\Lib\Core\ThinkException.class.php 第 62 行.
NOTIC: [8] Undefined index:  line D:\php\www\lg2.0\league_2.0\project\herald_league\ThinkPHP\Lib\Core\ThinkException.class.php 第 62 行.
NOTIC: [4096] Object of class ActivityAction could not be converted to string D:\php\www\lg2.0\league_2.0\project\herald_league\ThinkPHP\Lib\Core\ThinkException.class.php 第 64 行.
NOTIC: [8] Array to string conversion D:\php\www\lg2.0\league_2.0\project\herald_league\ThinkPHP\Lib\Core\ThinkException.class.php 第 64 行.
NOTIC: [8] Undefined index:  class D:\php\www\lg2.0\league_2.0\project\herald_league\ThinkPHP\Lib\Core\ThinkException.class.php 第 63 行.
NOTIC: [8] Undefined index:  type D:\php\www\lg2.0\league_2.0\project\herald_league\ThinkPHP\Lib\Core\ThinkException.class.php 第 63 行.
NOTIC: [8] Undefined index:  class D:\php\www\lg2.0\league_2.0\project\herald_league\ThinkPHP\Lib\Core\ThinkException.class.php 第 63 行.
NOTIC: [8] Undefined index:  type D:\php\www\lg2.0\league_2.0\project\herald_league\ThinkPHP\Lib\Core\ThinkException.class.php 第 63 行.

[ 2013-01-24T16:39:55+08:00 ] ERR: (ThinkException) Model:del您所请求的方法不存在！
[ 2013-01-24T16:40:21+08:00 ] ERR: (ThinkException) Model:del您所请求的方法不存在！
[ 2013-01-24T16:40:26+08:00 ] ERR: (ThinkException) Model:del您所请求的方法不存在！
[ 2013-01-24T16:40:34+08:00 ] ERR: (ThinkException) Model:del您所请求的方法不存在！
[ 2013-01-24T16:46:36+08:00 ] ERR: (ThinkException) Model:del您所请求的方法不存在！
[ 2013-01-24T16:46:57+08:00 ] ERR: (ThinkException) Model:del您所请求的方法不存在！
[ 2013-01-24T16:47:02+08:00 ] ERR: (ThinkException) Model:del您所请求的方法不存在！
[ 2013-01-24T16:48:19+08:00 ] ERR: (ThinkException) Model:del您所请求的方法不存在！
[ 2013-01-24T16:48:24+08:00 ] ERR: (ThinkException) Model:del您所请求的方法不存在！
[ 2013-01-24T16:48:38+08:00 ] ERR: (ThinkException) Model:del您所请求的方法不存在！
[ 2013-01-24T20:40:39+08:00 ] ERR: (ThinkException) Model:filed您所请求的方法不存在！
[ 2013-01-24T20:50:43+08:00 ] ERR: (ThinkException) You have an error in your SQL syntax; check the manual that corresponds to your MySQL server version for the right syntax to use near '00:00:00' at line 1
 [ SQL语句 ] : SELECT * FROM `lg_activity` WHERE start_time=2013-01-24 00:00:00 
[ 2013-01-24T20:58:39+08:00 ] ERR: (ThinkException) Unknown column '2013-01-24' in 'where clause'
 [ SQL语句 ] : SELECT * FROM `lg_activity` WHERE `start_time`=`2013-01-24` 
