[ 2013-01-25T11:22:57+08:00 ] ERR: (ThinkException) Unknown column 'heat' in 'order clause'
 [ SQL语句 ] : SELECT `class_name` FROM `lg_activity_class` ORDER BY heat desc LIMIT 6  
[ 2013-01-25T12:24:21+08:00 ] ERR: (ThinkException) You have an error in your SQL syntax; check the manual that corresponds to your MySQL server version for the right syntax to use near '' at line 1
 [ SQL语句 ] : SELECT * FROM `lg_comment` WHERE commed_id = 1 AND commed_type =  
[ 2013-01-25T12:25:14+08:00 ] ERR: (ThinkException) You have an error in your SQL syntax; check the manual that corresponds to your MySQL server version for the right syntax to use near '' at line 1
 [ SQL语句 ] : SELECT * FROM `lg_comment` WHERE commed_id = 1 AND commed_type =  
[ 2013-01-25T12:38:23+08:00 ] ERR: (ThinkException) Action:getCommentAndAnswer您所请求的方法不存在！
[ 2013-01-25T12:38:53+08:00 ] ERR: (ThinkException) 非法操作:getCommentAndAnswer
[ 2013-01-25T12:39:31+08:00 ] ERR: (ThinkException) 非法操作:getCommentAndAnswer
[ 2013-01-25T12:40:54+08:00 ] ERR: (ThinkException) 非法操作:getCommentAndAnswer
[ 2013-01-25T13:01:40+08:00 ] ERR: (ThinkException) You have an error in your SQL syntax; check the manual that corresponds to your MySQL server version for the right syntax to use near 'isleague = 0' at line 1
 [ SQL语句 ] : SELECT * FROM `lg_attention` WHERE user_id = 1AND isleague = 0 
[ 2013-01-25T13:10:31+08:00 ] ERR: (ThinkException) You have an error in your SQL syntax; check the manual that corresponds to your MySQL server version for the right syntax to use near '' at line 1
 [ SQL语句 ] : SELECT * FROM `lg_league_info` WHERE id = 
[ 2013-01-25T15:48:01+08:00 ] ERR: (ThinkException) No connection could be made because the target machine actively refused it.

[ 2013-01-25T16:45:03+08:00 ] ERR: [4] syntax error, unexpected '<' E:\Web\Working\league_2.0\project\herald_league\herald_league\Runtime\Cache\League\e88f11221de5247308d4c8141c20109d.php 第 7 行.
[ 2013-01-25T16:46:02+08:00 ] ERR: [4] syntax error, unexpected '<' E:\Web\Working\league_2.0\project\herald_league\herald_league\Runtime\Cache\League\e88f11221de5247308d4c8141c20109d.php 第 7 行.
[ 2013-01-25T18:02:26+08:00 ] ERR: [64] Cannot redeclare class AttentionModel E:\Web\Working\league_2.0\project\herald_league\herald_league\Lib\Model\AttentionModel.class.php 第 131 行.
[ 2013-01-25T18:03:24+08:00 ] ERR: [64] Cannot redeclare class AttentionModel E:\Web\Working\league_2.0\project\herald_league\herald_league\Lib\Model\AttentionModel.class.php 第 131 行.
[ 2013-01-25T18:03:29+08:00 ] ERR: [64] Cannot redeclare class AttentionModel E:\Web\Working\league_2.0\project\herald_league\herald_league\Lib\Model\AttentionModel.class.php 第 131 行.
[ 2013-01-25T18:03:32+08:00 ] ERR: [64] Cannot redeclare class AttentionModel E:\Web\Working\league_2.0\project\herald_league\herald_league\Lib\Model\AttentionModel.class.php 第 178 行.
[ 2013-01-25T18:04:06+08:00 ] ERR: [64] Cannot redeclare class AttentionModel E:\Web\Working\league_2.0\project\herald_league\herald_league\Lib\Model\AttentionModel.class.php 第 178 行.
[ 2013-01-25T18:50:07+08:00 ] ERR: [4] syntax error, unexpected ';', expecting ')' E:\Web\Working\league_2.0\project\herald_league\herald_league\Lib\ORG\Search.class.php 第 11 行.
[ 2013-01-25T18:50:33+08:00 ] ERR: (ThinkException) Table 'herald_league.lg_picture' doesn't exist
 [ SQL语句 ] : SHOW COLUMNS FROM `lg_picture`
[ 2013-01-25T19:08:34+08:00 ] ERR: (ThinkException) Model:geylastsql您所请求的方法不存在！
[ 2013-01-25T19:17:32+08:00 ] ERR: [4] syntax error, unexpected 'select' (T_STRING) E:\Web\Working\league_2.0\project\herald_league\herald_league\Lib\ORG\Search.class.php 第 18 行.
[ 2013-01-25T19:17:51+08:00 ] ERR: [4] syntax error, unexpected '(', expecting identifier (T_STRING) or variable (T_VARIABLE) or '{' or '$' E:\Web\Working\league_2.0\project\herald_league\herald_league\Lib\ORG\Search.class.php 第 21 行.
