[ 2013-03-11T15:27:00+08:00 ] ERR: (ThinkException) 无法加载模块:Wall
[ 2013-03-11T15:28:23+08:00 ] ERR: (ThinkException) 无法加载模块:Wall
[ 2013-03-11T15:29:25+08:00 ] ERR: (ThinkException) 无法加载模块:Wall
[ 2013-03-11T15:29:47+08:00 ] ERR: (ThinkException) 模板不存在[D:/php/www/lg2.0/league_2.0/project/herald_league/herald_league/Tpl/Activity/Activity/Wall.html]
[ 2013-03-11T15:30:36+08:00 ] ERR: (ThinkException) 模板不存在[D:/php/www/lg2.0/league_2.0/project/herald_league/herald_league/Tpl/Activity/Activity/Wall.html]
[ 2013-03-11T15:30:46+08:00 ] ERR: (ThinkException) 非法操作:eall
[ 2013-03-11T15:30:50+08:00 ] ERR: (ThinkException) 非法操作:images
[ 2013-03-11T15:30:50+08:00 ] ERR: (ThinkException) 非法操作:images
[ 2013-03-11T15:30:51+08:00 ] ERR: (ThinkException) 非法操作:images
[ 2013-03-11T15:30:51+08:00 ] ERR: (ThinkException) 非法操作:images
[ 2013-03-11T15:30:51+08:00 ] ERR: (ThinkException) 非法操作:images
[ 2013-03-11T15:30:52+08:00 ] ERR: (ThinkException) 非法操作:images
[ 2013-03-11T15:30:52+08:00 ] ERR: (ThinkException) 非法操作:images
[ 2013-03-11T15:30:52+08:00 ] ERR: (ThinkException) 非法操作:images
[ 2013-03-11T15:30:52+08:00 ] ERR: (ThinkException) 非法操作:images
[ 2013-03-11T15:30:52+08:00 ] ERR: (ThinkException) 非法操作:images
[ 2013-03-11T15:30:52+08:00 ] ERR: (ThinkException) 非法操作:images
[ 2013-03-11T15:30:52+08:00 ] ERR: (ThinkException) 非法操作:images
[ 2013-03-11T15:30:52+08:00 ] ERR: (ThinkException) 非法操作:images
[ 2013-03-11T15:30:52+08:00 ] ERR: (ThinkException) 非法操作:images
[ 2013-03-11T15:30:52+08:00 ] ERR: (ThinkException) 非法操作:images
[ 2013-03-11T15:30:52+08:00 ] ERR: (ThinkException) 非法操作:images
[ 2013-03-11T15:30:52+08:00 ] ERR: (ThinkException) 非法操作:images
[ 2013-03-11T15:30:52+08:00 ] ERR: (ThinkException) 非法操作:images
[ 2013-03-11T15:30:52+08:00 ] ERR: (ThinkException) 非法操作:images
[ 2013-03-11T15:30:52+08:00 ] ERR: (ThinkException) 非法操作:images
[ 2013-03-11T15:30:52+08:00 ] ERR: (ThinkException) 非法操作:images
[ 2013-03-11T15:30:52+08:00 ] ERR: (ThinkException) 非法操作:images
[ 2013-03-11T15:30:52+08:00 ] ERR: (ThinkException) 非法操作:images
[ 2013-03-11T15:30:52+08:00 ] ERR: (ThinkException) 非法操作:images
[ 2013-03-11T15:30:52+08:00 ] ERR: (ThinkException) 非法操作:images
[ 2013-03-11T15:33:59+08:00 ] ERR: (ThinkException) 非法操作:images
[ 2013-03-11T15:34:00+08:00 ] ERR: (ThinkException) 非法操作:images
[ 2013-03-11T15:34:00+08:00 ] ERR: (ThinkException) 非法操作:images
[ 2013-03-11T15:34:00+08:00 ] ERR: (ThinkException) 非法操作:images
[ 2013-03-11T15:34:00+08:00 ] ERR: (ThinkException) 非法操作:images
[ 2013-03-11T15:34:00+08:00 ] ERR: (ThinkException) 非法操作:images
[ 2013-03-11T15:34:00+08:00 ] ERR: (ThinkException) 非法操作:images
[ 2013-03-11T15:34:00+08:00 ] ERR: (ThinkException) 非法操作:images
[ 2013-03-11T15:34:00+08:00 ] ERR: (ThinkException) 非法操作:images
[ 2013-03-11T15:34:00+08:00 ] ERR: (ThinkException) 非法操作:images
[ 2013-03-11T15:34:00+08:00 ] ERR: (ThinkException) 非法操作:images
[ 2013-03-11T15:34:00+08:00 ] ERR: (ThinkException) 非法操作:images
[ 2013-03-11T15:34:00+08:00 ] ERR: (ThinkException) 非法操作:images
[ 2013-03-11T15:34:00+08:00 ] ERR: (ThinkException) 非法操作:images
[ 2013-03-11T15:34:00+08:00 ] ERR: (ThinkException) 非法操作:images
[ 2013-03-11T15:34:00+08:00 ] ERR: (ThinkException) 非法操作:images
[ 2013-03-11T15:34:00+08:00 ] ERR: (ThinkException) 非法操作:images
[ 2013-03-11T15:34:00+08:00 ] ERR: (ThinkException) 非法操作:images
[ 2013-03-11T15:34:00+08:00 ] ERR: (ThinkException) 非法操作:images
[ 2013-03-11T15:34:00+08:00 ] ERR: (ThinkException) 非法操作:images
[ 2013-03-11T15:34:00+08:00 ] ERR: (ThinkException) 非法操作:images
[ 2013-03-11T15:34:00+08:00 ] ERR: (ThinkException) 非法操作:images
[ 2013-03-11T15:34:00+08:00 ] ERR: (ThinkException) 非法操作:images
[ 2013-03-11T15:34:00+08:00 ] ERR: (ThinkException) 非法操作:images
[ 2013-03-11T15:34:00+08:00 ] ERR: (ThinkException) 非法操作:images
[ 2013-03-11T15:45:21+08:00 ] ERR: (ThinkException) Model:top24您所请求的方法不存在！
[ 2013-03-11T15:45:55+08:00 ] ERR: (ThinkException) 非法操作:images
[ 2013-03-11T15:46:41+08:00 ] ERR: (ThinkException) 非法操作:images
[ 2013-03-11T15:46:41+08:00 ] ERR: (ThinkException) 非法操作:images
[ 2013-03-11T15:46:42+08:00 ] ERR: (ThinkException) 非法操作:images
[ 2013-03-11T15:46:42+08:00 ] ERR: (ThinkException) 非法操作:images
[ 2013-03-11T15:46:42+08:00 ] ERR: (ThinkException) 非法操作:images
[ 2013-03-11T15:46:42+08:00 ] ERR: (ThinkException) 非法操作:images
[ 2013-03-11T15:46:42+08:00 ] ERR: (ThinkException) 非法操作:images
[ 2013-03-11T15:46:42+08:00 ] ERR: (ThinkException) 非法操作:images
[ 2013-03-11T15:46:42+08:00 ] ERR: (ThinkException) 非法操作:images
[ 2013-03-11T15:46:42+08:00 ] ERR: (ThinkException) 非法操作:images
[ 2013-03-11T15:46:42+08:00 ] ERR: (ThinkException) 非法操作:images
[ 2013-03-11T15:46:43+08:00 ] ERR: (ThinkException) 非法操作:images
[ 2013-03-11T15:46:43+08:00 ] ERR: (ThinkException) 非法操作:images
[ 2013-03-11T15:50:39+08:00 ] ERR: (ThinkException) 非法操作:images
[ 2013-03-11T15:52:20+08:00 ] ERR: [4] syntax error, unexpected '?' D:\php\www\lg2.0\league_2.0\project\herald_league\herald_league\Runtime\Cache\Activity\e2e63b1d1f517fc8e5ec0389fcd024e2.php 第 362 行.
[ 2013-03-11T15:53:08+08:00 ] ERR: [4] syntax error, unexpected '?' D:\php\www\lg2.0\league_2.0\project\herald_league\herald_league\Runtime\Cache\Activity\e2e63b1d1f517fc8e5ec0389fcd024e2.php 第 362 行.
[ 2013-03-11T15:53:19+08:00 ] ERR: [4] syntax error, unexpected '?' D:\php\www\lg2.0\league_2.0\project\herald_league\herald_league\Runtime\Cache\Activity\e2e63b1d1f517fc8e5ec0389fcd024e2.php 第 362 行.
[ 2013-03-11T15:53:20+08:00 ] ERR: [4] syntax error, unexpected '?' D:\php\www\lg2.0\league_2.0\project\herald_league\herald_league\Runtime\Cache\Activity\e2e63b1d1f517fc8e5ec0389fcd024e2.php 第 362 行.
[ 2013-03-11T15:54:02+08:00 ] ERR: (ThinkException) 非法操作:images
[ 2013-03-11T15:54:10+08:00 ] ERR: (ThinkException) 无法加载模块:Detail
[ 2013-03-11T15:54:21+08:00 ] ERR: (ThinkException) 非法操作:images
[ 2013-03-11T15:55:11+08:00 ] ERR: (ThinkException) 无法加载模块:Detail
[ 2013-03-11T15:55:13+08:00 ] ERR: (ThinkException) 无法加载模块:Detail
[ 2013-03-11T15:55:16+08:00 ] ERR: (ThinkException) 非法操作:images
[ 2013-03-11T15:55:20+08:00 ] ERR: (ThinkException) 无法加载模块:Detail
[ 2013-03-11T15:55:25+08:00 ] ERR: (ThinkException) 非法操作:images
[ 2013-03-11T15:56:36+08:00 ] ERR: (ThinkException) 非法操作:images
[ 2013-03-11T15:56:47+08:00 ] ERR: (ThinkException) 无法加载模块:detail
[ 2013-03-11T15:57:36+08:00 ] ERR: (ThinkException) 非法操作:images
[ 2013-03-11T15:57:38+08:00 ] ERR: (ThinkException) 非法操作:images
[ 2013-03-11T16:35:57+08:00 ] ERR: (ThinkException) You have an error in your SQL syntax; check the manual that corresponds to your MySQL server version for the right syntax to use near '%d' at line 1
 [ SQL语句 ] : SELECT `class_id` FROM `lg_class_activity` WHERE activity_id=%d 
[ 2013-03-11T16:36:36+08:00 ] ERR: (ThinkException) You have an error in your SQL syntax; check the manual that corresponds to your MySQL server version for the right syntax to use near '%d' at line 1
 [ SQL语句 ] : SELECT `class_id` FROM `lg_class_activity` WHERE activity_id=%d 
[ 2013-03-11T17:10:19+08:00 ] ERR: (ThinkException) You have an error in your SQL syntax; check the manual that corresponds to your MySQL server version for the right syntax to use near 'LIMIT 1' at line 1
 [ SQL语句 ] : SELECT `id`,`activity_name` FROM `lg_activity` WHERE id =  LIMIT 1  
[ 2013-03-11T17:21:10+08:00 ] ERR: [4] syntax error, unexpected '$' D:\php\www\lg2.0\league_2.0\project\herald_league\herald_league\Lib\Model\ActivityModel.class.php 第 302 行.
