[ 2013-02-05T17:14:19+08:00 ] ERR: [4] syntax error, unexpected T_IF D:\php\www\lg2.0\league_2.0\project\herald_league\herald_league\Lib\Model\ActivityModel.class.php 第 30 行.
[ 2013-02-05T18:01:04+08:00 ] ERR: (ThinkException) 非法操作:PublicVerifyCodeGenerate
[ 2013-02-05T18:10:10+08:00 ] ERR: [4] syntax error, unexpected T_VARIABLE, expecting ')' D:\php\www\lg2.0\league_2.0\project\herald_league\herald_league\Lib\Model\ActivityModel.class.php 第 18 行.
[ 2013-02-05T18:10:18+08:00 ] ERR: [4] syntax error, unexpected T_VARIABLE, expecting ')' D:\php\www\lg2.0\league_2.0\project\herald_league\herald_league\Lib\Model\ActivityModel.class.php 第 18 行.
[ 2013-02-05T18:11:01+08:00 ] ERR: [4] syntax error, unexpected T_VARIABLE, expecting ')' D:\php\www\lg2.0\league_2.0\project\herald_league\herald_league\Lib\Model\ActivityModel.class.php 第 18 行.
[ 2013-02-05T18:11:48+08:00 ] ERR: [4] syntax error, unexpected '"', expecting ')' D:\php\www\lg2.0\league_2.0\project\herald_league\herald_league\Lib\Model\ActivityModel.class.php 第 18 行.
[ 2013-02-05T18:12:48+08:00 ] ERR: [4] syntax error, unexpected '"', expecting ')' D:\php\www\lg2.0\league_2.0\project\herald_league\herald_league\Lib\Model\ActivityModel.class.php 第 18 行.
[ 2013-02-05T18:13:02+08:00 ] ERR: [4] syntax error, unexpected T_VARIABLE, expecting ')' D:\php\www\lg2.0\league_2.0\project\herald_league\herald_league\Lib\Model\ActivityModel.class.php 第 18 行.
[ 2013-02-05T18:13:50+08:00 ] ERR: [4] syntax error, unexpected T_VARIABLE, expecting ')' D:\php\www\lg2.0\league_2.0\project\herald_league\herald_league\Lib\Model\ActivityModel.class.php 第 18 行.
[ 2013-02-05T18:16:55+08:00 ] ERR: [4] syntax error, unexpected ')' D:\php\www\lg2.0\league_2.0\project\herald_league\herald_league\Lib\Model\ActivityModel.class.php 第 45 行.
[ 2013-02-05T18:32:17+08:00 ] ERR: [4] syntax error, unexpected T_STRING D:\php\www\lg2.0\league_2.0\project\herald_league\ThinkPHP\Extend\Library\ORG\Util\Image.class.php 第 300 行.
[ 2013-02-05T18:32:18+08:00 ] ERR: [4] syntax error, unexpected T_STRING D:\php\www\lg2.0\league_2.0\project\herald_league\ThinkPHP\Extend\Library\ORG\Util\Image.class.php 第 300 行.
[ 2013-02-05T18:32:22+08:00 ] ERR: [4] syntax error, unexpected T_STRING D:\php\www\lg2.0\league_2.0\project\herald_league\ThinkPHP\Extend\Library\ORG\Util\Image.class.php 第 300 行.
[ 2013-02-05T18:32:25+08:00 ] ERR: [4] syntax error, unexpected T_STRING D:\php\www\lg2.0\league_2.0\project\herald_league\ThinkPHP\Extend\Library\ORG\Util\Image.class.php 第 300 行.
[ 2013-02-05T18:52:20+08:00 ] ERR: [4] syntax error, unexpected T_IF D:\php\www\lg2.0\league_2.0\project\herald_league\herald_league\Lib\Action\Public\VerifyCodeAction.class.php 第 23 行.
[ 2013-02-05T18:53:57+08:00 ] ERR: [4] syntax error, unexpected T_IF D:\php\www\lg2.0\league_2.0\project\herald_league\herald_league\Lib\Action\Public\VerifyCodeAction.class.php 第 23 行.
[ 2013-02-05T18:54:05+08:00 ] ERR: [4] syntax error, unexpected T_IF D:\php\www\lg2.0\league_2.0\project\herald_league\herald_league\Lib\Action\Public\VerifyCodeAction.class.php 第 23 行.
[ 2013-02-05T18:54:28+08:00 ] ERR: [4] syntax error, unexpected T_IF D:\php\www\lg2.0\league_2.0\project\herald_league\herald_league\Lib\Action\Public\VerifyCodeAction.class.php 第 23 行.
[ 2013-02-05T18:55:09+08:00 ] ERR: [4] syntax error, unexpected T_IF D:\php\www\lg2.0\league_2.0\project\herald_league\herald_league\Lib\Action\Public\VerifyCodeAction.class.php 第 23 行.
[ 2013-02-05T18:55:13+08:00 ] ERR: [4] syntax error, unexpected T_IF D:\php\www\lg2.0\league_2.0\project\herald_league\herald_league\Lib\Action\Public\VerifyCodeAction.class.php 第 23 行.
[ 2013-02-05T19:29:34+08:00 ] ERR: [1] Function name must be a string D:\php\www\lg2.0\league_2.0\project\herald_league\herald_league\Lib\Action\Public\VerifyCodeAction.class.php 第 23 行.
[ 2013-02-05T19:29:35+08:00 ] ERR: [1] Function name must be a string D:\php\www\lg2.0\league_2.0\project\herald_league\herald_league\Lib\Action\Public\VerifyCodeAction.class.php 第 23 行.
[ 2013-02-05T19:29:36+08:00 ] ERR: [1] Function name must be a string D:\php\www\lg2.0\league_2.0\project\herald_league\herald_league\Lib\Action\Public\VerifyCodeAction.class.php 第 23 行.
[ 2013-02-05T19:29:36+08:00 ] ERR: [1] Function name must be a string D:\php\www\lg2.0\league_2.0\project\herald_league\herald_league\Lib\Action\Public\VerifyCodeAction.class.php 第 23 行.
[ 2013-02-05T19:29:36+08:00 ] ERR: [1] Function name must be a string D:\php\www\lg2.0\league_2.0\project\herald_league\herald_league\Lib\Action\Public\VerifyCodeAction.class.php 第 23 行.
[ 2013-02-05T19:29:51+08:00 ] ERR: [1] Function name must be a string D:\php\www\lg2.0\league_2.0\project\herald_league\herald_league\Lib\Action\Public\VerifyCodeAction.class.php 第 23 行.
[ 2013-02-05T19:29:52+08:00 ] ERR: [1] Function name must be a string D:\php\www\lg2.0\league_2.0\project\herald_league\herald_league\Lib\Action\Public\VerifyCodeAction.class.php 第 23 行.
[ 2013-02-05T19:46:27+08:00 ] ERR: [1] Function name must be a string D:\php\www\lg2.0\league_2.0\project\herald_league\herald_league\Lib\Action\Public\VerifyCodeAction.class.php 第 23 行.
[ 2013-02-05T19:46:28+08:00 ] ERR: [1] Function name must be a string D:\php\www\lg2.0\league_2.0\project\herald_league\herald_league\Lib\Action\Public\VerifyCodeAction.class.php 第 23 行.
[ 2013-02-05T19:46:28+08:00 ] ERR: [1] Function name must be a string D:\php\www\lg2.0\league_2.0\project\herald_league\herald_league\Lib\Action\Public\VerifyCodeAction.class.php 第 23 行.
[ 2013-02-05T19:47:04+08:00 ] ERR: [1] Function name must be a string D:\php\www\lg2.0\league_2.0\project\herald_league\herald_league\Lib\Action\Public\VerifyCodeAction.class.php 第 23 行.
[ 2013-02-05T19:47:04+08:00 ] ERR: [1] Function name must be a string D:\php\www\lg2.0\league_2.0\project\herald_league\herald_league\Lib\Action\Public\VerifyCodeAction.class.php 第 23 行.
[ 2013-02-05T19:47:05+08:00 ] ERR: [1] Function name must be a string D:\php\www\lg2.0\league_2.0\project\herald_league\herald_league\Lib\Action\Public\VerifyCodeAction.class.php 第 23 行.
[ 2013-02-05T19:47:06+08:00 ] ERR: [1] Function name must be a string D:\php\www\lg2.0\league_2.0\project\herald_league\herald_league\Lib\Action\Public\VerifyCodeAction.class.php 第 23 行.
[ 2013-02-05T19:53:23+08:00 ] ERR: [1] Function name must be a string D:\php\www\lg2.0\league_2.0\project\herald_league\herald_league\Lib\Action\Public\VerifyCodeAction.class.php 第 23 行.
[ 2013-02-05T19:53:25+08:00 ] ERR: [1] Function name must be a string D:\php\www\lg2.0\league_2.0\project\herald_league\herald_league\Lib\Action\Public\VerifyCodeAction.class.php 第 23 行.
[ 2013-02-05T19:53:29+08:00 ] ERR: [1] Function name must be a string D:\php\www\lg2.0\league_2.0\project\herald_league\herald_league\Lib\Action\Public\VerifyCodeAction.class.php 第 23 行.
[ 2013-02-05T19:53:29+08:00 ] ERR: [1] Function name must be a string D:\php\www\lg2.0\league_2.0\project\herald_league\herald_league\Lib\Action\Public\VerifyCodeAction.class.php 第 23 行.
[ 2013-02-05T19:53:30+08:00 ] ERR: [1] Function name must be a string D:\php\www\lg2.0\league_2.0\project\herald_league\herald_league\Lib\Action\Public\VerifyCodeAction.class.php 第 23 行.
[ 2013-02-05T19:53:30+08:00 ] ERR: [1] Function name must be a string D:\php\www\lg2.0\league_2.0\project\herald_league\herald_league\Lib\Action\Public\VerifyCodeAction.class.php 第 23 行.
[ 2013-02-05T19:55:17+08:00 ] ERR: [1] Function name must be a string D:\php\www\lg2.0\league_2.0\project\herald_league\herald_league\Lib\Action\Public\VerifyCodeAction.class.php 第 23 行.
[ 2013-02-05T19:55:18+08:00 ] ERR: [1] Function name must be a string D:\php\www\lg2.0\league_2.0\project\herald_league\herald_league\Lib\Action\Public\VerifyCodeAction.class.php 第 23 行.
[ 2013-02-05T19:55:18+08:00 ] ERR: [1] Function name must be a string D:\php\www\lg2.0\league_2.0\project\herald_league\herald_league\Lib\Action\Public\VerifyCodeAction.class.php 第 23 行.
[ 2013-02-05T19:55:18+08:00 ] ERR: [1] Function name must be a string D:\php\www\lg2.0\league_2.0\project\herald_league\herald_league\Lib\Action\Public\VerifyCodeAction.class.php 第 23 行.
[ 2013-02-05T19:55:19+08:00 ] ERR: [1] Function name must be a string D:\php\www\lg2.0\league_2.0\project\herald_league\herald_league\Lib\Action\Public\VerifyCodeAction.class.php 第 23 行.
[ 2013-02-05T19:55:19+08:00 ] ERR: [1] Function name must be a string D:\php\www\lg2.0\league_2.0\project\herald_league\herald_league\Lib\Action\Public\VerifyCodeAction.class.php 第 23 行.
[ 2013-02-05T19:55:19+08:00 ] ERR: [1] Function name must be a string D:\php\www\lg2.0\league_2.0\project\herald_league\herald_league\Lib\Action\Public\VerifyCodeAction.class.php 第 23 行.
[ 2013-02-05T19:55:19+08:00 ] ERR: [1] Function name must be a string D:\php\www\lg2.0\league_2.0\project\herald_league\herald_league\Lib\Action\Public\VerifyCodeAction.class.php 第 23 行.
[ 2013-02-05T19:55:20+08:00 ] ERR: [1] Function name must be a string D:\php\www\lg2.0\league_2.0\project\herald_league\herald_league\Lib\Action\Public\VerifyCodeAction.class.php 第 23 行.
[ 2013-02-05T19:55:20+08:00 ] ERR: [1] Function name must be a string D:\php\www\lg2.0\league_2.0\project\herald_league\herald_league\Lib\Action\Public\VerifyCodeAction.class.php 第 23 行.
[ 2013-02-05T19:55:20+08:00 ] ERR: [1] Function name must be a string D:\php\www\lg2.0\league_2.0\project\herald_league\herald_league\Lib\Action\Public\VerifyCodeAction.class.php 第 23 行.
[ 2013-02-05T19:55:21+08:00 ] ERR: [1] Function name must be a string D:\php\www\lg2.0\league_2.0\project\herald_league\herald_league\Lib\Action\Public\VerifyCodeAction.class.php 第 23 行.
[ 2013-02-05T19:55:21+08:00 ] ERR: [1] Function name must be a string D:\php\www\lg2.0\league_2.0\project\herald_league\herald_league\Lib\Action\Public\VerifyCodeAction.class.php 第 23 行.
[ 2013-02-05T19:55:22+08:00 ] ERR: [1] Function name must be a string D:\php\www\lg2.0\league_2.0\project\herald_league\herald_league\Lib\Action\Public\VerifyCodeAction.class.php 第 23 行.
[ 2013-02-05T19:55:22+08:00 ] ERR: [1] Function name must be a string D:\php\www\lg2.0\league_2.0\project\herald_league\herald_league\Lib\Action\Public\VerifyCodeAction.class.php 第 23 行.
[ 2013-02-05T19:55:22+08:00 ] ERR: [1] Function name must be a string D:\php\www\lg2.0\league_2.0\project\herald_league\herald_league\Lib\Action\Public\VerifyCodeAction.class.php 第 23 行.
[ 2013-02-05T19:55:23+08:00 ] ERR: [1] Function name must be a string D:\php\www\lg2.0\league_2.0\project\herald_league\herald_league\Lib\Action\Public\VerifyCodeAction.class.php 第 23 行.
[ 2013-02-05T19:56:56+08:00 ] ERR: [1] Function name must be a string D:\php\www\lg2.0\league_2.0\project\herald_league\herald_league\Lib\Action\Public\VerifyCodeAction.class.php 第 23 行.
[ 2013-02-05T19:56:57+08:00 ] ERR: [1] Function name must be a string D:\php\www\lg2.0\league_2.0\project\herald_league\herald_league\Lib\Action\Public\VerifyCodeAction.class.php 第 23 行.
[ 2013-02-05T19:56:57+08:00 ] ERR: [1] Function name must be a string D:\php\www\lg2.0\league_2.0\project\herald_league\herald_league\Lib\Action\Public\VerifyCodeAction.class.php 第 23 行.
[ 2013-02-05T19:56:57+08:00 ] ERR: [1] Function name must be a string D:\php\www\lg2.0\league_2.0\project\herald_league\herald_league\Lib\Action\Public\VerifyCodeAction.class.php 第 23 行.
[ 2013-02-05T19:56:57+08:00 ] ERR: [1] Function name must be a string D:\php\www\lg2.0\league_2.0\project\herald_league\herald_league\Lib\Action\Public\VerifyCodeAction.class.php 第 23 行.
[ 2013-02-05T19:56:57+08:00 ] ERR: [1] Function name must be a string D:\php\www\lg2.0\league_2.0\project\herald_league\herald_league\Lib\Action\Public\VerifyCodeAction.class.php 第 23 行.
[ 2013-02-05T19:56:57+08:00 ] ERR: [1] Function name must be a string D:\php\www\lg2.0\league_2.0\project\herald_league\herald_league\Lib\Action\Public\VerifyCodeAction.class.php 第 23 行.
[ 2013-02-05T19:56:58+08:00 ] ERR: [1] Function name must be a string D:\php\www\lg2.0\league_2.0\project\herald_league\herald_league\Lib\Action\Public\VerifyCodeAction.class.php 第 23 行.
[ 2013-02-05T19:56:58+08:00 ] ERR: [1] Function name must be a string D:\php\www\lg2.0\league_2.0\project\herald_league\herald_league\Lib\Action\Public\VerifyCodeAction.class.php 第 23 行.
[ 2013-02-05T19:56:58+08:00 ] ERR: [1] Function name must be a string D:\php\www\lg2.0\league_2.0\project\herald_league\herald_league\Lib\Action\Public\VerifyCodeAction.class.php 第 23 行.
[ 2013-02-05T19:56:58+08:00 ] ERR: [1] Function name must be a string D:\php\www\lg2.0\league_2.0\project\herald_league\herald_league\Lib\Action\Public\VerifyCodeAction.class.php 第 23 行.
[ 2013-02-05T19:56:58+08:00 ] ERR: [1] Function name must be a string D:\php\www\lg2.0\league_2.0\project\herald_league\herald_league\Lib\Action\Public\VerifyCodeAction.class.php 第 23 行.
[ 2013-02-05T19:56:58+08:00 ] ERR: [1] Function name must be a string D:\php\www\lg2.0\league_2.0\project\herald_league\herald_league\Lib\Action\Public\VerifyCodeAction.class.php 第 23 行.
[ 2013-02-05T19:59:35+08:00 ] ERR: [1] Function name must be a string D:\php\www\lg2.0\league_2.0\project\herald_league\herald_league\Lib\Action\Public\VerifyCodeAction.class.php 第 23 行.
[ 2013-02-05T19:59:36+08:00 ] ERR: [1] Function name must be a string D:\php\www\lg2.0\league_2.0\project\herald_league\herald_league\Lib\Action\Public\VerifyCodeAction.class.php 第 23 行.
[ 2013-02-05T19:59:36+08:00 ] ERR: [1] Function name must be a string D:\php\www\lg2.0\league_2.0\project\herald_league\herald_league\Lib\Action\Public\VerifyCodeAction.class.php 第 23 行.
[ 2013-02-05T19:59:37+08:00 ] ERR: [1] Function name must be a string D:\php\www\lg2.0\league_2.0\project\herald_league\herald_league\Lib\Action\Public\VerifyCodeAction.class.php 第 23 行.
[ 2013-02-05T19:59:37+08:00 ] ERR: [1] Function name must be a string D:\php\www\lg2.0\league_2.0\project\herald_league\herald_league\Lib\Action\Public\VerifyCodeAction.class.php 第 23 行.
[ 2013-02-05T20:00:11+08:00 ] ERR: [1] Function name must be a string D:\php\www\lg2.0\league_2.0\project\herald_league\herald_league\Lib\Action\Public\VerifyCodeAction.class.php 第 23 行.
[ 2013-02-05T20:00:12+08:00 ] ERR: [1] Function name must be a string D:\php\www\lg2.0\league_2.0\project\herald_league\herald_league\Lib\Action\Public\VerifyCodeAction.class.php 第 23 行.
[ 2013-02-05T20:00:12+08:00 ] ERR: [1] Function name must be a string D:\php\www\lg2.0\league_2.0\project\herald_league\herald_league\Lib\Action\Public\VerifyCodeAction.class.php 第 23 行.
[ 2013-02-05T20:00:12+08:00 ] ERR: [1] Function name must be a string D:\php\www\lg2.0\league_2.0\project\herald_league\herald_league\Lib\Action\Public\VerifyCodeAction.class.php 第 23 行.
[ 2013-02-05T20:00:12+08:00 ] ERR: [1] Function name must be a string D:\php\www\lg2.0\league_2.0\project\herald_league\herald_league\Lib\Action\Public\VerifyCodeAction.class.php 第 23 行.
[ 2013-02-05T20:00:12+08:00 ] ERR: [1] Function name must be a string D:\php\www\lg2.0\league_2.0\project\herald_league\herald_league\Lib\Action\Public\VerifyCodeAction.class.php 第 23 行.
[ 2013-02-05T20:02:01+08:00 ] ERR: [1] Function name must be a string D:\php\www\lg2.0\league_2.0\project\herald_league\herald_league\Lib\Action\Public\VerifyCodeAction.class.php 第 23 行.
[ 2013-02-05T20:02:24+08:00 ] 127.0.0.1 /lg2.0/league_2.0/project/herald_league/herald_league/index.php/Public/VerifyCode/Check?code=1
INFO: [ app_begin ] --START--
INFO: Run ReadHtmlCache Behavior [ RunTime:-0.001372s ]
INFO: [ app_begin ] --END-- [ RunTime:0.000576s ]

[ 2013-02-05T20:04:07+08:00 ] 127.0.0.1 /lg2.0/league_2.0/project/herald_league/herald_league/index.php/Public/VerifyCode/Check?code=ff
INFO: [ app_begin ] --START--
INFO: Run ReadHtmlCache Behavior [ RunTime:-0.001425s ]
INFO: [ app_begin ] --END-- [ RunTime:0.000602s ]

[ 2013-02-05T20:05:03+08:00 ] 127.0.0.1 /lg2.0/league_2.0/project/herald_league/herald_league/index.php/Public/VerifyCode/Check?code=
INFO: [ app_begin ] --START--
INFO: Run ReadHtmlCache Behavior [ RunTime:-0.001543s ]
INFO: [ app_begin ] --END-- [ RunTime:0.001786s ]

[ 2013-02-05T20:05:03+08:00 ] 127.0.0.1 /lg2.0/league_2.0/project/herald_league/herald_league/index.php/Public/VerifyCode/Check?code=
INFO: [ app_begin ] --START--
INFO: Run ReadHtmlCache Behavior [ RunTime:-0.001431s ]
INFO: [ app_begin ] --END-- [ RunTime:0.000683s ]

[ 2013-02-05T20:05:03+08:00 ] 127.0.0.1 /lg2.0/league_2.0/project/herald_league/herald_league/index.php/Public/VerifyCode/Check?code=
INFO: [ app_begin ] --START--
INFO: Run ReadHtmlCache Behavior [ RunTime:-0.001477s ]
INFO: [ app_begin ] --END-- [ RunTime:0.000636s ]

[ 2013-02-05T20:05:20+08:00 ] 127.0.0.1 /lg2.0/league_2.0/project/herald_league/herald_league/index.php/Public/VerifyCode/Check?code=
INFO: [ app_begin ] --START--
INFO: Run ReadHtmlCache Behavior [ RunTime:-0.001515s ]
INFO: [ app_begin ] --END-- [ RunTime:0.000583s ]

[ 2013-02-05T20:05:20+08:00 ] 127.0.0.1 /lg2.0/league_2.0/project/herald_league/herald_league/index.php/Public/VerifyCode/Check?code=
INFO: [ app_begin ] --START--
INFO: Run ReadHtmlCache Behavior [ RunTime:-0.001565s ]
INFO: [ app_begin ] --END-- [ RunTime:0.000642s ]

[ 2013-02-05T20:05:21+08:00 ] 127.0.0.1 /lg2.0/league_2.0/project/herald_league/herald_league/index.php/Public/VerifyCode/Check?code=
INFO: [ app_begin ] --START--
INFO: Run ReadHtmlCache Behavior [ RunTime:-0.001492s ]
INFO: [ app_begin ] --END-- [ RunTime:0.000599s ]

[ 2013-02-05T20:05:21+08:00 ] 127.0.0.1 /lg2.0/league_2.0/project/herald_league/herald_league/index.php/Public/VerifyCode/Check?code=
INFO: [ app_begin ] --START--
INFO: Run ReadHtmlCache Behavior [ RunTime:-0.001506s ]
INFO: [ app_begin ] --END-- [ RunTime:0.000679s ]

[ 2013-02-05T20:05:48+08:00 ] 127.0.0.1 /lg2.0/league_2.0/project/herald_league/herald_league/index.php/Public/VerifyCode/Check?code=
INFO: [ app_begin ] --START--
INFO: Run ReadHtmlCache Behavior [ RunTime:-0.002650s ]
INFO: [ app_begin ] --END-- [ RunTime:0.001395s ]

[ 2013-02-05T20:06:46+08:00 ] 127.0.0.1 /lg2.0/league_2.0/project/herald_league/herald_league/index.php/Public/VerifyCode/Check?code=
INFO: [ app_begin ] --START--
INFO: Run ReadHtmlCache Behavior [ RunTime:-0.006220s ]
INFO: [ app_begin ] --END-- [ RunTime:0.003534s ]

[ 2013-02-05T20:07:30+08:00 ] 127.0.0.1 /lg2.0/league_2.0/project/herald_league/herald_league/index.php/Public/VerifyCode/Check?code=
INFO: [ app_begin ] --START--
INFO: Run ReadHtmlCache Behavior [ RunTime:-0.002134s ]
INFO: [ app_begin ] --END-- [ RunTime:0.001090s ]

[ 2013-02-05T20:07:31+08:00 ] 127.0.0.1 /lg2.0/league_2.0/project/herald_league/herald_league/index.php/Public/VerifyCode/Check?code=
INFO: [ app_begin ] --START--
INFO: Run ReadHtmlCache Behavior [ RunTime:-0.002020s ]
INFO: [ app_begin ] --END-- [ RunTime:0.001730s ]

[ 2013-02-05T20:07:42+08:00 ] 127.0.0.1 /lg2.0/league_2.0/project/herald_league/herald_league/index.php/Public/VerifyCode/Check?code=
INFO: [ app_begin ] --START--
INFO: Run ReadHtmlCache Behavior [ RunTime:-0.002492s ]
INFO: [ app_begin ] --END-- [ RunTime:0.001835s ]

[ 2013-02-05T20:08:38+08:00 ] 127.0.0.1 /lg2.0/league_2.0/project/herald_league/herald_league/index.php/Public/VerifyCode/Check?code=
INFO: [ app_begin ] --START--
INFO: Run ReadHtmlCache Behavior [ RunTime:-0.001855s ]
INFO: [ app_begin ] --END-- [ RunTime:0.000736s ]

[ 2013-02-05T20:08:57+08:00 ] 127.0.0.1 /lg2.0/league_2.0/project/herald_league/herald_league/index.php/Public/VerifyCode/Check?code=
INFO: [ app_begin ] --START--
INFO: Run ReadHtmlCache Behavior [ RunTime:-0.001634s ]
INFO: [ app_begin ] --END-- [ RunTime:0.000616s ]

[ 2013-02-05T20:08:58+08:00 ] 127.0.0.1 /lg2.0/league_2.0/project/herald_league/herald_league/index.php/Public/VerifyCode/Check?code=
INFO: [ app_begin ] --START--
INFO: Run ReadHtmlCache Behavior [ RunTime:-0.001459s ]
INFO: [ app_begin ] --END-- [ RunTime:0.000694s ]

[ 2013-02-05T20:08:58+08:00 ] 127.0.0.1 /lg2.0/league_2.0/project/herald_league/herald_league/index.php/Public/VerifyCode/Check?code=
INFO: [ app_begin ] --START--
INFO: Run ReadHtmlCache Behavior [ RunTime:-0.001517s ]
INFO: [ app_begin ] --END-- [ RunTime:0.000653s ]

[ 2013-02-05T20:08:59+08:00 ] 127.0.0.1 /lg2.0/league_2.0/project/herald_league/herald_league/index.php/Public/VerifyCode/Check?code=
INFO: [ app_begin ] --START--
INFO: Run ReadHtmlCache Behavior [ RunTime:-0.001391s ]
INFO: [ app_begin ] --END-- [ RunTime:0.000540s ]

[ 2013-02-05T20:09:00+08:00 ] 127.0.0.1 /lg2.0/league_2.0/project/herald_league/herald_league/index.php/Public/VerifyCode/Check?code=
INFO: [ app_begin ] --START--
INFO: Run ReadHtmlCache Behavior [ RunTime:-0.001673s ]
INFO: [ app_begin ] --END-- [ RunTime:0.000645s ]

[ 2013-02-05T20:09:00+08:00 ] 127.0.0.1 /lg2.0/league_2.0/project/herald_league/herald_league/index.php/Public/VerifyCode/Check?code=
INFO: [ app_begin ] --START--
INFO: Run ReadHtmlCache Behavior [ RunTime:-0.001409s ]
INFO: [ app_begin ] --END-- [ RunTime:0.000532s ]

[ 2013-02-05T20:09:00+08:00 ] 127.0.0.1 /lg2.0/league_2.0/project/herald_league/herald_league/index.php/Public/VerifyCode/Check?code=
INFO: [ app_begin ] --START--
INFO: Run ReadHtmlCache Behavior [ RunTime:-0.001374s ]
INFO: [ app_begin ] --END-- [ RunTime:0.000537s ]

[ 2013-02-05T20:09:02+08:00 ] 127.0.0.1 /lg2.0/league_2.0/project/herald_league/herald_league/index.php/Public/VerifyCode/Check?code=
INFO: [ app_begin ] --START--
INFO: Run ReadHtmlCache Behavior [ RunTime:-0.001529s ]
INFO: [ app_begin ] --END-- [ RunTime:0.000720s ]

[ 2013-02-05T20:09:02+08:00 ] 127.0.0.1 /lg2.0/league_2.0/project/herald_league/herald_league/index.php/Public/VerifyCode/Check?code=
INFO: [ app_begin ] --START--
INFO: Run ReadHtmlCache Behavior [ RunTime:-0.001370s ]
INFO: [ app_begin ] --END-- [ RunTime:0.000562s ]

[ 2013-02-05T20:09:03+08:00 ] 127.0.0.1 /lg2.0/league_2.0/project/herald_league/herald_league/index.php/Public/VerifyCode/Check?code=
INFO: [ app_begin ] --START--
INFO: Run ReadHtmlCache Behavior [ RunTime:-0.001439s ]
INFO: [ app_begin ] --END-- [ RunTime:0.000639s ]

[ 2013-02-05T20:09:03+08:00 ] 127.0.0.1 /lg2.0/league_2.0/project/herald_league/herald_league/index.php/Public/VerifyCode/Check?code=
INFO: [ app_begin ] --START--
INFO: Run ReadHtmlCache Behavior [ RunTime:-0.001400s ]
INFO: [ app_begin ] --END-- [ RunTime:0.000529s ]

[ 2013-02-05T20:09:15+08:00 ] 127.0.0.1 /lg2.0/league_2.0/project/herald_league/herald_league/index.php/Public/VerifyCode/Check?code=
INFO: [ app_begin ] --START--
INFO: Run ReadHtmlCache Behavior [ RunTime:-0.001473s ]
INFO: [ app_begin ] --END-- [ RunTime:0.000612s ]

[ 2013-02-05T20:09:21+08:00 ] 127.0.0.1 /lg2.0/league_2.0/project/herald_league/herald_league/index.php/Public/VerifyCode/Check?code=
INFO: [ app_begin ] --START--
INFO: Run ReadHtmlCache Behavior [ RunTime:-0.001503s ]
INFO: [ app_begin ] --END-- [ RunTime:0.000606s ]

[ 2013-02-05T20:10:02+08:00 ] 127.0.0.1 /lg2.0/league_2.0/project/herald_league/herald_league/index.php/Public/VerifyCode/Check?code=
INFO: [ app_begin ] --START--
INFO: Run ReadHtmlCache Behavior [ RunTime:-0.001355s ]
INFO: [ app_begin ] --END-- [ RunTime:0.000535s ]

[ 2013-02-05T20:10:14+08:00 ] 127.0.0.1 /lg2.0/league_2.0/project/herald_league/herald_league/index.php/Public/VerifyCode/Check?code=
INFO: [ app_begin ] --START--
INFO: Run ReadHtmlCache Behavior [ RunTime:-0.001346s ]
INFO: [ app_begin ] --END-- [ RunTime:0.000560s ]

[ 2013-02-05T20:10:20+08:00 ] 127.0.0.1 /lg2.0/league_2.0/project/herald_league/herald_league/index.php/Public/VerifyCode/Check?code=
INFO: [ app_begin ] --START--
INFO: Run ReadHtmlCache Behavior [ RunTime:-0.001414s ]
INFO: [ app_begin ] --END-- [ RunTime:0.000611s ]

[ 2013-02-05T20:10:22+08:00 ] 127.0.0.1 /lg2.0/league_2.0/project/herald_league/herald_league/index.php/Public/VerifyCode/Check?code=
INFO: [ app_begin ] --START--
INFO: Run ReadHtmlCache Behavior [ RunTime:-0.001564s ]
INFO: [ app_begin ] --END-- [ RunTime:0.000643s ]

[ 2013-02-05T20:11:11+08:00 ] 127.0.0.1 /lg2.0/league_2.0/project/herald_league/herald_league/index.php/Public/VerifyCode/Check?code=xpocd
INFO: [ app_begin ] --START--
INFO: Run ReadHtmlCache Behavior [ RunTime:-0.001444s ]
INFO: [ app_begin ] --END-- [ RunTime:0.000591s ]

[ 2013-02-05T20:11:41+08:00 ] 127.0.0.1 /lg2.0/league_2.0/project/herald_league/herald_league/index.php/Public/VerifyCode/Check?code=xpocdd
INFO: [ app_begin ] --START--
INFO: Run ReadHtmlCache Behavior [ RunTime:-0.001437s ]
INFO: [ app_begin ] --END-- [ RunTime:0.000666s ]

[ 2013-02-05T20:11:54+08:00 ] 127.0.0.1 /lg2.0/league_2.0/project/herald_league/herald_league/index.php/Public/VerifyCode/Check?code=y
INFO: [ app_begin ] --START--
INFO: Run ReadHtmlCache Behavior [ RunTime:-0.001342s ]
INFO: [ app_begin ] --END-- [ RunTime:0.000633s ]

[ 2013-02-05T20:12:00+08:00 ] 127.0.0.1 /lg2.0/league_2.0/project/herald_league/herald_league/index.php/Public/VerifyCode/Check?code=yv
INFO: [ app_begin ] --START--
INFO: Run ReadHtmlCache Behavior [ RunTime:-0.001497s ]
INFO: [ app_begin ] --END-- [ RunTime:0.000616s ]

[ 2013-02-05T20:12:02+08:00 ] 127.0.0.1 /lg2.0/league_2.0/project/herald_league/herald_league/index.php/Public/VerifyCode/Check?code=yvh
INFO: [ app_begin ] --START--
INFO: Run ReadHtmlCache Behavior [ RunTime:-0.001455s ]
INFO: [ app_begin ] --END-- [ RunTime:0.000605s ]

[ 2013-02-05T20:12:08+08:00 ] 127.0.0.1 /lg2.0/league_2.0/project/herald_league/herald_league/index.php/Public/VerifyCode/Check?code=yvht
INFO: [ app_begin ] --START--
INFO: Run ReadHtmlCache Behavior [ RunTime:-0.001439s ]
INFO: [ app_begin ] --END-- [ RunTime:0.000578s ]

[ 2013-02-05T20:12:50+08:00 ] 127.0.0.1 /lg2.0/league_2.0/project/herald_league/herald_league/index.php/Public/VerifyCode/Check?code=e
INFO: [ app_begin ] --START--
INFO: Run ReadHtmlCache Behavior [ RunTime:-0.001501s ]
INFO: [ app_begin ] --END-- [ RunTime:0.000629s ]

[ 2013-02-05T20:12:56+08:00 ] 127.0.0.1 /lg2.0/league_2.0/project/herald_league/herald_league/index.php/Public/VerifyCode/Check?code=em
INFO: [ app_begin ] --START--
INFO: Run ReadHtmlCache Behavior [ RunTime:-0.001475s ]
INFO: [ app_begin ] --END-- [ RunTime:0.000654s ]

[ 2013-02-05T20:12:58+08:00 ] 127.0.0.1 /lg2.0/league_2.0/project/herald_league/herald_league/index.php/Public/VerifyCode/Check?code=emi
INFO: [ app_begin ] --START--
INFO: Run ReadHtmlCache Behavior [ RunTime:-0.001562s ]
INFO: [ app_begin ] --END-- [ RunTime:0.000704s ]

[ 2013-02-05T20:13:00+08:00 ] 127.0.0.1 /lg2.0/league_2.0/project/herald_league/herald_league/index.php/Public/VerifyCode/Check?code=emif
INFO: [ app_begin ] --START--
INFO: Run ReadHtmlCache Behavior [ RunTime:-0.001722s ]
INFO: [ app_begin ] --END-- [ RunTime:0.000703s ]

[ 2013-02-05T20:13:12+08:00 ] 127.0.0.1 /lg2.0/league_2.0/project/herald_league/herald_league/index.php/Public/VerifyCode/Check?code=o
INFO: [ app_begin ] --START--
INFO: Run ReadHtmlCache Behavior [ RunTime:-0.001431s ]
INFO: [ app_begin ] --END-- [ RunTime:0.000576s ]

[ 2013-02-05T20:13:13+08:00 ] 127.0.0.1 /lg2.0/league_2.0/project/herald_league/herald_league/index.php/Public/VerifyCode/Check?code=oj
INFO: [ app_begin ] --START--
INFO: Run ReadHtmlCache Behavior [ RunTime:-0.001418s ]
INFO: [ app_begin ] --END-- [ RunTime:0.000606s ]

[ 2013-02-05T20:13:14+08:00 ] 127.0.0.1 /lg2.0/league_2.0/project/herald_league/herald_league/index.php/Public/VerifyCode/Check?code=ojv
INFO: [ app_begin ] --START--
INFO: Run ReadHtmlCache Behavior [ RunTime:-0.001540s ]
INFO: [ app_begin ] --END-- [ RunTime:0.000700s ]

[ 2013-02-05T20:13:14+08:00 ] 127.0.0.1 /lg2.0/league_2.0/project/herald_league/herald_league/index.php/Public/VerifyCode/Check?code=ojvh
INFO: [ app_begin ] --START--
INFO: Run ReadHtmlCache Behavior [ RunTime:-0.001415s ]
INFO: [ app_begin ] --END-- [ RunTime:0.000615s ]

[ 2013-02-05T20:14:31+08:00 ] 127.0.0.1 /lg2.0/league_2.0/project/herald_league/herald_league/index.php/Public/VerifyCode/Check?code=n
INFO: [ app_begin ] --START--
INFO: Run ReadHtmlCache Behavior [ RunTime:-0.001454s ]
INFO: [ app_begin ] --END-- [ RunTime:0.000582s ]

[ 2013-02-05T20:14:31+08:00 ] 127.0.0.1 /lg2.0/league_2.0/project/herald_league/herald_league/index.php/Public/VerifyCode/Check?code=nu
INFO: [ app_begin ] --START--
INFO: Run ReadHtmlCache Behavior [ RunTime:-0.002053s ]
INFO: [ app_begin ] --END-- [ RunTime:0.001033s ]

[ 2013-02-05T20:14:32+08:00 ] 127.0.0.1 /lg2.0/league_2.0/project/herald_league/herald_league/index.php/Public/VerifyCode/Check?code=nuh
INFO: [ app_begin ] --START--
INFO: Run ReadHtmlCache Behavior [ RunTime:-0.001470s ]
INFO: [ app_begin ] --END-- [ RunTime:0.000676s ]

[ 2013-02-05T20:14:32+08:00 ] 127.0.0.1 /lg2.0/league_2.0/project/herald_league/herald_league/index.php/Public/VerifyCode/Check?code=nuhz
INFO: [ app_begin ] --START--
INFO: Run ReadHtmlCache Behavior [ RunTime:-0.001410s ]
INFO: [ app_begin ] --END-- [ RunTime:0.000624s ]

[ 2013-02-05T20:14:39+08:00 ] 127.0.0.1 /lg2.0/league_2.0/project/herald_league/herald_league/index.php/Public/VerifyCode/Check?code=nuhzf
INFO: [ app_begin ] --START--
INFO: Run ReadHtmlCache Behavior [ RunTime:-0.001447s ]
INFO: [ app_begin ] --END-- [ RunTime:0.000545s ]

[ 2013-02-05T20:14:39+08:00 ] 127.0.0.1 /lg2.0/league_2.0/project/herald_league/herald_league/index.php/Public/VerifyCode/Check?code=nuhz
INFO: [ app_begin ] --START--
INFO: Run ReadHtmlCache Behavior [ RunTime:-0.002463s ]
INFO: [ app_begin ] --END-- [ RunTime:0.000796s ]

[ 2013-02-05T20:14:39+08:00 ] 127.0.0.1 /lg2.0/league_2.0/project/herald_league/herald_league/index.php/Public/VerifyCode/Check?code=nuh
INFO: [ app_begin ] --START--
INFO: Run ReadHtmlCache Behavior [ RunTime:-0.001387s ]
INFO: [ app_begin ] --END-- [ RunTime:0.000597s ]

[ 2013-02-05T20:14:40+08:00 ] 127.0.0.1 /lg2.0/league_2.0/project/herald_league/herald_league/index.php/Public/VerifyCode/Check?code=nu
INFO: [ app_begin ] --START--
INFO: Run ReadHtmlCache Behavior [ RunTime:-0.001551s ]
INFO: [ app_begin ] --END-- [ RunTime:0.000621s ]

[ 2013-02-05T20:14:40+08:00 ] 127.0.0.1 /lg2.0/league_2.0/project/herald_league/herald_league/index.php/Public/VerifyCode/Check?code=n
INFO: [ app_begin ] --START--
INFO: Run ReadHtmlCache Behavior [ RunTime:-0.001530s ]
INFO: [ app_begin ] --END-- [ RunTime:0.000761s ]

[ 2013-02-05T20:14:40+08:00 ] 127.0.0.1 /lg2.0/league_2.0/project/herald_league/herald_league/index.php/Public/VerifyCode/Check?code=
INFO: [ app_begin ] --START--
INFO: Run ReadHtmlCache Behavior [ RunTime:-0.001373s ]
INFO: [ app_begin ] --END-- [ RunTime:0.000540s ]

[ 2013-02-05T20:14:40+08:00 ] 127.0.0.1 /lg2.0/league_2.0/project/herald_league/herald_league/index.php/Public/VerifyCode/Check?code=
INFO: [ app_begin ] --START--
INFO: Run ReadHtmlCache Behavior [ RunTime:-0.001540s ]
INFO: [ app_begin ] --END-- [ RunTime:0.000628s ]

[ 2013-02-05T20:14:40+08:00 ] 127.0.0.1 /lg2.0/league_2.0/project/herald_league/herald_league/index.php/Public/VerifyCode/Check?code=
INFO: [ app_begin ] --START--
INFO: Run ReadHtmlCache Behavior [ RunTime:-0.001473s ]
INFO: [ app_begin ] --END-- [ RunTime:0.000585s ]

[ 2013-02-05T20:14:43+08:00 ] 127.0.0.1 /lg2.0/league_2.0/project/herald_league/herald_league/index.php/Public/VerifyCode/Check?code=t
INFO: [ app_begin ] --START--
INFO: Run ReadHtmlCache Behavior [ RunTime:-0.001624s ]
INFO: [ app_begin ] --END-- [ RunTime:0.000652s ]

[ 2013-02-05T20:14:43+08:00 ] 127.0.0.1 /lg2.0/league_2.0/project/herald_league/herald_league/index.php/Public/VerifyCode/Check?code=ty
INFO: [ app_begin ] --START--
INFO: Run ReadHtmlCache Behavior [ RunTime:-0.001448s ]
INFO: [ app_begin ] --END-- [ RunTime:0.000678s ]

[ 2013-02-05T20:14:45+08:00 ] 127.0.0.1 /lg2.0/league_2.0/project/herald_league/herald_league/index.php/Public/VerifyCode/Check?code=typo
INFO: [ app_begin ] --START--
INFO: Run ReadHtmlCache Behavior [ RunTime:-0.002116s ]
INFO: [ app_begin ] --END-- [ RunTime:0.000925s ]

[ 2013-02-05T20:14:45+08:00 ] 127.0.0.1 /lg2.0/league_2.0/project/herald_league/herald_league/index.php/Public/VerifyCode/Check?code=typo
INFO: [ app_begin ] --START--
INFO: Run ReadHtmlCache Behavior [ RunTime:-0.001391s ]
INFO: [ app_begin ] --END-- [ RunTime:0.000589s ]

[ 2013-02-05T20:15:02+08:00 ] 127.0.0.1 /lg2.0/league_2.0/project/herald_league/herald_league/index.php/Public/VerifyCode/Check?code=t
INFO: [ app_begin ] --START--
INFO: Run ReadHtmlCache Behavior [ RunTime:-0.001422s ]
INFO: [ app_begin ] --END-- [ RunTime:0.000576s ]

[ 2013-02-05T20:15:02+08:00 ] 127.0.0.1 /lg2.0/league_2.0/project/herald_league/herald_league/index.php/Public/VerifyCode/Check?code=ty
INFO: [ app_begin ] --START--
INFO: Run ReadHtmlCache Behavior [ RunTime:-0.001426s ]
INFO: [ app_begin ] --END-- [ RunTime:0.000604s ]

[ 2013-02-05T20:15:03+08:00 ] 127.0.0.1 /lg2.0/league_2.0/project/herald_league/herald_league/index.php/Public/VerifyCode/Check?code=tyg
INFO: [ app_begin ] --START--
INFO: Run ReadHtmlCache Behavior [ RunTime:-0.001443s ]
INFO: [ app_begin ] --END-- [ RunTime:0.000576s ]

[ 2013-02-05T20:15:03+08:00 ] 127.0.0.1 /lg2.0/league_2.0/project/herald_league/herald_league/index.php/Public/VerifyCode/Check?code=tygc
INFO: [ app_begin ] --START--
INFO: Run ReadHtmlCache Behavior [ RunTime:-0.001425s ]
INFO: [ app_begin ] --END-- [ RunTime:0.000568s ]

[ 2013-02-05T20:15:06+08:00 ] 127.0.0.1 /lg2.0/league_2.0/project/herald_league/herald_league/index.php/Public/VerifyCode/Check?code=tyg
INFO: [ app_begin ] --START--
INFO: Run ReadHtmlCache Behavior [ RunTime:-0.001364s ]
INFO: [ app_begin ] --END-- [ RunTime:0.000550s ]

[ 2013-02-05T20:15:06+08:00 ] 127.0.0.1 /lg2.0/league_2.0/project/herald_league/herald_league/index.php/Public/VerifyCode/Check?code=ty
INFO: [ app_begin ] --START--
INFO: Run ReadHtmlCache Behavior [ RunTime:-0.001660s ]
INFO: [ app_begin ] --END-- [ RunTime:0.000838s ]

[ 2013-02-05T20:15:07+08:00 ] 127.0.0.1 /lg2.0/league_2.0/project/herald_league/herald_league/index.php/Public/VerifyCode/Check?code=t
INFO: [ app_begin ] --START--
INFO: Run ReadHtmlCache Behavior [ RunTime:-0.001433s ]
INFO: [ app_begin ] --END-- [ RunTime:0.000561s ]

[ 2013-02-05T20:15:07+08:00 ] 127.0.0.1 /lg2.0/league_2.0/project/herald_league/herald_league/index.php/Public/VerifyCode/Check?code=
INFO: [ app_begin ] --START--
INFO: Run ReadHtmlCache Behavior [ RunTime:-0.001432s ]
INFO: [ app_begin ] --END-- [ RunTime:0.000582s ]

[ 2013-02-05T20:15:09+08:00 ] 127.0.0.1 /lg2.0/league_2.0/project/herald_league/herald_league/index.php/Public/VerifyCode/Check?code=t
INFO: [ app_begin ] --START--
INFO: Run ReadHtmlCache Behavior [ RunTime:-0.001469s ]
INFO: [ app_begin ] --END-- [ RunTime:0.000551s ]

[ 2013-02-05T20:15:09+08:00 ] 127.0.0.1 /lg2.0/league_2.0/project/herald_league/herald_league/index.php/Public/VerifyCode/Check?code=ty
INFO: [ app_begin ] --START--
INFO: Run ReadHtmlCache Behavior [ RunTime:-0.001445s ]
INFO: [ app_begin ] --END-- [ RunTime:0.000562s ]

[ 2013-02-05T20:15:09+08:00 ] 127.0.0.1 /lg2.0/league_2.0/project/herald_league/herald_league/index.php/Public/VerifyCode/Check?code=tyn
INFO: [ app_begin ] --START--
INFO: Run ReadHtmlCache Behavior [ RunTime:-0.001393s ]
INFO: [ app_begin ] --END-- [ RunTime:0.000537s ]

[ 2013-02-05T20:15:09+08:00 ] 127.0.0.1 /lg2.0/league_2.0/project/herald_league/herald_league/index.php/Public/VerifyCode/Check?code=tynq
INFO: [ app_begin ] --START--
INFO: Run ReadHtmlCache Behavior [ RunTime:-0.001522s ]
INFO: [ app_begin ] --END-- [ RunTime:0.000690s ]

