[ 2013-03-03T16:18:04+08:00 ] 127.0.0.1 /league_2.0/project/herald_league/herald_league/index.php/Activity/Index/GetMore?count=20&uid=0
NOTIC: [2] ob_start(): output handler 'ob_gzhandler' conflicts with 'zlib output compression' E:\Web\Working\league_2.0\project\herald_league\ThinkPHP\Lib\Core\App.class.php 第 55 行.
NOTIC: [8] ob_start(): failed to create buffer E:\Web\Working\league_2.0\project\herald_league\ThinkPHP\Lib\Core\App.class.php 第 55 行.
INFO: [ app_begin ] --START--
INFO: Run ReadHtmlCache Behavior [ RunTime:-0.000503s ]
SQL: SHOW COLUMNS FROM `lg_ip` [ RunTime:0.039366s ]
SQL: INSERT INTO `lg_ip` (`ip`,`date`) VALUES ('127.0.0.1','2013-03-03 16:18:04') [ RunTime:0.097317s ]
INFO: Run logIP Behavior [ RunTime:-0.001261s ]
INFO: [ app_begin ] --END-- [ RunTime:1.150192s ]
SQL: SELECT `id`,`activity_name`,`activity_post_add` FROM `lg_activity` ORDER BY start_time desc LIMIT 20   [ RunTime:0.000929s ]
NOTIC: [8] Undefined variable: result E:\Web\Working\league_2.0\project\herald_league\herald_league\Lib\Model\ActivityModel.class.php 第 242 行.

[ 2013-03-03T16:55:03+08:00 ] ERR: [1] Call to a member function getActivityInfoByLeague() on a non-object E:\Web\Working\league_2.0\project\herald_league\herald_league\Lib\Action\User\IndexAction.class.php 第 177 行.
[ 2013-03-03T17:20:59+08:00 ] 127.0.0.1 /league_2.0/project/herald_league/herald_league/index.php/Activity/Activity/changeAttention?activityid=106&action=del
NOTIC: [2] ob_start(): output handler 'ob_gzhandler' conflicts with 'zlib output compression' E:\Web\Working\league_2.0\project\herald_league\ThinkPHP\Lib\Core\App.class.php 第 55 行.
NOTIC: [8] ob_start(): failed to create buffer E:\Web\Working\league_2.0\project\herald_league\ThinkPHP\Lib\Core\App.class.php 第 55 行.
INFO: [ app_begin ] --START--
INFO: Run ReadHtmlCache Behavior [ RunTime:-0.000857s ]
SQL: SHOW COLUMNS FROM `lg_ip` [ RunTime:0.035799s ]
SQL: INSERT INTO `lg_ip` (`ip`,`date`) VALUES ('127.0.0.1','2013-03-03 17:20:59') [ RunTime:0.066094s ]
INFO: Run logIP Behavior [ RunTime:-0.001788s ]
INFO: [ app_begin ] --END-- [ RunTime:1.142704s ]
NOTIC: [8] Undefined index: _type E:\Web\Working\league_2.0\project\herald_league\ThinkPHP\Lib\Core\Model.class.php 第 571 行.
SQL: SELECT * FROM `lg_activity` WHERE ( `id` = 106 ) LIMIT 1   [ RunTime:0.000967s ]
DEBUG: <!DOCTYPE HTML PUBLIC "-//IETF//DTD HTML 2.0//EN">
<html><head>
<title>413 Request Entity Too Large</title>
</head><body>
<h1>Request Entity Too Large</h1>
The requested resource<br />/league_2.0/project/herald_league/sso.php<br />
does not allow request data with POST requests, or the amount of data provided in
the request exceeds the capacity limit.
</body></html>
<br />
<b>Notice</b>:  Undefined index: username in <b>E:\Web\Working\league_2.0\project\herald_league\sso.php</b> on line <b>25</b><br />
<br />
<b>Notice</b>:  Undefined index: password in <b>E:\Web\Working\league_2.0\project\herald_league\sso.php</b> on line <b>26</b><br />
<br />
<b>Notice</b>:  Undefined index: ssotest in <b>E:\Web\Working\league_2.0\project\herald_league\sso.php</b> on line <b>33</b><br />
    <session>
       <id>111222333</id>
            <properties>
                <herald.sso.studentUser.cardNumber>888888</herald.sso.studentUser.cardNumber>
                <herald.sso.studentUser.fullName>test</herald.sso.studentUser.fullName>
            </properties>
     </session>:message
DEBUG: username

