[ 2013-02-06T17:23:38+08:00 ] ERR: (ThinkException) 无法加载模块:Addactivity
[ 2013-02-06T17:24:06+08:00 ] 127.0.0.1 /lg2.0/league_2.0/project/herald_league/herald_league/index.php/Public/VerifyCode/Check?code=z
INFO: [ app_begin ] --START--
INFO: Run ReadHtmlCache Behavior [ RunTime:-0.001624s ]
INFO: [ app_begin ] --END-- [ RunTime:0.000656s ]

[ 2013-02-06T17:24:06+08:00 ] 127.0.0.1 /lg2.0/league_2.0/project/herald_league/herald_league/index.php/Public/VerifyCode/Check?code=zv
INFO: [ app_begin ] --START--
INFO: Run ReadHtmlCache Behavior [ RunTime:-0.001351s ]
INFO: [ app_begin ] --END-- [ RunTime:0.000562s ]

[ 2013-02-06T17:24:07+08:00 ] 127.0.0.1 /lg2.0/league_2.0/project/herald_league/herald_league/index.php/Public/VerifyCode/Check?code=zvm
INFO: [ app_begin ] --START--
INFO: Run ReadHtmlCache Behavior [ RunTime:-0.001752s ]
INFO: [ app_begin ] --END-- [ RunTime:0.000680s ]

[ 2013-02-06T17:24:07+08:00 ] 127.0.0.1 /lg2.0/league_2.0/project/herald_league/herald_league/index.php/Public/VerifyCode/Check?code=zvmx
INFO: [ app_begin ] --START--
INFO: Run ReadHtmlCache Behavior [ RunTime:-0.001425s ]
INFO: [ app_begin ] --END-- [ RunTime:0.000547s ]

[ 2013-02-06T17:29:18+08:00 ] 127.0.0.1 /lg2.0/league_2.0/project/herald_league/herald_league/index.php/Public/VerifyCode/Check?code=t
INFO: [ app_begin ] --START--
INFO: Run ReadHtmlCache Behavior [ RunTime:-0.001370s ]
INFO: [ app_begin ] --END-- [ RunTime:0.000551s ]

[ 2013-02-06T17:29:19+08:00 ] 127.0.0.1 /lg2.0/league_2.0/project/herald_league/herald_league/index.php/Public/VerifyCode/Check?code=
INFO: [ app_begin ] --START--
INFO: Run ReadHtmlCache Behavior [ RunTime:-0.001403s ]
INFO: [ app_begin ] --END-- [ RunTime:0.000568s ]

[ 2013-02-06T17:29:19+08:00 ] 127.0.0.1 /lg2.0/league_2.0/project/herald_league/herald_league/index.php/Public/VerifyCode/Check?code=q
INFO: [ app_begin ] --START--
INFO: Run ReadHtmlCache Behavior [ RunTime:-0.001364s ]
INFO: [ app_begin ] --END-- [ RunTime:0.000533s ]

[ 2013-02-06T17:29:20+08:00 ] 127.0.0.1 /lg2.0/league_2.0/project/herald_league/herald_league/index.php/Public/VerifyCode/Check?code=qt
INFO: [ app_begin ] --START--
INFO: Run ReadHtmlCache Behavior [ RunTime:-0.001391s ]
INFO: [ app_begin ] --END-- [ RunTime:0.000562s ]

[ 2013-02-06T17:29:20+08:00 ] 127.0.0.1 /lg2.0/league_2.0/project/herald_league/herald_league/index.php/Public/VerifyCode/Check?code=qtb
INFO: [ app_begin ] --START--
INFO: Run ReadHtmlCache Behavior [ RunTime:-0.001365s ]
INFO: [ app_begin ] --END-- [ RunTime:0.000542s ]

[ 2013-02-06T17:29:20+08:00 ] 127.0.0.1 /lg2.0/league_2.0/project/herald_league/herald_league/index.php/Public/VerifyCode/Check?code=qtbw
INFO: [ app_begin ] --START--
INFO: Run ReadHtmlCache Behavior [ RunTime:-0.001388s ]
INFO: [ app_begin ] --END-- [ RunTime:0.000532s ]

[ 2013-02-06T17:29:24+08:00 ] 127.0.0.1 /lg2.0/league_2.0/project/herald_league/herald_league/index.php/Public/VerifyCode/Check?code=ck
INFO: [ app_begin ] --START--
INFO: Run ReadHtmlCache Behavior [ RunTime:-0.001419s ]
INFO: [ app_begin ] --END-- [ RunTime:0.000640s ]

[ 2013-02-06T17:29:24+08:00 ] 127.0.0.1 /lg2.0/league_2.0/project/herald_league/herald_league/index.php/Public/VerifyCode/Check?code=ckp
INFO: [ app_begin ] --START--
INFO: Run ReadHtmlCache Behavior [ RunTime:-0.001386s ]
INFO: [ app_begin ] --END-- [ RunTime:0.000563s ]

[ 2013-02-06T17:29:24+08:00 ] 127.0.0.1 /lg2.0/league_2.0/project/herald_league/herald_league/index.php/Public/VerifyCode/Check?code=ckp
INFO: [ app_begin ] --START--
INFO: Run ReadHtmlCache Behavior [ RunTime:-0.001385s ]
INFO: [ app_begin ] --END-- [ RunTime:0.000577s ]

[ 2013-02-06T17:29:24+08:00 ] 127.0.0.1 /lg2.0/league_2.0/project/herald_league/herald_league/index.php/Public/VerifyCode/Check?code=ckpe
INFO: [ app_begin ] --START--
INFO: Run ReadHtmlCache Behavior [ RunTime:-0.001447s ]
INFO: [ app_begin ] --END-- [ RunTime:0.000552s ]

[ 2013-02-06T17:29:37+08:00 ] 127.0.0.1 /lg2.0/league_2.0/project/herald_league/herald_league/index.php/Public/VerifyCode/Check?code=di
INFO: [ app_begin ] --START--
INFO: Run ReadHtmlCache Behavior [ RunTime:-0.002198s ]
INFO: [ app_begin ] --END-- [ RunTime:0.000772s ]

[ 2013-02-06T17:29:38+08:00 ] 127.0.0.1 /lg2.0/league_2.0/project/herald_league/herald_league/index.php/Public/VerifyCode/Check?code=di
INFO: [ app_begin ] --START--
INFO: Run ReadHtmlCache Behavior [ RunTime:-0.001502s ]
INFO: [ app_begin ] --END-- [ RunTime:0.000559s ]

[ 2013-02-06T17:29:38+08:00 ] 127.0.0.1 /lg2.0/league_2.0/project/herald_league/herald_league/index.php/Public/VerifyCode/Check?code=dih
INFO: [ app_begin ] --START--
INFO: Run ReadHtmlCache Behavior [ RunTime:-0.001364s ]
INFO: [ app_begin ] --END-- [ RunTime:0.000576s ]

[ 2013-02-06T17:29:38+08:00 ] 127.0.0.1 /lg2.0/league_2.0/project/herald_league/herald_league/index.php/Public/VerifyCode/Check?code=dihn
INFO: [ app_begin ] --START--
INFO: Run ReadHtmlCache Behavior [ RunTime:-0.001499s ]
INFO: [ app_begin ] --END-- [ RunTime:0.000544s ]

[ 2013-02-06T18:16:36+08:00 ] 127.0.0.1 /lg2.0/league_2.0/project/herald_league/herald_league/index.php/Public/VerifyCode/Check?code=
INFO: [ app_begin ] --START--
INFO: Run ReadHtmlCache Behavior [ RunTime:-0.002489s ]
INFO: [ app_begin ] --END-- [ RunTime:0.003131s ]
NOTIC: [8] Undefined index:  verify D:\php\www\lg2.0\league_2.0\project\herald_league\herald_league\Lib\Action\Public\VerifyCodeAction.class.php 第 23 行.

[ 2013-02-06T18:16:36+08:00 ] 127.0.0.1 /lg2.0/league_2.0/project/herald_league/herald_league/index.php/Public/VerifyCode/Check?code=op
INFO: [ app_begin ] --START--
INFO: Run ReadHtmlCache Behavior [ RunTime:-0.001403s ]
INFO: [ app_begin ] --END-- [ RunTime:0.002440s ]
NOTIC: [8] Undefined index:  verify D:\php\www\lg2.0\league_2.0\project\herald_league\herald_league\Lib\Action\Public\VerifyCodeAction.class.php 第 23 行.

[ 2013-02-06T18:16:36+08:00 ] 127.0.0.1 /lg2.0/league_2.0/project/herald_league/herald_league/index.php/Public/VerifyCode/Check?code=op
INFO: [ app_begin ] --START--
INFO: Run ReadHtmlCache Behavior [ RunTime:-0.001395s ]
INFO: [ app_begin ] --END-- [ RunTime:0.002360s ]
NOTIC: [8] Undefined index:  verify D:\php\www\lg2.0\league_2.0\project\herald_league\herald_league\Lib\Action\Public\VerifyCodeAction.class.php 第 23 行.

[ 2013-02-06T18:16:38+08:00 ] 127.0.0.1 /lg2.0/league_2.0/project/herald_league/herald_league/index.php/Public/VerifyCode/Check?code=opt
INFO: [ app_begin ] --START--
INFO: Run ReadHtmlCache Behavior [ RunTime:-0.001421s ]
INFO: [ app_begin ] --END-- [ RunTime:0.003068s ]
NOTIC: [8] Undefined index:  verify D:\php\www\lg2.0\league_2.0\project\herald_league\herald_league\Lib\Action\Public\VerifyCodeAction.class.php 第 23 行.

[ 2013-02-06T18:16:38+08:00 ] 127.0.0.1 /lg2.0/league_2.0/project/herald_league/herald_league/index.php/Public/VerifyCode/Check?code=optd
INFO: [ app_begin ] --START--
INFO: Run ReadHtmlCache Behavior [ RunTime:-0.001450s ]
INFO: [ app_begin ] --END-- [ RunTime:0.002667s ]
NOTIC: [8] Undefined index:  verify D:\php\www\lg2.0\league_2.0\project\herald_league\herald_league\Lib\Action\Public\VerifyCodeAction.class.php 第 23 行.

[ 2013-02-06T18:16:44+08:00 ] 127.0.0.1 /lg2.0/league_2.0/project/herald_league/herald_league/index.php/Public/VerifyCode/Check?code=o
INFO: [ app_begin ] --START--
INFO: Run ReadHtmlCache Behavior [ RunTime:-0.001449s ]
INFO: [ app_begin ] --END-- [ RunTime:0.002454s ]
NOTIC: [8] Undefined index:  verify D:\php\www\lg2.0\league_2.0\project\herald_league\herald_league\Lib\Action\Public\VerifyCodeAction.class.php 第 23 行.

[ 2013-02-06T18:16:44+08:00 ] 127.0.0.1 /lg2.0/league_2.0/project/herald_league/herald_league/index.php/Public/VerifyCode/Check?code=op
INFO: [ app_begin ] --START--
INFO: Run ReadHtmlCache Behavior [ RunTime:-0.001707s ]
INFO: [ app_begin ] --END-- [ RunTime:0.002419s ]
NOTIC: [8] Undefined index:  verify D:\php\www\lg2.0\league_2.0\project\herald_league\herald_league\Lib\Action\Public\VerifyCodeAction.class.php 第 23 行.

[ 2013-02-06T18:16:45+08:00 ] 127.0.0.1 /lg2.0/league_2.0/project/herald_league/herald_league/index.php/Public/VerifyCode/Check?code=opt
INFO: [ app_begin ] --START--
INFO: Run ReadHtmlCache Behavior [ RunTime:-0.001429s ]
INFO: [ app_begin ] --END-- [ RunTime:0.002782s ]
NOTIC: [8] Undefined index:  verify D:\php\www\lg2.0\league_2.0\project\herald_league\herald_league\Lib\Action\Public\VerifyCodeAction.class.php 第 23 行.

[ 2013-02-06T18:16:45+08:00 ] 127.0.0.1 /lg2.0/league_2.0/project/herald_league/herald_league/index.php/Public/VerifyCode/Check?code=optd
INFO: [ app_begin ] --START--
INFO: Run ReadHtmlCache Behavior [ RunTime:-0.001451s ]
INFO: [ app_begin ] --END-- [ RunTime:0.002369s ]
NOTIC: [8] Undefined index:  verify D:\php\www\lg2.0\league_2.0\project\herald_league\herald_league\Lib\Action\Public\VerifyCodeAction.class.php 第 23 行.

[ 2013-02-06T18:16:49+08:00 ] 127.0.0.1 /lg2.0/league_2.0/project/herald_league/herald_league/index.php/Public/VerifyCode/Check?code=m
INFO: [ app_begin ] --START--
INFO: Run ReadHtmlCache Behavior [ RunTime:-0.001615s ]
INFO: [ app_begin ] --END-- [ RunTime:0.004264s ]

[ 2013-02-06T18:16:49+08:00 ] 127.0.0.1 /lg2.0/league_2.0/project/herald_league/herald_league/index.php/Public/VerifyCode/Check?code=mb
INFO: [ app_begin ] --START--
INFO: Run ReadHtmlCache Behavior [ RunTime:-0.001735s ]
INFO: [ app_begin ] --END-- [ RunTime:0.003732s ]

[ 2013-02-06T18:16:49+08:00 ] 127.0.0.1 /lg2.0/league_2.0/project/herald_league/herald_league/index.php/Public/VerifyCode/Check?code=mby
INFO: [ app_begin ] --START--
INFO: Run ReadHtmlCache Behavior [ RunTime:-0.001857s ]
INFO: [ app_begin ] --END-- [ RunTime:0.004151s ]

[ 2013-02-06T18:16:50+08:00 ] 127.0.0.1 /lg2.0/league_2.0/project/herald_league/herald_league/index.php/Public/VerifyCode/Check?code=mbyd
INFO: [ app_begin ] --START--
INFO: Run ReadHtmlCache Behavior [ RunTime:-0.001976s ]
INFO: [ app_begin ] --END-- [ RunTime:0.003987s ]

[ 2013-02-06T18:16:56+08:00 ] 127.0.0.1 /lg2.0/league_2.0/project/herald_league/herald_league/index.php/Public/VerifyCode/Check?code=mby
INFO: [ app_begin ] --START--
INFO: Run ReadHtmlCache Behavior [ RunTime:-0.001550s ]
INFO: [ app_begin ] --END-- [ RunTime:0.002550s ]

[ 2013-02-06T18:16:56+08:00 ] 127.0.0.1 /lg2.0/league_2.0/project/herald_league/herald_league/index.php/Public/VerifyCode/Check?code=mbyc
INFO: [ app_begin ] --START--
INFO: Run ReadHtmlCache Behavior [ RunTime:-0.001581s ]
INFO: [ app_begin ] --END-- [ RunTime:0.002452s ]

[ 2013-02-06T18:17:09+08:00 ] 127.0.0.1 /lg2.0/league_2.0/project/herald_league/herald_league/index.php/Public/VerifyCode/Check?code=ew
INFO: [ app_begin ] --START--
INFO: Run ReadHtmlCache Behavior [ RunTime:-0.001707s ]
INFO: [ app_begin ] --END-- [ RunTime:0.002426s ]

[ 2013-02-06T18:17:09+08:00 ] 127.0.0.1 /lg2.0/league_2.0/project/herald_league/herald_league/index.php/Public/VerifyCode/Check?code=ew
INFO: [ app_begin ] --START--
INFO: Run ReadHtmlCache Behavior [ RunTime:-0.001891s ]
INFO: [ app_begin ] --END-- [ RunTime:0.002685s ]

[ 2013-02-06T18:17:10+08:00 ] 127.0.0.1 /lg2.0/league_2.0/project/herald_league/herald_league/index.php/Public/VerifyCode/Check?code=ewmo
INFO: [ app_begin ] --START--
INFO: Run ReadHtmlCache Behavior [ RunTime:-0.001482s ]
INFO: [ app_begin ] --END-- [ RunTime:0.002541s ]

[ 2013-02-06T18:17:10+08:00 ] 127.0.0.1 /lg2.0/league_2.0/project/herald_league/herald_league/index.php/Public/VerifyCode/Check?code=ewmo
INFO: [ app_begin ] --START--
INFO: Run ReadHtmlCache Behavior [ RunTime:-0.001492s ]
INFO: [ app_begin ] --END-- [ RunTime:0.002415s ]

[ 2013-02-06T18:17:11+08:00 ] 127.0.0.1 /lg2.0/league_2.0/project/herald_league/herald_league/index.php/Public/VerifyCode/Check?code=ewm
INFO: [ app_begin ] --START--
INFO: Run ReadHtmlCache Behavior [ RunTime:-0.001465s ]
INFO: [ app_begin ] --END-- [ RunTime:0.002769s ]

[ 2013-02-06T18:17:11+08:00 ] 127.0.0.1 /lg2.0/league_2.0/project/herald_league/herald_league/index.php/Public/VerifyCode/Check?code=ewmi
INFO: [ app_begin ] --START--
INFO: Run ReadHtmlCache Behavior [ RunTime:-0.002597s ]
INFO: [ app_begin ] --END-- [ RunTime:0.002491s ]

[ 2013-02-06T18:18:46+08:00 ] 127.0.0.1 /lg2.0/league_2.0/project/herald_league/herald_league/index.php/Public/VerifyCode/Check?code=w
INFO: [ app_begin ] --START--
INFO: Run ReadHtmlCache Behavior [ RunTime:-0.002494s ]
INFO: [ app_begin ] --END-- [ RunTime:0.001783s ]

[ 2013-02-06T18:18:47+08:00 ] 127.0.0.1 /lg2.0/league_2.0/project/herald_league/herald_league/index.php/Public/VerifyCode/Check?code=
INFO: [ app_begin ] --START--
INFO: Run ReadHtmlCache Behavior [ RunTime:-0.001438s ]
INFO: [ app_begin ] --END-- [ RunTime:0.000701s ]

[ 2013-02-06T18:18:47+08:00 ] 127.0.0.1 /lg2.0/league_2.0/project/herald_league/herald_league/index.php/Public/VerifyCode/Check?code=m
INFO: [ app_begin ] --START--
INFO: Run ReadHtmlCache Behavior [ RunTime:-0.001434s ]
INFO: [ app_begin ] --END-- [ RunTime:0.000626s ]

[ 2013-02-06T18:18:48+08:00 ] 127.0.0.1 /lg2.0/league_2.0/project/herald_league/herald_league/index.php/Public/VerifyCode/Check?code=ms
INFO: [ app_begin ] --START--
INFO: Run ReadHtmlCache Behavior [ RunTime:-0.001690s ]
INFO: [ app_begin ] --END-- [ RunTime:0.000668s ]

[ 2013-02-06T18:18:49+08:00 ] 127.0.0.1 /lg2.0/league_2.0/project/herald_league/herald_league/index.php/Public/VerifyCode/Check?code=msw
INFO: [ app_begin ] --START--
INFO: Run ReadHtmlCache Behavior [ RunTime:-0.001355s ]
INFO: [ app_begin ] --END-- [ RunTime:0.000538s ]

[ 2013-02-06T18:18:49+08:00 ] 127.0.0.1 /lg2.0/league_2.0/project/herald_league/herald_league/index.php/Public/VerifyCode/Check?code=mswp
INFO: [ app_begin ] --START--
INFO: Run ReadHtmlCache Behavior [ RunTime:-0.001370s ]
INFO: [ app_begin ] --END-- [ RunTime:0.000558s ]

[ 2013-02-06T18:21:45+08:00 ] 127.0.0.1 /lg2.0/league_2.0/project/herald_league/herald_league/index.php/Public/VerifyCode/Check?code=d
INFO: [ app_begin ] --START--
INFO: Run ReadHtmlCache Behavior [ RunTime:-0.002376s ]
INFO: [ app_begin ] --END-- [ RunTime:0.001729s ]

[ 2013-02-06T18:21:45+08:00 ] 127.0.0.1 /lg2.0/league_2.0/project/herald_league/herald_league/index.php/Public/VerifyCode/Check?code=dv
INFO: [ app_begin ] --START--
INFO: Run ReadHtmlCache Behavior [ RunTime:-0.001579s ]
INFO: [ app_begin ] --END-- [ RunTime:0.000586s ]

[ 2013-02-06T18:21:45+08:00 ] 127.0.0.1 /lg2.0/league_2.0/project/herald_league/herald_league/index.php/Public/VerifyCode/Check?code=dvy
INFO: [ app_begin ] --START--
INFO: Run ReadHtmlCache Behavior [ RunTime:-0.001494s ]
INFO: [ app_begin ] --END-- [ RunTime:0.000637s ]

[ 2013-02-06T18:21:46+08:00 ] 127.0.0.1 /lg2.0/league_2.0/project/herald_league/herald_league/index.php/Public/VerifyCode/Check?code=dvyn
INFO: [ app_begin ] --START--
INFO: Run ReadHtmlCache Behavior [ RunTime:-0.001658s ]
INFO: [ app_begin ] --END-- [ RunTime:0.000641s ]

[ 2013-02-06T18:21:47+08:00 ] ERR: (ThinkException) Model:addClass您所请求的方法不存在！
[ 2013-02-06T18:23:54+08:00 ] 127.0.0.1 /lg2.0/league_2.0/project/herald_league/herald_league/index.php/Public/VerifyCode/Check?code=d
INFO: [ app_begin ] --START--
INFO: Run ReadHtmlCache Behavior [ RunTime:-0.001514s ]
INFO: [ app_begin ] --END-- [ RunTime:0.002583s ]

[ 2013-02-06T18:23:54+08:00 ] 127.0.0.1 /lg2.0/league_2.0/project/herald_league/herald_league/index.php/Public/VerifyCode/Check?code=do
INFO: [ app_begin ] --START--
INFO: Run ReadHtmlCache Behavior [ RunTime:-0.001652s ]
INFO: [ app_begin ] --END-- [ RunTime:0.002564s ]

[ 2013-02-06T18:23:55+08:00 ] 127.0.0.1 /lg2.0/league_2.0/project/herald_league/herald_league/index.php/Public/VerifyCode/Check?code=dowq
INFO: [ app_begin ] --START--
INFO: Run ReadHtmlCache Behavior [ RunTime:-0.001841s ]
INFO: [ app_begin ] --END-- [ RunTime:0.002752s ]

[ 2013-02-06T18:23:55+08:00 ] 127.0.0.1 /lg2.0/league_2.0/project/herald_league/herald_league/index.php/Public/VerifyCode/Check?code=dowq
INFO: [ app_begin ] --START--
INFO: Run ReadHtmlCache Behavior [ RunTime:-0.001932s ]
INFO: [ app_begin ] --END-- [ RunTime:0.003108s ]

[ 2013-02-06T18:30:20+08:00 ] 127.0.0.1 /lg2.0/league_2.0/project/herald_league/herald_league/index.php/Public/VerifyCode/Check?code=x
INFO: [ app_begin ] --START--
INFO: Run ReadHtmlCache Behavior [ RunTime:-0.002429s ]
INFO: [ app_begin ] --END-- [ RunTime:0.002899s ]

[ 2013-02-06T18:30:20+08:00 ] 127.0.0.1 /lg2.0/league_2.0/project/herald_league/herald_league/index.php/Public/VerifyCode/Check?code=xy
INFO: [ app_begin ] --START--
INFO: Run ReadHtmlCache Behavior [ RunTime:-0.001385s ]
INFO: [ app_begin ] --END-- [ RunTime:0.002267s ]

[ 2013-02-06T18:30:21+08:00 ] 127.0.0.1 /lg2.0/league_2.0/project/herald_league/herald_league/index.php/Public/VerifyCode/Check?code=xyl
INFO: [ app_begin ] --START--
INFO: Run ReadHtmlCache Behavior [ RunTime:-0.001471s ]
INFO: [ app_begin ] --END-- [ RunTime:0.002286s ]

[ 2013-02-06T18:30:21+08:00 ] 127.0.0.1 /lg2.0/league_2.0/project/herald_league/herald_league/index.php/Public/VerifyCode/Check?code=xyle
INFO: [ app_begin ] --START--
INFO: Run ReadHtmlCache Behavior [ RunTime:-0.001486s ]
INFO: [ app_begin ] --END-- [ RunTime:0.002318s ]

[ 2013-02-06T18:31:02+08:00 ] 127.0.0.1 /lg2.0/league_2.0/project/herald_league/herald_league/index.php/Public/VerifyCode/Check?code=y
INFO: [ app_begin ] --START--
INFO: Run ReadHtmlCache Behavior [ RunTime:-0.001498s ]
INFO: [ app_begin ] --END-- [ RunTime:0.002529s ]

[ 2013-02-06T18:31:02+08:00 ] 127.0.0.1 /lg2.0/league_2.0/project/herald_league/herald_league/index.php/Public/VerifyCode/Check?code=yw
INFO: [ app_begin ] --START--
INFO: Run ReadHtmlCache Behavior [ RunTime:-0.001358s ]
INFO: [ app_begin ] --END-- [ RunTime:0.002334s ]

[ 2013-02-06T18:31:02+08:00 ] 127.0.0.1 /lg2.0/league_2.0/project/herald_league/herald_league/index.php/Public/VerifyCode/Check?code=ywm
INFO: [ app_begin ] --START--
INFO: Run ReadHtmlCache Behavior [ RunTime:-0.001424s ]
INFO: [ app_begin ] --END-- [ RunTime:0.002260s ]

[ 2013-02-06T18:31:03+08:00 ] 127.0.0.1 /lg2.0/league_2.0/project/herald_league/herald_league/index.php/Public/VerifyCode/Check?code=ywmv
INFO: [ app_begin ] --START--
INFO: Run ReadHtmlCache Behavior [ RunTime:-0.001449s ]
INFO: [ app_begin ] --END-- [ RunTime:0.002295s ]

[ 2013-02-06T18:31:04+08:00 ] 127.0.0.1 /lg2.0/league_2.0/project/herald_league/herald_league/index.php/Public/VerifyCode/Check?code=ywm
INFO: [ app_begin ] --START--
INFO: Run ReadHtmlCache Behavior [ RunTime:-0.001383s ]
INFO: [ app_begin ] --END-- [ RunTime:0.002245s ]

[ 2013-02-06T18:31:05+08:00 ] 127.0.0.1 /lg2.0/league_2.0/project/herald_league/herald_league/index.php/Public/VerifyCode/Check?code=ywmu
INFO: [ app_begin ] --START--
INFO: Run ReadHtmlCache Behavior [ RunTime:-0.001402s ]
INFO: [ app_begin ] --END-- [ RunTime:0.002253s ]

[ 2013-02-06T18:31:59+08:00 ] 127.0.0.1 /lg2.0/league_2.0/project/herald_league/herald_league/index.php/Public/VerifyCode/Check?code=x
INFO: [ app_begin ] --START--
INFO: Run ReadHtmlCache Behavior [ RunTime:-0.001377s ]
INFO: [ app_begin ] --END-- [ RunTime:0.002254s ]

[ 2013-02-06T18:31:59+08:00 ] 127.0.0.1 /lg2.0/league_2.0/project/herald_league/herald_league/index.php/Public/VerifyCode/Check?code=xk
INFO: [ app_begin ] --START--
INFO: Run ReadHtmlCache Behavior [ RunTime:-0.001358s ]
INFO: [ app_begin ] --END-- [ RunTime:0.002268s ]

[ 2013-02-06T18:31:59+08:00 ] 127.0.0.1 /lg2.0/league_2.0/project/herald_league/herald_league/index.php/Public/VerifyCode/Check?code=xkvf
INFO: [ app_begin ] --START--
INFO: Run ReadHtmlCache Behavior [ RunTime:-0.001511s ]
INFO: [ app_begin ] --END-- [ RunTime:0.002300s ]

[ 2013-02-06T18:31:59+08:00 ] 127.0.0.1 /lg2.0/league_2.0/project/herald_league/herald_league/index.php/Public/VerifyCode/Check?code=xkvf
INFO: [ app_begin ] --START--
INFO: Run ReadHtmlCache Behavior [ RunTime:-0.001389s ]
INFO: [ app_begin ] --END-- [ RunTime:0.002257s ]

[ 2013-02-06T18:32:33+08:00 ] 127.0.0.1 /lg2.0/league_2.0/project/herald_league/herald_league/index.php/Public/VerifyCode/Check?code=j
INFO: [ app_begin ] --START--
INFO: Run ReadHtmlCache Behavior [ RunTime:-0.001551s ]
INFO: [ app_begin ] --END-- [ RunTime:0.002298s ]

[ 2013-02-06T18:32:33+08:00 ] 127.0.0.1 /lg2.0/league_2.0/project/herald_league/herald_league/index.php/Public/VerifyCode/Check?code=jq
INFO: [ app_begin ] --START--
INFO: Run ReadHtmlCache Behavior [ RunTime:-0.001363s ]
INFO: [ app_begin ] --END-- [ RunTime:0.002313s ]

[ 2013-02-06T18:32:35+08:00 ] 127.0.0.1 /lg2.0/league_2.0/project/herald_league/herald_league/index.php/Public/VerifyCode/Check?code=jqg
INFO: [ app_begin ] --START--
INFO: Run ReadHtmlCache Behavior [ RunTime:-0.001345s ]
INFO: [ app_begin ] --END-- [ RunTime:0.002418s ]

[ 2013-02-06T18:32:35+08:00 ] 127.0.0.1 /lg2.0/league_2.0/project/herald_league/herald_league/index.php/Public/VerifyCode/Check?code=jqga
INFO: [ app_begin ] --START--
INFO: Run ReadHtmlCache Behavior [ RunTime:-0.001554s ]
INFO: [ app_begin ] --END-- [ RunTime:0.003839s ]

[ 2013-02-06T18:33:04+08:00 ] 127.0.0.1 /lg2.0/league_2.0/project/herald_league/herald_league/index.php/Public/VerifyCode/Check?code=s
INFO: [ app_begin ] --START--
INFO: Run ReadHtmlCache Behavior [ RunTime:-0.001345s ]
INFO: [ app_begin ] --END-- [ RunTime:0.000561s ]

[ 2013-02-06T18:33:04+08:00 ] 127.0.0.1 /lg2.0/league_2.0/project/herald_league/herald_league/index.php/Public/VerifyCode/Check?code=sv
INFO: [ app_begin ] --START--
INFO: Run ReadHtmlCache Behavior [ RunTime:-0.001491s ]
INFO: [ app_begin ] --END-- [ RunTime:0.000591s ]

[ 2013-02-06T18:33:04+08:00 ] 127.0.0.1 /lg2.0/league_2.0/project/herald_league/herald_league/index.php/Public/VerifyCode/Check?code=svj
INFO: [ app_begin ] --START--
INFO: Run ReadHtmlCache Behavior [ RunTime:-0.001463s ]
INFO: [ app_begin ] --END-- [ RunTime:0.000566s ]

[ 2013-02-06T18:33:05+08:00 ] 127.0.0.1 /lg2.0/league_2.0/project/herald_league/herald_league/index.php/Public/VerifyCode/Check?code=svjm
INFO: [ app_begin ] --START--
INFO: Run ReadHtmlCache Behavior [ RunTime:-0.001351s ]
INFO: [ app_begin ] --END-- [ RunTime:0.000536s ]

[ 2013-02-06T18:33:51+08:00 ] 127.0.0.1 /lg2.0/league_2.0/project/herald_league/herald_league/index.php/Public/VerifyCode/Check?code=n
INFO: [ app_begin ] --START--
INFO: Run ReadHtmlCache Behavior [ RunTime:-0.001430s ]
INFO: [ app_begin ] --END-- [ RunTime:0.000548s ]

[ 2013-02-06T18:33:51+08:00 ] 127.0.0.1 /lg2.0/league_2.0/project/herald_league/herald_league/index.php/Public/VerifyCode/Check?code=nh
INFO: [ app_begin ] --START--
INFO: Run ReadHtmlCache Behavior [ RunTime:-0.001385s ]
INFO: [ app_begin ] --END-- [ RunTime:0.000538s ]

[ 2013-02-06T18:33:51+08:00 ] 127.0.0.1 /lg2.0/league_2.0/project/herald_league/herald_league/index.php/Public/VerifyCode/Check?code=nhad
INFO: [ app_begin ] --START--
INFO: Run ReadHtmlCache Behavior [ RunTime:-0.001463s ]
INFO: [ app_begin ] --END-- [ RunTime:0.000593s ]

[ 2013-02-06T18:33:51+08:00 ] 127.0.0.1 /lg2.0/league_2.0/project/herald_league/herald_league/index.php/Public/VerifyCode/Check?code=nhad
INFO: [ app_begin ] --START--
INFO: Run ReadHtmlCache Behavior [ RunTime:-0.001410s ]
INFO: [ app_begin ] --END-- [ RunTime:0.000572s ]

[ 2013-02-06T18:55:52+08:00 ] 127.0.0.1 /lg2.0/league_2.0/project/herald_league/herald_league/index.php/Public/VerifyCode/Check?code=k
INFO: [ app_begin ] --START--
INFO: Run ReadHtmlCache Behavior [ RunTime:-0.002506s ]
INFO: [ app_begin ] --END-- [ RunTime:0.001805s ]

[ 2013-02-06T18:55:52+08:00 ] 127.0.0.1 /lg2.0/league_2.0/project/herald_league/herald_league/index.php/Public/VerifyCode/Check?code=ka
INFO: [ app_begin ] --START--
INFO: Run ReadHtmlCache Behavior [ RunTime:-0.001367s ]
INFO: [ app_begin ] --END-- [ RunTime:0.000533s ]

[ 2013-02-06T18:55:52+08:00 ] 127.0.0.1 /lg2.0/league_2.0/project/herald_league/herald_league/index.php/Public/VerifyCode/Check?code=kab
INFO: [ app_begin ] --START--
INFO: Run ReadHtmlCache Behavior [ RunTime:-0.001395s ]
INFO: [ app_begin ] --END-- [ RunTime:0.000546s ]

[ 2013-02-06T18:55:53+08:00 ] 127.0.0.1 /lg2.0/league_2.0/project/herald_league/herald_league/index.php/Public/VerifyCode/Check?code=kabm
INFO: [ app_begin ] --START--
INFO: Run ReadHtmlCache Behavior [ RunTime:-0.001357s ]
INFO: [ app_begin ] --END-- [ RunTime:0.000566s ]

[ 2013-02-06T18:59:35+08:00 ] 127.0.0.1 /lg2.0/league_2.0/project/herald_league/herald_league/index.php/Activity/Activity/changeAttention?activityid=36&action=add
INFO: [ app_begin ] --START--
INFO: Run ReadHtmlCache Behavior [ RunTime:-0.002257s ]
INFO: [ app_begin ] --END-- [ RunTime:0.000687s ]
SQL: SHOW COLUMNS FROM `lg_activity` [ RunTime:0.007977s ]
SQL: SELECT * FROM `lg_activity` WHERE ( `id` = 36 ) LIMIT 1   [ RunTime:0.000363s ]

[ 2013-02-06T19:00:24+08:00 ] 127.0.0.1 /lg2.0/league_2.0/project/herald_league/herald_league/index.php/Public/VerifyCode/Check?code=kah
INFO: [ app_begin ] --START--
INFO: Run ReadHtmlCache Behavior [ RunTime:-0.001502s ]
INFO: [ app_begin ] --END-- [ RunTime:0.000709s ]

[ 2013-02-06T19:00:24+08:00 ] 127.0.0.1 /lg2.0/league_2.0/project/herald_league/herald_league/index.php/Public/VerifyCode/Check?code=kahs
INFO: [ app_begin ] --START--
INFO: Run ReadHtmlCache Behavior [ RunTime:-0.001346s ]
INFO: [ app_begin ] --END-- [ RunTime:0.000568s ]

[ 2013-02-06T19:00:27+08:00 ] 127.0.0.1 /lg2.0/league_2.0/project/herald_league/herald_league/index.php/Public/VerifyCode/Check?code=kah
INFO: [ app_begin ] --START--
INFO: Run ReadHtmlCache Behavior [ RunTime:-0.001389s ]
INFO: [ app_begin ] --END-- [ RunTime:0.000564s ]

[ 2013-02-06T19:00:27+08:00 ] 127.0.0.1 /lg2.0/league_2.0/project/herald_league/herald_league/index.php/Public/VerifyCode/Check?code=ka
INFO: [ app_begin ] --START--
INFO: Run ReadHtmlCache Behavior [ RunTime:-0.001418s ]
INFO: [ app_begin ] --END-- [ RunTime:0.000555s ]

[ 2013-02-06T19:00:27+08:00 ] 127.0.0.1 /lg2.0/league_2.0/project/herald_league/herald_league/index.php/Public/VerifyCode/Check?code=k
INFO: [ app_begin ] --START--
INFO: Run ReadHtmlCache Behavior [ RunTime:-0.001355s ]
INFO: [ app_begin ] --END-- [ RunTime:0.000559s ]

[ 2013-02-06T19:00:28+08:00 ] 127.0.0.1 /lg2.0/league_2.0/project/herald_league/herald_league/index.php/Public/VerifyCode/Check?code=
INFO: [ app_begin ] --START--
INFO: Run ReadHtmlCache Behavior [ RunTime:-0.001409s ]
INFO: [ app_begin ] --END-- [ RunTime:0.000542s ]

[ 2013-02-06T19:00:29+08:00 ] 127.0.0.1 /lg2.0/league_2.0/project/herald_league/herald_league/index.php/Public/VerifyCode/Check?code=o
INFO: [ app_begin ] --START--
INFO: Run ReadHtmlCache Behavior [ RunTime:-0.001411s ]
INFO: [ app_begin ] --END-- [ RunTime:0.000535s ]

[ 2013-02-06T19:00:29+08:00 ] 127.0.0.1 /lg2.0/league_2.0/project/herald_league/herald_league/index.php/Public/VerifyCode/Check?code=on
INFO: [ app_begin ] --START--
INFO: Run ReadHtmlCache Behavior [ RunTime:-0.001377s ]
INFO: [ app_begin ] --END-- [ RunTime:0.000532s ]

[ 2013-02-06T19:00:29+08:00 ] 127.0.0.1 /lg2.0/league_2.0/project/herald_league/herald_league/index.php/Public/VerifyCode/Check?code=onh
INFO: [ app_begin ] --START--
INFO: Run ReadHtmlCache Behavior [ RunTime:-0.001536s ]
INFO: [ app_begin ] --END-- [ RunTime:0.000563s ]

[ 2013-02-06T19:00:30+08:00 ] 127.0.0.1 /lg2.0/league_2.0/project/herald_league/herald_league/index.php/Public/VerifyCode/Check?code=onhs
INFO: [ app_begin ] --START--
INFO: Run ReadHtmlCache Behavior [ RunTime:-0.001384s ]
INFO: [ app_begin ] --END-- [ RunTime:0.000562s ]

[ 2013-02-06T19:02:19+08:00 ] 127.0.0.1 /lg2.0/league_2.0/project/herald_league/herald_league/index.php/Public/VerifyCode/Check?code=cx
INFO: [ app_begin ] --START--
INFO: Run ReadHtmlCache Behavior [ RunTime:-0.001369s ]
INFO: [ app_begin ] --END-- [ RunTime:0.002224s ]

[ 2013-02-06T19:02:19+08:00 ] 127.0.0.1 /lg2.0/league_2.0/project/herald_league/herald_league/index.php/Public/VerifyCode/Check?code=cx
INFO: [ app_begin ] --START--
INFO: Run ReadHtmlCache Behavior [ RunTime:-0.001428s ]
INFO: [ app_begin ] --END-- [ RunTime:0.002330s ]

[ 2013-02-06T19:02:20+08:00 ] 127.0.0.1 /lg2.0/league_2.0/project/herald_league/herald_league/index.php/Public/VerifyCode/Check?code=cxo
INFO: [ app_begin ] --START--
INFO: Run ReadHtmlCache Behavior [ RunTime:-0.001331s ]
INFO: [ app_begin ] --END-- [ RunTime:0.002335s ]

[ 2013-02-06T19:02:20+08:00 ] 127.0.0.1 /lg2.0/league_2.0/project/herald_league/herald_league/index.php/Public/VerifyCode/Check?code=cxom
INFO: [ app_begin ] --START--
INFO: Run ReadHtmlCache Behavior [ RunTime:-0.001438s ]
INFO: [ app_begin ] --END-- [ RunTime:0.002324s ]

[ 2013-02-06T19:03:03+08:00 ] 127.0.0.1 /lg2.0/league_2.0/project/herald_league/herald_league/index.php/Public/VerifyCode/Check?code=h
INFO: [ app_begin ] --START--
INFO: Run ReadHtmlCache Behavior [ RunTime:-0.001388s ]
INFO: [ app_begin ] --END-- [ RunTime:0.000577s ]

[ 2013-02-06T19:03:03+08:00 ] 127.0.0.1 /lg2.0/league_2.0/project/herald_league/herald_league/index.php/Public/VerifyCode/Check?code=hq
INFO: [ app_begin ] --START--
INFO: Run ReadHtmlCache Behavior [ RunTime:-0.001413s ]
INFO: [ app_begin ] --END-- [ RunTime:0.000547s ]

[ 2013-02-06T19:03:04+08:00 ] 127.0.0.1 /lg2.0/league_2.0/project/herald_league/herald_league/index.php/Public/VerifyCode/Check?code=hqm
INFO: [ app_begin ] --START--
INFO: Run ReadHtmlCache Behavior [ RunTime:-0.001365s ]
INFO: [ app_begin ] --END-- [ RunTime:0.000592s ]

[ 2013-02-06T19:03:04+08:00 ] 127.0.0.1 /lg2.0/league_2.0/project/herald_league/herald_league/index.php/Public/VerifyCode/Check?code=hqmw
INFO: [ app_begin ] --START--
INFO: Run ReadHtmlCache Behavior [ RunTime:-0.001403s ]
INFO: [ app_begin ] --END-- [ RunTime:0.000565s ]

[ 2013-02-06T19:05:44+08:00 ] 127.0.0.1 /lg2.0/league_2.0/project/herald_league/herald_league/index.php/Public/VerifyCode/Check?code=r
INFO: [ app_begin ] --START--
INFO: Run ReadHtmlCache Behavior [ RunTime:-0.001395s ]
INFO: [ app_begin ] --END-- [ RunTime:0.000559s ]

[ 2013-02-06T19:05:44+08:00 ] 127.0.0.1 /lg2.0/league_2.0/project/herald_league/herald_league/index.php/Public/VerifyCode/Check?code=rx
INFO: [ app_begin ] --START--
INFO: Run ReadHtmlCache Behavior [ RunTime:-0.001513s ]
INFO: [ app_begin ] --END-- [ RunTime:0.000599s ]

[ 2013-02-06T19:05:45+08:00 ] 127.0.0.1 /lg2.0/league_2.0/project/herald_league/herald_league/index.php/Public/VerifyCode/Check?code=rxt
INFO: [ app_begin ] --START--
INFO: Run ReadHtmlCache Behavior [ RunTime:-0.001398s ]
INFO: [ app_begin ] --END-- [ RunTime:0.000672s ]

[ 2013-02-06T19:05:45+08:00 ] 127.0.0.1 /lg2.0/league_2.0/project/herald_league/herald_league/index.php/Public/VerifyCode/Check?code=rxtd
INFO: [ app_begin ] --START--
INFO: Run ReadHtmlCache Behavior [ RunTime:-0.001380s ]
INFO: [ app_begin ] --END-- [ RunTime:0.000536s ]

[ 2013-02-06T19:07:20+08:00 ] 127.0.0.1 /lg2.0/league_2.0/project/herald_league/herald_league/index.php/Public/VerifyCode/Check?code=sc
INFO: [ app_begin ] --START--
INFO: Run ReadHtmlCache Behavior [ RunTime:-0.001390s ]
INFO: [ app_begin ] --END-- [ RunTime:0.004037s ]

[ 2013-02-06T19:07:20+08:00 ] 127.0.0.1 /lg2.0/league_2.0/project/herald_league/herald_league/index.php/Public/VerifyCode/Check?code=sc
INFO: [ app_begin ] --START--
INFO: Run ReadHtmlCache Behavior [ RunTime:-0.001459s ]
INFO: [ app_begin ] --END-- [ RunTime:0.002278s ]

[ 2013-02-06T19:07:20+08:00 ] 127.0.0.1 /lg2.0/league_2.0/project/herald_league/herald_league/index.php/Public/VerifyCode/Check?code=schr
INFO: [ app_begin ] --START--
INFO: Run ReadHtmlCache Behavior [ RunTime:-0.001586s ]
INFO: [ app_begin ] --END-- [ RunTime:0.002311s ]

[ 2013-02-06T19:07:20+08:00 ] 127.0.0.1 /lg2.0/league_2.0/project/herald_league/herald_league/index.php/Public/VerifyCode/Check?code=schr
INFO: [ app_begin ] --START--
INFO: Run ReadHtmlCache Behavior [ RunTime:-0.001603s ]
INFO: [ app_begin ] --END-- [ RunTime:0.002589s ]

[ 2013-02-06T19:08:49+08:00 ] 127.0.0.1 /lg2.0/league_2.0/project/herald_league/herald_league/index.php/Public/VerifyCode/Check?code=q
INFO: [ app_begin ] --START--
INFO: Run ReadHtmlCache Behavior [ RunTime:-0.001825s ]
INFO: [ app_begin ] --END-- [ RunTime:0.002467s ]

[ 2013-02-06T19:08:49+08:00 ] 127.0.0.1 /lg2.0/league_2.0/project/herald_league/herald_league/index.php/Public/VerifyCode/Check?code=qu
INFO: [ app_begin ] --START--
INFO: Run ReadHtmlCache Behavior [ RunTime:-0.001496s ]
INFO: [ app_begin ] --END-- [ RunTime:0.002341s ]

[ 2013-02-06T19:08:49+08:00 ] 127.0.0.1 /lg2.0/league_2.0/project/herald_league/herald_league/index.php/Public/VerifyCode/Check?code=qul
INFO: [ app_begin ] --START--
INFO: Run ReadHtmlCache Behavior [ RunTime:-0.001470s ]
INFO: [ app_begin ] --END-- [ RunTime:0.002288s ]

[ 2013-02-06T19:08:49+08:00 ] 127.0.0.1 /lg2.0/league_2.0/project/herald_league/herald_league/index.php/Public/VerifyCode/Check?code=qulr
INFO: [ app_begin ] --START--
INFO: Run ReadHtmlCache Behavior [ RunTime:-0.001389s ]
INFO: [ app_begin ] --END-- [ RunTime:0.002499s ]

[ 2013-02-06T19:13:34+08:00 ] 127.0.0.1 /lg2.0/league_2.0/project/herald_league/herald_league/index.php/Public/VerifyCode/Check?code=c
INFO: [ app_begin ] --START--
INFO: Run ReadHtmlCache Behavior [ RunTime:-0.002903s ]
INFO: [ app_begin ] --END-- [ RunTime:0.002222s ]

[ 2013-02-06T19:13:34+08:00 ] 127.0.0.1 /lg2.0/league_2.0/project/herald_league/herald_league/index.php/Public/VerifyCode/Check?code=ch
INFO: [ app_begin ] --START--
INFO: Run ReadHtmlCache Behavior [ RunTime:-0.001482s ]
INFO: [ app_begin ] --END-- [ RunTime:0.000561s ]

[ 2013-02-06T19:13:35+08:00 ] 127.0.0.1 /lg2.0/league_2.0/project/herald_league/herald_league/index.php/Public/VerifyCode/Check?code=chv
INFO: [ app_begin ] --START--
INFO: Run ReadHtmlCache Behavior [ RunTime:-0.001377s ]
INFO: [ app_begin ] --END-- [ RunTime:0.000565s ]

[ 2013-02-06T19:13:35+08:00 ] 127.0.0.1 /lg2.0/league_2.0/project/herald_league/herald_league/index.php/Public/VerifyCode/Check?code=chvj
INFO: [ app_begin ] --START--
INFO: Run ReadHtmlCache Behavior [ RunTime:-0.001438s ]
INFO: [ app_begin ] --END-- [ RunTime:0.000578s ]

[ 2013-02-06T19:14:27+08:00 ] 127.0.0.1 /lg2.0/league_2.0/project/herald_league/herald_league/index.php/Public/VerifyCode/Check?code=vg
INFO: [ app_begin ] --START--
INFO: Run ReadHtmlCache Behavior [ RunTime:-0.001433s ]
INFO: [ app_begin ] --END-- [ RunTime:0.002428s ]

[ 2013-02-06T19:14:27+08:00 ] 127.0.0.1 /lg2.0/league_2.0/project/herald_league/herald_league/index.php/Public/VerifyCode/Check?code=vgz
INFO: [ app_begin ] --START--
INFO: Run ReadHtmlCache Behavior [ RunTime:-0.001466s ]
INFO: [ app_begin ] --END-- [ RunTime:0.002333s ]

[ 2013-02-06T19:14:28+08:00 ] 127.0.0.1 /lg2.0/league_2.0/project/herald_league/herald_league/index.php/Public/VerifyCode/Check?code=vgz
INFO: [ app_begin ] --START--
INFO: Run ReadHtmlCache Behavior [ RunTime:-0.001373s ]
INFO: [ app_begin ] --END-- [ RunTime:0.002272s ]

[ 2013-02-06T19:14:28+08:00 ] 127.0.0.1 /lg2.0/league_2.0/project/herald_league/herald_league/index.php/Public/VerifyCode/Check?code=vgzt
INFO: [ app_begin ] --START--
INFO: Run ReadHtmlCache Behavior [ RunTime:-0.001386s ]
INFO: [ app_begin ] --END-- [ RunTime:0.002269s ]

[ 2013-02-06T19:14:32+08:00 ] 127.0.0.1 /lg2.0/league_2.0/project/herald_league/herald_league/index.php/Public/VerifyCode/Check?code=u
INFO: [ app_begin ] --START--
INFO: Run ReadHtmlCache Behavior [ RunTime:-0.001387s ]
INFO: [ app_begin ] --END-- [ RunTime:0.002391s ]

[ 2013-02-06T19:14:32+08:00 ] 127.0.0.1 /lg2.0/league_2.0/project/herald_league/herald_league/index.php/Public/VerifyCode/Check?code=ug
INFO: [ app_begin ] --START--
INFO: Run ReadHtmlCache Behavior [ RunTime:-0.001387s ]
INFO: [ app_begin ] --END-- [ RunTime:0.002430s ]

[ 2013-02-06T19:14:32+08:00 ] 127.0.0.1 /lg2.0/league_2.0/project/herald_league/herald_league/index.php/Public/VerifyCode/Check?code=ugz
INFO: [ app_begin ] --START--
INFO: Run ReadHtmlCache Behavior [ RunTime:-0.001387s ]
INFO: [ app_begin ] --END-- [ RunTime:0.002426s ]

[ 2013-02-06T19:14:34+08:00 ] 127.0.0.1 /lg2.0/league_2.0/project/herald_league/herald_league/index.php/Public/VerifyCode/Check?code=ugzt
INFO: [ app_begin ] --START--
INFO: Run ReadHtmlCache Behavior [ RunTime:-0.001406s ]
INFO: [ app_begin ] --END-- [ RunTime:0.002476s ]

[ 2013-02-06T19:15:20+08:00 ] 127.0.0.1 /lg2.0/league_2.0/project/herald_league/herald_league/index.php/Public/VerifyCode/Check?code=y
INFO: [ app_begin ] --START--
INFO: Run ReadHtmlCache Behavior [ RunTime:-0.001369s ]
INFO: [ app_begin ] --END-- [ RunTime:0.002450s ]

[ 2013-02-06T19:15:21+08:00 ] 127.0.0.1 /lg2.0/league_2.0/project/herald_league/herald_league/index.php/Public/VerifyCode/Check?code=yh
INFO: [ app_begin ] --START--
INFO: Run ReadHtmlCache Behavior [ RunTime:-0.001375s ]
INFO: [ app_begin ] --END-- [ RunTime:0.002405s ]

[ 2013-02-06T19:15:22+08:00 ] 127.0.0.1 /lg2.0/league_2.0/project/herald_league/herald_league/index.php/Public/VerifyCode/Check?code=yh%5C
INFO: [ app_begin ] --START--
INFO: Run ReadHtmlCache Behavior [ RunTime:-0.001604s ]
INFO: [ app_begin ] --END-- [ RunTime:0.002263s ]

[ 2013-02-06T19:15:22+08:00 ] 127.0.0.1 /lg2.0/league_2.0/project/herald_league/herald_league/index.php/Public/VerifyCode/Check?code=yh
INFO: [ app_begin ] --START--
INFO: Run ReadHtmlCache Behavior [ RunTime:-0.001374s ]
INFO: [ app_begin ] --END-- [ RunTime:0.002279s ]

[ 2013-02-06T19:15:23+08:00 ] 127.0.0.1 /lg2.0/league_2.0/project/herald_league/herald_league/index.php/Public/VerifyCode/Check?code=y
INFO: [ app_begin ] --START--
INFO: Run ReadHtmlCache Behavior [ RunTime:-0.001351s ]
INFO: [ app_begin ] --END-- [ RunTime:0.002265s ]

[ 2013-02-06T19:15:23+08:00 ] 127.0.0.1 /lg2.0/league_2.0/project/herald_league/herald_league/index.php/Public/VerifyCode/Check?code=
INFO: [ app_begin ] --START--
INFO: Run ReadHtmlCache Behavior [ RunTime:-0.001396s ]
INFO: [ app_begin ] --END-- [ RunTime:0.002259s ]

[ 2013-02-06T19:15:23+08:00 ] 127.0.0.1 /lg2.0/league_2.0/project/herald_league/herald_league/index.php/Public/VerifyCode/Check?code=m
INFO: [ app_begin ] --START--
INFO: Run ReadHtmlCache Behavior [ RunTime:-0.001387s ]
INFO: [ app_begin ] --END-- [ RunTime:0.002338s ]

[ 2013-02-06T19:15:24+08:00 ] 127.0.0.1 /lg2.0/league_2.0/project/herald_league/herald_league/index.php/Public/VerifyCode/Check?code=mj
INFO: [ app_begin ] --START--
INFO: Run ReadHtmlCache Behavior [ RunTime:-0.001404s ]
INFO: [ app_begin ] --END-- [ RunTime:0.002278s ]

[ 2013-02-06T19:15:24+08:00 ] 127.0.0.1 /lg2.0/league_2.0/project/herald_league/herald_league/index.php/Public/VerifyCode/Check?code=mjy
INFO: [ app_begin ] --START--
INFO: Run ReadHtmlCache Behavior [ RunTime:-0.001594s ]
INFO: [ app_begin ] --END-- [ RunTime:0.002293s ]

[ 2013-02-06T19:15:25+08:00 ] 127.0.0.1 /lg2.0/league_2.0/project/herald_league/herald_league/index.php/Public/VerifyCode/Check?code=mjyh
INFO: [ app_begin ] --START--
INFO: Run ReadHtmlCache Behavior [ RunTime:-0.001364s ]
INFO: [ app_begin ] --END-- [ RunTime:0.002246s ]

[ 2013-02-06T19:17:22+08:00 ] 127.0.0.1 /lg2.0/league_2.0/project/herald_league/herald_league/index.php/Public/VerifyCode/Check?code=y
INFO: [ app_begin ] --START--
INFO: Run ReadHtmlCache Behavior [ RunTime:-0.002803s ]
INFO: [ app_begin ] --END-- [ RunTime:0.002276s ]

[ 2013-02-06T19:17:22+08:00 ] 127.0.0.1 /lg2.0/league_2.0/project/herald_league/herald_league/index.php/Public/VerifyCode/Check?code=yc
INFO: [ app_begin ] --START--
INFO: Run ReadHtmlCache Behavior [ RunTime:-0.001392s ]
INFO: [ app_begin ] --END-- [ RunTime:0.000546s ]

[ 2013-02-06T19:17:23+08:00 ] 127.0.0.1 /lg2.0/league_2.0/project/herald_league/herald_league/index.php/Public/VerifyCode/Check?code=ycl
INFO: [ app_begin ] --START--
INFO: Run ReadHtmlCache Behavior [ RunTime:-0.001366s ]
INFO: [ app_begin ] --END-- [ RunTime:0.000555s ]

[ 2013-02-06T19:17:23+08:00 ] 127.0.0.1 /lg2.0/league_2.0/project/herald_league/herald_league/index.php/Public/VerifyCode/Check?code=ycld
INFO: [ app_begin ] --START--
INFO: Run ReadHtmlCache Behavior [ RunTime:-0.001685s ]
INFO: [ app_begin ] --END-- [ RunTime:0.000635s ]

[ 2013-02-06T19:18:14+08:00 ] 127.0.0.1 /lg2.0/league_2.0/project/herald_league/herald_league/index.php/Public/VerifyCode/Check?code=ko
INFO: [ app_begin ] --START--
INFO: Run ReadHtmlCache Behavior [ RunTime:-0.001362s ]
INFO: [ app_begin ] --END-- [ RunTime:0.000720s ]

[ 2013-02-06T19:18:15+08:00 ] 127.0.0.1 /lg2.0/league_2.0/project/herald_league/herald_league/index.php/Public/VerifyCode/Check?code=ko
INFO: [ app_begin ] --START--
INFO: Run ReadHtmlCache Behavior [ RunTime:-0.001374s ]
INFO: [ app_begin ] --END-- [ RunTime:0.000600s ]

[ 2013-02-06T19:18:15+08:00 ] 127.0.0.1 /lg2.0/league_2.0/project/herald_league/herald_league/index.php/Public/VerifyCode/Check?code=kor
INFO: [ app_begin ] --START--
INFO: Run ReadHtmlCache Behavior [ RunTime:-0.001387s ]
INFO: [ app_begin ] --END-- [ RunTime:0.000539s ]

[ 2013-02-06T19:18:15+08:00 ] 127.0.0.1 /lg2.0/league_2.0/project/herald_league/herald_league/index.php/Public/VerifyCode/Check?code=korb
INFO: [ app_begin ] --START--
INFO: Run ReadHtmlCache Behavior [ RunTime:-0.001406s ]
INFO: [ app_begin ] --END-- [ RunTime:0.000539s ]

[ 2013-02-06T19:39:30+08:00 ] 127.0.0.1 /lg2.0/league_2.0/project/herald_league/herald_league/index.php/Public/VerifyCode/Check?code=s
INFO: [ app_begin ] --START--
INFO: Run ReadHtmlCache Behavior [ RunTime:-0.002767s ]
INFO: [ app_begin ] --END-- [ RunTime:0.003663s ]

[ 2013-02-06T19:39:31+08:00 ] 127.0.0.1 /lg2.0/league_2.0/project/herald_league/herald_league/index.php/Public/VerifyCode/Check?code=sf
INFO: [ app_begin ] --START--
INFO: Run ReadHtmlCache Behavior [ RunTime:-0.002416s ]
INFO: [ app_begin ] --END-- [ RunTime:0.004363s ]

[ 2013-02-06T19:39:32+08:00 ] 127.0.0.1 /lg2.0/league_2.0/project/herald_league/herald_league/index.php/Public/VerifyCode/Check?code=s
INFO: [ app_begin ] --START--
INFO: Run ReadHtmlCache Behavior [ RunTime:-0.001364s ]
INFO: [ app_begin ] --END-- [ RunTime:0.002425s ]

[ 2013-02-06T19:39:32+08:00 ] 127.0.0.1 /lg2.0/league_2.0/project/herald_league/herald_league/index.php/Public/VerifyCode/Check?code=sd
INFO: [ app_begin ] --START--
INFO: Run ReadHtmlCache Behavior [ RunTime:-0.001388s ]
INFO: [ app_begin ] --END-- [ RunTime:0.002278s ]

[ 2013-02-06T19:39:33+08:00 ] 127.0.0.1 /lg2.0/league_2.0/project/herald_league/herald_league/index.php/Public/VerifyCode/Check?code=sdc
INFO: [ app_begin ] --START--
INFO: Run ReadHtmlCache Behavior [ RunTime:-0.001368s ]
INFO: [ app_begin ] --END-- [ RunTime:0.002275s ]

[ 2013-02-06T19:39:33+08:00 ] 127.0.0.1 /lg2.0/league_2.0/project/herald_league/herald_league/index.php/Public/VerifyCode/Check?code=sdcv
INFO: [ app_begin ] --START--
INFO: Run ReadHtmlCache Behavior [ RunTime:-0.001437s ]
INFO: [ app_begin ] --END-- [ RunTime:0.002342s ]

[ 2013-02-06T19:42:21+08:00 ] 127.0.0.1 /lg2.0/league_2.0/project/herald_league/herald_league/index.php/Public/VerifyCode/Check?code=re
INFO: [ app_begin ] --START--
INFO: Run ReadHtmlCache Behavior [ RunTime:-0.002413s ]
INFO: [ app_begin ] --END-- [ RunTime:0.001705s ]

[ 2013-02-06T19:42:21+08:00 ] 127.0.0.1 /lg2.0/league_2.0/project/herald_league/herald_league/index.php/Public/VerifyCode/Check?code=rea
INFO: [ app_begin ] --START--
INFO: Run ReadHtmlCache Behavior [ RunTime:-0.001375s ]
INFO: [ app_begin ] --END-- [ RunTime:0.000594s ]

[ 2013-02-06T19:42:21+08:00 ] 127.0.0.1 /lg2.0/league_2.0/project/herald_league/herald_league/index.php/Public/VerifyCode/Check?code=rea
INFO: [ app_begin ] --START--
INFO: Run ReadHtmlCache Behavior [ RunTime:-0.001446s ]
INFO: [ app_begin ] --END-- [ RunTime:0.000700s ]

[ 2013-02-06T19:42:21+08:00 ] 127.0.0.1 /lg2.0/league_2.0/project/herald_league/herald_league/index.php/Public/VerifyCode/Check?code=reap
INFO: [ app_begin ] --START--
INFO: Run ReadHtmlCache Behavior [ RunTime:-0.001362s ]
INFO: [ app_begin ] --END-- [ RunTime:0.000570s ]

[ 2013-02-06T19:44:47+08:00 ] 127.0.0.1 /lg2.0/league_2.0/project/herald_league/herald_league/index.php/Public/VerifyCode/Check?code=l
INFO: [ app_begin ] --START--
INFO: Run ReadHtmlCache Behavior [ RunTime:-0.001380s ]
INFO: [ app_begin ] --END-- [ RunTime:0.002284s ]

[ 2013-02-06T19:44:47+08:00 ] 127.0.0.1 /lg2.0/league_2.0/project/herald_league/herald_league/index.php/Public/VerifyCode/Check?code=lfw
INFO: [ app_begin ] --START--
INFO: Run ReadHtmlCache Behavior [ RunTime:-0.001446s ]
INFO: [ app_begin ] --END-- [ RunTime:0.002305s ]

[ 2013-02-06T19:44:47+08:00 ] 127.0.0.1 /lg2.0/league_2.0/project/herald_league/herald_league/index.php/Public/VerifyCode/Check?code=lfw
INFO: [ app_begin ] --START--
INFO: Run ReadHtmlCache Behavior [ RunTime:-0.001401s ]
INFO: [ app_begin ] --END-- [ RunTime:0.002257s ]

[ 2013-02-06T19:44:47+08:00 ] 127.0.0.1 /lg2.0/league_2.0/project/herald_league/herald_league/index.php/Public/VerifyCode/Check?code=lfwn
INFO: [ app_begin ] --START--
INFO: Run ReadHtmlCache Behavior [ RunTime:-0.001359s ]
INFO: [ app_begin ] --END-- [ RunTime:0.002235s ]

[ 2013-02-06T19:48:14+08:00 ] 127.0.0.1 /lg2.0/league_2.0/project/herald_league/herald_league/index.php/Public/VerifyCode/Check?code=fd
INFO: [ app_begin ] --START--
INFO: Run ReadHtmlCache Behavior [ RunTime:-0.001433s ]
INFO: [ app_begin ] --END-- [ RunTime:0.000542s ]

[ 2013-02-06T19:48:15+08:00 ] 127.0.0.1 /lg2.0/league_2.0/project/herald_league/herald_league/index.php/Public/VerifyCode/Check?code=fds
INFO: [ app_begin ] --START--
INFO: Run ReadHtmlCache Behavior [ RunTime:-0.001393s ]
INFO: [ app_begin ] --END-- [ RunTime:0.000539s ]

[ 2013-02-06T19:48:15+08:00 ] 127.0.0.1 /lg2.0/league_2.0/project/herald_league/herald_league/index.php/Public/VerifyCode/Check?code=fdsk
INFO: [ app_begin ] --START--
INFO: Run ReadHtmlCache Behavior [ RunTime:-0.001400s ]
INFO: [ app_begin ] --END-- [ RunTime:0.000534s ]

[ 2013-02-06T19:48:16+08:00 ] 127.0.0.1 /lg2.0/league_2.0/project/herald_league/herald_league/index.php/Public/VerifyCode/Check?code=fds
INFO: [ app_begin ] --START--
INFO: Run ReadHtmlCache Behavior [ RunTime:-0.001433s ]
INFO: [ app_begin ] --END-- [ RunTime:0.000564s ]

[ 2013-02-06T19:48:17+08:00 ] 127.0.0.1 /lg2.0/league_2.0/project/herald_league/herald_league/index.php/Public/VerifyCode/Check?code=fd
INFO: [ app_begin ] --START--
INFO: Run ReadHtmlCache Behavior [ RunTime:-0.001355s ]
INFO: [ app_begin ] --END-- [ RunTime:0.000561s ]

[ 2013-02-06T19:48:17+08:00 ] 127.0.0.1 /lg2.0/league_2.0/project/herald_league/herald_league/index.php/Public/VerifyCode/Check?code=f
INFO: [ app_begin ] --START--
INFO: Run ReadHtmlCache Behavior [ RunTime:-0.001429s ]
INFO: [ app_begin ] --END-- [ RunTime:0.000572s ]

[ 2013-02-06T19:48:17+08:00 ] 127.0.0.1 /lg2.0/league_2.0/project/herald_league/herald_league/index.php/Public/VerifyCode/Check?code=fp
INFO: [ app_begin ] --START--
INFO: Run ReadHtmlCache Behavior [ RunTime:-0.001528s ]
INFO: [ app_begin ] --END-- [ RunTime:0.000675s ]

[ 2013-02-06T19:48:18+08:00 ] 127.0.0.1 /lg2.0/league_2.0/project/herald_league/herald_league/index.php/Public/VerifyCode/Check?code=fps
INFO: [ app_begin ] --START--
INFO: Run ReadHtmlCache Behavior [ RunTime:-0.001577s ]
INFO: [ app_begin ] --END-- [ RunTime:0.000628s ]

[ 2013-02-06T19:48:18+08:00 ] 127.0.0.1 /lg2.0/league_2.0/project/herald_league/herald_league/index.php/Public/VerifyCode/Check?code=fpsk
INFO: [ app_begin ] --START--
INFO: Run ReadHtmlCache Behavior [ RunTime:-0.001382s ]
INFO: [ app_begin ] --END-- [ RunTime:0.000533s ]

[ 2013-02-06T19:49:24+08:00 ] 127.0.0.1 /lg2.0/league_2.0/project/herald_league/herald_league/index.php/Public/VerifyCode/Check?code=lk
INFO: [ app_begin ] --START--
INFO: Run ReadHtmlCache Behavior [ RunTime:-0.001376s ]
INFO: [ app_begin ] --END-- [ RunTime:0.000533s ]

[ 2013-02-06T19:49:24+08:00 ] 127.0.0.1 /lg2.0/league_2.0/project/herald_league/herald_league/index.php/Public/VerifyCode/Check?code=lk
INFO: [ app_begin ] --START--
INFO: Run ReadHtmlCache Behavior [ RunTime:-0.001512s ]
INFO: [ app_begin ] --END-- [ RunTime:0.000610s ]

[ 2013-02-06T19:49:25+08:00 ] 127.0.0.1 /lg2.0/league_2.0/project/herald_league/herald_league/index.php/Public/VerifyCode/Check?code=lkw
INFO: [ app_begin ] --START--
INFO: Run ReadHtmlCache Behavior [ RunTime:-0.001542s ]
INFO: [ app_begin ] --END-- [ RunTime:0.000590s ]

[ 2013-02-06T19:49:25+08:00 ] 127.0.0.1 /lg2.0/league_2.0/project/herald_league/herald_league/index.php/Public/VerifyCode/Check?code=lkwj
INFO: [ app_begin ] --START--
INFO: Run ReadHtmlCache Behavior [ RunTime:-0.001442s ]
INFO: [ app_begin ] --END-- [ RunTime:0.000569s ]

[ 2013-02-06T19:49:59+08:00 ] 127.0.0.1 /lg2.0/league_2.0/project/herald_league/herald_league/index.php/Public/VerifyCode/Check?code=op
INFO: [ app_begin ] --START--
INFO: Run ReadHtmlCache Behavior [ RunTime:-0.001582s ]
INFO: [ app_begin ] --END-- [ RunTime:0.000656s ]

[ 2013-02-06T19:49:59+08:00 ] 127.0.0.1 /lg2.0/league_2.0/project/herald_league/herald_league/index.php/Public/VerifyCode/Check?code=op
INFO: [ app_begin ] --START--
INFO: Run ReadHtmlCache Behavior [ RunTime:-0.001411s ]
INFO: [ app_begin ] --END-- [ RunTime:0.000581s ]

[ 2013-02-06T19:50:00+08:00 ] 127.0.0.1 /lg2.0/league_2.0/project/herald_league/herald_league/index.php/Public/VerifyCode/Check?code=opg
INFO: [ app_begin ] --START--
INFO: Run ReadHtmlCache Behavior [ RunTime:-0.001373s ]
INFO: [ app_begin ] --END-- [ RunTime:0.000571s ]

[ 2013-02-06T19:50:01+08:00 ] 127.0.0.1 /lg2.0/league_2.0/project/herald_league/herald_league/index.php/Public/VerifyCode/Check?code=opgj
INFO: [ app_begin ] --START--
INFO: Run ReadHtmlCache Behavior [ RunTime:-0.001392s ]
INFO: [ app_begin ] --END-- [ RunTime:0.000544s ]

[ 2013-02-06T19:50:04+08:00 ] 127.0.0.1 /lg2.0/league_2.0/project/herald_league/herald_league/index.php/Public/VerifyCode/Check?code=s
INFO: [ app_begin ] --START--
INFO: Run ReadHtmlCache Behavior [ RunTime:-0.001368s ]
INFO: [ app_begin ] --END-- [ RunTime:0.000670s ]

[ 2013-02-06T19:50:04+08:00 ] 127.0.0.1 /lg2.0/league_2.0/project/herald_league/herald_league/index.php/Public/VerifyCode/Check?code=si
INFO: [ app_begin ] --START--
INFO: Run ReadHtmlCache Behavior [ RunTime:-0.001416s ]
INFO: [ app_begin ] --END-- [ RunTime:0.000546s ]

[ 2013-02-06T19:50:04+08:00 ] 127.0.0.1 /lg2.0/league_2.0/project/herald_league/herald_league/index.php/Public/VerifyCode/Check?code=sie
INFO: [ app_begin ] --START--
INFO: Run ReadHtmlCache Behavior [ RunTime:-0.001357s ]
INFO: [ app_begin ] --END-- [ RunTime:0.000561s ]

[ 2013-02-06T19:50:04+08:00 ] 127.0.0.1 /lg2.0/league_2.0/project/herald_league/herald_league/index.php/Public/VerifyCode/Check?code=siel
INFO: [ app_begin ] --START--
INFO: Run ReadHtmlCache Behavior [ RunTime:-0.001360s ]
INFO: [ app_begin ] --END-- [ RunTime:0.000577s ]

[ 2013-02-06T19:50:39+08:00 ] 127.0.0.1 /lg2.0/league_2.0/project/herald_league/herald_league/index.php/Public/VerifyCode/Check?code=v
INFO: [ app_begin ] --START--
INFO: Run ReadHtmlCache Behavior [ RunTime:-0.001608s ]
INFO: [ app_begin ] --END-- [ RunTime:0.000684s ]

[ 2013-02-06T19:50:39+08:00 ] 127.0.0.1 /lg2.0/league_2.0/project/herald_league/herald_league/index.php/Public/VerifyCode/Check?code=vi
INFO: [ app_begin ] --START--
INFO: Run ReadHtmlCache Behavior [ RunTime:-0.001445s ]
INFO: [ app_begin ] --END-- [ RunTime:0.000586s ]

[ 2013-02-06T19:50:40+08:00 ] 127.0.0.1 /lg2.0/league_2.0/project/herald_league/herald_league/index.php/Public/VerifyCode/Check?code=viat
INFO: [ app_begin ] --START--
INFO: Run ReadHtmlCache Behavior [ RunTime:-0.001370s ]
INFO: [ app_begin ] --END-- [ RunTime:0.000561s ]

[ 2013-02-06T19:50:40+08:00 ] 127.0.0.1 /lg2.0/league_2.0/project/herald_league/herald_league/index.php/Public/VerifyCode/Check?code=viat
INFO: [ app_begin ] --START--
INFO: Run ReadHtmlCache Behavior [ RunTime:-0.001413s ]
INFO: [ app_begin ] --END-- [ RunTime:0.000573s ]

[ 2013-02-06T19:50:42+08:00 ] ERR: [4] syntax error, unexpected T_ELSE D:\php\www\lg2.0\league_2.0\project\herald_league\herald_league\Lib\Model\ClassActivityModel.class.php 第 30 行.
[ 2013-02-06T19:53:18+08:00 ] 127.0.0.1 /lg2.0/league_2.0/project/herald_league/herald_league/index.php/Public/VerifyCode/Check?code=x
INFO: [ app_begin ] --START--
INFO: Run ReadHtmlCache Behavior [ RunTime:-0.002564s ]
INFO: [ app_begin ] --END-- [ RunTime:0.002078s ]

[ 2013-02-06T19:53:18+08:00 ] 127.0.0.1 /lg2.0/league_2.0/project/herald_league/herald_league/index.php/Public/VerifyCode/Check?code=xf
INFO: [ app_begin ] --START--
INFO: Run ReadHtmlCache Behavior [ RunTime:-0.001450s ]
INFO: [ app_begin ] --END-- [ RunTime:0.000625s ]

[ 2013-02-06T19:53:18+08:00 ] 127.0.0.1 /lg2.0/league_2.0/project/herald_league/herald_league/index.php/Public/VerifyCode/Check?code=xfc
INFO: [ app_begin ] --START--
INFO: Run ReadHtmlCache Behavior [ RunTime:-0.001360s ]
INFO: [ app_begin ] --END-- [ RunTime:0.000557s ]

[ 2013-02-06T19:53:19+08:00 ] 127.0.0.1 /lg2.0/league_2.0/project/herald_league/herald_league/index.php/Public/VerifyCode/Check?code=xfcu
INFO: [ app_begin ] --START--
INFO: Run ReadHtmlCache Behavior [ RunTime:-0.001401s ]
INFO: [ app_begin ] --END-- [ RunTime:0.000559s ]

[ 2013-02-06T19:54:04+08:00 ] 127.0.0.1 /lg2.0/league_2.0/project/herald_league/herald_league/index.php/Public/VerifyCode/Check?code=z
INFO: [ app_begin ] --START--
INFO: Run ReadHtmlCache Behavior [ RunTime:-0.002465s ]
INFO: [ app_begin ] --END-- [ RunTime:0.002982s ]

[ 2013-02-06T19:54:04+08:00 ] 127.0.0.1 /lg2.0/league_2.0/project/herald_league/herald_league/index.php/Public/VerifyCode/Check?code=zas
INFO: [ app_begin ] --START--
INFO: Run ReadHtmlCache Behavior [ RunTime:-0.001460s ]
INFO: [ app_begin ] --END-- [ RunTime:0.002424s ]

[ 2013-02-06T19:54:05+08:00 ] 127.0.0.1 /lg2.0/league_2.0/project/herald_league/herald_league/index.php/Public/VerifyCode/Check?code=za
INFO: [ app_begin ] --START--
INFO: Run ReadHtmlCache Behavior [ RunTime:-0.001837s ]
INFO: [ app_begin ] --END-- [ RunTime:0.002455s ]

[ 2013-02-06T19:54:05+08:00 ] 127.0.0.1 /lg2.0/league_2.0/project/herald_league/herald_league/index.php/Public/VerifyCode/Check?code=za
INFO: [ app_begin ] --START--
INFO: Run ReadHtmlCache Behavior [ RunTime:-0.001430s ]
INFO: [ app_begin ] --END-- [ RunTime:0.002265s ]

[ 2013-02-06T19:54:07+08:00 ] 127.0.0.1 /lg2.0/league_2.0/project/herald_league/herald_league/index.php/Public/VerifyCode/Check?code=zaq
INFO: [ app_begin ] --START--
INFO: Run ReadHtmlCache Behavior [ RunTime:-0.001577s ]
INFO: [ app_begin ] --END-- [ RunTime:0.002412s ]

[ 2013-02-06T19:54:07+08:00 ] 127.0.0.1 /lg2.0/league_2.0/project/herald_league/herald_league/index.php/Public/VerifyCode/Check?code=zaqh
INFO: [ app_begin ] --START--
INFO: Run ReadHtmlCache Behavior [ RunTime:-0.001395s ]
INFO: [ app_begin ] --END-- [ RunTime:0.002306s ]

[ 2013-02-06T19:55:19+08:00 ] 127.0.0.1 /lg2.0/league_2.0/project/herald_league/herald_league/index.php/Public/VerifyCode/Check?code=p
INFO: [ app_begin ] --START--
INFO: Run ReadHtmlCache Behavior [ RunTime:-0.001420s ]
INFO: [ app_begin ] --END-- [ RunTime:0.002345s ]

[ 2013-02-06T19:55:19+08:00 ] 127.0.0.1 /lg2.0/league_2.0/project/herald_league/herald_league/index.php/Public/VerifyCode/Check?code=pz
INFO: [ app_begin ] --START--
INFO: Run ReadHtmlCache Behavior [ RunTime:-0.001373s ]
INFO: [ app_begin ] --END-- [ RunTime:0.002423s ]

[ 2013-02-06T19:55:20+08:00 ] 127.0.0.1 /lg2.0/league_2.0/project/herald_league/herald_league/index.php/Public/VerifyCode/Check?code=pzk
INFO: [ app_begin ] --START--
INFO: Run ReadHtmlCache Behavior [ RunTime:-0.001384s ]
INFO: [ app_begin ] --END-- [ RunTime:0.002324s ]

[ 2013-02-06T19:55:20+08:00 ] 127.0.0.1 /lg2.0/league_2.0/project/herald_league/herald_league/index.php/Public/VerifyCode/Check?code=pzkq
INFO: [ app_begin ] --START--
INFO: Run ReadHtmlCache Behavior [ RunTime:-0.001419s ]
INFO: [ app_begin ] --END-- [ RunTime:0.002459s ]

[ 2013-02-06T19:58:40+08:00 ] 127.0.0.1 /lg2.0/league_2.0/project/herald_league/herald_league/index.php/Public/VerifyCode/Check?code=n
INFO: [ app_begin ] --START--
INFO: Run ReadHtmlCache Behavior [ RunTime:-0.002511s ]
INFO: [ app_begin ] --END-- [ RunTime:0.001749s ]

[ 2013-02-06T19:58:40+08:00 ] 127.0.0.1 /lg2.0/league_2.0/project/herald_league/herald_league/index.php/Public/VerifyCode/Check?code=ng
INFO: [ app_begin ] --START--
INFO: Run ReadHtmlCache Behavior [ RunTime:-0.001368s ]
INFO: [ app_begin ] --END-- [ RunTime:0.000538s ]

[ 2013-02-06T19:58:40+08:00 ] 127.0.0.1 /lg2.0/league_2.0/project/herald_league/herald_league/index.php/Public/VerifyCode/Check?code=ngp
INFO: [ app_begin ] --START--
INFO: Run ReadHtmlCache Behavior [ RunTime:-0.001400s ]
INFO: [ app_begin ] --END-- [ RunTime:0.000565s ]

[ 2013-02-06T19:58:40+08:00 ] 127.0.0.1 /lg2.0/league_2.0/project/herald_league/herald_league/index.php/Public/VerifyCode/Check?code=ngpm
INFO: [ app_begin ] --START--
INFO: Run ReadHtmlCache Behavior [ RunTime:-0.001464s ]
INFO: [ app_begin ] --END-- [ RunTime:0.000558s ]

[ 2013-02-06T20:15:47+08:00 ] 127.0.0.1 /lg2.0/league_2.0/project/herald_league/herald_league/index.php/Public/VerifyCode/Check?code=m
INFO: [ app_begin ] --START--
INFO: Run ReadHtmlCache Behavior [ RunTime:-0.001552s ]
INFO: [ app_begin ] --END-- [ RunTime:0.000639s ]

[ 2013-02-06T20:15:47+08:00 ] 127.0.0.1 /lg2.0/league_2.0/project/herald_league/herald_league/index.php/Public/VerifyCode/Check?code=mg
INFO: [ app_begin ] --START--
INFO: Run ReadHtmlCache Behavior [ RunTime:-0.001359s ]
INFO: [ app_begin ] --END-- [ RunTime:0.000563s ]

[ 2013-02-06T20:15:47+08:00 ] 127.0.0.1 /lg2.0/league_2.0/project/herald_league/herald_league/index.php/Public/VerifyCode/Check?code=mgj
INFO: [ app_begin ] --START--
INFO: Run ReadHtmlCache Behavior [ RunTime:-0.001415s ]
INFO: [ app_begin ] --END-- [ RunTime:0.000540s ]

[ 2013-02-06T20:15:48+08:00 ] 127.0.0.1 /lg2.0/league_2.0/project/herald_league/herald_league/index.php/Public/VerifyCode/Check?code=mgjy
INFO: [ app_begin ] --START--
INFO: Run ReadHtmlCache Behavior [ RunTime:-0.001364s ]
INFO: [ app_begin ] --END-- [ RunTime:0.000569s ]

[ 2013-02-06T20:16:29+08:00 ] 127.0.0.1 /lg2.0/league_2.0/project/herald_league/herald_league/index.php/Public/VerifyCode/Check?code=er
INFO: [ app_begin ] --START--
INFO: Run ReadHtmlCache Behavior [ RunTime:-0.001427s ]
INFO: [ app_begin ] --END-- [ RunTime:0.000565s ]

[ 2013-02-06T20:16:29+08:00 ] 127.0.0.1 /lg2.0/league_2.0/project/herald_league/herald_league/index.php/Public/VerifyCode/Check?code=er
INFO: [ app_begin ] --START--
INFO: Run ReadHtmlCache Behavior [ RunTime:-0.001431s ]
INFO: [ app_begin ] --END-- [ RunTime:0.000680s ]

[ 2013-02-06T20:16:30+08:00 ] 127.0.0.1 /lg2.0/league_2.0/project/herald_league/herald_league/index.php/Public/VerifyCode/Check?code=d
INFO: [ app_begin ] --START--
INFO: Run ReadHtmlCache Behavior [ RunTime:-0.001406s ]
INFO: [ app_begin ] --END-- [ RunTime:0.000561s ]

[ 2013-02-06T20:16:31+08:00 ] 127.0.0.1 /lg2.0/league_2.0/project/herald_league/herald_league/index.php/Public/VerifyCode/Check?code=dz
INFO: [ app_begin ] --START--
INFO: Run ReadHtmlCache Behavior [ RunTime:-0.001347s ]
INFO: [ app_begin ] --END-- [ RunTime:0.000554s ]

[ 2013-02-06T20:16:31+08:00 ] 127.0.0.1 /lg2.0/league_2.0/project/herald_league/herald_league/index.php/Public/VerifyCode/Check?code=dzer
INFO: [ app_begin ] --START--
INFO: Run ReadHtmlCache Behavior [ RunTime:-0.001367s ]
INFO: [ app_begin ] --END-- [ RunTime:0.000551s ]

[ 2013-02-06T20:16:31+08:00 ] 127.0.0.1 /lg2.0/league_2.0/project/herald_league/herald_league/index.php/Public/VerifyCode/Check?code=dzer
INFO: [ app_begin ] --START--
INFO: Run ReadHtmlCache Behavior [ RunTime:-0.001386s ]
INFO: [ app_begin ] --END-- [ RunTime:0.000620s ]

[ 2013-02-06T20:25:02+08:00 ] 127.0.0.1 /lg2.0/league_2.0/project/herald_league/herald_league/index.php/Public/VerifyCode/Check?code=g
INFO: [ app_begin ] --START--
INFO: Run ReadHtmlCache Behavior [ RunTime:-0.002727s ]
INFO: [ app_begin ] --END-- [ RunTime:0.002917s ]

[ 2013-02-06T20:25:02+08:00 ] 127.0.0.1 /lg2.0/league_2.0/project/herald_league/herald_league/index.php/Public/VerifyCode/Check?code=gs
INFO: [ app_begin ] --START--
INFO: Run ReadHtmlCache Behavior [ RunTime:-0.001408s ]
INFO: [ app_begin ] --END-- [ RunTime:0.002308s ]

[ 2013-02-06T20:25:02+08:00 ] 127.0.0.1 /lg2.0/league_2.0/project/herald_league/herald_league/index.php/Public/VerifyCode/Check?code=gsr
INFO: [ app_begin ] --START--
INFO: Run ReadHtmlCache Behavior [ RunTime:-0.001542s ]
INFO: [ app_begin ] --END-- [ RunTime:0.002527s ]

[ 2013-02-06T20:25:02+08:00 ] 127.0.0.1 /lg2.0/league_2.0/project/herald_league/herald_league/index.php/Public/VerifyCode/Check?code=gsrh
INFO: [ app_begin ] --START--
INFO: Run ReadHtmlCache Behavior [ RunTime:-0.001418s ]
INFO: [ app_begin ] --END-- [ RunTime:0.002446s ]

[ 2013-02-06T21:07:48+08:00 ] 127.0.0.1 /lg2.0/league_2.0/project/herald_league/herald_league/index.php/Activity/Activity/changeAttention?activityid=68&action=add
INFO: [ app_begin ] --START--
INFO: Run ReadHtmlCache Behavior [ RunTime:-0.002689s ]
INFO: [ app_begin ] --END-- [ RunTime:0.002211s ]
SQL: SHOW COLUMNS FROM `lg_activity` [ RunTime:0.058948s ]
SQL: SELECT * FROM `lg_activity` WHERE ( `id` = 68 ) LIMIT 1   [ RunTime:0.000440s ]

[ 2013-02-06T21:34:33+08:00 ] 127.0.0.1 /lg2.0/league_2.0/project/herald_league/herald_league/index.php/Public/VerifyCode/Check?code=d
INFO: [ app_begin ] --START--
INFO: Run ReadHtmlCache Behavior [ RunTime:-0.002238s ]
INFO: [ app_begin ] --END-- [ RunTime:0.000932s ]

[ 2013-02-06T21:36:09+08:00 ] 127.0.0.1 /lg2.0/league_2.0/project/herald_league/herald_league/index.php/Activity/Activity/changeAttention?activityid=30&action=add
INFO: [ app_begin ] --START--
INFO: Run ReadHtmlCache Behavior [ RunTime:-0.001568s ]
INFO: [ app_begin ] --END-- [ RunTime:0.000659s ]
SQL: SHOW COLUMNS FROM `lg_activity` [ RunTime:0.014709s ]
SQL: SELECT * FROM `lg_activity` WHERE ( `id` = 30 ) LIMIT 1   [ RunTime:0.000302s ]

[ 2013-02-06T21:36:11+08:00 ] 127.0.0.1 /lg2.0/league_2.0/project/herald_league/herald_league/index.php/Activity/Activity/changeAttention?activityid=30&action=add
INFO: [ app_begin ] --START--
INFO: Run ReadHtmlCache Behavior [ RunTime:-0.001446s ]
INFO: [ app_begin ] --END-- [ RunTime:0.000605s ]
SQL: SHOW COLUMNS FROM `lg_activity` [ RunTime:0.006607s ]
SQL: SELECT * FROM `lg_activity` WHERE ( `id` = 30 ) LIMIT 1   [ RunTime:0.000311s ]

[ 2013-02-06T21:36:17+08:00 ] 127.0.0.1 /lg2.0/league_2.0/project/herald_league/herald_league/index.php/Activity/Activity/changeAttention?activityid=30&action=add
INFO: [ app_begin ] --START--
INFO: Run ReadHtmlCache Behavior [ RunTime:-0.001496s ]
INFO: [ app_begin ] --END-- [ RunTime:0.000613s ]
SQL: SHOW COLUMNS FROM `lg_activity` [ RunTime:0.080452s ]
SQL: SELECT * FROM `lg_activity` WHERE ( `id` = 30 ) LIMIT 1   [ RunTime:0.000352s ]

